Class distribution: Counter({0: 2104, 1: 2088})

🌀 Fold 0 -----------------------------
Epoch 000: Train Acc = 0.5286, Val Loss = 0.6910
Epoch 010: Train Acc = 0.6304, Val Loss = 0.6598
Epoch 020: Train Acc = 0.7084, Val Loss = 0.6087
Epoch 030: Train Acc = 0.7452, Val Loss = 0.5611
Epoch 040: Train Acc = 0.7609, Val Loss = 0.5172
Epoch 050: Train Acc = 0.7932, Val Loss = 0.4852
Epoch 060: Train Acc = 0.8041, Val Loss = 0.4748
Epoch 070: Train Acc = 0.8192, Val Loss = 0.4540
Epoch 080: Train Acc = 0.8187, Val Loss = 0.4362
Epoch 090: Train Acc = 0.8317, Val Loss = 0.4527
Epoch 100: Train Acc = 0.8431, Val Loss = 0.4343
Epoch 110: Train Acc = 0.8534, Val Loss = 0.4252
Epoch 120: Train Acc = 0.8513, Val Loss = 0.4258
Epoch 130: Train Acc = 0.8568, Val Loss = 0.4280
Epoch 140: Train Acc = 0.8579, Val Loss = 0.4342
Epoch 150: Train Acc = 0.8550, Val Loss = 0.4240
Epoch 160: Train Acc = 0.8704, Val Loss = 0.4451
Epoch 170: Train Acc = 0.8775, Val Loss = 0.4218
⏹️ Early stopping triggered.
✅ Fold 0 - Accuracy: 0.7952, Precision: 0.7552, Recall: 0.8708, F1: 0.8089
Fold time: 272.91s

🌀 Fold 1 -----------------------------
Epoch 000: Train Acc = 0.5308, Val Loss = 0.6920
Epoch 010: Train Acc = 0.6336, Val Loss = 0.6770
Epoch 020: Train Acc = 0.6991, Val Loss = 0.6310
Epoch 030: Train Acc = 0.7309, Val Loss = 0.5732
Epoch 040: Train Acc = 0.7638, Val Loss = 0.5394
Epoch 050: Train Acc = 0.7829, Val Loss = 0.5088
Epoch 060: Train Acc = 0.8012, Val Loss = 0.4947
Epoch 070: Train Acc = 0.8139, Val Loss = 0.4640
Epoch 080: Train Acc = 0.8189, Val Loss = 0.4469
Epoch 090: Train Acc = 0.8383, Val Loss = 0.4410
Epoch 100: Train Acc = 0.8449, Val Loss = 0.4279
Epoch 110: Train Acc = 0.8446, Val Loss = 0.4255
Epoch 120: Train Acc = 0.8550, Val Loss = 0.4384
Epoch 130: Train Acc = 0.8523, Val Loss = 0.4207
Epoch 140: Train Acc = 0.8616, Val Loss = 0.4405
Epoch 150: Train Acc = 0.8619, Val Loss = 0.4289
Epoch 160: Train Acc = 0.8661, Val Loss = 0.4216
Epoch 170: Train Acc = 0.8791, Val Loss = 0.4056
Epoch 180: Train Acc = 0.8706, Val Loss = 0.4246
Epoch 190: Train Acc = 0.8810, Val Loss = 0.4168
Epoch 200: Train Acc = 0.8818, Val Loss = 0.4135
Epoch 210: Train Acc = 0.8831, Val Loss = 0.3988
Epoch 220: Train Acc = 0.8876, Val Loss = 0.4120
⏹️ Early stopping triggered.
✅ Fold 1 - Accuracy: 0.8095, Precision: 0.7611, Recall: 0.8995, F1: 0.8246
Fold time: 347.41s

🌀 Fold 2 -----------------------------
Epoch 000: Train Acc = 0.5272, Val Loss = 0.6882
Epoch 010: Train Acc = 0.6345, Val Loss = 0.6598
Epoch 020: Train Acc = 0.6944, Val Loss = 0.6050
Epoch 030: Train Acc = 0.7299, Val Loss = 0.5456
Epoch 040: Train Acc = 0.7607, Val Loss = 0.4964
Epoch 050: Train Acc = 0.7739, Val Loss = 0.4680
Epoch 060: Train Acc = 0.7885, Val Loss = 0.4536
Epoch 070: Train Acc = 0.8097, Val Loss = 0.4126
Epoch 080: Train Acc = 0.8203, Val Loss = 0.4088
Epoch 090: Train Acc = 0.8251, Val Loss = 0.3934
Epoch 100: Train Acc = 0.8367, Val Loss = 0.3796
Epoch 110: Train Acc = 0.8410, Val Loss = 0.3732
Epoch 120: Train Acc = 0.8489, Val Loss = 0.3727
Epoch 130: Train Acc = 0.8442, Val Loss = 0.3733
Epoch 140: Train Acc = 0.8534, Val Loss = 0.3738
Epoch 150: Train Acc = 0.8587, Val Loss = 0.3505
Epoch 160: Train Acc = 0.8619, Val Loss = 0.3417
Epoch 170: Train Acc = 0.8680, Val Loss = 0.3495
Epoch 180: Train Acc = 0.8754, Val Loss = 0.3556
Epoch 190: Train Acc = 0.8643, Val Loss = 0.3494
Epoch 200: Train Acc = 0.8712, Val Loss = 0.3521
Epoch 210: Train Acc = 0.8736, Val Loss = 0.3633
Epoch 220: Train Acc = 0.8802, Val Loss = 0.3552
Epoch 230: Train Acc = 0.8855, Val Loss = 0.3696
Epoch 240: Train Acc = 0.8844, Val Loss = 0.3782
⏹️ Early stopping triggered.
✅ Fold 2 - Accuracy: 0.8687, Precision: 0.8969, Recall: 0.8325, F1: 0.8635
Fold time: 379.16s

🌀 Fold 3 -----------------------------
Epoch 000: Train Acc = 0.5073, Val Loss = 0.6918
Epoch 010: Train Acc = 0.6324, Val Loss = 0.6727
Epoch 020: Train Acc = 0.6981, Val Loss = 0.6304
Epoch 030: Train Acc = 0.7387, Val Loss = 0.5840
Epoch 040: Train Acc = 0.7673, Val Loss = 0.5540
Epoch 050: Train Acc = 0.7946, Val Loss = 0.5254
Epoch 060: Train Acc = 0.8092, Val Loss = 0.5114
Epoch 070: Train Acc = 0.8248, Val Loss = 0.4946
Epoch 080: Train Acc = 0.8267, Val Loss = 0.4824
Epoch 090: Train Acc = 0.8383, Val Loss = 0.4839
Epoch 100: Train Acc = 0.8420, Val Loss = 0.4724
Epoch 110: Train Acc = 0.8534, Val Loss = 0.4905
Epoch 120: Train Acc = 0.8495, Val Loss = 0.4710
Epoch 130: Train Acc = 0.8550, Val Loss = 0.4779
Epoch 140: Train Acc = 0.8595, Val Loss = 0.4673
Epoch 150: Train Acc = 0.8635, Val Loss = 0.4645
Epoch 160: Train Acc = 0.8672, Val Loss = 0.4710
Epoch 170: Train Acc = 0.8669, Val Loss = 0.4607
Epoch 180: Train Acc = 0.8749, Val Loss = 0.4588
Epoch 190: Train Acc = 0.8744, Val Loss = 0.4675
Epoch 200: Train Acc = 0.8863, Val Loss = 0.4667
Epoch 210: Train Acc = 0.8829, Val Loss = 0.4670
⏹️ Early stopping triggered.
✅ Fold 3 - Accuracy: 0.7924, Precision: 0.7877, Recall: 0.7990, F1: 0.7933
Fold time: 330.34s

🌀 Fold 4 -----------------------------
Epoch 000: Train Acc = 0.5325, Val Loss = 0.6880
Epoch 010: Train Acc = 0.6403, Val Loss = 0.6596
Epoch 020: Train Acc = 0.6923, Val Loss = 0.6102
Epoch 030: Train Acc = 0.7397, Val Loss = 0.5544
Epoch 040: Train Acc = 0.7596, Val Loss = 0.5111
Epoch 050: Train Acc = 0.7845, Val Loss = 0.4880
Epoch 060: Train Acc = 0.8065, Val Loss = 0.4620
Epoch 070: Train Acc = 0.8184, Val Loss = 0.4433
Epoch 080: Train Acc = 0.8184, Val Loss = 0.4345
Epoch 090: Train Acc = 0.8230, Val Loss = 0.4345
Epoch 100: Train Acc = 0.8397, Val Loss = 0.4299
Epoch 110: Train Acc = 0.8426, Val Loss = 0.4223
Epoch 120: Train Acc = 0.8521, Val Loss = 0.4173
Epoch 130: Train Acc = 0.8563, Val Loss = 0.4193
Epoch 140: Train Acc = 0.8534, Val Loss = 0.4541
⏹️ Early stopping triggered.
✅ Fold 4 - Accuracy: 0.8043, Precision: 0.7613, Recall: 0.8852, F1: 0.8186
Fold time: 187.31s

🌀 Fold 5 -----------------------------
Epoch 000: Train Acc = 0.5174, Val Loss = 0.6903
Epoch 010: Train Acc = 0.6385, Val Loss = 0.6576
Epoch 020: Train Acc = 0.7018, Val Loss = 0.5992
Epoch 030: Train Acc = 0.7395, Val Loss = 0.5458
Epoch 040: Train Acc = 0.7713, Val Loss = 0.5092
Epoch 050: Train Acc = 0.7938, Val Loss = 0.4801
Epoch 060: Train Acc = 0.8121, Val Loss = 0.4599
Epoch 070: Train Acc = 0.8192, Val Loss = 0.4446
Epoch 080: Train Acc = 0.8312, Val Loss = 0.4389
Epoch 090: Train Acc = 0.8383, Val Loss = 0.4325
Epoch 100: Train Acc = 0.8412, Val Loss = 0.4268
Epoch 110: Train Acc = 0.8471, Val Loss = 0.4257
Epoch 120: Train Acc = 0.8508, Val Loss = 0.4231
Epoch 130: Train Acc = 0.8563, Val Loss = 0.4392
Epoch 140: Train Acc = 0.8664, Val Loss = 0.4327
Epoch 150: Train Acc = 0.8683, Val Loss = 0.4228
Epoch 160: Train Acc = 0.8707, Val Loss = 0.4297
⏹️ Early stopping triggered.
✅ Fold 5 - Accuracy: 0.8186, Precision: 0.7737, Recall: 0.8995, F1: 0.8319
Fold time: 197.76s

🌀 Fold 6 -----------------------------
Epoch 000: Train Acc = 0.5089, Val Loss = 0.6907
Epoch 010: Train Acc = 0.6242, Val Loss = 0.6651
Epoch 020: Train Acc = 0.6891, Val Loss = 0.6214
Epoch 030: Train Acc = 0.7135, Val Loss = 0.5771
Epoch 040: Train Acc = 0.7434, Val Loss = 0.5474
Epoch 050: Train Acc = 0.7768, Val Loss = 0.5215
Epoch 060: Train Acc = 0.7882, Val Loss = 0.5044
Epoch 070: Train Acc = 0.8076, Val Loss = 0.4850
Epoch 080: Train Acc = 0.8139, Val Loss = 0.4773
Epoch 090: Train Acc = 0.8243, Val Loss = 0.4583
Epoch 100: Train Acc = 0.8256, Val Loss = 0.4549
Epoch 110: Train Acc = 0.8351, Val Loss = 0.4522
Epoch 120: Train Acc = 0.8484, Val Loss = 0.4609
Epoch 130: Train Acc = 0.8476, Val Loss = 0.4560
Epoch 140: Train Acc = 0.8577, Val Loss = 0.4480
Epoch 150: Train Acc = 0.8627, Val Loss = 0.4446
Epoch 160: Train Acc = 0.8752, Val Loss = 0.4499
Epoch 170: Train Acc = 0.8672, Val Loss = 0.4450
Epoch 180: Train Acc = 0.8672, Val Loss = 0.4379
Epoch 190: Train Acc = 0.8741, Val Loss = 0.4424
⏹️ Early stopping triggered.
✅ Fold 6 - Accuracy: 0.8162, Precision: 0.8056, Recall: 0.8325, F1: 0.8188
Fold time: 226.60s

🌀 Fold 7 -----------------------------
Epoch 000: Train Acc = 0.4980, Val Loss = 0.6903
Epoch 010: Train Acc = 0.6356, Val Loss = 0.6613
Epoch 020: Train Acc = 0.7069, Val Loss = 0.6242
Epoch 030: Train Acc = 0.7376, Val Loss = 0.5891
Epoch 040: Train Acc = 0.7604, Val Loss = 0.5592
Epoch 050: Train Acc = 0.7832, Val Loss = 0.5282
Epoch 060: Train Acc = 0.8010, Val Loss = 0.5088
Epoch 070: Train Acc = 0.8060, Val Loss = 0.4916
Epoch 080: Train Acc = 0.8214, Val Loss = 0.4761
Epoch 090: Train Acc = 0.8365, Val Loss = 0.4679
Epoch 100: Train Acc = 0.8423, Val Loss = 0.4489
Epoch 110: Train Acc = 0.8500, Val Loss = 0.4604
Epoch 120: Train Acc = 0.8566, Val Loss = 0.4344
Epoch 130: Train Acc = 0.8537, Val Loss = 0.4378
Epoch 140: Train Acc = 0.8587, Val Loss = 0.4259
Epoch 150: Train Acc = 0.8611, Val Loss = 0.4284
Epoch 160: Train Acc = 0.8635, Val Loss = 0.4413
Epoch 170: Train Acc = 0.8709, Val Loss = 0.4256
Epoch 180: Train Acc = 0.8783, Val Loss = 0.4262
Epoch 190: Train Acc = 0.8746, Val Loss = 0.4326
Epoch 200: Train Acc = 0.8794, Val Loss = 0.4281
⏹️ Early stopping triggered.
✅ Fold 7 - Accuracy: 0.8258, Precision: 0.8301, Recall: 0.8182, F1: 0.8241
Fold time: 242.42s

🌀 Fold 8 -----------------------------
Epoch 000: Train Acc = 0.5298, Val Loss = 0.6890
Epoch 010: Train Acc = 0.6297, Val Loss = 0.6595
Epoch 020: Train Acc = 0.6973, Val Loss = 0.6125
Epoch 030: Train Acc = 0.7347, Val Loss = 0.5520
Epoch 040: Train Acc = 0.7654, Val Loss = 0.5087
Epoch 050: Train Acc = 0.7805, Val Loss = 0.4854
Epoch 060: Train Acc = 0.8047, Val Loss = 0.4762
Epoch 070: Train Acc = 0.8161, Val Loss = 0.4660
Epoch 080: Train Acc = 0.8237, Val Loss = 0.4343
Epoch 090: Train Acc = 0.8341, Val Loss = 0.4307
Epoch 100: Train Acc = 0.8463, Val Loss = 0.4290
Epoch 110: Train Acc = 0.8492, Val Loss = 0.4109
Epoch 120: Train Acc = 0.8534, Val Loss = 0.4212
Epoch 130: Train Acc = 0.8510, Val Loss = 0.4107
Epoch 140: Train Acc = 0.8574, Val Loss = 0.4163
Epoch 150: Train Acc = 0.8624, Val Loss = 0.4007
Epoch 160: Train Acc = 0.8728, Val Loss = 0.3971
Epoch 170: Train Acc = 0.8656, Val Loss = 0.4095
Epoch 180: Train Acc = 0.8786, Val Loss = 0.4340
Epoch 190: Train Acc = 0.8746, Val Loss = 0.4073
⏹️ Early stopping triggered.
✅ Fold 8 - Accuracy: 0.8067, Precision: 0.8128, Recall: 0.7933, F1: 0.8029
Fold time: 230.92s

🌀 Fold 9 -----------------------------
Epoch 000: Train Acc = 0.5123, Val Loss = 0.6922
Epoch 010: Train Acc = 0.6210, Val Loss = 0.6732
Epoch 020: Train Acc = 0.6822, Val Loss = 0.6273
Epoch 030: Train Acc = 0.7331, Val Loss = 0.5674
Epoch 040: Train Acc = 0.7585, Val Loss = 0.5202
Epoch 050: Train Acc = 0.7800, Val Loss = 0.4792
Epoch 060: Train Acc = 0.7949, Val Loss = 0.4527
Epoch 070: Train Acc = 0.8145, Val Loss = 0.4300
Epoch 080: Train Acc = 0.8267, Val Loss = 0.4196
Epoch 090: Train Acc = 0.8359, Val Loss = 0.4169
Epoch 100: Train Acc = 0.8359, Val Loss = 0.3926
Epoch 110: Train Acc = 0.8442, Val Loss = 0.3783
Epoch 120: Train Acc = 0.8471, Val Loss = 0.3678
Epoch 130: Train Acc = 0.8500, Val Loss = 0.3636
Epoch 140: Train Acc = 0.8550, Val Loss = 0.3605
Epoch 150: Train Acc = 0.8606, Val Loss = 0.3681
Epoch 160: Train Acc = 0.8654, Val Loss = 0.3542
Epoch 170: Train Acc = 0.8680, Val Loss = 0.3415
Epoch 180: Train Acc = 0.8799, Val Loss = 0.3526
Epoch 190: Train Acc = 0.8730, Val Loss = 0.3437
Epoch 200: Train Acc = 0.8813, Val Loss = 0.3577
Epoch 210: Train Acc = 0.8829, Val Loss = 0.3590
Epoch 220: Train Acc = 0.8829, Val Loss = 0.3666
⏹️ Early stopping triggered.
✅ Fold 9 - Accuracy: 0.8568, Precision: 0.8136, Recall: 0.9231, F1: 0.8649
Fold time: 195.61s

🎯 Final Cross-Validation Results:
Avg Accuracy : 0.8194 ± 0.0238
Avg Precision: 0.7998 ± 0.0407
Avg Recall   : 0.8554 ± 0.0437
Avg F1 Score : 0.8251 ± 0.0222
Total time: 2610.44s
