Class distribution: Counter({0: 2104, 1: 2088})

🌀 Fold 0 -----------------------------
Epoch 000: Train Acc = 0.5249, Val Loss = 0.6907
Epoch 010: Train Acc = 0.6919, Val Loss = 0.5667
Epoch 020: Train Acc = 0.7736, Val Loss = 0.4734
Epoch 030: Train Acc = 0.8176, Val Loss = 0.4175
Epoch 040: Train Acc = 0.8317, Val Loss = 0.3759
Epoch 050: Train Acc = 0.8486, Val Loss = 0.3747
Epoch 060: Train Acc = 0.8616, Val Loss = 0.3488
Epoch 070: Train Acc = 0.8754, Val Loss = 0.3544
Epoch 080: Train Acc = 0.8937, Val Loss = 0.4198
Epoch 090: Train Acc = 0.9096, Val Loss = 0.4202
Epoch 100: Train Acc = 0.9125, Val Loss = 0.4343
⏹️ Early stopping triggered.
✅ Fold 0 - Accuracy: 0.8333, Precision: 0.8117, Recall: 0.8660, F1: 0.8380
Fold time: 275.28s

🌀 Fold 1 -----------------------------
Epoch 000: Train Acc = 0.5334, Val Loss = 0.6881
Epoch 010: Train Acc = 0.6787, Val Loss = 0.5981
Epoch 020: Train Acc = 0.7595, Val Loss = 0.4650
Epoch 030: Train Acc = 0.8176, Val Loss = 0.4056
Epoch 040: Train Acc = 0.8340, Val Loss = 0.3765
Epoch 050: Train Acc = 0.8473, Val Loss = 0.3968
Epoch 060: Train Acc = 0.8635, Val Loss = 0.3740
Epoch 070: Train Acc = 0.8717, Val Loss = 0.3839
Epoch 080: Train Acc = 0.8958, Val Loss = 0.3793
⏹️ Early stopping triggered.
✅ Fold 1 - Accuracy: 0.8548, Precision: 0.8394, Recall: 0.8756, F1: 0.8571
Fold time: 283.01s

🌀 Fold 2 -----------------------------
Epoch 000: Train Acc = 0.5290, Val Loss = 0.6838
Epoch 010: Train Acc = 0.6334, Val Loss = 0.5942
Epoch 020: Train Acc = 0.7270, Val Loss = 0.5056
Epoch 030: Train Acc = 0.8017, Val Loss = 0.4146
Epoch 040: Train Acc = 0.8174, Val Loss = 0.4137
Epoch 050: Train Acc = 0.8296, Val Loss = 0.3792
Epoch 060: Train Acc = 0.8460, Val Loss = 0.3526
Epoch 070: Train Acc = 0.8595, Val Loss = 0.3773
Epoch 080: Train Acc = 0.8752, Val Loss = 0.4043
Epoch 090: Train Acc = 0.8940, Val Loss = 0.3715
⏹️ Early stopping triggered.
✅ Fold 2 - Accuracy: 0.8496, Precision: 0.8288, Recall: 0.8804, F1: 0.8538
Fold time: 292.93s

🌀 Fold 3 -----------------------------
Epoch 000: Train Acc = 0.5269, Val Loss = 0.6864
Epoch 010: Train Acc = 0.6586, Val Loss = 0.6310
Epoch 020: Train Acc = 0.7305, Val Loss = 0.5268
Epoch 030: Train Acc = 0.7978, Val Loss = 0.4806
Epoch 040: Train Acc = 0.8081, Val Loss = 0.4795
Epoch 050: Train Acc = 0.8338, Val Loss = 0.4504
Epoch 060: Train Acc = 0.8484, Val Loss = 0.4624
Epoch 070: Train Acc = 0.8627, Val Loss = 0.4894
Epoch 080: Train Acc = 0.8715, Val Loss = 0.4645
⏹️ Early stopping triggered.
✅ Fold 3 - Accuracy: 0.7971, Precision: 0.7897, Recall: 0.8086, F1: 0.7991
Fold time: 283.06s

🌀 Fold 4 -----------------------------
Epoch 000: Train Acc = 0.5314, Val Loss = 0.6881
Epoch 010: Train Acc = 0.6772, Val Loss = 0.6021
Epoch 020: Train Acc = 0.7498, Val Loss = 0.5322
Epoch 030: Train Acc = 0.7991, Val Loss = 0.4513
Epoch 040: Train Acc = 0.8293, Val Loss = 0.4275
Epoch 050: Train Acc = 0.8492, Val Loss = 0.4231
Epoch 060: Train Acc = 0.8699, Val Loss = 0.3897
Epoch 070: Train Acc = 0.8770, Val Loss = 0.4596
Epoch 080: Train Acc = 0.8850, Val Loss = 0.4339
Epoch 090: Train Acc = 0.9019, Val Loss = 0.4200
⏹️ Early stopping triggered.
✅ Fold 4 - Accuracy: 0.8473, Precision: 0.8341, Recall: 0.8660, F1: 0.8498
Fold time: 292.71s

🌀 Fold 5 -----------------------------
Epoch 000: Train Acc = 0.5256, Val Loss = 0.6898
Epoch 010: Train Acc = 0.6406, Val Loss = 0.6003
Epoch 020: Train Acc = 0.7588, Val Loss = 0.4598
Epoch 030: Train Acc = 0.8105, Val Loss = 0.4139
Epoch 040: Train Acc = 0.8283, Val Loss = 0.3803
Epoch 050: Train Acc = 0.8550, Val Loss = 0.3488
Epoch 060: Train Acc = 0.8635, Val Loss = 0.3798
Epoch 070: Train Acc = 0.8778, Val Loss = 0.3534
Epoch 080: Train Acc = 0.8919, Val Loss = 0.3733
Epoch 090: Train Acc = 0.8958, Val Loss = 0.3617
Epoch 100: Train Acc = 0.9120, Val Loss = 0.4000
⏹️ Early stopping triggered.
✅ Fold 5 - Accuracy: 0.8544, Precision: 0.8217, Recall: 0.9043, F1: 0.8610
Fold time: 285.64s

🌀 Fold 6 -----------------------------
Epoch 000: Train Acc = 0.5248, Val Loss = 0.6855
Epoch 010: Train Acc = 0.6470, Val Loss = 0.6270
Epoch 020: Train Acc = 0.7326, Val Loss = 0.5165
Epoch 030: Train Acc = 0.8063, Val Loss = 0.3977
Epoch 040: Train Acc = 0.8272, Val Loss = 0.4224
Epoch 050: Train Acc = 0.8468, Val Loss = 0.3622
Epoch 060: Train Acc = 0.8691, Val Loss = 0.3820
Epoch 070: Train Acc = 0.8754, Val Loss = 0.3789
Epoch 080: Train Acc = 0.8935, Val Loss = 0.4390
Epoch 090: Train Acc = 0.9035, Val Loss = 0.4030
⏹️ Early stopping triggered.
✅ Fold 6 - Accuracy: 0.8305, Precision: 0.7805, Recall: 0.9187, F1: 0.8440
Fold time: 253.06s

🌀 Fold 7 -----------------------------
Epoch 000: Train Acc = 0.5296, Val Loss = 0.6856
Epoch 010: Train Acc = 0.6223, Val Loss = 0.6378
Epoch 020: Train Acc = 0.7143, Val Loss = 0.5702
Epoch 030: Train Acc = 0.7904, Val Loss = 0.4820
Epoch 040: Train Acc = 0.8142, Val Loss = 0.4353
Epoch 050: Train Acc = 0.8378, Val Loss = 0.4205
Epoch 060: Train Acc = 0.8648, Val Loss = 0.4832
Epoch 070: Train Acc = 0.8749, Val Loss = 0.4195
Epoch 080: Train Acc = 0.8850, Val Loss = 0.4771
⏹️ Early stopping triggered.
✅ Fold 7 - Accuracy: 0.8234, Precision: 0.7801, Recall: 0.8995, F1: 0.8356
Fold time: 217.42s

🌀 Fold 8 -----------------------------
Epoch 000: Train Acc = 0.5097, Val Loss = 0.6910
Epoch 010: Train Acc = 0.6297, Val Loss = 0.6200
Epoch 020: Train Acc = 0.7509, Val Loss = 0.5079
Epoch 030: Train Acc = 0.8081, Val Loss = 0.4322
Epoch 040: Train Acc = 0.8224, Val Loss = 0.4178
Epoch 050: Train Acc = 0.8415, Val Loss = 0.4144
Epoch 060: Train Acc = 0.8553, Val Loss = 0.4111
Epoch 070: Train Acc = 0.8675, Val Loss = 0.3995
Epoch 080: Train Acc = 0.8760, Val Loss = 0.3878
⏹️ Early stopping triggered.
✅ Fold 8 - Accuracy: 0.8210, Precision: 0.8800, Recall: 0.7404, F1: 0.8042
Fold time: 224.17s

🌀 Fold 9 -----------------------------
Epoch 000: Train Acc = 0.5208, Val Loss = 0.6872
Epoch 010: Train Acc = 0.6586, Val Loss = 0.6034
Epoch 020: Train Acc = 0.7315, Val Loss = 0.5365
Epoch 030: Train Acc = 0.8023, Val Loss = 0.4460
Epoch 040: Train Acc = 0.8211, Val Loss = 0.4026
Epoch 050: Train Acc = 0.8370, Val Loss = 0.4700
Epoch 060: Train Acc = 0.8622, Val Loss = 0.3943
Epoch 070: Train Acc = 0.8768, Val Loss = 0.4107
Epoch 080: Train Acc = 0.8831, Val Loss = 0.4474
Epoch 090: Train Acc = 0.9062, Val Loss = 0.4613
⏹️ Early stopping triggered.
✅ Fold 9 - Accuracy: 0.8282, Precision: 0.8178, Recall: 0.8413, F1: 0.8294
Fold time: 252.12s

🎯 Final Cross-Validation Results:
Avg Accuracy : 0.8340 ± 0.0172
Avg Precision: 0.8184 ± 0.0289
Avg Recall   : 0.8601 ± 0.0500
Avg F1 Score : 0.8372 ± 0.0201
Total time: 2659.41s
