
FOLD 0 ----------------------------
Epoch 000: Train RMSE = 1.1841, Val RMSE = 1.2274
Epoch 010: Train RMSE = 1.1075, Val RMSE = 1.1770
Epoch 020: Train RMSE = 1.0422, Val RMSE = 1.0935
Epoch 030: Train RMSE = 1.0117, Val RMSE = 1.0961
Epoch 040: Train RMSE = 0.9727, Val RMSE = 1.0247
Epoch 050: Train RMSE = 0.9241, Val RMSE = 0.9610
Epoch 060: Train RMSE = 0.8936, Val RMSE = 0.9249
Epoch 070: Train RMSE = 0.8666, Val RMSE = 0.8731
Epoch 080: Train RMSE = 0.8264, Val RMSE = 0.8692
Epoch 090: Train RMSE = 0.8058, Val RMSE = 0.8429
Epoch 100: Train RMSE = 0.7834, Val RMSE = 0.8311
Epoch 110: Train RMSE = 0.7512, Val RMSE = 0.8088
Epoch 120: Train RMSE = 0.7518, Val RMSE = 0.8218
Epoch 130: Train RMSE = 0.7249, Val RMSE = 0.7916
Epoch 140: Train RMSE = 0.7210, Val RMSE = 0.7834
Epoch 150: Train RMSE = 0.6991, Val RMSE = 0.7962
Epoch 160: Train RMSE = 0.6869, Val RMSE = 0.8033
Epoch 170: Train RMSE = 0.6753, Val RMSE = 0.7940
Epoch 180: Train RMSE = 0.6775, Val RMSE = 0.8209
Epoch 190: Train RMSE = 0.6697, Val RMSE = 0.7705
Early stopping triggered.
Fold 0 R2 score: 0.6028, RMSE: 0.7753, MAE: 0.5881, MSE: 0.6011
Fold 0 completed in 96.71 seconds.

FOLD 1 ----------------------------
Epoch 000: Train RMSE = 1.1816, Val RMSE = 1.2332
Epoch 010: Train RMSE = 1.0944, Val RMSE = 1.1582
Epoch 020: Train RMSE = 1.0331, Val RMSE = 1.1045
Epoch 030: Train RMSE = 0.9943, Val RMSE = 1.0569
Epoch 040: Train RMSE = 0.9312, Val RMSE = 1.0016
Epoch 050: Train RMSE = 0.8867, Val RMSE = 0.9348
Epoch 060: Train RMSE = 0.8425, Val RMSE = 0.9076
Epoch 070: Train RMSE = 0.8188, Val RMSE = 0.8762
Epoch 080: Train RMSE = 0.7909, Val RMSE = 0.8638
Epoch 090: Train RMSE = 0.7799, Val RMSE = 0.8816
Epoch 100: Train RMSE = 0.7559, Val RMSE = 0.7957
Epoch 110: Train RMSE = 0.7423, Val RMSE = 0.8070
Epoch 120: Train RMSE = 0.7416, Val RMSE = 0.7884
Epoch 130: Train RMSE = 0.7166, Val RMSE = 0.7765
Epoch 140: Train RMSE = 0.7088, Val RMSE = 0.7743
Epoch 150: Train RMSE = 0.7074, Val RMSE = 0.8010
Epoch 160: Train RMSE = 0.6844, Val RMSE = 0.7396
Epoch 170: Train RMSE = 0.6956, Val RMSE = 0.7369
Epoch 180: Train RMSE = 0.6965, Val RMSE = 0.7321
Epoch 190: Train RMSE = 0.6706, Val RMSE = 0.7305
Epoch 200: Train RMSE = 0.6613, Val RMSE = 0.6974
Epoch 210: Train RMSE = 0.6574, Val RMSE = 0.7092
Epoch 220: Train RMSE = 0.6473, Val RMSE = 0.7513
Epoch 230: Train RMSE = 0.6499, Val RMSE = 0.6889
Epoch 240: Train RMSE = 0.6391, Val RMSE = 0.6900
Epoch 250: Train RMSE = 0.6392, Val RMSE = 0.6969
Epoch 260: Train RMSE = 0.6330, Val RMSE = 0.7048
Epoch 270: Train RMSE = 0.6372, Val RMSE = 0.6882
Epoch 280: Train RMSE = 0.6167, Val RMSE = 0.7115
Epoch 290: Train RMSE = 0.6128, Val RMSE = 0.6738
Early stopping triggered.
Fold 1 R2 score: 0.6599, RMSE: 0.7033, MAE: 0.5570, MSE: 0.4946
Fold 1 completed in 143.79 seconds.

FOLD 2 ----------------------------
Epoch 000: Train RMSE = 1.1811, Val RMSE = 1.2378
Epoch 010: Train RMSE = 1.1057, Val RMSE = 1.1066
Epoch 020: Train RMSE = 1.0336, Val RMSE = 1.0574
Epoch 030: Train RMSE = 0.9566, Val RMSE = 0.9961
Epoch 040: Train RMSE = 0.9149, Val RMSE = 0.9361
Epoch 050: Train RMSE = 0.8781, Val RMSE = 0.9148
Epoch 060: Train RMSE = 0.8280, Val RMSE = 0.8665
Epoch 070: Train RMSE = 0.8095, Val RMSE = 0.8455
Epoch 080: Train RMSE = 0.7971, Val RMSE = 0.8901
Epoch 090: Train RMSE = 0.7588, Val RMSE = 0.8464
Epoch 100: Train RMSE = 0.7655, Val RMSE = 0.8273
Epoch 110: Train RMSE = 0.7328, Val RMSE = 0.8084
Epoch 120: Train RMSE = 0.7239, Val RMSE = 0.7913
Epoch 130: Train RMSE = 0.7155, Val RMSE = 0.7948
Epoch 140: Train RMSE = 0.6932, Val RMSE = 0.7753
Epoch 150: Train RMSE = 0.7055, Val RMSE = 0.7711
Epoch 160: Train RMSE = 0.6866, Val RMSE = 0.7846
Epoch 170: Train RMSE = 0.6812, Val RMSE = 0.7490
Epoch 180: Train RMSE = 0.6626, Val RMSE = 0.7719
Epoch 190: Train RMSE = 0.6618, Val RMSE = 0.7499
Epoch 200: Train RMSE = 0.6457, Val RMSE = 0.7699
Epoch 210: Train RMSE = 0.6415, Val RMSE = 0.7376
Epoch 220: Train RMSE = 0.6295, Val RMSE = 0.7184
Epoch 230: Train RMSE = 0.6331, Val RMSE = 0.7581
Epoch 240: Train RMSE = 0.6098, Val RMSE = 0.7186
Epoch 250: Train RMSE = 0.6192, Val RMSE = 0.7232
Epoch 260: Train RMSE = 0.6173, Val RMSE = 0.7253
Epoch 270: Train RMSE = 0.6215, Val RMSE = 0.7250
Epoch 280: Train RMSE = 0.6062, Val RMSE = 0.7182
Epoch 290: Train RMSE = 0.5993, Val RMSE = 0.7218
Fold 2 R2 score: 0.6352, RMSE: 0.7109, MAE: 0.5241, MSE: 0.5053
Fold 2 completed in 146.32 seconds.

FOLD 3 ----------------------------
Epoch 000: Train RMSE = 1.2420, Val RMSE = 1.1590
Epoch 010: Train RMSE = 1.1126, Val RMSE = 1.1205
Epoch 020: Train RMSE = 1.0404, Val RMSE = 1.0425
Epoch 030: Train RMSE = 0.9920, Val RMSE = 1.0295
Epoch 040: Train RMSE = 0.9302, Val RMSE = 0.9463
Epoch 050: Train RMSE = 0.8866, Val RMSE = 0.8927
Epoch 060: Train RMSE = 0.8558, Val RMSE = 0.8754
Epoch 070: Train RMSE = 0.8267, Val RMSE = 0.8124
Epoch 080: Train RMSE = 0.7935, Val RMSE = 0.8122
Epoch 090: Train RMSE = 0.7787, Val RMSE = 0.7948
Epoch 100: Train RMSE = 0.7499, Val RMSE = 0.7780
Epoch 110: Train RMSE = 0.7344, Val RMSE = 0.7601
Epoch 120: Train RMSE = 0.7314, Val RMSE = 0.8079
Epoch 130: Train RMSE = 0.7262, Val RMSE = 0.7487
Epoch 140: Train RMSE = 0.7203, Val RMSE = 0.7434
Epoch 150: Train RMSE = 0.6913, Val RMSE = 0.7310
Epoch 160: Train RMSE = 0.6821, Val RMSE = 0.7223
Epoch 170: Train RMSE = 0.6737, Val RMSE = 0.7055
Epoch 180: Train RMSE = 0.6673, Val RMSE = 0.7434
Epoch 190: Train RMSE = 0.6682, Val RMSE = 0.6969
Epoch 200: Train RMSE = 0.6565, Val RMSE = 0.6805
Epoch 210: Train RMSE = 0.6566, Val RMSE = 0.7321
Epoch 220: Train RMSE = 0.6523, Val RMSE = 0.6893
Epoch 230: Train RMSE = 0.6385, Val RMSE = 0.6814
Epoch 240: Train RMSE = 0.6262, Val RMSE = 0.6804
Epoch 250: Train RMSE = 0.6187, Val RMSE = 0.6776
Epoch 260: Train RMSE = 0.6181, Val RMSE = 0.6752
Epoch 270: Train RMSE = 0.6233, Val RMSE = 0.6607
Epoch 280: Train RMSE = 0.6029, Val RMSE = 0.6727
Epoch 290: Train RMSE = 0.5926, Val RMSE = 0.6737
Fold 3 R2 score: 0.6697, RMSE: 0.6686, MAE: 0.4988, MSE: 0.4471
Fold 3 completed in 235.71 seconds.

FOLD 4 ----------------------------
Epoch 000: Train RMSE = 1.1737, Val RMSE = 1.2614
Epoch 010: Train RMSE = 1.0972, Val RMSE = 1.2152
Epoch 020: Train RMSE = 1.0187, Val RMSE = 1.1176
Epoch 030: Train RMSE = 0.9783, Val RMSE = 1.0523
Epoch 040: Train RMSE = 0.9440, Val RMSE = 0.9839
Epoch 050: Train RMSE = 0.8835, Val RMSE = 0.9487
Epoch 060: Train RMSE = 0.8537, Val RMSE = 0.9008
Epoch 070: Train RMSE = 0.8225, Val RMSE = 0.8780
Epoch 080: Train RMSE = 0.7832, Val RMSE = 0.8152
Epoch 090: Train RMSE = 0.7637, Val RMSE = 0.8319
Epoch 100: Train RMSE = 0.7560, Val RMSE = 0.8149
Epoch 110: Train RMSE = 0.7412, Val RMSE = 0.7633
Epoch 120: Train RMSE = 0.7224, Val RMSE = 0.7653
Epoch 130: Train RMSE = 0.7178, Val RMSE = 0.7843
Epoch 140: Train RMSE = 0.6993, Val RMSE = 0.7828
Epoch 150: Train RMSE = 0.6967, Val RMSE = 0.8020
Epoch 160: Train RMSE = 0.6931, Val RMSE = 0.7305
Epoch 170: Train RMSE = 0.6871, Val RMSE = 0.7114
Epoch 180: Train RMSE = 0.6658, Val RMSE = 0.7116
Epoch 190: Train RMSE = 0.6653, Val RMSE = 0.7136
Epoch 200: Train RMSE = 0.6540, Val RMSE = 0.7131
Epoch 210: Train RMSE = 0.6572, Val RMSE = 0.7341
Epoch 220: Train RMSE = 0.6355, Val RMSE = 0.6989
Epoch 230: Train RMSE = 0.6444, Val RMSE = 0.6976
Epoch 240: Train RMSE = 0.6266, Val RMSE = 0.6953
Epoch 250: Train RMSE = 0.6279, Val RMSE = 0.6832
Epoch 260: Train RMSE = 0.6116, Val RMSE = 0.6808
Epoch 270: Train RMSE = 0.6177, Val RMSE = 0.6937
Epoch 280: Train RMSE = 0.6112, Val RMSE = 0.7045
Epoch 290: Train RMSE = 0.6074, Val RMSE = 0.6898
Early stopping triggered.
Fold 4 R2 score: 0.7243, RMSE: 0.6687, MAE: 0.5307, MSE: 0.4472
Fold 4 completed in 243.58 seconds.

FOLD 5 ----------------------------
Epoch 000: Train RMSE = 1.1911, Val RMSE = 1.2569
Epoch 010: Train RMSE = 1.0913, Val RMSE = 1.1897
Epoch 020: Train RMSE = 1.0340, Val RMSE = 1.1117
Epoch 030: Train RMSE = 0.9736, Val RMSE = 1.0567
Epoch 040: Train RMSE = 0.9286, Val RMSE = 0.9866
Epoch 050: Train RMSE = 0.8804, Val RMSE = 0.9558
Epoch 060: Train RMSE = 0.8480, Val RMSE = 0.9290
Epoch 070: Train RMSE = 0.8336, Val RMSE = 0.9095
Epoch 080: Train RMSE = 0.7948, Val RMSE = 0.9341
Epoch 090: Train RMSE = 0.7834, Val RMSE = 0.8949
Epoch 100: Train RMSE = 0.7666, Val RMSE = 0.8869
Epoch 110: Train RMSE = 0.7441, Val RMSE = 0.8680
Epoch 120: Train RMSE = 0.7369, Val RMSE = 0.8633
Epoch 130: Train RMSE = 0.7228, Val RMSE = 0.8346
Epoch 140: Train RMSE = 0.7202, Val RMSE = 0.8505
Epoch 150: Train RMSE = 0.7135, Val RMSE = 0.8449
Epoch 160: Train RMSE = 0.6977, Val RMSE = 0.8277
Epoch 170: Train RMSE = 0.6867, Val RMSE = 0.8425
Epoch 180: Train RMSE = 0.6744, Val RMSE = 0.8238
Epoch 190: Train RMSE = 0.6718, Val RMSE = 0.8215
Epoch 200: Train RMSE = 0.6590, Val RMSE = 0.7811
Epoch 210: Train RMSE = 0.6505, Val RMSE = 0.7835
Epoch 220: Train RMSE = 0.6530, Val RMSE = 0.7892
Epoch 230: Train RMSE = 0.6426, Val RMSE = 0.7700
Epoch 240: Train RMSE = 0.6460, Val RMSE = 0.7609
Epoch 250: Train RMSE = 0.6403, Val RMSE = 0.7584
Epoch 260: Train RMSE = 0.6284, Val RMSE = 0.7536
Epoch 270: Train RMSE = 0.6329, Val RMSE = 0.7414
Epoch 280: Train RMSE = 0.6207, Val RMSE = 0.7312
Epoch 290: Train RMSE = 0.6206, Val RMSE = 0.7519
Fold 5 R2 score: 0.6637, RMSE: 0.7227, MAE: 0.5200, MSE: 0.5223
Fold 5 completed in 250.48 seconds.

FOLD 6 ----------------------------
Epoch 000: Train RMSE = 1.1900, Val RMSE = 1.1384
Epoch 010: Train RMSE = 1.1209, Val RMSE = 1.0980
Epoch 020: Train RMSE = 1.0521, Val RMSE = 1.0669
Epoch 030: Train RMSE = 1.0034, Val RMSE = 1.0106
Epoch 040: Train RMSE = 0.9607, Val RMSE = 0.9750
Epoch 050: Train RMSE = 0.9113, Val RMSE = 0.9273
Epoch 060: Train RMSE = 0.8710, Val RMSE = 0.9020
Epoch 070: Train RMSE = 0.8477, Val RMSE = 0.9003
Epoch 080: Train RMSE = 0.8179, Val RMSE = 0.9061
Epoch 090: Train RMSE = 0.7977, Val RMSE = 0.8184
Epoch 100: Train RMSE = 0.7866, Val RMSE = 0.8220
Epoch 110: Train RMSE = 0.7700, Val RMSE = 0.7981
Epoch 120: Train RMSE = 0.7479, Val RMSE = 0.8206
Epoch 130: Train RMSE = 0.7288, Val RMSE = 0.8279
Epoch 140: Train RMSE = 0.7175, Val RMSE = 0.7896
Epoch 150: Train RMSE = 0.7001, Val RMSE = 0.8053
Epoch 160: Train RMSE = 0.6976, Val RMSE = 0.7825
Early stopping triggered.
Fold 6 R2 score: 0.5266, RMSE: 0.7857, MAE: 0.5507, MSE: 0.6173
Fold 6 completed in 136.29 seconds.

FOLD 7 ----------------------------
Epoch 000: Train RMSE = 1.2009, Val RMSE = 1.1835
Epoch 010: Train RMSE = 1.0972, Val RMSE = 1.1356
Epoch 020: Train RMSE = 1.0326, Val RMSE = 1.0815
Epoch 030: Train RMSE = 0.9815, Val RMSE = 1.0183
Epoch 040: Train RMSE = 0.9231, Val RMSE = 0.9458
Epoch 050: Train RMSE = 0.8811, Val RMSE = 0.9016
Epoch 060: Train RMSE = 0.8404, Val RMSE = 0.8803
Epoch 070: Train RMSE = 0.8185, Val RMSE = 0.8606
Epoch 080: Train RMSE = 0.8006, Val RMSE = 0.8194
Epoch 090: Train RMSE = 0.7709, Val RMSE = 0.7902
Epoch 100: Train RMSE = 0.7653, Val RMSE = 0.7656
Epoch 110: Train RMSE = 0.7403, Val RMSE = 0.7513
Epoch 120: Train RMSE = 0.7166, Val RMSE = 0.8343
Epoch 130: Train RMSE = 0.7105, Val RMSE = 0.7318
Epoch 140: Train RMSE = 0.7044, Val RMSE = 0.7221
Epoch 150: Train RMSE = 0.6986, Val RMSE = 0.7114
Epoch 160: Train RMSE = 0.6770, Val RMSE = 0.7044
Epoch 170: Train RMSE = 0.6676, Val RMSE = 0.6931
Epoch 180: Train RMSE = 0.6527, Val RMSE = 0.6952
Epoch 190: Train RMSE = 0.6444, Val RMSE = 0.7107
Epoch 200: Train RMSE = 0.6506, Val RMSE = 0.6782
Epoch 210: Train RMSE = 0.6367, Val RMSE = 0.6740
Epoch 220: Train RMSE = 0.6312, Val RMSE = 0.6767
Epoch 230: Train RMSE = 0.6280, Val RMSE = 0.6533
Epoch 240: Train RMSE = 0.6220, Val RMSE = 0.7018
Epoch 250: Train RMSE = 0.6146, Val RMSE = 0.6643
Epoch 260: Train RMSE = 0.5998, Val RMSE = 0.6501
Epoch 270: Train RMSE = 0.6064, Val RMSE = 0.6881
Epoch 280: Train RMSE = 0.6066, Val RMSE = 0.6525
Epoch 290: Train RMSE = 0.5914, Val RMSE = 0.6539
Fold 7 R2 score: 0.6813, RMSE: 0.6714, MAE: 0.5237, MSE: 0.4507
Fold 7 completed in 250.17 seconds.

FOLD 8 ----------------------------
Epoch 000: Train RMSE = 1.1910, Val RMSE = 1.1457
Epoch 010: Train RMSE = 1.1088, Val RMSE = 1.1220
Epoch 020: Train RMSE = 1.0359, Val RMSE = 1.0029
Epoch 030: Train RMSE = 0.9910, Val RMSE = 0.9524
Epoch 040: Train RMSE = 0.9422, Val RMSE = 0.8886
Epoch 050: Train RMSE = 0.9073, Val RMSE = 0.8529
Epoch 060: Train RMSE = 0.8531, Val RMSE = 0.8078
Epoch 070: Train RMSE = 0.8254, Val RMSE = 0.7693
Epoch 080: Train RMSE = 0.8014, Val RMSE = 0.7710
Epoch 090: Train RMSE = 0.7815, Val RMSE = 0.7595
Epoch 100: Train RMSE = 0.7619, Val RMSE = 0.7446
Epoch 110: Train RMSE = 0.7502, Val RMSE = 0.7252
Epoch 120: Train RMSE = 0.7356, Val RMSE = 0.7052
Epoch 130: Train RMSE = 0.7143, Val RMSE = 0.7180
Epoch 140: Train RMSE = 0.7183, Val RMSE = 0.6969
Epoch 150: Train RMSE = 0.7060, Val RMSE = 0.7002
Epoch 160: Train RMSE = 0.6996, Val RMSE = 0.7016
Epoch 170: Train RMSE = 0.6826, Val RMSE = 0.6893
Epoch 180: Train RMSE = 0.6781, Val RMSE = 0.6945
Epoch 190: Train RMSE = 0.6691, Val RMSE = 0.6890
Epoch 200: Train RMSE = 0.6591, Val RMSE = 0.6970
Epoch 210: Train RMSE = 0.6575, Val RMSE = 0.7037
Epoch 220: Train RMSE = 0.6537, Val RMSE = 0.7136
Epoch 230: Train RMSE = 0.6480, Val RMSE = 0.7469
Epoch 240: Train RMSE = 0.6392, Val RMSE = 0.6918
Epoch 250: Train RMSE = 0.6364, Val RMSE = 0.6845
Epoch 260: Train RMSE = 0.6289, Val RMSE = 0.6748
Epoch 270: Train RMSE = 0.6208, Val RMSE = 0.6608
Epoch 280: Train RMSE = 0.6123, Val RMSE = 0.6849
Epoch 290: Train RMSE = 0.6068, Val RMSE = 0.6558
Fold 8 R2 score: 0.6586, RMSE: 0.6747, MAE: 0.5084, MSE: 0.4552
Fold 8 completed in 250.50 seconds.

FOLD 9 ----------------------------
Epoch 000: Train RMSE = 1.2035, Val RMSE = 1.2686
Epoch 010: Train RMSE = 1.1099, Val RMSE = 1.1822
Epoch 020: Train RMSE = 1.0480, Val RMSE = 1.1299
Epoch 030: Train RMSE = 1.0062, Val RMSE = 1.0874
Epoch 040: Train RMSE = 0.9890, Val RMSE = 1.0660
Epoch 050: Train RMSE = 0.9228, Val RMSE = 0.9928
Epoch 060: Train RMSE = 0.8658, Val RMSE = 0.9255
Epoch 070: Train RMSE = 0.8485, Val RMSE = 0.9012
Epoch 080: Train RMSE = 0.8147, Val RMSE = 0.8954
Epoch 090: Train RMSE = 0.8017, Val RMSE = 0.8360
Epoch 100: Train RMSE = 0.7628, Val RMSE = 0.8690
Epoch 110: Train RMSE = 0.7610, Val RMSE = 0.7884
Epoch 120: Train RMSE = 0.7458, Val RMSE = 0.8138
Epoch 130: Train RMSE = 0.7313, Val RMSE = 0.9178
Epoch 140: Train RMSE = 0.7231, Val RMSE = 0.7790
Epoch 150: Train RMSE = 0.7099, Val RMSE = 0.7689
Epoch 160: Train RMSE = 0.6927, Val RMSE = 0.7437
Epoch 170: Train RMSE = 0.6786, Val RMSE = 0.7314
Epoch 180: Train RMSE = 0.6843, Val RMSE = 0.7578
Epoch 190: Train RMSE = 0.6638, Val RMSE = 0.7212
Epoch 200: Train RMSE = 0.6623, Val RMSE = 0.7161
Epoch 210: Train RMSE = 0.6464, Val RMSE = 0.7020
Epoch 220: Train RMSE = 0.6566, Val RMSE = 0.7261
Epoch 230: Train RMSE = 0.6442, Val RMSE = 0.6962
Epoch 240: Train RMSE = 0.6382, Val RMSE = 0.7040
Early stopping triggered.
Fold 9 R2 score: 0.6381, RMSE: 0.7425, MAE: 0.5674, MSE: 0.5513
Fold 9 completed in 150.45 seconds.

Final Cross-Validation Results:
Average R2:  0.6460 ± 0.0499
Average RMSE: 0.7124 ± 0.0417
Average MAE:  0.5369 ± 0.0266
Average MSE:  0.5092 ± 0.0603
Total execution time: 1904.01 seconds
