Class distribution: Counter({0: 2108, 1: 2092})

🌀 Fold 0 -----------------------------
Epoch 000: Train Acc = 0.5009, Val Loss = 0.6937
Epoch 010: Train Acc = 0.5747, Val Loss = 0.6790
Epoch 020: Train Acc = 0.5943, Val Loss = 0.6565
Epoch 030: Train Acc = 0.6318, Val Loss = 0.6459
Epoch 040: Train Acc = 0.6482, Val Loss = 0.6456
Epoch 050: Train Acc = 0.6670, Val Loss = 0.6246
Epoch 060: Train Acc = 0.6842, Val Loss = 0.6141
Epoch 070: Train Acc = 0.6899, Val Loss = 0.6017
Epoch 080: Train Acc = 0.7116, Val Loss = 0.5959
Epoch 090: Train Acc = 0.7247, Val Loss = 0.5756
Epoch 100: Train Acc = 0.7259, Val Loss = 0.5810
Epoch 110: Train Acc = 0.7265, Val Loss = 0.5898
Epoch 120: Train Acc = 0.7357, Val Loss = 0.5777
Epoch 130: Train Acc = 0.7545, Val Loss = 0.5669
Epoch 140: Train Acc = 0.7503, Val Loss = 0.5655
Epoch 150: Train Acc = 0.7607, Val Loss = 0.5669
Epoch 160: Train Acc = 0.7688, Val Loss = 0.5530
Epoch 170: Train Acc = 0.7649, Val Loss = 0.5472
Epoch 180: Train Acc = 0.7664, Val Loss = 0.5605
Epoch 190: Train Acc = 0.7676, Val Loss = 0.5300
Epoch 200: Train Acc = 0.7887, Val Loss = 0.5339
Epoch 210: Train Acc = 0.7830, Val Loss = 0.5447
⏹️ Early stopping triggered.
✅ Fold 0 - Accuracy: 0.7619, Precision: 0.7564, Recall: 0.7709, F1: 0.7636
Fold time: 210.76s

🌀 Fold 1 -----------------------------
Epoch 000: Train Acc = 0.5107, Val Loss = 0.6936
Epoch 010: Train Acc = 0.5670, Val Loss = 0.6817
Epoch 020: Train Acc = 0.5804, Val Loss = 0.6836
Epoch 030: Train Acc = 0.6238, Val Loss = 0.6392
Epoch 040: Train Acc = 0.6461, Val Loss = 0.6341
Epoch 050: Train Acc = 0.6524, Val Loss = 0.6257
Epoch 060: Train Acc = 0.6640, Val Loss = 0.6189
Epoch 070: Train Acc = 0.6711, Val Loss = 0.6102
Epoch 080: Train Acc = 0.6884, Val Loss = 0.5767
Epoch 090: Train Acc = 0.6976, Val Loss = 0.6011
Epoch 100: Train Acc = 0.7024, Val Loss = 0.5745
Epoch 110: Train Acc = 0.7220, Val Loss = 0.5410
Epoch 120: Train Acc = 0.7220, Val Loss = 0.5425
Epoch 130: Train Acc = 0.7289, Val Loss = 0.5373
Epoch 140: Train Acc = 0.7315, Val Loss = 0.5206
Epoch 150: Train Acc = 0.7494, Val Loss = 0.5028
Epoch 160: Train Acc = 0.7574, Val Loss = 0.5114
Epoch 170: Train Acc = 0.7536, Val Loss = 0.4991
Epoch 180: Train Acc = 0.7625, Val Loss = 0.5010
Epoch 190: Train Acc = 0.7682, Val Loss = 0.5177
Epoch 200: Train Acc = 0.7753, Val Loss = 0.4753
Epoch 210: Train Acc = 0.7762, Val Loss = 0.4792
Epoch 220: Train Acc = 0.7789, Val Loss = 0.4842
Epoch 230: Train Acc = 0.7631, Val Loss = 0.5144
Epoch 240: Train Acc = 0.7905, Val Loss = 0.4954
Epoch 250: Train Acc = 0.7958, Val Loss = 0.4759
Epoch 260: Train Acc = 0.7881, Val Loss = 0.4756
Epoch 270: Train Acc = 0.7890, Val Loss = 0.4974
Epoch 280: Train Acc = 0.7896, Val Loss = 0.4602
Epoch 290: Train Acc = 0.8024, Val Loss = 0.4580
✅ Fold 1 - Accuracy: 0.8095, Precision: 0.8120, Recall: 0.8043, F1: 0.8082
Fold time: 299.13s

🌀 Fold 2 -----------------------------
Epoch 000: Train Acc = 0.4946, Val Loss = 0.6939
Epoch 010: Train Acc = 0.5795, Val Loss = 0.6702
Epoch 020: Train Acc = 0.6173, Val Loss = 0.6502
Epoch 030: Train Acc = 0.6351, Val Loss = 0.6449
Epoch 040: Train Acc = 0.6577, Val Loss = 0.6514
Epoch 050: Train Acc = 0.6732, Val Loss = 0.6184
Epoch 060: Train Acc = 0.6973, Val Loss = 0.6005
Epoch 070: Train Acc = 0.7054, Val Loss = 0.5945
Epoch 080: Train Acc = 0.7179, Val Loss = 0.5809
Epoch 090: Train Acc = 0.7235, Val Loss = 0.5767
Epoch 100: Train Acc = 0.7256, Val Loss = 0.5624
Epoch 110: Train Acc = 0.7310, Val Loss = 0.5749
Epoch 120: Train Acc = 0.7375, Val Loss = 0.5510
Epoch 130: Train Acc = 0.7423, Val Loss = 0.5521
Epoch 140: Train Acc = 0.7527, Val Loss = 0.5422
Epoch 150: Train Acc = 0.7542, Val Loss = 0.5493
Epoch 160: Train Acc = 0.7652, Val Loss = 0.5747
Epoch 170: Train Acc = 0.7690, Val Loss = 0.5684
Epoch 180: Train Acc = 0.7795, Val Loss = 0.5307
Epoch 190: Train Acc = 0.7777, Val Loss = 0.5221
Epoch 200: Train Acc = 0.7893, Val Loss = 0.5188
Epoch 210: Train Acc = 0.7821, Val Loss = 0.5362
Epoch 220: Train Acc = 0.7908, Val Loss = 0.5199
Epoch 230: Train Acc = 0.7854, Val Loss = 0.5325
Epoch 240: Train Acc = 0.7982, Val Loss = 0.5336
Epoch 250: Train Acc = 0.7982, Val Loss = 0.5326
Epoch 260: Train Acc = 0.7884, Val Loss = 0.5083
Epoch 270: Train Acc = 0.8074, Val Loss = 0.5005
Epoch 280: Train Acc = 0.8039, Val Loss = 0.4933
Epoch 290: Train Acc = 0.8095, Val Loss = 0.5330
✅ Fold 2 - Accuracy: 0.7821, Precision: 0.8133, Recall: 0.7297, F1: 0.7692
Fold time: 299.11s

🌀 Fold 3 -----------------------------
Epoch 000: Train Acc = 0.4896, Val Loss = 0.6930
Epoch 010: Train Acc = 0.5607, Val Loss = 0.6806
Epoch 020: Train Acc = 0.5884, Val Loss = 0.6707
Epoch 030: Train Acc = 0.6107, Val Loss = 0.6465
Epoch 040: Train Acc = 0.6390, Val Loss = 0.6331
Epoch 050: Train Acc = 0.6476, Val Loss = 0.6242
Epoch 060: Train Acc = 0.6554, Val Loss = 0.6184
Epoch 070: Train Acc = 0.6568, Val Loss = 0.6109
Epoch 080: Train Acc = 0.6875, Val Loss = 0.5887
Epoch 090: Train Acc = 0.7033, Val Loss = 0.5796
Epoch 100: Train Acc = 0.7128, Val Loss = 0.5993
Epoch 110: Train Acc = 0.7190, Val Loss = 0.5628
Epoch 120: Train Acc = 0.7363, Val Loss = 0.5512
Epoch 130: Train Acc = 0.7259, Val Loss = 0.5544
Epoch 140: Train Acc = 0.7482, Val Loss = 0.5695
Epoch 150: Train Acc = 0.7405, Val Loss = 0.5285
Epoch 160: Train Acc = 0.7536, Val Loss = 0.5654
Epoch 170: Train Acc = 0.7664, Val Loss = 0.5107
Epoch 180: Train Acc = 0.7613, Val Loss = 0.5360
Epoch 190: Train Acc = 0.7717, Val Loss = 0.5149
Epoch 200: Train Acc = 0.7729, Val Loss = 0.4976
Epoch 210: Train Acc = 0.7714, Val Loss = 0.5130
Epoch 220: Train Acc = 0.7774, Val Loss = 0.4945
Epoch 230: Train Acc = 0.7923, Val Loss = 0.4953
Epoch 240: Train Acc = 0.7830, Val Loss = 0.4918
Epoch 250: Train Acc = 0.7905, Val Loss = 0.4962
Epoch 260: Train Acc = 0.7988, Val Loss = 0.5080
Epoch 270: Train Acc = 0.8021, Val Loss = 0.5214
Epoch 280: Train Acc = 0.7929, Val Loss = 0.4800
Epoch 290: Train Acc = 0.7955, Val Loss = 0.5062
✅ Fold 3 - Accuracy: 0.8012, Precision: 0.7859, Recall: 0.8254, F1: 0.8051
Fold time: 295.07s

🌀 Fold 4 -----------------------------
Epoch 000: Train Acc = 0.5003, Val Loss = 0.6922
Epoch 010: Train Acc = 0.5705, Val Loss = 0.6845
Epoch 020: Train Acc = 0.6110, Val Loss = 0.6805
Epoch 030: Train Acc = 0.6318, Val Loss = 0.6512
Epoch 040: Train Acc = 0.6440, Val Loss = 0.6622
Epoch 050: Train Acc = 0.6494, Val Loss = 0.6251
Epoch 060: Train Acc = 0.6595, Val Loss = 0.6246
Epoch 070: Train Acc = 0.6801, Val Loss = 0.6146
Epoch 080: Train Acc = 0.6932, Val Loss = 0.5953
Epoch 090: Train Acc = 0.7021, Val Loss = 0.5768
Epoch 100: Train Acc = 0.7015, Val Loss = 0.5679
Epoch 110: Train Acc = 0.7086, Val Loss = 0.5647
Epoch 120: Train Acc = 0.7092, Val Loss = 0.5594
Epoch 130: Train Acc = 0.7188, Val Loss = 0.5568
Epoch 140: Train Acc = 0.7268, Val Loss = 0.5516
Epoch 150: Train Acc = 0.7348, Val Loss = 0.5356
Epoch 160: Train Acc = 0.7375, Val Loss = 0.5250
Epoch 170: Train Acc = 0.7506, Val Loss = 0.5220
Epoch 180: Train Acc = 0.7551, Val Loss = 0.5070
Epoch 190: Train Acc = 0.7607, Val Loss = 0.4974
Epoch 200: Train Acc = 0.7565, Val Loss = 0.5165
Epoch 210: Train Acc = 0.7580, Val Loss = 0.4815
Epoch 220: Train Acc = 0.7667, Val Loss = 0.4788
Epoch 230: Train Acc = 0.7738, Val Loss = 0.4771
Epoch 240: Train Acc = 0.7732, Val Loss = 0.4821
Epoch 250: Train Acc = 0.7860, Val Loss = 0.4737
Epoch 260: Train Acc = 0.7920, Val Loss = 0.4541
Epoch 270: Train Acc = 0.7946, Val Loss = 0.4587
Epoch 280: Train Acc = 0.7935, Val Loss = 0.4434
Epoch 290: Train Acc = 0.8003, Val Loss = 0.4474
✅ Fold 4 - Accuracy: 0.7976, Precision: 0.7616, Recall: 0.8636, F1: 0.8094
Fold time: 191.98s

🎯 Final Cross-Validation Results:
Avg Accuracy : 0.7905 ± 0.0168
Avg Precision: 0.7859 ± 0.0241
Avg Recall   : 0.7988 ± 0.0458
Avg F1 Score : 0.7911 ± 0.0203
Total time: 1296.05s
