Class distribution: Counter({0: 2108, 1: 2092})

🌀 Fold 0 -----------------------------
Epoch 000: Train Acc = 0.5190, Val Loss = 0.6908
Epoch 010: Train Acc = 0.6545, Val Loss = 0.6207
Epoch 020: Train Acc = 0.7658, Val Loss = 0.5114
Epoch 030: Train Acc = 0.8137, Val Loss = 0.4575
Epoch 040: Train Acc = 0.8262, Val Loss = 0.4297
Epoch 050: Train Acc = 0.8348, Val Loss = 0.4284
Epoch 060: Train Acc = 0.8515, Val Loss = 0.4308
Epoch 070: Train Acc = 0.8676, Val Loss = 0.4226
Epoch 080: Train Acc = 0.8753, Val Loss = 0.4310
Epoch 090: Train Acc = 0.8860, Val Loss = 0.4258
Epoch 100: Train Acc = 0.9009, Val Loss = 0.4383
⏹️ Early stopping triggered.
✅ Fold 0 - Accuracy: 0.8190, Precision: 0.7883, Recall: 0.8711, F1: 0.8277
Fold time: 151.46s

🌀 Fold 1 -----------------------------
Epoch 000: Train Acc = 0.5208, Val Loss = 0.6884
Epoch 010: Train Acc = 0.6277, Val Loss = 0.6266
Epoch 020: Train Acc = 0.7000, Val Loss = 0.5227
Epoch 030: Train Acc = 0.7408, Val Loss = 0.4992
Epoch 040: Train Acc = 0.8042, Val Loss = 0.4487
Epoch 050: Train Acc = 0.8199, Val Loss = 0.4291
Epoch 060: Train Acc = 0.8494, Val Loss = 0.3949
Epoch 070: Train Acc = 0.8714, Val Loss = 0.4073
Epoch 080: Train Acc = 0.8842, Val Loss = 0.4444
⏹️ Early stopping triggered.
✅ Fold 1 - Accuracy: 0.8179, Precision: 0.8410, Recall: 0.7828, F1: 0.8109
Fold time: 129.08s

🌀 Fold 2 -----------------------------
Epoch 000: Train Acc = 0.5342, Val Loss = 0.6892
Epoch 010: Train Acc = 0.6539, Val Loss = 0.6107
Epoch 020: Train Acc = 0.7560, Val Loss = 0.5596
Epoch 030: Train Acc = 0.8068, Val Loss = 0.4722
Epoch 040: Train Acc = 0.8339, Val Loss = 0.4579
Epoch 050: Train Acc = 0.8494, Val Loss = 0.4496
Epoch 060: Train Acc = 0.8545, Val Loss = 0.4493
Epoch 070: Train Acc = 0.8735, Val Loss = 0.4911
Epoch 080: Train Acc = 0.8911, Val Loss = 0.4432
Epoch 090: Train Acc = 0.8985, Val Loss = 0.4802
⏹️ Early stopping triggered.
✅ Fold 2 - Accuracy: 0.8107, Precision: 0.7859, Recall: 0.8517, F1: 0.8175
Fold time: 139.52s

🌀 Fold 3 -----------------------------
Epoch 000: Train Acc = 0.5301, Val Loss = 0.6867
Epoch 010: Train Acc = 0.6470, Val Loss = 0.6222
Epoch 020: Train Acc = 0.7443, Val Loss = 0.5106
Epoch 030: Train Acc = 0.7908, Val Loss = 0.4571
Epoch 040: Train Acc = 0.8161, Val Loss = 0.4256
Epoch 050: Train Acc = 0.8432, Val Loss = 0.3927
Epoch 060: Train Acc = 0.8634, Val Loss = 0.4273
Epoch 070: Train Acc = 0.8729, Val Loss = 0.3500
Epoch 080: Train Acc = 0.8854, Val Loss = 0.3890
Epoch 090: Train Acc = 0.8926, Val Loss = 0.4071
Epoch 100: Train Acc = 0.9146, Val Loss = 0.4676
⏹️ Early stopping triggered.
✅ Fold 3 - Accuracy: 0.8155, Precision: 0.8380, Recall: 0.7799, F1: 0.8079
Fold time: 155.82s

🌀 Fold 4 -----------------------------
Epoch 000: Train Acc = 0.5232, Val Loss = 0.6879
Epoch 010: Train Acc = 0.6473, Val Loss = 0.6312
Epoch 020: Train Acc = 0.7372, Val Loss = 0.4878
Epoch 030: Train Acc = 0.7780, Val Loss = 0.4234
Epoch 040: Train Acc = 0.8107, Val Loss = 0.4119
Epoch 050: Train Acc = 0.8122, Val Loss = 0.4112
Epoch 060: Train Acc = 0.8339, Val Loss = 0.3885
Epoch 070: Train Acc = 0.8521, Val Loss = 0.3776
Epoch 080: Train Acc = 0.8652, Val Loss = 0.3775
Epoch 090: Train Acc = 0.8732, Val Loss = 0.4131
Epoch 100: Train Acc = 0.8848, Val Loss = 0.3927
⏹️ Early stopping triggered.
✅ Fold 4 - Accuracy: 0.8310, Precision: 0.8108, Recall: 0.8612, F1: 0.8353
Fold time: 203.91s

🎯 Final Cross-Validation Results:
Avg Accuracy : 0.8188 ± 0.0067
Avg Precision: 0.8128 ± 0.0235
Avg Recall   : 0.8294 ± 0.0397
Avg F1 Score : 0.8198 ± 0.0103
Total time: 779.80s
