Class distribution: Counter({0: 2108, 1: 2092})

🌀 Fold 0 -----------------------------
Epoch 000: Train Acc = 0.4995, Val Loss = 0.6946
Epoch 010: Train Acc = 0.5728, Val Loss = 0.6702
Epoch 020: Train Acc = 0.6283, Val Loss = 0.6443
Epoch 030: Train Acc = 0.6561, Val Loss = 0.6128
Epoch 040: Train Acc = 0.6860, Val Loss = 0.5961
Epoch 050: Train Acc = 0.7085, Val Loss = 0.5694
Epoch 060: Train Acc = 0.7418, Val Loss = 0.5627
Epoch 070: Train Acc = 0.7500, Val Loss = 0.5449
Epoch 080: Train Acc = 0.7601, Val Loss = 0.5200
Epoch 090: Train Acc = 0.7759, Val Loss = 0.5132
Epoch 100: Train Acc = 0.7799, Val Loss = 0.4976
Epoch 110: Train Acc = 0.7907, Val Loss = 0.4961
Epoch 120: Train Acc = 0.7971, Val Loss = 0.4995
Epoch 130: Train Acc = 0.7971, Val Loss = 0.5037
Epoch 140: Train Acc = 0.8069, Val Loss = 0.5137
Epoch 150: Train Acc = 0.8172, Val Loss = 0.4777
Epoch 160: Train Acc = 0.8188, Val Loss = 0.4815
Epoch 170: Train Acc = 0.8190, Val Loss = 0.4942
Epoch 180: Train Acc = 0.8148, Val Loss = 0.4839
⏹️ Early stopping triggered.
✅ Fold 0 - Accuracy: 0.7524, Precision: 0.8155, Recall: 0.6524, F1: 0.7249
Fold time: 273.65s

🌀 Fold 1 -----------------------------
Epoch 000: Train Acc = 0.5095, Val Loss = 0.6923
Epoch 010: Train Acc = 0.5791, Val Loss = 0.6768
Epoch 020: Train Acc = 0.6399, Val Loss = 0.6389
Epoch 030: Train Acc = 0.6643, Val Loss = 0.6352
Epoch 040: Train Acc = 0.7063, Val Loss = 0.5951
Epoch 050: Train Acc = 0.7246, Val Loss = 0.5768
Epoch 060: Train Acc = 0.7439, Val Loss = 0.5481
Epoch 070: Train Acc = 0.7653, Val Loss = 0.5437
Epoch 080: Train Acc = 0.7677, Val Loss = 0.5540
Epoch 090: Train Acc = 0.7823, Val Loss = 0.5302
Epoch 100: Train Acc = 0.7839, Val Loss = 0.5064
Epoch 110: Train Acc = 0.7873, Val Loss = 0.5307
Epoch 120: Train Acc = 0.8013, Val Loss = 0.5055
Epoch 130: Train Acc = 0.8019, Val Loss = 0.5154
Epoch 140: Train Acc = 0.8196, Val Loss = 0.4868
Epoch 150: Train Acc = 0.8098, Val Loss = 0.4813
Epoch 160: Train Acc = 0.8063, Val Loss = 0.5141
Epoch 170: Train Acc = 0.8169, Val Loss = 0.4859
Epoch 180: Train Acc = 0.8251, Val Loss = 0.4746
Epoch 190: Train Acc = 0.8230, Val Loss = 0.4830
Epoch 200: Train Acc = 0.8328, Val Loss = 0.4827
⏹️ Early stopping triggered.
✅ Fold 1 - Accuracy: 0.7929, Precision: 0.7733, Recall: 0.8286, F1: 0.8000
Fold time: 327.69s

🌀 Fold 2 -----------------------------
Epoch 000: Train Acc = 0.5148, Val Loss = 0.6905
Epoch 010: Train Acc = 0.5770, Val Loss = 0.6803
Epoch 020: Train Acc = 0.6291, Val Loss = 0.6152
Epoch 030: Train Acc = 0.6593, Val Loss = 0.5809
Epoch 040: Train Acc = 0.6929, Val Loss = 0.5437
Epoch 050: Train Acc = 0.7228, Val Loss = 0.5198
Epoch 060: Train Acc = 0.7415, Val Loss = 0.5048
Epoch 070: Train Acc = 0.7563, Val Loss = 0.5197
Epoch 080: Train Acc = 0.7728, Val Loss = 0.4589
Epoch 090: Train Acc = 0.7751, Val Loss = 0.4708
Epoch 100: Train Acc = 0.7847, Val Loss = 0.4450
Epoch 110: Train Acc = 0.7876, Val Loss = 0.4516
Epoch 120: Train Acc = 0.7976, Val Loss = 0.4394
Epoch 130: Train Acc = 0.8008, Val Loss = 0.4372
Epoch 140: Train Acc = 0.8087, Val Loss = 0.4140
Epoch 150: Train Acc = 0.8148, Val Loss = 0.4098
Epoch 160: Train Acc = 0.8090, Val Loss = 0.3968
Epoch 170: Train Acc = 0.8156, Val Loss = 0.4144
Epoch 180: Train Acc = 0.8148, Val Loss = 0.3793
Epoch 190: Train Acc = 0.8336, Val Loss = 0.3766
Epoch 200: Train Acc = 0.8259, Val Loss = 0.3721
Epoch 210: Train Acc = 0.8249, Val Loss = 0.3720
Epoch 220: Train Acc = 0.8283, Val Loss = 0.3858
Epoch 230: Train Acc = 0.8365, Val Loss = 0.3789
Epoch 240: Train Acc = 0.8254, Val Loss = 0.3693
Epoch 250: Train Acc = 0.8452, Val Loss = 0.3647
Epoch 260: Train Acc = 0.8434, Val Loss = 0.3659
Epoch 270: Train Acc = 0.8347, Val Loss = 0.3726
Epoch 280: Train Acc = 0.8360, Val Loss = 0.3722
Epoch 290: Train Acc = 0.8439, Val Loss = 0.3585
✅ Fold 2 - Accuracy: 0.8429, Precision: 0.8043, Recall: 0.9043, F1: 0.8514
Fold time: 477.77s

🌀 Fold 3 -----------------------------
Epoch 000: Train Acc = 0.5119, Val Loss = 0.6900
Epoch 010: Train Acc = 0.5677, Val Loss = 0.6805
Epoch 020: Train Acc = 0.6325, Val Loss = 0.6331
Epoch 030: Train Acc = 0.6648, Val Loss = 0.6201
Epoch 040: Train Acc = 0.6844, Val Loss = 0.5917
Epoch 050: Train Acc = 0.7119, Val Loss = 0.5601
Epoch 060: Train Acc = 0.7384, Val Loss = 0.5415
Epoch 070: Train Acc = 0.7489, Val Loss = 0.5353
Epoch 080: Train Acc = 0.7653, Val Loss = 0.5370
Epoch 090: Train Acc = 0.7725, Val Loss = 0.5046
Epoch 100: Train Acc = 0.7847, Val Loss = 0.4985
Epoch 110: Train Acc = 0.7828, Val Loss = 0.4920
Epoch 120: Train Acc = 0.7944, Val Loss = 0.4918
Epoch 130: Train Acc = 0.7950, Val Loss = 0.4802
Epoch 140: Train Acc = 0.8063, Val Loss = 0.4784
Epoch 150: Train Acc = 0.8153, Val Loss = 0.4777
Epoch 160: Train Acc = 0.8130, Val Loss = 0.4836
Epoch 170: Train Acc = 0.8135, Val Loss = 0.4943
⏹️ Early stopping triggered.
✅ Fold 3 - Accuracy: 0.7881, Precision: 0.7586, Recall: 0.8421, F1: 0.7982
Fold time: 281.83s

🌀 Fold 4 -----------------------------
Epoch 000: Train Acc = 0.4995, Val Loss = 0.6899
Epoch 010: Train Acc = 0.5944, Val Loss = 0.6765
Epoch 020: Train Acc = 0.6429, Val Loss = 0.6292
Epoch 030: Train Acc = 0.6847, Val Loss = 0.5896
Epoch 040: Train Acc = 0.7183, Val Loss = 0.5745
Epoch 050: Train Acc = 0.7431, Val Loss = 0.5342
Epoch 060: Train Acc = 0.7481, Val Loss = 0.5122
Epoch 070: Train Acc = 0.7661, Val Loss = 0.4890
Epoch 080: Train Acc = 0.7786, Val Loss = 0.4934
Epoch 090: Train Acc = 0.7899, Val Loss = 0.4740
Epoch 100: Train Acc = 0.7897, Val Loss = 0.4602
Epoch 110: Train Acc = 0.7870, Val Loss = 0.4548
Epoch 120: Train Acc = 0.8016, Val Loss = 0.4408
Epoch 130: Train Acc = 0.8148, Val Loss = 0.4353
Epoch 140: Train Acc = 0.8138, Val Loss = 0.4494
Epoch 150: Train Acc = 0.8206, Val Loss = 0.4372
Epoch 160: Train Acc = 0.8198, Val Loss = 0.4406
Epoch 170: Train Acc = 0.8246, Val Loss = 0.4705
Epoch 180: Train Acc = 0.8267, Val Loss = 0.4292
Epoch 190: Train Acc = 0.8246, Val Loss = 0.4126
Epoch 200: Train Acc = 0.8310, Val Loss = 0.4183
Epoch 210: Train Acc = 0.8397, Val Loss = 0.4255
Epoch 220: Train Acc = 0.8431, Val Loss = 0.4220
Epoch 230: Train Acc = 0.8421, Val Loss = 0.4184
Epoch 240: Train Acc = 0.8476, Val Loss = 0.4130
Epoch 250: Train Acc = 0.8442, Val Loss = 0.4199
Epoch 260: Train Acc = 0.8426, Val Loss = 0.4343
Epoch 270: Train Acc = 0.8550, Val Loss = 0.4374
⏹️ Early stopping triggered.
✅ Fold 4 - Accuracy: 0.8143, Precision: 0.8075, Recall: 0.8230, F1: 0.8152
Fold time: 436.02s

🌀 Fold 5 -----------------------------
Epoch 000: Train Acc = 0.5249, Val Loss = 0.6899
Epoch 010: Train Acc = 0.5918, Val Loss = 0.6593
Epoch 020: Train Acc = 0.6381, Val Loss = 0.6217
Epoch 030: Train Acc = 0.6712, Val Loss = 0.6101
Epoch 040: Train Acc = 0.6971, Val Loss = 0.5860
Epoch 050: Train Acc = 0.7183, Val Loss = 0.5492
Epoch 060: Train Acc = 0.7407, Val Loss = 0.5445
Epoch 070: Train Acc = 0.7598, Val Loss = 0.5192
Epoch 080: Train Acc = 0.7722, Val Loss = 0.5015
Epoch 090: Train Acc = 0.7706, Val Loss = 0.5105
Epoch 100: Train Acc = 0.7831, Val Loss = 0.5082
Epoch 110: Train Acc = 0.7847, Val Loss = 0.4670
Epoch 120: Train Acc = 0.7894, Val Loss = 0.4590
Epoch 130: Train Acc = 0.7995, Val Loss = 0.4517
Epoch 140: Train Acc = 0.8056, Val Loss = 0.4445
Epoch 150: Train Acc = 0.8153, Val Loss = 0.4400
Epoch 160: Train Acc = 0.8138, Val Loss = 0.4325
Epoch 170: Train Acc = 0.8183, Val Loss = 0.4397
Epoch 180: Train Acc = 0.8193, Val Loss = 0.4311
Epoch 190: Train Acc = 0.8122, Val Loss = 0.4201
Epoch 200: Train Acc = 0.8217, Val Loss = 0.4205
Epoch 210: Train Acc = 0.8275, Val Loss = 0.4425
Epoch 220: Train Acc = 0.8246, Val Loss = 0.4058
Epoch 230: Train Acc = 0.8378, Val Loss = 0.4036
Epoch 240: Train Acc = 0.8352, Val Loss = 0.3972
Epoch 250: Train Acc = 0.8333, Val Loss = 0.3959
Epoch 260: Train Acc = 0.8463, Val Loss = 0.4141
Epoch 270: Train Acc = 0.8344, Val Loss = 0.4071
Epoch 280: Train Acc = 0.8508, Val Loss = 0.4113
Epoch 290: Train Acc = 0.8434, Val Loss = 0.4088
✅ Fold 5 - Accuracy: 0.8286, Precision: 0.8408, Recall: 0.8086, F1: 0.8244
Fold time: 477.17s

🌀 Fold 6 -----------------------------
Epoch 000: Train Acc = 0.5177, Val Loss = 0.6889
Epoch 010: Train Acc = 0.5870, Val Loss = 0.6692
Epoch 020: Train Acc = 0.6392, Val Loss = 0.6265
Epoch 030: Train Acc = 0.6714, Val Loss = 0.5946
Epoch 040: Train Acc = 0.6979, Val Loss = 0.5709
Epoch 050: Train Acc = 0.7238, Val Loss = 0.5379
Epoch 060: Train Acc = 0.7437, Val Loss = 0.5202
Epoch 070: Train Acc = 0.7632, Val Loss = 0.5083
Epoch 080: Train Acc = 0.7635, Val Loss = 0.4971
Epoch 090: Train Acc = 0.7791, Val Loss = 0.4822
Epoch 100: Train Acc = 0.7915, Val Loss = 0.4660
Epoch 110: Train Acc = 0.8000, Val Loss = 0.4564
Epoch 120: Train Acc = 0.8074, Val Loss = 0.4500
Epoch 130: Train Acc = 0.8019, Val Loss = 0.4302
Epoch 140: Train Acc = 0.8013, Val Loss = 0.4384
Epoch 150: Train Acc = 0.8119, Val Loss = 0.4449
Epoch 160: Train Acc = 0.8169, Val Loss = 0.4373
Epoch 170: Train Acc = 0.8198, Val Loss = 0.4441
Epoch 180: Train Acc = 0.8222, Val Loss = 0.4360
Epoch 190: Train Acc = 0.8259, Val Loss = 0.4142
Epoch 200: Train Acc = 0.8146, Val Loss = 0.4175
Epoch 210: Train Acc = 0.8278, Val Loss = 0.4235
Epoch 220: Train Acc = 0.8352, Val Loss = 0.4125
Epoch 230: Train Acc = 0.8259, Val Loss = 0.4158
Epoch 240: Train Acc = 0.8370, Val Loss = 0.3989
Epoch 250: Train Acc = 0.8405, Val Loss = 0.4144
Epoch 260: Train Acc = 0.8405, Val Loss = 0.4229
Epoch 270: Train Acc = 0.8415, Val Loss = 0.4015
Epoch 280: Train Acc = 0.8476, Val Loss = 0.3955
Epoch 290: Train Acc = 0.8442, Val Loss = 0.4013
✅ Fold 6 - Accuracy: 0.7857, Precision: 0.7352, Recall: 0.8900, F1: 0.8052
Fold time: 477.60s

🌀 Fold 7 -----------------------------
Epoch 000: Train Acc = 0.5074, Val Loss = 0.6900
Epoch 010: Train Acc = 0.5894, Val Loss = 0.6756
Epoch 020: Train Acc = 0.6500, Val Loss = 0.6564
Epoch 030: Train Acc = 0.6759, Val Loss = 0.6277
Epoch 040: Train Acc = 0.7045, Val Loss = 0.6010
Epoch 050: Train Acc = 0.7275, Val Loss = 0.5774
Epoch 060: Train Acc = 0.7437, Val Loss = 0.5459
Epoch 070: Train Acc = 0.7569, Val Loss = 0.5313
Epoch 080: Train Acc = 0.7595, Val Loss = 0.5187
Epoch 090: Train Acc = 0.7812, Val Loss = 0.5097
Epoch 100: Train Acc = 0.7841, Val Loss = 0.5116
Epoch 110: Train Acc = 0.7939, Val Loss = 0.5121
Epoch 120: Train Acc = 0.7981, Val Loss = 0.4903
Epoch 130: Train Acc = 0.8042, Val Loss = 0.4818
Epoch 140: Train Acc = 0.8050, Val Loss = 0.5194
Epoch 150: Train Acc = 0.8058, Val Loss = 0.4841
Epoch 160: Train Acc = 0.8069, Val Loss = 0.4793
Epoch 170: Train Acc = 0.8148, Val Loss = 0.5005
Epoch 180: Train Acc = 0.8299, Val Loss = 0.4738
Epoch 190: Train Acc = 0.8291, Val Loss = 0.4973
⏹️ Early stopping triggered.
✅ Fold 7 - Accuracy: 0.7833, Precision: 0.7341, Recall: 0.8852, F1: 0.8026
Fold time: 313.27s

🌀 Fold 8 -----------------------------
Epoch 000: Train Acc = 0.5029, Val Loss = 0.6906
Epoch 010: Train Acc = 0.5868, Val Loss = 0.6682
Epoch 020: Train Acc = 0.6339, Val Loss = 0.6347
Epoch 030: Train Acc = 0.6667, Val Loss = 0.6114
Epoch 040: Train Acc = 0.6931, Val Loss = 0.5414
Epoch 050: Train Acc = 0.7177, Val Loss = 0.4967
Epoch 060: Train Acc = 0.7437, Val Loss = 0.4735
Epoch 070: Train Acc = 0.7521, Val Loss = 0.4510
Epoch 080: Train Acc = 0.7542, Val Loss = 0.4622
Epoch 090: Train Acc = 0.7770, Val Loss = 0.4082
Epoch 100: Train Acc = 0.7839, Val Loss = 0.3952
Epoch 110: Train Acc = 0.7862, Val Loss = 0.3983
Epoch 120: Train Acc = 0.8026, Val Loss = 0.4096
Epoch 130: Train Acc = 0.8013, Val Loss = 0.4041
Epoch 140: Train Acc = 0.7931, Val Loss = 0.3957
Epoch 150: Train Acc = 0.8053, Val Loss = 0.3875
Epoch 160: Train Acc = 0.8087, Val Loss = 0.3705
Epoch 170: Train Acc = 0.8114, Val Loss = 0.3615
Epoch 180: Train Acc = 0.8093, Val Loss = 0.3683
Epoch 190: Train Acc = 0.8225, Val Loss = 0.3621
Epoch 200: Train Acc = 0.8201, Val Loss = 0.3623
Epoch 210: Train Acc = 0.8220, Val Loss = 0.3541
Epoch 220: Train Acc = 0.8220, Val Loss = 0.3652
Epoch 230: Train Acc = 0.8241, Val Loss = 0.3517
Epoch 240: Train Acc = 0.8339, Val Loss = 0.3702
Epoch 250: Train Acc = 0.8362, Val Loss = 0.3458
⏹️ Early stopping triggered.
✅ Fold 8 - Accuracy: 0.8524, Precision: 0.8517, Recall: 0.8517, F1: 0.8517
Fold time: 274.12s

🌀 Fold 9 -----------------------------
Epoch 000: Train Acc = 0.4981, Val Loss = 0.6965
Epoch 010: Train Acc = 0.5870, Val Loss = 0.6823
Epoch 020: Train Acc = 0.6500, Val Loss = 0.6483
Epoch 030: Train Acc = 0.6815, Val Loss = 0.6481
Epoch 040: Train Acc = 0.7106, Val Loss = 0.5788
Epoch 050: Train Acc = 0.7352, Val Loss = 0.5269
Epoch 060: Train Acc = 0.7413, Val Loss = 0.5084
Epoch 070: Train Acc = 0.7608, Val Loss = 0.4871
Epoch 080: Train Acc = 0.7677, Val Loss = 0.4705
Epoch 090: Train Acc = 0.7823, Val Loss = 0.4612
Epoch 100: Train Acc = 0.7857, Val Loss = 0.4487
Epoch 110: Train Acc = 0.7944, Val Loss = 0.4443
Epoch 120: Train Acc = 0.7926, Val Loss = 0.4387
Epoch 130: Train Acc = 0.7987, Val Loss = 0.4293
Epoch 140: Train Acc = 0.8143, Val Loss = 0.4259
Epoch 150: Train Acc = 0.8140, Val Loss = 0.4275
Epoch 160: Train Acc = 0.8193, Val Loss = 0.4180
Epoch 170: Train Acc = 0.8204, Val Loss = 0.4272
Epoch 180: Train Acc = 0.8352, Val Loss = 0.4829
Epoch 190: Train Acc = 0.8333, Val Loss = 0.4048
Epoch 200: Train Acc = 0.8368, Val Loss = 0.4051
Epoch 210: Train Acc = 0.8320, Val Loss = 0.4686
⏹️ Early stopping triggered.
✅ Fold 9 - Accuracy: 0.8214, Precision: 0.8252, Recall: 0.8134, F1: 0.8193
Fold time: 174.71s

🎯 Final Cross-Validation Results:
Avg Accuracy : 0.8062 ± 0.0294
Avg Precision: 0.7946 ± 0.0400
Avg Recall   : 0.8299 ± 0.0672
Avg F1 Score : 0.8093 ± 0.0337
Total time: 3513.83s
