
FOLD 0 ----------------------------
Epoch 000: Train RMSE = 1.1738, Val RMSE = 1.1975
Epoch 010: Train RMSE = 0.8639, Val RMSE = 0.9893
Epoch 020: Train RMSE = 0.7278, Val RMSE = 0.7724
Epoch 030: Train RMSE = 0.6661, Val RMSE = 0.8064
Epoch 040: Train RMSE = 0.6054, Val RMSE = 0.7010
Epoch 050: Train RMSE = 0.5663, Val RMSE = 0.6865
Epoch 060: Train RMSE = 0.5388, Val RMSE = 0.6619
Epoch 070: Train RMSE = 0.5033, Val RMSE = 0.6403
Epoch 080: Train RMSE = 0.4758, Val RMSE = 0.6310
Epoch 090: Train RMSE = 0.4415, Val RMSE = 0.6173
Epoch 100: Train RMSE = 0.4142, Val RMSE = 0.6081
Epoch 110: Train RMSE = 0.4084, Val RMSE = 0.6365
Epoch 120: Train RMSE = 0.3741, Val RMSE = 0.6219
Epoch 130: Train RMSE = 0.3659, Val RMSE = 0.6381
Early stopping triggered.
Fold 0 R2 score: 0.7310, RMSE: 0.6381, MAE: 0.4440, MSE: 0.4071
Fold 0 completed in 232.31 seconds.

FOLD 1 ----------------------------
Epoch 000: Train RMSE = 1.1807, Val RMSE = 1.1891
Epoch 010: Train RMSE = 0.9383, Val RMSE = 0.9818
Epoch 020: Train RMSE = 0.7638, Val RMSE = 0.7783
Epoch 030: Train RMSE = 0.6581, Val RMSE = 0.7100
Epoch 040: Train RMSE = 0.6176, Val RMSE = 0.6847
Epoch 050: Train RMSE = 0.5767, Val RMSE = 0.6805
Epoch 060: Train RMSE = 0.5428, Val RMSE = 0.6075
Epoch 070: Train RMSE = 0.5082, Val RMSE = 0.6137
Epoch 080: Train RMSE = 0.4642, Val RMSE = 0.6032
Epoch 090: Train RMSE = 0.4681, Val RMSE = 0.6212
Epoch 100: Train RMSE = 0.4418, Val RMSE = 0.6288
Epoch 110: Train RMSE = 0.4201, Val RMSE = 0.5863
Epoch 120: Train RMSE = 0.3994, Val RMSE = 0.5812
Early stopping triggered.
Fold 1 R2 score: 0.7371, RMSE: 0.6183, MAE: 0.4660, MSE: 0.3823
Fold 1 completed in 330.99 seconds.

FOLD 2 ----------------------------
Epoch 000: Train RMSE = 1.1847, Val RMSE = 1.1563
Epoch 010: Train RMSE = 0.9973, Val RMSE = 0.9815
Epoch 020: Train RMSE = 0.7740, Val RMSE = 0.7942
Epoch 030: Train RMSE = 0.6964, Val RMSE = 0.7445
Epoch 040: Train RMSE = 0.6113, Val RMSE = 0.7223
Epoch 050: Train RMSE = 0.5727, Val RMSE = 0.7426
Epoch 060: Train RMSE = 0.5296, Val RMSE = 0.6980
Epoch 070: Train RMSE = 0.5010, Val RMSE = 0.6971
Epoch 080: Train RMSE = 0.4643, Val RMSE = 0.6977
Epoch 090: Train RMSE = 0.4480, Val RMSE = 0.6788
Epoch 100: Train RMSE = 0.4020, Val RMSE = 0.6884
Epoch 110: Train RMSE = 0.3901, Val RMSE = 0.6822
Epoch 120: Train RMSE = 0.3618, Val RMSE = 0.6643
Epoch 130: Train RMSE = 0.3485, Val RMSE = 0.6772
Epoch 140: Train RMSE = 0.3401, Val RMSE = 0.6893
Epoch 150: Train RMSE = 0.3281, Val RMSE = 0.6661
Epoch 160: Train RMSE = 0.3125, Val RMSE = 0.6787
Epoch 170: Train RMSE = 0.3050, Val RMSE = 0.6787
Early stopping triggered.
Fold 2 R2 score: 0.6580, RMSE: 0.6883, MAE: 0.4618, MSE: 0.4738
Fold 2 completed in 442.18 seconds.

FOLD 3 ----------------------------
Epoch 000: Train RMSE = 1.1907, Val RMSE = 1.1241
Epoch 010: Train RMSE = 0.9277, Val RMSE = 0.9050
Epoch 020: Train RMSE = 0.7584, Val RMSE = 0.7632
Epoch 030: Train RMSE = 0.6637, Val RMSE = 0.6891
Epoch 040: Train RMSE = 0.5933, Val RMSE = 0.6534
Epoch 050: Train RMSE = 0.5565, Val RMSE = 0.6559
Epoch 060: Train RMSE = 0.5322, Val RMSE = 0.6203
Epoch 070: Train RMSE = 0.5010, Val RMSE = 0.6563
Epoch 080: Train RMSE = 0.4575, Val RMSE = 0.6027
Epoch 090: Train RMSE = 0.4521, Val RMSE = 0.6183
Epoch 100: Train RMSE = 0.4099, Val RMSE = 0.5750
Epoch 110: Train RMSE = 0.4051, Val RMSE = 0.5686
Epoch 120: Train RMSE = 0.3740, Val RMSE = 0.6064
Epoch 130: Train RMSE = 0.3557, Val RMSE = 0.6300
Epoch 140: Train RMSE = 0.3452, Val RMSE = 0.5884
Epoch 150: Train RMSE = 0.3345, Val RMSE = 0.5956
Early stopping triggered.
Fold 3 R2 score: 0.7301, RMSE: 0.6044, MAE: 0.4405, MSE: 0.3653
Fold 3 completed in 400.30 seconds.

FOLD 4 ----------------------------
Epoch 000: Train RMSE = 1.1820, Val RMSE = 1.2859
Epoch 010: Train RMSE = 0.9680, Val RMSE = 0.9762
Epoch 020: Train RMSE = 0.7954, Val RMSE = 0.7902
Epoch 030: Train RMSE = 0.7050, Val RMSE = 0.7064
Epoch 040: Train RMSE = 0.6478, Val RMSE = 0.6260
Epoch 050: Train RMSE = 0.6048, Val RMSE = 0.5906
Epoch 060: Train RMSE = 0.5642, Val RMSE = 0.5667
Epoch 070: Train RMSE = 0.5202, Val RMSE = 0.5696
Epoch 080: Train RMSE = 0.4993, Val RMSE = 0.5459
Epoch 090: Train RMSE = 0.4670, Val RMSE = 0.5613
Epoch 100: Train RMSE = 0.4322, Val RMSE = 0.5551
Epoch 110: Train RMSE = 0.4124, Val RMSE = 0.5339
Epoch 120: Train RMSE = 0.3875, Val RMSE = 0.5310
Epoch 130: Train RMSE = 0.3712, Val RMSE = 0.5287
Epoch 140: Train RMSE = 0.3462, Val RMSE = 0.5728
Early stopping triggered.
Fold 4 R2 score: 0.8154, RMSE: 0.5472, MAE: 0.4179, MSE: 0.2994
Fold 4 completed in 365.09 seconds.

FOLD 5 ----------------------------
Epoch 000: Train RMSE = 1.1634, Val RMSE = 1.2345
Epoch 010: Train RMSE = 0.8975, Val RMSE = 0.9925
Epoch 020: Train RMSE = 0.7599, Val RMSE = 0.7616
Epoch 030: Train RMSE = 0.6779, Val RMSE = 0.6822
Epoch 040: Train RMSE = 0.6376, Val RMSE = 0.6266
Epoch 050: Train RMSE = 0.5864, Val RMSE = 0.5979
Epoch 060: Train RMSE = 0.5561, Val RMSE = 0.6106
Epoch 070: Train RMSE = 0.5210, Val RMSE = 0.5823
Epoch 080: Train RMSE = 0.4893, Val RMSE = 0.5891
Epoch 090: Train RMSE = 0.4592, Val RMSE = 0.5565
Epoch 100: Train RMSE = 0.4510, Val RMSE = 0.5580
Epoch 110: Train RMSE = 0.4068, Val RMSE = 0.5601
Epoch 120: Train RMSE = 0.3929, Val RMSE = 0.5617
Early stopping triggered.
Fold 5 R2 score: 0.7834, RMSE: 0.5800, MAE: 0.4108, MSE: 0.3364
Fold 5 completed in 314.02 seconds.

FOLD 6 ----------------------------
Epoch 000: Train RMSE = 1.1724, Val RMSE = 1.1182
Epoch 010: Train RMSE = 0.9858, Val RMSE = 1.0190
Epoch 020: Train RMSE = 0.7784, Val RMSE = 0.7737
Epoch 030: Train RMSE = 0.6890, Val RMSE = 0.7167
Epoch 040: Train RMSE = 0.6334, Val RMSE = 0.6136
Epoch 050: Train RMSE = 0.5849, Val RMSE = 0.6928
Epoch 060: Train RMSE = 0.5438, Val RMSE = 0.5880
Epoch 070: Train RMSE = 0.5179, Val RMSE = 0.5966
Epoch 080: Train RMSE = 0.4625, Val RMSE = 0.5964
Epoch 090: Train RMSE = 0.4338, Val RMSE = 0.5783
Epoch 100: Train RMSE = 0.4047, Val RMSE = 0.5724
Epoch 110: Train RMSE = 0.3850, Val RMSE = 0.6205
Epoch 120: Train RMSE = 0.3571, Val RMSE = 0.6168
Epoch 130: Train RMSE = 0.3483, Val RMSE = 0.6298
Epoch 140: Train RMSE = 0.3391, Val RMSE = 0.5945
Epoch 150: Train RMSE = 0.3156, Val RMSE = 0.6173
Epoch 160: Train RMSE = 0.3136, Val RMSE = 0.5953
Epoch 170: Train RMSE = 0.2797, Val RMSE = 0.5715
Early stopping triggered.
Fold 6 R2 score: 0.7131, RMSE: 0.6117, MAE: 0.4236, MSE: 0.3742
Fold 6 completed in 442.39 seconds.

FOLD 7 ----------------------------
Epoch 000: Train RMSE = 1.1900, Val RMSE = 1.1608
Epoch 010: Train RMSE = 0.9411, Val RMSE = 0.9230
Epoch 020: Train RMSE = 0.7607, Val RMSE = 0.7713
Epoch 030: Train RMSE = 0.6897, Val RMSE = 0.6687
Epoch 040: Train RMSE = 0.6327, Val RMSE = 0.6430
Epoch 050: Train RMSE = 0.5864, Val RMSE = 0.6177
Epoch 060: Train RMSE = 0.5512, Val RMSE = 0.6406
Epoch 070: Train RMSE = 0.5104, Val RMSE = 0.6358
Epoch 080: Train RMSE = 0.4844, Val RMSE = 0.6071
Epoch 090: Train RMSE = 0.4561, Val RMSE = 0.5951
Epoch 100: Train RMSE = 0.4483, Val RMSE = 0.6128
Epoch 110: Train RMSE = 0.3882, Val RMSE = 0.5975
Epoch 120: Train RMSE = 0.3923, Val RMSE = 0.6076
Epoch 130: Train RMSE = 0.3704, Val RMSE = 0.5947
Early stopping triggered.
Fold 7 R2 score: 0.7331, RMSE: 0.6145, MAE: 0.4578, MSE: 0.3776
Fold 7 completed in 343.88 seconds.

FOLD 8 ----------------------------
Epoch 000: Train RMSE = 1.1736, Val RMSE = 1.1762
Epoch 010: Train RMSE = 0.9658, Val RMSE = 0.8936
Epoch 020: Train RMSE = 0.7641, Val RMSE = 0.7233
Epoch 030: Train RMSE = 0.6703, Val RMSE = 0.6354
Epoch 040: Train RMSE = 0.6137, Val RMSE = 0.6257
Epoch 050: Train RMSE = 0.5798, Val RMSE = 0.6254
Epoch 060: Train RMSE = 0.5407, Val RMSE = 0.6364
Epoch 070: Train RMSE = 0.5118, Val RMSE = 0.6309
Epoch 080: Train RMSE = 0.4727, Val RMSE = 0.6152
Epoch 090: Train RMSE = 0.4446, Val RMSE = 0.6305
Epoch 100: Train RMSE = 0.4308, Val RMSE = 0.6171
Early stopping triggered.
Fold 8 R2 score: 0.6930, RMSE: 0.6398, MAE: 0.4470, MSE: 0.4093
Fold 8 completed in 275.24 seconds.

FOLD 9 ----------------------------
Epoch 000: Train RMSE = 1.1742, Val RMSE = 1.2050
Epoch 010: Train RMSE = 0.9718, Val RMSE = 1.0130
Epoch 020: Train RMSE = 0.7798, Val RMSE = 0.7857
Epoch 030: Train RMSE = 0.6895, Val RMSE = 0.7214
Epoch 040: Train RMSE = 0.6347, Val RMSE = 0.6973
Epoch 050: Train RMSE = 0.5968, Val RMSE = 0.6709
Epoch 060: Train RMSE = 0.5640, Val RMSE = 0.6490
Epoch 070: Train RMSE = 0.5198, Val RMSE = 0.6804
Epoch 080: Train RMSE = 0.4880, Val RMSE = 0.6420
Epoch 090: Train RMSE = 0.4780, Val RMSE = 0.6233
Epoch 100: Train RMSE = 0.4507, Val RMSE = 0.6104
Epoch 110: Train RMSE = 0.4238, Val RMSE = 0.6194
Epoch 120: Train RMSE = 0.3987, Val RMSE = 0.6166
Epoch 130: Train RMSE = 0.3665, Val RMSE = 0.6099
Epoch 140: Train RMSE = 0.3515, Val RMSE = 0.6071
Epoch 150: Train RMSE = 0.3456, Val RMSE = 0.6045
Early stopping triggered.
Fold 9 R2 score: 0.7634, RMSE: 0.6003, MAE: 0.4183, MSE: 0.3604
Fold 9 completed in 410.79 seconds.

Final Cross-Validation Results:
Average R2:  0.7358 ± 0.0422
Average RMSE: 0.6143 ± 0.0356
Average MAE:  0.4388 ± 0.0190
Average MSE:  0.3786 ± 0.0441
Total execution time: 3557.19 seconds
