Processing...
Done!
Epoch 1/300, Train RMSE: 1.2738, Test RMSE: 1.2376
Epoch 2/300, Train RMSE: 1.1977, Test RMSE: 1.2484
Epoch 3/300, Train RMSE: 1.1861, Test RMSE: 1.2218
Epoch 4/300, Train RMSE: 1.1843, Test RMSE: 1.2352
Epoch 5/300, Train RMSE: 1.1737, Test RMSE: 1.2300
Epoch 6/300, Train RMSE: 1.1756, Test RMSE: 1.2105
Epoch 7/300, Train RMSE: 1.1682, Test RMSE: 1.2192
Epoch 8/300, Train RMSE: 1.1695, Test RMSE: 1.2183
Epoch 9/300, Train RMSE: 1.1643, Test RMSE: 1.2043
Epoch 10/300, Train RMSE: 1.1652, Test RMSE: 1.1996
Epoch 11/300, Train RMSE: 1.1606, Test RMSE: 1.2202
Epoch 12/300, Train RMSE: 1.1509, Test RMSE: 1.2066
Epoch 13/300, Train RMSE: 1.1444, Test RMSE: 1.2000
Epoch 14/300, Train RMSE: 1.1536, Test RMSE: 1.1973
Epoch 15/300, Train RMSE: 1.1379, Test RMSE: 1.1735
Epoch 16/300, Train RMSE: 1.1352, Test RMSE: 1.1924
Epoch 17/300, Train RMSE: 1.1357, Test RMSE: 1.1683
Epoch 18/300, Train RMSE: 1.1290, Test RMSE: 1.1485
Epoch 19/300, Train RMSE: 1.1194, Test RMSE: 1.1445
Epoch 20/300, Train RMSE: 1.1200, Test RMSE: 1.1346
Epoch 21/300, Train RMSE: 1.1118, Test RMSE: 1.1559
Epoch 22/300, Train RMSE: 1.1115, Test RMSE: 1.1380
Epoch 23/300, Train RMSE: 1.1055, Test RMSE: 1.1158
Epoch 24/300, Train RMSE: 1.1023, Test RMSE: 1.1084
Epoch 25/300, Train RMSE: 1.0905, Test RMSE: 1.1186
Epoch 26/300, Train RMSE: 1.0905, Test RMSE: 1.1073
Epoch 27/300, Train RMSE: 1.0805, Test RMSE: 1.0943
Epoch 28/300, Train RMSE: 1.0977, Test RMSE: 1.1149
Epoch 29/300, Train RMSE: 1.0856, Test RMSE: 1.0940
Epoch 30/300, Train RMSE: 1.0851, Test RMSE: 1.0917
Epoch 31/300, Train RMSE: 1.0727, Test RMSE: 1.0720
Epoch 32/300, Train RMSE: 1.0845, Test RMSE: 1.0792
Epoch 33/300, Train RMSE: 1.0622, Test RMSE: 1.0822
Epoch 34/300, Train RMSE: 1.0700, Test RMSE: 1.0643
Epoch 35/300, Train RMSE: 1.0730, Test RMSE: 1.1079
Epoch 36/300, Train RMSE: 1.0632, Test RMSE: 1.0677
Epoch 37/300, Train RMSE: 1.0664, Test RMSE: 1.0924
Epoch 38/300, Train RMSE: 1.0493, Test RMSE: 1.0751
Epoch 39/300, Train RMSE: 1.0553, Test RMSE: 1.0598
Epoch 40/300, Train RMSE: 1.0527, Test RMSE: 1.0411
Epoch 41/300, Train RMSE: 1.0405, Test RMSE: 1.0491
Epoch 42/300, Train RMSE: 1.0419, Test RMSE: 1.0641
Epoch 43/300, Train RMSE: 1.0395, Test RMSE: 1.0299
Epoch 44/300, Train RMSE: 1.0479, Test RMSE: 1.0427
Epoch 45/300, Train RMSE: 1.0337, Test RMSE: 1.0449
Epoch 46/300, Train RMSE: 1.0352, Test RMSE: 1.0357
Epoch 47/300, Train RMSE: 1.0348, Test RMSE: 1.0445
Epoch 48/300, Train RMSE: 1.0289, Test RMSE: 1.0197
Epoch 49/300, Train RMSE: 1.0241, Test RMSE: 1.0339
Epoch 50/300, Train RMSE: 1.0283, Test RMSE: 1.0808
Epoch 51/300, Train RMSE: 1.0337, Test RMSE: 1.0120
Epoch 52/300, Train RMSE: 1.0191, Test RMSE: 1.0073
Epoch 53/300, Train RMSE: 1.0231, Test RMSE: 1.0024
Epoch 54/300, Train RMSE: 1.0144, Test RMSE: 1.0057
Epoch 55/300, Train RMSE: 1.0057, Test RMSE: 1.0495
Epoch 56/300, Train RMSE: 1.0032, Test RMSE: 1.0104
Epoch 57/300, Train RMSE: 1.0082, Test RMSE: 0.9991
Epoch 58/300, Train RMSE: 0.9958, Test RMSE: 0.9926
Epoch 59/300, Train RMSE: 0.9987, Test RMSE: 0.9965
Epoch 60/300, Train RMSE: 1.0038, Test RMSE: 0.9949
Epoch 61/300, Train RMSE: 1.0122, Test RMSE: 0.9711
Epoch 62/300, Train RMSE: 0.9921, Test RMSE: 1.0087
Epoch 63/300, Train RMSE: 0.9923, Test RMSE: 0.9909
Epoch 64/300, Train RMSE: 0.9758, Test RMSE: 0.9485
Epoch 65/300, Train RMSE: 0.9803, Test RMSE: 0.9577
Epoch 66/300, Train RMSE: 0.9761, Test RMSE: 0.9281
Epoch 67/300, Train RMSE: 0.9706, Test RMSE: 0.9556
Epoch 68/300, Train RMSE: 0.9575, Test RMSE: 0.9436
Epoch 69/300, Train RMSE: 0.9648, Test RMSE: 0.9455
Epoch 70/300, Train RMSE: 0.9689, Test RMSE: 0.9265
Epoch 71/300, Train RMSE: 0.9484, Test RMSE: 0.9165
Epoch 72/300, Train RMSE: 0.9560, Test RMSE: 0.9110
Epoch 73/300, Train RMSE: 0.9467, Test RMSE: 0.9208
Epoch 74/300, Train RMSE: 0.9546, Test RMSE: 0.9405
Epoch 75/300, Train RMSE: 0.9232, Test RMSE: 0.9365
Epoch 76/300, Train RMSE: 0.9361, Test RMSE: 0.8758
Epoch 77/300, Train RMSE: 0.9234, Test RMSE: 0.8744
Epoch 78/300, Train RMSE: 0.9196, Test RMSE: 0.9258
Epoch 79/300, Train RMSE: 0.9294, Test RMSE: 0.8793
Epoch 80/300, Train RMSE: 0.9169, Test RMSE: 0.8744
Epoch 81/300, Train RMSE: 0.9148, Test RMSE: 0.8560
Epoch 82/300, Train RMSE: 0.9146, Test RMSE: 0.8752
Epoch 83/300, Train RMSE: 0.9069, Test RMSE: 0.8467
Epoch 84/300, Train RMSE: 0.9089, Test RMSE: 0.9164
Epoch 85/300, Train RMSE: 0.9017, Test RMSE: 0.8467
Epoch 86/300, Train RMSE: 0.8915, Test RMSE: 0.8428
Epoch 87/300, Train RMSE: 0.8917, Test RMSE: 0.8433
Epoch 88/300, Train RMSE: 0.8996, Test RMSE: 0.8576
Epoch 89/300, Train RMSE: 0.8769, Test RMSE: 0.8730
Epoch 90/300, Train RMSE: 0.8997, Test RMSE: 0.8452
Epoch 91/300, Train RMSE: 0.8842, Test RMSE: 0.8454
Epoch 92/300, Train RMSE: 0.8719, Test RMSE: 0.8479
Epoch 93/300, Train RMSE: 0.8808, Test RMSE: 0.8439
Epoch 94/300, Train RMSE: 0.8643, Test RMSE: 0.8339
Epoch 95/300, Train RMSE: 0.8632, Test RMSE: 0.8400
Epoch 96/300, Train RMSE: 0.8791, Test RMSE: 0.8422
Epoch 97/300, Train RMSE: 0.8666, Test RMSE: 0.8706
Epoch 98/300, Train RMSE: 0.8637, Test RMSE: 0.8585
Epoch 99/300, Train RMSE: 0.8640, Test RMSE: 0.8312
Epoch 100/300, Train RMSE: 0.8633, Test RMSE: 0.8253
Epoch 101/300, Train RMSE: 0.8658, Test RMSE: 0.8171
Epoch 102/300, Train RMSE: 0.8615, Test RMSE: 0.8258
Epoch 103/300, Train RMSE: 0.8574, Test RMSE: 0.8135
Epoch 104/300, Train RMSE: 0.8456, Test RMSE: 0.8235
Epoch 105/300, Train RMSE: 0.8486, Test RMSE: 0.8111
Epoch 106/300, Train RMSE: 0.8556, Test RMSE: 0.8421
Epoch 107/300, Train RMSE: 0.8606, Test RMSE: 0.8385
Epoch 108/300, Train RMSE: 0.8257, Test RMSE: 0.8162
Epoch 109/300, Train RMSE: 0.8450, Test RMSE: 0.8027
Epoch 110/300, Train RMSE: 0.8422, Test RMSE: 0.7920
Epoch 111/300, Train RMSE: 0.8369, Test RMSE: 0.8021
Epoch 112/300, Train RMSE: 0.8412, Test RMSE: 0.8026
Epoch 113/300, Train RMSE: 0.8430, Test RMSE: 0.8463
Epoch 114/300, Train RMSE: 0.8292, Test RMSE: 0.7916
Epoch 115/300, Train RMSE: 0.8291, Test RMSE: 0.7929
Epoch 116/300, Train RMSE: 0.8368, Test RMSE: 0.8364
Epoch 117/300, Train RMSE: 0.8179, Test RMSE: 0.8102
Epoch 118/300, Train RMSE: 0.8295, Test RMSE: 0.7877
Epoch 119/300, Train RMSE: 0.8362, Test RMSE: 0.8084
Epoch 120/300, Train RMSE: 0.8248, Test RMSE: 0.8053
Epoch 121/300, Train RMSE: 0.8229, Test RMSE: 0.7778
Epoch 122/300, Train RMSE: 0.8169, Test RMSE: 0.7718
Epoch 123/300, Train RMSE: 0.8226, Test RMSE: 0.7742
Epoch 124/300, Train RMSE: 0.8134, Test RMSE: 0.8393
Epoch 125/300, Train RMSE: 0.8247, Test RMSE: 0.7829
Epoch 126/300, Train RMSE: 0.8215, Test RMSE: 0.7764
Epoch 127/300, Train RMSE: 0.8086, Test RMSE: 0.7849
Epoch 128/300, Train RMSE: 0.8068, Test RMSE: 0.7884
Epoch 129/300, Train RMSE: 0.8038, Test RMSE: 0.7760
Epoch 130/300, Train RMSE: 0.8196, Test RMSE: 0.8740
Epoch 131/300, Train RMSE: 0.8096, Test RMSE: 0.8080
Epoch 132/300, Train RMSE: 0.7968, Test RMSE: 0.7673
Epoch 133/300, Train RMSE: 0.8043, Test RMSE: 0.7678
Epoch 134/300, Train RMSE: 0.8184, Test RMSE: 0.7850
Epoch 135/300, Train RMSE: 0.7938, Test RMSE: 0.7631
Epoch 136/300, Train RMSE: 0.8089, Test RMSE: 0.7721
Epoch 137/300, Train RMSE: 0.8033, Test RMSE: 0.8104
Epoch 138/300, Train RMSE: 0.8029, Test RMSE: 0.7787
Epoch 139/300, Train RMSE: 0.7972, Test RMSE: 0.7626
Epoch 140/300, Train RMSE: 0.8043, Test RMSE: 0.7694
Epoch 141/300, Train RMSE: 0.7906, Test RMSE: 0.7625
Epoch 142/300, Train RMSE: 0.7908, Test RMSE: 0.7958
Epoch 143/300, Train RMSE: 0.7906, Test RMSE: 0.7981
Epoch 144/300, Train RMSE: 0.7852, Test RMSE: 0.7651
Epoch 145/300, Train RMSE: 0.7715, Test RMSE: 0.7666
Epoch 146/300, Train RMSE: 0.7850, Test RMSE: 0.7678
Epoch 147/300, Train RMSE: 0.7832, Test RMSE: 0.8169
Epoch 148/300, Train RMSE: 0.7941, Test RMSE: 0.7547
Epoch 149/300, Train RMSE: 0.7869, Test RMSE: 0.8064
Epoch 150/300, Train RMSE: 0.7786, Test RMSE: 0.7886
Epoch 151/300, Train RMSE: 0.7713, Test RMSE: 0.7438
Epoch 152/300, Train RMSE: 0.7652, Test RMSE: 0.7493
Epoch 153/300, Train RMSE: 0.7862, Test RMSE: 0.7608
Epoch 154/300, Train RMSE: 0.7910, Test RMSE: 0.7515
Epoch 155/300, Train RMSE: 0.7710, Test RMSE: 0.7464
Epoch 156/300, Train RMSE: 0.7694, Test RMSE: 0.7491
Epoch 157/300, Train RMSE: 0.7823, Test RMSE: 0.7492/home/agbande-remote/sandeep/gnn/fc/gsage/gsagm/final_run/with_MAE_MSE/wo_early/random_data/hd_lpot/early_stop/gs.py:212: FutureWarning: You are using `torch.load` with `weights_only=False` (the current default value), which uses the default pickle module implicitly. It is possible to construct malicious pickle data which will execute arbitrary code during unpickling (See https://github.com/pytorch/pytorch/blob/main/SECURITY.md#untrusted-models for more details). In a future release, the default value for `weights_only` will be flipped to `True`. This limits the functions that could be executed during unpickling. Arbitrary objects will no longer be allowed to be loaded via this mode unless they are explicitly allowlisted by the user via `torch.serialization.add_safe_globals`. We recommend you start setting `weights_only=True` for any use case where you don't have full control of the loaded file. Please open an issue on GitHub for any issues related to this experimental feature.
  model.load_state_dict(torch.load('models/best_model.pth'))

Epoch 158/300, Train RMSE: 0.7784, Test RMSE: 0.7370
Epoch 159/300, Train RMSE: 0.7679, Test RMSE: 0.7662
Epoch 160/300, Train RMSE: 0.7781, Test RMSE: 0.7605
Epoch 161/300, Train RMSE: 0.7727, Test RMSE: 0.7427
Epoch 162/300, Train RMSE: 0.7771, Test RMSE: 0.7752
Epoch 163/300, Train RMSE: 0.7571, Test RMSE: 0.7383
Epoch 164/300, Train RMSE: 0.7585, Test RMSE: 0.7277
Epoch 165/300, Train RMSE: 0.7470, Test RMSE: 0.7473
Epoch 166/300, Train RMSE: 0.7671, Test RMSE: 0.7475
Epoch 167/300, Train RMSE: 0.7602, Test RMSE: 0.7810
Epoch 168/300, Train RMSE: 0.7588, Test RMSE: 0.7476
Epoch 169/300, Train RMSE: 0.7725, Test RMSE: 0.7255
Epoch 170/300, Train RMSE: 0.7563, Test RMSE: 0.7327
Epoch 171/300, Train RMSE: 0.7503, Test RMSE: 0.7681
Epoch 172/300, Train RMSE: 0.7510, Test RMSE: 0.7155
Epoch 173/300, Train RMSE: 0.7539, Test RMSE: 0.7236
Epoch 174/300, Train RMSE: 0.7689, Test RMSE: 0.7552
Epoch 175/300, Train RMSE: 0.7479, Test RMSE: 0.7581
Epoch 176/300, Train RMSE: 0.7549, Test RMSE: 0.7237
Epoch 177/300, Train RMSE: 0.7560, Test RMSE: 0.7355
Epoch 178/300, Train RMSE: 0.7469, Test RMSE: 0.7534
Epoch 179/300, Train RMSE: 0.7506, Test RMSE: 0.7121
Epoch 180/300, Train RMSE: 0.7455, Test RMSE: 0.7230
Epoch 181/300, Train RMSE: 0.7636, Test RMSE: 0.7664
Epoch 182/300, Train RMSE: 0.7466, Test RMSE: 0.7255
Epoch 183/300, Train RMSE: 0.7442, Test RMSE: 0.7133
Epoch 184/300, Train RMSE: 0.7408, Test RMSE: 0.7096
Epoch 185/300, Train RMSE: 0.7502, Test RMSE: 0.7233
Epoch 186/300, Train RMSE: 0.7373, Test RMSE: 0.7167
Epoch 187/300, Train RMSE: 0.7360, Test RMSE: 0.7068
Epoch 188/300, Train RMSE: 0.7643, Test RMSE: 0.7254
Epoch 189/300, Train RMSE: 0.7381, Test RMSE: 0.7225
Epoch 190/300, Train RMSE: 0.7386, Test RMSE: 0.7271
Epoch 191/300, Train RMSE: 0.7271, Test RMSE: 0.7301
Epoch 192/300, Train RMSE: 0.7433, Test RMSE: 0.7139
Epoch 193/300, Train RMSE: 0.7391, Test RMSE: 0.7102
Epoch 194/300, Train RMSE: 0.7547, Test RMSE: 0.7525
Epoch 195/300, Train RMSE: 0.7416, Test RMSE: 0.7192
Epoch 196/300, Train RMSE: 0.7301, Test RMSE: 0.7095
Epoch 197/300, Train RMSE: 0.7213, Test RMSE: 0.7240
Epoch 198/300, Train RMSE: 0.7349, Test RMSE: 0.7410
Epoch 199/300, Train RMSE: 0.7448, Test RMSE: 0.7134
Epoch 200/300, Train RMSE: 0.7307, Test RMSE: 0.7167
Epoch 201/300, Train RMSE: 0.7259, Test RMSE: 0.7280
Epoch 202/300, Train RMSE: 0.7320, Test RMSE: 0.7091
Epoch 203/300, Train RMSE: 0.7264, Test RMSE: 0.7444
Epoch 204/300, Train RMSE: 0.7292, Test RMSE: 0.7015
Epoch 205/300, Train RMSE: 0.7319, Test RMSE: 0.7099
Epoch 206/300, Train RMSE: 0.7155, Test RMSE: 0.7446
Epoch 207/300, Train RMSE: 0.7136, Test RMSE: 0.7224
Epoch 208/300, Train RMSE: 0.7317, Test RMSE: 0.7207
Epoch 209/300, Train RMSE: 0.7332, Test RMSE: 0.7093
Epoch 210/300, Train RMSE: 0.7170, Test RMSE: 0.7156
Epoch 211/300, Train RMSE: 0.7224, Test RMSE: 0.7018
Epoch 212/300, Train RMSE: 0.7175, Test RMSE: 0.7166
Epoch 213/300, Train RMSE: 0.7218, Test RMSE: 0.7051
Epoch 214/300, Train RMSE: 0.7222, Test RMSE: 0.7124
Epoch 215/300, Train RMSE: 0.7222, Test RMSE: 0.7149
Epoch 216/300, Train RMSE: 0.7203, Test RMSE: 0.7277
Epoch 217/300, Train RMSE: 0.7125, Test RMSE: 0.7239
Epoch 218/300, Train RMSE: 0.7147, Test RMSE: 0.7096
Epoch 219/300, Train RMSE: 0.7233, Test RMSE: 0.7162
Epoch 220/300, Train RMSE: 0.7155, Test RMSE: 0.7087
Epoch 221/300, Train RMSE: 0.7022, Test RMSE: 0.7224
Epoch 222/300, Train RMSE: 0.7198, Test RMSE: 0.7255
Epoch 223/300, Train RMSE: 0.7067, Test RMSE: 0.7098
Epoch 224/300, Train RMSE: 0.7075, Test RMSE: 0.6995
Epoch 225/300, Train RMSE: 0.7080, Test RMSE: 0.7048
Epoch 226/300, Train RMSE: 0.7059, Test RMSE: 0.7009
Epoch 227/300, Train RMSE: 0.7113, Test RMSE: 0.7002
Epoch 228/300, Train RMSE: 0.7047, Test RMSE: 0.7044
Epoch 229/300, Train RMSE: 0.7085, Test RMSE: 0.7090
Epoch 230/300, Train RMSE: 0.7159, Test RMSE: 0.7128
Epoch 231/300, Train RMSE: 0.6991, Test RMSE: 0.6961
Epoch 232/300, Train RMSE: 0.6940, Test RMSE: 0.6972
Epoch 233/300, Train RMSE: 0.7027, Test RMSE: 0.7212
Epoch 234/300, Train RMSE: 0.7143, Test RMSE: 0.7078
Epoch 235/300, Train RMSE: 0.7063, Test RMSE: 0.7025
Epoch 236/300, Train RMSE: 0.7070, Test RMSE: 0.7005
Epoch 237/300, Train RMSE: 0.7009, Test RMSE: 0.7037
Epoch 238/300, Train RMSE: 0.7037, Test RMSE: 0.7045
Epoch 239/300, Train RMSE: 0.7063, Test RMSE: 0.6935
Epoch 240/300, Train RMSE: 0.6921, Test RMSE: 0.6902
Epoch 241/300, Train RMSE: 0.6972, Test RMSE: 0.7071
Epoch 242/300, Train RMSE: 0.6948, Test RMSE: 0.7113
Epoch 243/300, Train RMSE: 0.6955, Test RMSE: 0.7170
Epoch 244/300, Train RMSE: 0.7072, Test RMSE: 0.7164
Epoch 245/300, Train RMSE: 0.7031, Test RMSE: 0.6950
Epoch 246/300, Train RMSE: 0.6964, Test RMSE: 0.6884
Epoch 247/300, Train RMSE: 0.6961, Test RMSE: 0.6900
Epoch 248/300, Train RMSE: 0.6798, Test RMSE: 0.7169
Epoch 249/300, Train RMSE: 0.7026, Test RMSE: 0.7040
Epoch 250/300, Train RMSE: 0.6959, Test RMSE: 0.6953
Epoch 251/300, Train RMSE: 0.7024, Test RMSE: 0.7183
Epoch 252/300, Train RMSE: 0.6946, Test RMSE: 0.7016
Epoch 253/300, Train RMSE: 0.6909, Test RMSE: 0.7328
Epoch 254/300, Train RMSE: 0.6866, Test RMSE: 0.7491
Epoch 255/300, Train RMSE: 0.6927, Test RMSE: 0.7026
Epoch 256/300, Train RMSE: 0.6819, Test RMSE: 0.6923
Epoch 257/300, Train RMSE: 0.6883, Test RMSE: 0.7024
Epoch 258/300, Train RMSE: 0.6892, Test RMSE: 0.7168
Epoch 259/300, Train RMSE: 0.6854, Test RMSE: 0.7142
Epoch 260/300, Train RMSE: 0.6899, Test RMSE: 0.6943
Epoch 261/300, Train RMSE: 0.6842, Test RMSE: 0.7038
Epoch 262/300, Train RMSE: 0.7013, Test RMSE: 0.6859
Epoch 263/300, Train RMSE: 0.6835, Test RMSE: 0.6967
Epoch 264/300, Train RMSE: 0.6894, Test RMSE: 0.6914
Epoch 265/300, Train RMSE: 0.6901, Test RMSE: 0.7427
Epoch 266/300, Train RMSE: 0.6830, Test RMSE: 0.7061
Epoch 267/300, Train RMSE: 0.6884, Test RMSE: 0.6902
Epoch 268/300, Train RMSE: 0.6886, Test RMSE: 0.6893
Epoch 269/300, Train RMSE: 0.6821, Test RMSE: 0.6967
Epoch 270/300, Train RMSE: 0.6778, Test RMSE: 0.6834
Epoch 271/300, Train RMSE: 0.6832, Test RMSE: 0.6945
Epoch 272/300, Train RMSE: 0.6796, Test RMSE: 0.6820
Epoch 273/300, Train RMSE: 0.6769, Test RMSE: 0.6934
Epoch 274/300, Train RMSE: 0.6833, Test RMSE: 0.6979
Epoch 275/300, Train RMSE: 0.6685, Test RMSE: 0.6950
Epoch 276/300, Train RMSE: 0.6762, Test RMSE: 0.6945
Epoch 277/300, Train RMSE: 0.6789, Test RMSE: 0.7228
Epoch 278/300, Train RMSE: 0.6760, Test RMSE: 0.7027
Epoch 279/300, Train RMSE: 0.6729, Test RMSE: 0.7001
Epoch 280/300, Train RMSE: 0.6714, Test RMSE: 0.6844
Epoch 281/300, Train RMSE: 0.6741, Test RMSE: 0.6885
Epoch 282/300, Train RMSE: 0.6917, Test RMSE: 0.7108
Epoch 283/300, Train RMSE: 0.6770, Test RMSE: 0.6995
Epoch 284/300, Train RMSE: 0.6627, Test RMSE: 0.6932
Epoch 285/300, Train RMSE: 0.6698, Test RMSE: 0.6859
Epoch 286/300, Train RMSE: 0.6836, Test RMSE: 0.6843
Epoch 287/300, Train RMSE: 0.6762, Test RMSE: 0.7024
Epoch 288/300, Train RMSE: 0.6737, Test RMSE: 0.6957
Epoch 289/300, Train RMSE: 0.6715, Test RMSE: 0.6875
Epoch 290/300, Train RMSE: 0.6576, Test RMSE: 0.6761
Epoch 291/300, Train RMSE: 0.6603, Test RMSE: 0.7007
Epoch 292/300, Train RMSE: 0.6595, Test RMSE: 0.6835
Epoch 293/300, Train RMSE: 0.6655, Test RMSE: 0.7089
Epoch 294/300, Train RMSE: 0.6818, Test RMSE: 0.6698
Epoch 295/300, Train RMSE: 0.6690, Test RMSE: 0.7117
Epoch 296/300, Train RMSE: 0.6711, Test RMSE: 0.6799
Epoch 297/300, Train RMSE: 0.6611, Test RMSE: 0.7143
Epoch 298/300, Train RMSE: 0.6516, Test RMSE: 0.6787
Epoch 299/300, Train RMSE: 0.6669, Test RMSE: 0.6888
Epoch 300/300, Train RMSE: 0.6590, Test RMSE: 0.6776

📘 Final Performance Metrics
----------------------------------------
Train MAE   : 0.4439
Test  MAE   : 0.5156
Train MSE   : 0.3388
Test  MSE   : 0.4486
Train RMSE  : 0.5820
Test  RMSE  : 0.6698
Train R²    : 0.7605
Test  R²    : 0.7102
----------------------------------------
Execution time: 2.62 minutes
