Processing...
Done!
Epoch 1/300, Train RMSE: 2.4208, Test RMSE: 2.3096
Epoch 2/300, Train RMSE: 2.2609, Test RMSE: 2.1476
Epoch 3/300, Train RMSE: 2.0918, Test RMSE: 1.9700
Epoch 4/300, Train RMSE: 1.8996, Test RMSE: 1.7767
Epoch 5/300, Train RMSE: 1.6929, Test RMSE: 1.5793
Epoch 6/300, Train RMSE: 1.5015, Test RMSE: 1.4208
Epoch 7/300, Train RMSE: 1.3539, Test RMSE: 1.3034
Epoch 8/300, Train RMSE: 1.2546, Test RMSE: 1.2322
Epoch 9/300, Train RMSE: 1.1984, Test RMSE: 1.2028
Epoch 10/300, Train RMSE: 1.1692, Test RMSE: 1.1872
Epoch 11/300, Train RMSE: 1.1565, Test RMSE: 1.1750
Epoch 12/300, Train RMSE: 1.1496, Test RMSE: 1.1659
Epoch 13/300, Train RMSE: 1.1345, Test RMSE: 1.1569
Epoch 14/300, Train RMSE: 1.1299, Test RMSE: 1.1492
Epoch 15/300, Train RMSE: 1.1279, Test RMSE: 1.1411
Epoch 16/300, Train RMSE: 1.1122, Test RMSE: 1.1350
Epoch 17/300, Train RMSE: 1.1006, Test RMSE: 1.1299
Epoch 18/300, Train RMSE: 1.1015, Test RMSE: 1.1242
Epoch 19/300, Train RMSE: 1.1047, Test RMSE: 1.1191
Epoch 20/300, Train RMSE: 1.0987, Test RMSE: 1.1125
Epoch 21/300, Train RMSE: 1.0947, Test RMSE: 1.1092
Epoch 22/300, Train RMSE: 1.0882, Test RMSE: 1.1049
Epoch 23/300, Train RMSE: 1.0847, Test RMSE: 1.1020
Epoch 24/300, Train RMSE: 1.0825, Test RMSE: 1.0971
Epoch 25/300, Train RMSE: 1.0750, Test RMSE: 1.0961
Epoch 26/300, Train RMSE: 1.0781, Test RMSE: 1.0920
Epoch 27/300, Train RMSE: 1.0717, Test RMSE: 1.0891
Epoch 28/300, Train RMSE: 1.0694, Test RMSE: 1.0842
Epoch 29/300, Train RMSE: 1.0711, Test RMSE: 1.0845
Epoch 30/300, Train RMSE: 1.0633, Test RMSE: 1.0797
Epoch 31/300, Train RMSE: 1.0637, Test RMSE: 1.0785
Epoch 32/300, Train RMSE: 1.0630, Test RMSE: 1.0748
Epoch 33/300, Train RMSE: 1.0557, Test RMSE: 1.0767
Epoch 34/300, Train RMSE: 1.0552, Test RMSE: 1.0699
Epoch 35/300, Train RMSE: 1.0484, Test RMSE: 1.0686
Epoch 36/300, Train RMSE: 1.0478, Test RMSE: 1.0641
Epoch 37/300, Train RMSE: 1.0393, Test RMSE: 1.0608
Epoch 38/300, Train RMSE: 1.0418, Test RMSE: 1.0583
Epoch 39/300, Train RMSE: 1.0538, Test RMSE: 1.0548
Epoch 40/300, Train RMSE: 1.0324, Test RMSE: 1.0541
Epoch 41/300, Train RMSE: 1.0375, Test RMSE: 1.0518
Epoch 42/300, Train RMSE: 1.0364, Test RMSE: 1.0510
Epoch 43/300, Train RMSE: 1.0266, Test RMSE: 1.0471
Epoch 44/300, Train RMSE: 1.0270, Test RMSE: 1.0451
Epoch 45/300, Train RMSE: 1.0234, Test RMSE: 1.0444
Epoch 46/300, Train RMSE: 1.0214, Test RMSE: 1.0367
Epoch 47/300, Train RMSE: 1.0208, Test RMSE: 1.0365
Epoch 48/300, Train RMSE: 1.0073, Test RMSE: 1.0327
Epoch 49/300, Train RMSE: 1.0181, Test RMSE: 1.0299
Epoch 50/300, Train RMSE: 1.0126, Test RMSE: 1.0284
Epoch 51/300, Train RMSE: 1.0071, Test RMSE: 1.0251
Epoch 52/300, Train RMSE: 1.0053, Test RMSE: 1.0224
Epoch 53/300, Train RMSE: 0.9983, Test RMSE: 1.0215
Epoch 54/300, Train RMSE: 0.9972, Test RMSE: 1.0151
Epoch 55/300, Train RMSE: 0.9988, Test RMSE: 1.0152
Epoch 56/300, Train RMSE: 0.9913, Test RMSE: 1.0101
Epoch 57/300, Train RMSE: 0.9897, Test RMSE: 1.0059
Epoch 58/300, Train RMSE: 0.9857, Test RMSE: 1.0052
Epoch 59/300, Train RMSE: 0.9810, Test RMSE: 0.9948
Epoch 60/300, Train RMSE: 0.9893, Test RMSE: 0.9923
Epoch 61/300, Train RMSE: 0.9743, Test RMSE: 0.9917
Epoch 62/300, Train RMSE: 0.9734, Test RMSE: 0.9868
Epoch 63/300, Train RMSE: 0.9700, Test RMSE: 0.9805
Epoch 64/300, Train RMSE: 0.9622, Test RMSE: 0.9744
Epoch 65/300, Train RMSE: 0.9588, Test RMSE: 0.9696
Epoch 66/300, Train RMSE: 0.9583, Test RMSE: 0.9680
Epoch 67/300, Train RMSE: 0.9594, Test RMSE: 0.9631
Epoch 68/300, Train RMSE: 0.9457, Test RMSE: 0.9585
Epoch 69/300, Train RMSE: 0.9490, Test RMSE: 0.9519
Epoch 70/300, Train RMSE: 0.9466, Test RMSE: 0.9486
Epoch 71/300, Train RMSE: 0.9319, Test RMSE: 0.9411
Epoch 72/300, Train RMSE: 0.9352, Test RMSE: 0.9381
Epoch 73/300, Train RMSE: 0.9182, Test RMSE: 0.9300
Epoch 74/300, Train RMSE: 0.9296, Test RMSE: 0.9308
Epoch 75/300, Train RMSE: 0.9150, Test RMSE: 0.9244
Epoch 76/300, Train RMSE: 0.9090, Test RMSE: 0.9183
Epoch 77/300, Train RMSE: 0.9042, Test RMSE: 0.9160
Epoch 78/300, Train RMSE: 0.9099, Test RMSE: 0.9081
Epoch 79/300, Train RMSE: 0.9020, Test RMSE: 0.9042
Epoch 80/300, Train RMSE: 0.9039, Test RMSE: 0.9109
Epoch 81/300, Train RMSE: 0.8910, Test RMSE: 0.8968
Epoch 82/300, Train RMSE: 0.8873, Test RMSE: 0.8886
Epoch 83/300, Train RMSE: 0.8814, Test RMSE: 0.8897
Epoch 84/300, Train RMSE: 0.8746, Test RMSE: 0.8840
Epoch 85/300, Train RMSE: 0.8790, Test RMSE: 0.8846
Epoch 86/300, Train RMSE: 0.8800, Test RMSE: 0.8797
Epoch 87/300, Train RMSE: 0.8735, Test RMSE: 0.8732
Epoch 88/300, Train RMSE: 0.8747, Test RMSE: 0.8795
Epoch 89/300, Train RMSE: 0.8560, Test RMSE: 0.8744
Epoch 90/300, Train RMSE: 0.8619, Test RMSE: 0.8549
Epoch 91/300, Train RMSE: 0.8583, Test RMSE: 0.8553
Epoch 92/300, Train RMSE: 0.8503, Test RMSE: 0.8507
Epoch 93/300, Train RMSE: 0.8585, Test RMSE: 0.8487
Epoch 94/300, Train RMSE: 0.8418, Test RMSE: 0.8540
Epoch 95/300, Train RMSE: 0.8419, Test RMSE: 0.8461
Epoch 96/300, Train RMSE: 0.8472, Test RMSE: 0.8349
Epoch 97/300, Train RMSE: 0.8341, Test RMSE: 0.8371
Epoch 98/300, Train RMSE: 0.8290, Test RMSE: 0.8255
Epoch 99/300, Train RMSE: 0.8413, Test RMSE: 0.8289
Epoch 100/300, Train RMSE: 0.8276, Test RMSE: 0.8171
Epoch 101/300, Train RMSE: 0.8397, Test RMSE: 0.8239
Epoch 102/300, Train RMSE: 0.8258, Test RMSE: 0.8163
Epoch 103/300, Train RMSE: 0.8100, Test RMSE: 0.8084
Epoch 104/300, Train RMSE: 0.8145, Test RMSE: 0.8090
Epoch 105/300, Train RMSE: 0.8188, Test RMSE: 0.8158
Epoch 106/300, Train RMSE: 0.8110, Test RMSE: 0.8090
Epoch 107/300, Train RMSE: 0.8021, Test RMSE: 0.7981
Epoch 108/300, Train RMSE: 0.7983, Test RMSE: 0.7913
Epoch 109/300, Train RMSE: 0.7980, Test RMSE: 0.7954
Epoch 110/300, Train RMSE: 0.8045, Test RMSE: 0.7966
Epoch 111/300, Train RMSE: 0.7917, Test RMSE: 0.7872
Epoch 112/300, Train RMSE: 0.8000, Test RMSE: 0.7889
Epoch 113/300, Train RMSE: 0.8025, Test RMSE: 0.7843
Epoch 114/300, Train RMSE: 0.7855, Test RMSE: 0.7788
Epoch 115/300, Train RMSE: 0.7914, Test RMSE: 0.7724
Epoch 116/300, Train RMSE: 0.7879, Test RMSE: 0.7802
Epoch 117/300, Train RMSE: 0.7873, Test RMSE: 0.7706
Epoch 118/300, Train RMSE: 0.7814, Test RMSE: 0.7721
Epoch 119/300, Train RMSE: 0.7769, Test RMSE: 0.7680
Epoch 120/300, Train RMSE: 0.7700, Test RMSE: 0.7733
Epoch 121/300, Train RMSE: 0.7738, Test RMSE: 0.7764
Epoch 122/300, Train RMSE: 0.7658, Test RMSE: 0.7618
Epoch 123/300, Train RMSE: 0.7644, Test RMSE: 0.7570
Epoch 124/300, Train RMSE: 0.7623, Test RMSE: 0.7532
Epoch 125/300, Train RMSE: 0.7589, Test RMSE: 0.7839
Epoch 126/300, Train RMSE: 0.7617, Test RMSE: 0.7538
Epoch 127/300, Train RMSE: 0.7414, Test RMSE: 0.7502
Epoch 128/300, Train RMSE: 0.7521, Test RMSE: 0.7526
Epoch 129/300, Train RMSE: 0.7578, Test RMSE: 0.7425
Epoch 130/300, Train RMSE: 0.7566, Test RMSE: 0.7391
Epoch 131/300, Train RMSE: 0.7391, Test RMSE: 0.7516
Epoch 132/300, Train RMSE: 0.7550, Test RMSE: 0.7414
Epoch 133/300, Train RMSE: 0.7558, Test RMSE: 0.7397
Epoch 134/300, Train RMSE: 0.7528, Test RMSE: 0.7442
Epoch 135/300, Train RMSE: 0.7474, Test RMSE: 0.7338
Epoch 136/300, Train RMSE: 0.7330, Test RMSE: 0.7414
Epoch 137/300, Train RMSE: 0.7371, Test RMSE: 0.7380
Epoch 138/300, Train RMSE: 0.7407, Test RMSE: 0.7386
Epoch 139/300, Train RMSE: 0.7436, Test RMSE: 0.7339
Epoch 140/300, Train RMSE: 0.7308, Test RMSE: 0.7413
Epoch 141/300, Train RMSE: 0.7261, Test RMSE: 0.7302
Epoch 142/300, Train RMSE: 0.7258, Test RMSE: 0.7285
Epoch 143/300, Train RMSE: 0.7297, Test RMSE: 0.7201
Epoch 144/300, Train RMSE: 0.7267, Test RMSE: 0.7401
Epoch 145/300, Train RMSE: 0.7212, Test RMSE: 0.7231
Epoch 146/300, Train RMSE: 0.7228, Test RMSE: 0.7136
Epoch 147/300, Train RMSE: 0.7163, Test RMSE: 0.7183
Epoch 148/300, Train RMSE: 0.7122, Test RMSE: 0.7122
Epoch 149/300, Train RMSE: 0.7184, Test RMSE: 0.7238
Epoch 150/300, Train RMSE: 0.7073, Test RMSE: 0.7108
Epoch 151/300, Train RMSE: 0.7153, Test RMSE: 0.7096
Epoch 152/300, Train RMSE: 0.7085, Test RMSE: 0.7235
Epoch 153/300, Train RMSE: 0.7152, Test RMSE: 0.7096
Epoch 154/300, Train RMSE: 0.7099, Test RMSE: 0.7099
Epoch 155/300, Train RMSE: 0.7088, Test RMSE: 0.7088
Epoch 156/300, Train RMSE: 0.6980, Test RMSE: 0.7108
Epoch 157/300, Train RMSE: 0.7072, Test RMSE: 0.7039/home/agbande-remote/sandeep/gnn/fc/gin/ginm/lippo/with_MAE_MSE/wo_early/batch_size_32/hd_figure/early_stop/testing/pyg_gin/final_pyg/try/4th/gin_final.py:206: FutureWarning: You are using `torch.load` with `weights_only=False` (the current default value), which uses the default pickle module implicitly. It is possible to construct malicious pickle data which will execute arbitrary code during unpickling (See https://github.com/pytorch/pytorch/blob/main/SECURITY.md#untrusted-models for more details). In a future release, the default value for `weights_only` will be flipped to `True`. This limits the functions that could be executed during unpickling. Arbitrary objects will no longer be allowed to be loaded via this mode unless they are explicitly allowlisted by the user via `torch.serialization.add_safe_globals`. We recommend you start setting `weights_only=True` for any use case where you don't have full control of the loaded file. Please open an issue on GitHub for any issues related to this experimental feature.
  model.load_state_dict(torch.load('models/best_model.pth'))

Epoch 158/300, Train RMSE: 0.6926, Test RMSE: 0.7078
Epoch 159/300, Train RMSE: 0.7019, Test RMSE: 0.7268
Epoch 160/300, Train RMSE: 0.6943, Test RMSE: 0.7017
Epoch 161/300, Train RMSE: 0.6885, Test RMSE: 0.7026
Epoch 162/300, Train RMSE: 0.7036, Test RMSE: 0.7040
Epoch 163/300, Train RMSE: 0.6954, Test RMSE: 0.7056
Epoch 164/300, Train RMSE: 0.6974, Test RMSE: 0.6998
Epoch 165/300, Train RMSE: 0.6926, Test RMSE: 0.7009
Epoch 166/300, Train RMSE: 0.6900, Test RMSE: 0.6955
Epoch 167/300, Train RMSE: 0.6855, Test RMSE: 0.7431
Epoch 168/300, Train RMSE: 0.6928, Test RMSE: 0.7006
Epoch 169/300, Train RMSE: 0.6869, Test RMSE: 0.6858
Epoch 170/300, Train RMSE: 0.6990, Test RMSE: 0.7002
Epoch 171/300, Train RMSE: 0.6841, Test RMSE: 0.7025
Epoch 172/300, Train RMSE: 0.6790, Test RMSE: 0.7021
Epoch 173/300, Train RMSE: 0.6799, Test RMSE: 0.6982
Epoch 174/300, Train RMSE: 0.6854, Test RMSE: 0.7014
Epoch 175/300, Train RMSE: 0.6860, Test RMSE: 0.7073
Epoch 176/300, Train RMSE: 0.6793, Test RMSE: 0.6829
Epoch 177/300, Train RMSE: 0.6863, Test RMSE: 0.6913
Epoch 178/300, Train RMSE: 0.6786, Test RMSE: 0.7205
Epoch 179/300, Train RMSE: 0.6753, Test RMSE: 0.6930
Epoch 180/300, Train RMSE: 0.6614, Test RMSE: 0.6918
Epoch 181/300, Train RMSE: 0.6790, Test RMSE: 0.7148
Epoch 182/300, Train RMSE: 0.6747, Test RMSE: 0.6834
Epoch 183/300, Train RMSE: 0.6679, Test RMSE: 0.6855
Epoch 184/300, Train RMSE: 0.6719, Test RMSE: 0.6763
Epoch 185/300, Train RMSE: 0.6662, Test RMSE: 0.7001
Epoch 186/300, Train RMSE: 0.6720, Test RMSE: 0.6845
Epoch 187/300, Train RMSE: 0.6766, Test RMSE: 0.6783
Epoch 188/300, Train RMSE: 0.6679, Test RMSE: 0.7047
Epoch 189/300, Train RMSE: 0.6760, Test RMSE: 0.6788
Epoch 190/300, Train RMSE: 0.6702, Test RMSE: 0.6860
Epoch 191/300, Train RMSE: 0.6697, Test RMSE: 0.6759
Epoch 192/300, Train RMSE: 0.6575, Test RMSE: 0.6783
Epoch 193/300, Train RMSE: 0.6604, Test RMSE: 0.6776
Epoch 194/300, Train RMSE: 0.6577, Test RMSE: 0.6766
Epoch 195/300, Train RMSE: 0.6576, Test RMSE: 0.6774
Epoch 196/300, Train RMSE: 0.6518, Test RMSE: 0.6964
Epoch 197/300, Train RMSE: 0.6545, Test RMSE: 0.6765
Epoch 198/300, Train RMSE: 0.6619, Test RMSE: 0.6674
Epoch 199/300, Train RMSE: 0.6579, Test RMSE: 0.6779
Epoch 200/300, Train RMSE: 0.6690, Test RMSE: 0.6733
Epoch 201/300, Train RMSE: 0.6525, Test RMSE: 0.6724
Epoch 202/300, Train RMSE: 0.6586, Test RMSE: 0.6737
Epoch 203/300, Train RMSE: 0.6429, Test RMSE: 0.6728
Epoch 204/300, Train RMSE: 0.6462, Test RMSE: 0.6685
Epoch 205/300, Train RMSE: 0.6513, Test RMSE: 0.6622
Epoch 206/300, Train RMSE: 0.6365, Test RMSE: 0.6658
Epoch 207/300, Train RMSE: 0.6423, Test RMSE: 0.6669
Epoch 208/300, Train RMSE: 0.6438, Test RMSE: 0.6791
Epoch 209/300, Train RMSE: 0.6437, Test RMSE: 0.6727
Epoch 210/300, Train RMSE: 0.6408, Test RMSE: 0.6740
Epoch 211/300, Train RMSE: 0.6318, Test RMSE: 0.7133
Epoch 212/300, Train RMSE: 0.6412, Test RMSE: 0.6668
Epoch 213/300, Train RMSE: 0.6406, Test RMSE: 0.6662
Epoch 214/300, Train RMSE: 0.6465, Test RMSE: 0.6650
Epoch 215/300, Train RMSE: 0.6390, Test RMSE: 0.7084
Epoch 216/300, Train RMSE: 0.6413, Test RMSE: 0.6695
Epoch 217/300, Train RMSE: 0.6315, Test RMSE: 0.6551
Epoch 218/300, Train RMSE: 0.6290, Test RMSE: 0.6696
Epoch 219/300, Train RMSE: 0.6187, Test RMSE: 0.6614
Epoch 220/300, Train RMSE: 0.6317, Test RMSE: 0.6593
Epoch 221/300, Train RMSE: 0.6484, Test RMSE: 0.6702
Epoch 222/300, Train RMSE: 0.6412, Test RMSE: 0.6767
Epoch 223/300, Train RMSE: 0.6318, Test RMSE: 0.6659
Epoch 224/300, Train RMSE: 0.6173, Test RMSE: 0.6574
Epoch 225/300, Train RMSE: 0.6174, Test RMSE: 0.6759
Epoch 226/300, Train RMSE: 0.6230, Test RMSE: 0.6533
Epoch 227/300, Train RMSE: 0.6283, Test RMSE: 0.6578
Epoch 228/300, Train RMSE: 0.6301, Test RMSE: 0.6640
Epoch 229/300, Train RMSE: 0.6318, Test RMSE: 0.6749
Epoch 230/300, Train RMSE: 0.6242, Test RMSE: 0.6739
Epoch 231/300, Train RMSE: 0.6226, Test RMSE: 0.6629
Epoch 232/300, Train RMSE: 0.6132, Test RMSE: 0.6599
Epoch 233/300, Train RMSE: 0.6220, Test RMSE: 0.6637
Epoch 234/300, Train RMSE: 0.6272, Test RMSE: 0.6597
Epoch 235/300, Train RMSE: 0.6221, Test RMSE: 0.6704
Epoch 236/300, Train RMSE: 0.6203, Test RMSE: 0.6663
Epoch 237/300, Train RMSE: 0.6226, Test RMSE: 0.6655
Epoch 238/300, Train RMSE: 0.6162, Test RMSE: 0.6616
Epoch 239/300, Train RMSE: 0.6202, Test RMSE: 0.6547
Epoch 240/300, Train RMSE: 0.6170, Test RMSE: 0.6503
Epoch 241/300, Train RMSE: 0.6187, Test RMSE: 0.6640
Epoch 242/300, Train RMSE: 0.6204, Test RMSE: 0.6503
Epoch 243/300, Train RMSE: 0.6206, Test RMSE: 0.6560
Epoch 244/300, Train RMSE: 0.6136, Test RMSE: 0.6569
Epoch 245/300, Train RMSE: 0.6170, Test RMSE: 0.6477
Epoch 246/300, Train RMSE: 0.6061, Test RMSE: 0.6648
Epoch 247/300, Train RMSE: 0.6244, Test RMSE: 0.6509
Epoch 248/300, Train RMSE: 0.6133, Test RMSE: 0.6550
Epoch 249/300, Train RMSE: 0.6114, Test RMSE: 0.6512
Epoch 250/300, Train RMSE: 0.6123, Test RMSE: 0.6538
Epoch 251/300, Train RMSE: 0.6136, Test RMSE: 0.6556
Epoch 252/300, Train RMSE: 0.6096, Test RMSE: 0.6647
Epoch 253/300, Train RMSE: 0.6031, Test RMSE: 0.6556
Epoch 254/300, Train RMSE: 0.6080, Test RMSE: 0.6640
Epoch 255/300, Train RMSE: 0.6149, Test RMSE: 0.6514
Epoch 256/300, Train RMSE: 0.6131, Test RMSE: 0.6518
Epoch 257/300, Train RMSE: 0.6040, Test RMSE: 0.6552
Epoch 258/300, Train RMSE: 0.6176, Test RMSE: 0.6608
Epoch 259/300, Train RMSE: 0.6130, Test RMSE: 0.6533
Epoch 260/300, Train RMSE: 0.6113, Test RMSE: 0.6673
Epoch 261/300, Train RMSE: 0.6076, Test RMSE: 0.6446
Epoch 262/300, Train RMSE: 0.6120, Test RMSE: 0.6581
Epoch 263/300, Train RMSE: 0.6156, Test RMSE: 0.6509
Epoch 264/300, Train RMSE: 0.5907, Test RMSE: 0.6633
Epoch 265/300, Train RMSE: 0.5977, Test RMSE: 0.6489
Epoch 266/300, Train RMSE: 0.6028, Test RMSE: 0.6430
Epoch 267/300, Train RMSE: 0.5942, Test RMSE: 0.6524
Epoch 268/300, Train RMSE: 0.6022, Test RMSE: 0.6603
Epoch 269/300, Train RMSE: 0.5925, Test RMSE: 0.6444
Epoch 270/300, Train RMSE: 0.6134, Test RMSE: 0.6460
Epoch 271/300, Train RMSE: 0.5927, Test RMSE: 0.6415
Epoch 272/300, Train RMSE: 0.6003, Test RMSE: 0.6704
Epoch 273/300, Train RMSE: 0.5863, Test RMSE: 0.6420
Epoch 274/300, Train RMSE: 0.6050, Test RMSE: 0.6544
Epoch 275/300, Train RMSE: 0.5966, Test RMSE: 0.6579
Epoch 276/300, Train RMSE: 0.6000, Test RMSE: 0.6432
Epoch 277/300, Train RMSE: 0.6045, Test RMSE: 0.6455
Epoch 278/300, Train RMSE: 0.5934, Test RMSE: 0.6636
Epoch 279/300, Train RMSE: 0.5846, Test RMSE: 0.6480
Epoch 280/300, Train RMSE: 0.5961, Test RMSE: 0.6493
Epoch 281/300, Train RMSE: 0.5946, Test RMSE: 0.6459
Epoch 282/300, Train RMSE: 0.5913, Test RMSE: 0.6530
Epoch 283/300, Train RMSE: 0.5952, Test RMSE: 0.6449
Epoch 284/300, Train RMSE: 0.5972, Test RMSE: 0.6347
Epoch 285/300, Train RMSE: 0.5867, Test RMSE: 0.6705
Epoch 286/300, Train RMSE: 0.5948, Test RMSE: 0.6377
Epoch 287/300, Train RMSE: 0.5813, Test RMSE: 0.6417
Epoch 288/300, Train RMSE: 0.5809, Test RMSE: 0.6384
Epoch 289/300, Train RMSE: 0.5855, Test RMSE: 0.6399
Epoch 290/300, Train RMSE: 0.5920, Test RMSE: 0.6470
Epoch 291/300, Train RMSE: 0.5933, Test RMSE: 0.6399
Epoch 292/300, Train RMSE: 0.5787, Test RMSE: 0.6461
Epoch 293/300, Train RMSE: 0.5892, Test RMSE: 0.6641
Epoch 294/300, Train RMSE: 0.5882, Test RMSE: 0.6407
Epoch 295/300, Train RMSE: 0.5773, Test RMSE: 0.6518
Epoch 296/300, Train RMSE: 0.5860, Test RMSE: 0.6407
Epoch 297/300, Train RMSE: 0.5826, Test RMSE: 0.6423
Epoch 298/300, Train RMSE: 0.5804, Test RMSE: 0.6477
Epoch 299/300, Train RMSE: 0.5859, Test RMSE: 0.6395
Epoch 300/300, Train RMSE: 0.5794, Test RMSE: 0.6414

📘 Final Performance Metrics
----------------------------------------
Train MAE   : 0.3754
Test  MAE   : 0.4802
Train MSE   : 0.2415
Test  MSE   : 0.4029
Train RMSE  : 0.4914
Test  RMSE  : 0.6347
Train R²    : 0.8293
Test  R²    : 0.7398
----------------------------------------
Execution time: 2.36 minutes
