Processing...
Done!
Epoch 1/300, Train RMSE: 1.2581, Test RMSE: 1.2100
Epoch 2/300, Train RMSE: 1.1991, Test RMSE: 1.1918
Epoch 3/300, Train RMSE: 1.1924, Test RMSE: 1.1874
Epoch 4/300, Train RMSE: 1.1966, Test RMSE: 1.1873
Epoch 5/300, Train RMSE: 1.1881, Test RMSE: 1.1986
Epoch 6/300, Train RMSE: 1.1831, Test RMSE: 1.1899
Epoch 7/300, Train RMSE: 1.1795, Test RMSE: 1.1901
Epoch 8/300, Train RMSE: 1.1765, Test RMSE: 1.1769
Epoch 9/300, Train RMSE: 1.1729, Test RMSE: 1.1882
Epoch 10/300, Train RMSE: 1.1742, Test RMSE: 1.1838
Epoch 11/300, Train RMSE: 1.1705, Test RMSE: 1.1778
Epoch 12/300, Train RMSE: 1.1640, Test RMSE: 1.1743
Epoch 13/300, Train RMSE: 1.1560, Test RMSE: 1.1558
Epoch 14/300, Train RMSE: 1.1458, Test RMSE: 1.1557
Epoch 15/300, Train RMSE: 1.1438, Test RMSE: 1.2197
Epoch 16/300, Train RMSE: 1.1304, Test RMSE: 1.1433
Epoch 17/300, Train RMSE: 1.1377, Test RMSE: 1.1396
Epoch 18/300, Train RMSE: 1.1155, Test RMSE: 1.1706
Epoch 19/300, Train RMSE: 1.1125, Test RMSE: 1.1381
Epoch 20/300, Train RMSE: 1.1025, Test RMSE: 1.1311
Epoch 21/300, Train RMSE: 1.1027, Test RMSE: 1.1341
Epoch 22/300, Train RMSE: 1.0887, Test RMSE: 1.1312
Epoch 23/300, Train RMSE: 1.0958, Test RMSE: 1.1259
Epoch 24/300, Train RMSE: 1.0873, Test RMSE: 1.1156
Epoch 25/300, Train RMSE: 1.0864, Test RMSE: 1.1123
Epoch 26/300, Train RMSE: 1.0906, Test RMSE: 1.1482
Epoch 27/300, Train RMSE: 1.0785, Test RMSE: 1.1025
Epoch 28/300, Train RMSE: 1.0764, Test RMSE: 1.1001
Epoch 29/300, Train RMSE: 1.0553, Test RMSE: 1.0935
Epoch 30/300, Train RMSE: 1.0650, Test RMSE: 1.1085
Epoch 31/300, Train RMSE: 1.0754, Test RMSE: 1.1053
Epoch 32/300, Train RMSE: 1.0585, Test RMSE: 1.1095
Epoch 33/300, Train RMSE: 1.0595, Test RMSE: 1.0905
Epoch 34/300, Train RMSE: 1.0516, Test RMSE: 1.0891
Epoch 35/300, Train RMSE: 1.0394, Test RMSE: 1.0733
Epoch 36/300, Train RMSE: 1.0382, Test RMSE: 1.1412
Epoch 37/300, Train RMSE: 1.0679, Test RMSE: 1.0710
Epoch 38/300, Train RMSE: 1.0462, Test RMSE: 1.0692
Epoch 39/300, Train RMSE: 1.0390, Test RMSE: 1.0679
Epoch 40/300, Train RMSE: 1.0344, Test RMSE: 1.0614
Epoch 41/300, Train RMSE: 1.0285, Test RMSE: 1.0562
Epoch 42/300, Train RMSE: 1.0251, Test RMSE: 1.0628
Epoch 43/300, Train RMSE: 1.0227, Test RMSE: 1.0550
Epoch 44/300, Train RMSE: 1.0296, Test RMSE: 1.0456
Epoch 45/300, Train RMSE: 1.0116, Test RMSE: 1.0833
Epoch 46/300, Train RMSE: 1.0256, Test RMSE: 1.0621
Epoch 47/300, Train RMSE: 1.0074, Test RMSE: 1.0340
Epoch 48/300, Train RMSE: 1.0114, Test RMSE: 1.0279
Epoch 49/300, Train RMSE: 1.0080, Test RMSE: 1.0506
Epoch 50/300, Train RMSE: 0.9958, Test RMSE: 1.0270
Epoch 51/300, Train RMSE: 1.0034, Test RMSE: 1.0188
Epoch 52/300, Train RMSE: 0.9873, Test RMSE: 1.0085
Epoch 53/300, Train RMSE: 0.9958, Test RMSE: 1.0082
Epoch 54/300, Train RMSE: 0.9978, Test RMSE: 1.0261
Epoch 55/300, Train RMSE: 0.9701, Test RMSE: 0.9947
Epoch 56/300, Train RMSE: 0.9695, Test RMSE: 0.9923
Epoch 57/300, Train RMSE: 0.9775, Test RMSE: 0.9880
Epoch 58/300, Train RMSE: 0.9634, Test RMSE: 0.9844
Epoch 59/300, Train RMSE: 0.9482, Test RMSE: 0.9748
Epoch 60/300, Train RMSE: 0.9569, Test RMSE: 0.9779
Epoch 61/300, Train RMSE: 0.9539, Test RMSE: 0.9723
Epoch 62/300, Train RMSE: 0.9488, Test RMSE: 0.9609
Epoch 63/300, Train RMSE: 0.9465, Test RMSE: 0.9563
Epoch 64/300, Train RMSE: 0.9524, Test RMSE: 0.9616
Epoch 65/300, Train RMSE: 0.9285, Test RMSE: 0.9469
Epoch 66/300, Train RMSE: 0.9294, Test RMSE: 0.9526
Epoch 67/300, Train RMSE: 0.9236, Test RMSE: 0.9341
Epoch 68/300, Train RMSE: 0.9192, Test RMSE: 0.9361
Epoch 69/300, Train RMSE: 0.9117, Test RMSE: 0.9480
Epoch 70/300, Train RMSE: 0.9137, Test RMSE: 0.9336
Epoch 71/300, Train RMSE: 0.9148, Test RMSE: 0.9331
Epoch 72/300, Train RMSE: 0.9102, Test RMSE: 0.9346
Epoch 73/300, Train RMSE: 0.9056, Test RMSE: 0.9162
Epoch 74/300, Train RMSE: 0.9142, Test RMSE: 0.9560
Epoch 75/300, Train RMSE: 0.9051, Test RMSE: 0.9195
Epoch 76/300, Train RMSE: 0.8805, Test RMSE: 0.9057
Epoch 77/300, Train RMSE: 0.8818, Test RMSE: 0.9382
Epoch 78/300, Train RMSE: 0.8918, Test RMSE: 0.9113
Epoch 79/300, Train RMSE: 0.8764, Test RMSE: 0.9021
Epoch 80/300, Train RMSE: 0.8894, Test RMSE: 0.9287
Epoch 81/300, Train RMSE: 0.8688, Test RMSE: 0.9066
Epoch 82/300, Train RMSE: 0.8688, Test RMSE: 0.8867
Epoch 83/300, Train RMSE: 0.8689, Test RMSE: 0.9219
Epoch 84/300, Train RMSE: 0.8686, Test RMSE: 0.8859
Epoch 85/300, Train RMSE: 0.8605, Test RMSE: 0.8874
Epoch 86/300, Train RMSE: 0.8622, Test RMSE: 0.8888
Epoch 87/300, Train RMSE: 0.8432, Test RMSE: 0.8799
Epoch 88/300, Train RMSE: 0.8711, Test RMSE: 0.8817
Epoch 89/300, Train RMSE: 0.8676, Test RMSE: 0.8999
Epoch 90/300, Train RMSE: 0.8490, Test RMSE: 0.8698
Epoch 91/300, Train RMSE: 0.8442, Test RMSE: 0.8871
Epoch 92/300, Train RMSE: 0.8338, Test RMSE: 0.8823
Epoch 93/300, Train RMSE: 0.8460, Test RMSE: 0.8686
Epoch 94/300, Train RMSE: 0.8328, Test RMSE: 0.8886
Epoch 95/300, Train RMSE: 0.8337, Test RMSE: 0.8823
Epoch 96/300, Train RMSE: 0.8459, Test RMSE: 0.8716
Epoch 97/300, Train RMSE: 0.8291, Test RMSE: 0.8831
Epoch 98/300, Train RMSE: 0.8377, Test RMSE: 0.8697
Epoch 99/300, Train RMSE: 0.8454, Test RMSE: 0.8767
Epoch 100/300, Train RMSE: 0.8257, Test RMSE: 0.8749
Epoch 101/300, Train RMSE: 0.8257, Test RMSE: 0.8550
Epoch 102/300, Train RMSE: 0.8264, Test RMSE: 0.8629
Epoch 103/300, Train RMSE: 0.8301, Test RMSE: 0.8641
Epoch 104/300, Train RMSE: 0.8220, Test RMSE: 0.8828
Epoch 105/300, Train RMSE: 0.8233, Test RMSE: 0.8564
Epoch 106/300, Train RMSE: 0.8086, Test RMSE: 0.8855
Epoch 107/300, Train RMSE: 0.8095, Test RMSE: 0.8723
Epoch 108/300, Train RMSE: 0.8255, Test RMSE: 0.8464
Epoch 109/300, Train RMSE: 0.8146, Test RMSE: 0.8720
Epoch 110/300, Train RMSE: 0.8125, Test RMSE: 0.8523
Epoch 111/300, Train RMSE: 0.8073, Test RMSE: 0.8446
Epoch 112/300, Train RMSE: 0.7961, Test RMSE: 0.8472
Epoch 113/300, Train RMSE: 0.7946, Test RMSE: 0.8392
Epoch 114/300, Train RMSE: 0.8021, Test RMSE: 0.8429
Epoch 115/300, Train RMSE: 0.7955, Test RMSE: 0.8502
Epoch 116/300, Train RMSE: 0.8223, Test RMSE: 0.8504
Epoch 117/300, Train RMSE: 0.7993, Test RMSE: 0.8540
Epoch 118/300, Train RMSE: 0.8029, Test RMSE: 0.8365
Epoch 119/300, Train RMSE: 0.7940, Test RMSE: 0.8358
Epoch 120/300, Train RMSE: 0.7957, Test RMSE: 0.8496
Epoch 121/300, Train RMSE: 0.8039, Test RMSE: 0.8410
Epoch 122/300, Train RMSE: 0.7908, Test RMSE: 0.8269
Epoch 123/300, Train RMSE: 0.7890, Test RMSE: 0.8535
Epoch 124/300, Train RMSE: 0.7925, Test RMSE: 0.8216
Epoch 125/300, Train RMSE: 0.7930, Test RMSE: 0.8177
Epoch 126/300, Train RMSE: 0.7869, Test RMSE: 0.8179
Epoch 127/300, Train RMSE: 0.7810, Test RMSE: 0.8369
Epoch 128/300, Train RMSE: 0.7882, Test RMSE: 0.8271
Epoch 129/300, Train RMSE: 0.7812, Test RMSE: 0.8451
Epoch 130/300, Train RMSE: 0.7736, Test RMSE: 0.8188
Epoch 131/300, Train RMSE: 0.7641, Test RMSE: 0.8149
Epoch 132/300, Train RMSE: 0.7677, Test RMSE: 0.8444
Epoch 133/300, Train RMSE: 0.7861, Test RMSE: 0.8206
Epoch 134/300, Train RMSE: 0.7732, Test RMSE: 0.8095
Epoch 135/300, Train RMSE: 0.7619, Test RMSE: 0.8501
Epoch 136/300, Train RMSE: 0.7669, Test RMSE: 0.8248
Epoch 137/300, Train RMSE: 0.7682, Test RMSE: 0.8247
Epoch 138/300, Train RMSE: 0.7800, Test RMSE: 0.8094
Epoch 139/300, Train RMSE: 0.7606, Test RMSE: 0.8169
Epoch 140/300, Train RMSE: 0.7690, Test RMSE: 0.8442
Epoch 141/300, Train RMSE: 0.7706, Test RMSE: 0.8052
Epoch 142/300, Train RMSE: 0.7598, Test RMSE: 0.8117
Epoch 143/300, Train RMSE: 0.7645, Test RMSE: 0.8004
Epoch 144/300, Train RMSE: 0.7540, Test RMSE: 0.8022
Epoch 145/300, Train RMSE: 0.7649, Test RMSE: 0.8060
Epoch 146/300, Train RMSE: 0.7655, Test RMSE: 0.8358
Epoch 147/300, Train RMSE: 0.7552, Test RMSE: 0.8077
Epoch 148/300, Train RMSE: 0.7626, Test RMSE: 0.8029
Epoch 149/300, Train RMSE: 0.7539, Test RMSE: 0.8329
Epoch 150/300, Train RMSE: 0.7591, Test RMSE: 0.7945
Epoch 151/300, Train RMSE: 0.7490, Test RMSE: 0.7884
Epoch 152/300, Train RMSE: 0.7414, Test RMSE: 0.7915
Epoch 153/300, Train RMSE: 0.7517, Test RMSE: 0.8136
Epoch 154/300, Train RMSE: 0.7552, Test RMSE: 0.8077
Epoch 155/300, Train RMSE: 0.7631, Test RMSE: 0.8119
Epoch 156/300, Train RMSE: 0.7383, Test RMSE: 0.7836
Epoch 157/300, Train RMSE: 0.7471, Test RMSE: 0.7882/home/agbande-remote/sandeep/logP_final_regress/gsage/full_42K_data/gs.py:212: FutureWarning: You are using `torch.load` with `weights_only=False` (the current default value), which uses the default pickle module implicitly. It is possible to construct malicious pickle data which will execute arbitrary code during unpickling (See https://github.com/pytorch/pytorch/blob/main/SECURITY.md#untrusted-models for more details). In a future release, the default value for `weights_only` will be flipped to `True`. This limits the functions that could be executed during unpickling. Arbitrary objects will no longer be allowed to be loaded via this mode unless they are explicitly allowlisted by the user via `torch.serialization.add_safe_globals`. We recommend you start setting `weights_only=True` for any use case where you don't have full control of the loaded file. Please open an issue on GitHub for any issues related to this experimental feature.
  model.load_state_dict(torch.load('models/best_model.pth'))

Epoch 158/300, Train RMSE: 0.7410, Test RMSE: 0.7965
Epoch 159/300, Train RMSE: 0.7316, Test RMSE: 0.7805
Epoch 160/300, Train RMSE: 0.7471, Test RMSE: 0.7922
Epoch 161/300, Train RMSE: 0.7351, Test RMSE: 0.7974
Epoch 162/300, Train RMSE: 0.7539, Test RMSE: 0.7939
Epoch 163/300, Train RMSE: 0.7448, Test RMSE: 0.7877
Epoch 164/300, Train RMSE: 0.7476, Test RMSE: 0.8030
Epoch 165/300, Train RMSE: 0.7408, Test RMSE: 0.8626
Epoch 166/300, Train RMSE: 0.7446, Test RMSE: 0.7946
Epoch 167/300, Train RMSE: 0.7428, Test RMSE: 0.7749
Epoch 168/300, Train RMSE: 0.7326, Test RMSE: 0.7918
Epoch 169/300, Train RMSE: 0.7361, Test RMSE: 0.8704
Epoch 170/300, Train RMSE: 0.7260, Test RMSE: 0.8030
Epoch 171/300, Train RMSE: 0.7348, Test RMSE: 0.8380
Epoch 172/300, Train RMSE: 0.7311, Test RMSE: 0.8487
Epoch 173/300, Train RMSE: 0.7293, Test RMSE: 0.8161
Epoch 174/300, Train RMSE: 0.7259, Test RMSE: 0.7829
Epoch 175/300, Train RMSE: 0.7398, Test RMSE: 0.7713
Epoch 176/300, Train RMSE: 0.7276, Test RMSE: 0.8132
Epoch 177/300, Train RMSE: 0.7391, Test RMSE: 0.8172
Epoch 178/300, Train RMSE: 0.7291, Test RMSE: 0.7713
Epoch 179/300, Train RMSE: 0.7348, Test RMSE: 0.7768
Epoch 180/300, Train RMSE: 0.7309, Test RMSE: 0.7735
Epoch 181/300, Train RMSE: 0.7229, Test RMSE: 0.7779
Epoch 182/300, Train RMSE: 0.7231, Test RMSE: 0.7729
Epoch 183/300, Train RMSE: 0.7265, Test RMSE: 0.7822
Epoch 184/300, Train RMSE: 0.7263, Test RMSE: 0.7887
Epoch 185/300, Train RMSE: 0.7228, Test RMSE: 0.7827
Epoch 186/300, Train RMSE: 0.7154, Test RMSE: 0.7791
Epoch 187/300, Train RMSE: 0.7258, Test RMSE: 0.7816
Epoch 188/300, Train RMSE: 0.7052, Test RMSE: 0.7928
Epoch 189/300, Train RMSE: 0.7286, Test RMSE: 0.7751
Epoch 190/300, Train RMSE: 0.7161, Test RMSE: 0.7745
Epoch 191/300, Train RMSE: 0.7165, Test RMSE: 0.7752
Epoch 192/300, Train RMSE: 0.7047, Test RMSE: 0.7539
Epoch 193/300, Train RMSE: 0.7248, Test RMSE: 0.7807
Epoch 194/300, Train RMSE: 0.7113, Test RMSE: 0.7838
Epoch 195/300, Train RMSE: 0.7329, Test RMSE: 0.7904
Epoch 196/300, Train RMSE: 0.7191, Test RMSE: 0.7629
Epoch 197/300, Train RMSE: 0.7050, Test RMSE: 0.7644
Epoch 198/300, Train RMSE: 0.7023, Test RMSE: 0.7818
Epoch 199/300, Train RMSE: 0.7019, Test RMSE: 0.7663
Epoch 200/300, Train RMSE: 0.7029, Test RMSE: 0.7911
Epoch 201/300, Train RMSE: 0.7184, Test RMSE: 0.7738
Epoch 202/300, Train RMSE: 0.7140, Test RMSE: 0.7862
Epoch 203/300, Train RMSE: 0.7200, Test RMSE: 0.7734
Epoch 204/300, Train RMSE: 0.6945, Test RMSE: 0.7685
Epoch 205/300, Train RMSE: 0.6982, Test RMSE: 0.7584
Epoch 206/300, Train RMSE: 0.7178, Test RMSE: 0.8210
Epoch 207/300, Train RMSE: 0.7058, Test RMSE: 0.7622
Epoch 208/300, Train RMSE: 0.6988, Test RMSE: 0.7794
Epoch 209/300, Train RMSE: 0.6980, Test RMSE: 0.8043
Epoch 210/300, Train RMSE: 0.6986, Test RMSE: 0.7717
Epoch 211/300, Train RMSE: 0.6996, Test RMSE: 0.7884
Epoch 212/300, Train RMSE: 0.6969, Test RMSE: 0.7502
Epoch 213/300, Train RMSE: 0.6974, Test RMSE: 0.8096
Epoch 214/300, Train RMSE: 0.6955, Test RMSE: 0.7514
Epoch 215/300, Train RMSE: 0.6925, Test RMSE: 0.7486
Epoch 216/300, Train RMSE: 0.6990, Test RMSE: 0.7464
Epoch 217/300, Train RMSE: 0.6895, Test RMSE: 0.7465
Epoch 218/300, Train RMSE: 0.6937, Test RMSE: 0.7418
Epoch 219/300, Train RMSE: 0.6885, Test RMSE: 0.7484
Epoch 220/300, Train RMSE: 0.6874, Test RMSE: 0.7375
Epoch 221/300, Train RMSE: 0.6917, Test RMSE: 0.7549
Epoch 222/300, Train RMSE: 0.6928, Test RMSE: 0.7443
Epoch 223/300, Train RMSE: 0.6936, Test RMSE: 0.7447
Epoch 224/300, Train RMSE: 0.6839, Test RMSE: 0.7591
Epoch 225/300, Train RMSE: 0.6873, Test RMSE: 0.7454
Epoch 226/300, Train RMSE: 0.6937, Test RMSE: 0.7364
Epoch 227/300, Train RMSE: 0.6876, Test RMSE: 0.7437
Epoch 228/300, Train RMSE: 0.6822, Test RMSE: 0.7698
Epoch 229/300, Train RMSE: 0.6881, Test RMSE: 0.8055
Epoch 230/300, Train RMSE: 0.6833, Test RMSE: 0.7312
Epoch 231/300, Train RMSE: 0.6693, Test RMSE: 0.7429
Epoch 232/300, Train RMSE: 0.6979, Test RMSE: 0.7409
Epoch 233/300, Train RMSE: 0.6733, Test RMSE: 0.7302
Epoch 234/300, Train RMSE: 0.6756, Test RMSE: 0.7916
Epoch 235/300, Train RMSE: 0.6829, Test RMSE: 0.7456
Epoch 236/300, Train RMSE: 0.6769, Test RMSE: 0.7677
Epoch 237/300, Train RMSE: 0.6881, Test RMSE: 0.7513
Epoch 238/300, Train RMSE: 0.6739, Test RMSE: 0.7257
Epoch 239/300, Train RMSE: 0.6776, Test RMSE: 0.7238
Epoch 240/300, Train RMSE: 0.6742, Test RMSE: 0.7730
Epoch 241/300, Train RMSE: 0.6838, Test RMSE: 0.7176
Epoch 242/300, Train RMSE: 0.6875, Test RMSE: 0.7570
Epoch 243/300, Train RMSE: 0.6654, Test RMSE: 0.7460
Epoch 244/300, Train RMSE: 0.6703, Test RMSE: 0.7377
Epoch 245/300, Train RMSE: 0.6690, Test RMSE: 0.7213
Epoch 246/300, Train RMSE: 0.6724, Test RMSE: 0.7422
Epoch 247/300, Train RMSE: 0.6752, Test RMSE: 0.7240
Epoch 248/300, Train RMSE: 0.6694, Test RMSE: 0.7608
Epoch 249/300, Train RMSE: 0.6574, Test RMSE: 0.7418
Epoch 250/300, Train RMSE: 0.6743, Test RMSE: 0.7366
Epoch 251/300, Train RMSE: 0.6574, Test RMSE: 0.7449
Epoch 252/300, Train RMSE: 0.6713, Test RMSE: 0.7472
Epoch 253/300, Train RMSE: 0.6786, Test RMSE: 0.7456
Epoch 254/300, Train RMSE: 0.6673, Test RMSE: 0.7254
Epoch 255/300, Train RMSE: 0.6645, Test RMSE: 0.7310
Epoch 256/300, Train RMSE: 0.6700, Test RMSE: 0.7480
Epoch 257/300, Train RMSE: 0.6587, Test RMSE: 0.7546
Epoch 258/300, Train RMSE: 0.6597, Test RMSE: 0.7405
Epoch 259/300, Train RMSE: 0.6638, Test RMSE: 0.7351
Epoch 260/300, Train RMSE: 0.6680, Test RMSE: 0.7864
Epoch 261/300, Train RMSE: 0.6715, Test RMSE: 0.7362
Early stopping triggered.

📘 Final Performance Metrics
----------------------------------------
Train MAE   : 0.4616
Test  MAE   : 0.5421
Train MSE   : 0.3572
Test  MSE   : 0.5150
Train RMSE  : 0.5976
Test  RMSE  : 0.7176
Train R²    : 0.7522
Test  R²    : 0.6495
----------------------------------------
Execution time: 2.19 minutes
