Processing...
Done!
Binary class counts: Counter({0: 2104, 1: 2088})
Epoch 1/300, Train Acc: 0.5037, Test Acc: 0.5411
Epoch 2/300, Train Acc: 0.5082, Test Acc: 0.5364
Epoch 3/300, Train Acc: 0.5180, Test Acc: 0.5042
Epoch 4/300, Train Acc: 0.5365, Test Acc: 0.5066
Epoch 5/300, Train Acc: 0.5261, Test Acc: 0.5066
Epoch 6/300, Train Acc: 0.5336, Test Acc: 0.5375
Epoch 7/300, Train Acc: 0.5413, Test Acc: 0.5733
Epoch 8/300, Train Acc: 0.5461, Test Acc: 0.5375
Epoch 9/300, Train Acc: 0.5664, Test Acc: 0.5602
Epoch 10/300, Train Acc: 0.5768, Test Acc: 0.5364
Epoch 11/300, Train Acc: 0.5693, Test Acc: 0.5769
Epoch 12/300, Train Acc: 0.5798, Test Acc: 0.6031
Epoch 13/300, Train Acc: 0.5953, Test Acc: 0.5542
Epoch 14/300, Train Acc: 0.5857, Test Acc: 0.5685
Epoch 15/300, Train Acc: 0.5950, Test Acc: 0.5864
Epoch 16/300, Train Acc: 0.6018, Test Acc: 0.6412
Epoch 17/300, Train Acc: 0.5992, Test Acc: 0.6400
Epoch 18/300, Train Acc: 0.6081, Test Acc: 0.5769
Epoch 19/300, Train Acc: 0.6096, Test Acc: 0.6389
Epoch 20/300, Train Acc: 0.6132, Test Acc: 0.6293
Epoch 21/300, Train Acc: 0.6212, Test Acc: 0.6019
Epoch 22/300, Train Acc: 0.6141, Test Acc: 0.6627
Epoch 23/300, Train Acc: 0.6356, Test Acc: 0.6472
Epoch 24/300, Train Acc: 0.6293, Test Acc: 0.6544
Epoch 25/300, Train Acc: 0.6317, Test Acc: 0.6400
Epoch 26/300, Train Acc: 0.6323, Test Acc: 0.6472
Epoch 27/300, Train Acc: 0.6430, Test Acc: 0.6389
Epoch 28/300, Train Acc: 0.6367, Test Acc: 0.6567
Epoch 29/300, Train Acc: 0.6373, Test Acc: 0.6675
Epoch 30/300, Train Acc: 0.6424, Test Acc: 0.6627
Epoch 31/300, Train Acc: 0.6546, Test Acc: 0.6722
Epoch 32/300, Train Acc: 0.6415, Test Acc: 0.6591
Epoch 33/300, Train Acc: 0.6537, Test Acc: 0.6615
Epoch 34/300, Train Acc: 0.6525, Test Acc: 0.6746
Epoch 35/300, Train Acc: 0.6579, Test Acc: 0.6770
Epoch 36/300, Train Acc: 0.6588, Test Acc: 0.6687
Epoch 37/300, Train Acc: 0.6612, Test Acc: 0.6544
Epoch 38/300, Train Acc: 0.6737, Test Acc: 0.6770
Epoch 39/300, Train Acc: 0.6725, Test Acc: 0.6996
Epoch 40/300, Train Acc: 0.6815, Test Acc: 0.6746
Epoch 41/300, Train Acc: 0.6687, Test Acc: 0.6889
Epoch 42/300, Train Acc: 0.6746, Test Acc: 0.6818
Epoch 43/300, Train Acc: 0.6690, Test Acc: 0.6973
Epoch 44/300, Train Acc: 0.6830, Test Acc: 0.6925
Epoch 45/300, Train Acc: 0.6815, Test Acc: 0.6830
Epoch 46/300, Train Acc: 0.6880, Test Acc: 0.7032
Epoch 47/300, Train Acc: 0.6877, Test Acc: 0.6865
Epoch 48/300, Train Acc: 0.6824, Test Acc: 0.7032
Epoch 49/300, Train Acc: 0.7018, Test Acc: 0.7008
Epoch 50/300, Train Acc: 0.6997, Test Acc: 0.6830
Epoch 51/300, Train Acc: 0.7012, Test Acc: 0.7056
Epoch 52/300, Train Acc: 0.7050, Test Acc: 0.7092
Epoch 53/300, Train Acc: 0.7047, Test Acc: 0.7163
Epoch 54/300, Train Acc: 0.7035, Test Acc: 0.7259
Epoch 55/300, Train Acc: 0.7113, Test Acc: 0.7104
Epoch 56/300, Train Acc: 0.7053, Test Acc: 0.6985
Epoch 57/300, Train Acc: 0.7113, Test Acc: 0.7020
Epoch 58/300, Train Acc: 0.7047, Test Acc: 0.7235
Epoch 59/300, Train Acc: 0.7191, Test Acc: 0.7282
Epoch 60/300, Train Acc: 0.7182, Test Acc: 0.7116
Epoch 61/300, Train Acc: 0.7149, Test Acc: 0.7259
Epoch 62/300, Train Acc: 0.7286, Test Acc: 0.7342
Epoch 63/300, Train Acc: 0.7310, Test Acc: 0.7342
Epoch 64/300, Train Acc: 0.7271, Test Acc: 0.7163
Epoch 65/300, Train Acc: 0.7316, Test Acc: 0.7294
Epoch 66/300, Train Acc: 0.7343, Test Acc: 0.7318
Epoch 67/300, Train Acc: 0.7256, Test Acc: 0.7330
Epoch 68/300, Train Acc: 0.7340, Test Acc: 0.7342
Epoch 69/300, Train Acc: 0.7361, Test Acc: 0.7449
Epoch 70/300, Train Acc: 0.7402, Test Acc: 0.7497
Epoch 71/300, Train Acc: 0.7477, Test Acc: 0.7569
Epoch 72/300, Train Acc: 0.7381, Test Acc: 0.7616
Epoch 73/300, Train Acc: 0.7480, Test Acc: 0.7390
Epoch 74/300, Train Acc: 0.7441, Test Acc: 0.7128
Epoch 75/300, Train Acc: 0.7495, Test Acc: 0.7330
Epoch 76/300, Train Acc: 0.7489, Test Acc: 0.7437
Epoch 77/300, Train Acc: 0.7468, Test Acc: 0.7426
Epoch 78/300, Train Acc: 0.7510, Test Acc: 0.7378
Epoch 79/300, Train Acc: 0.7563, Test Acc: 0.7771
Epoch 80/300, Train Acc: 0.7534, Test Acc: 0.7783
Epoch 81/300, Train Acc: 0.7534, Test Acc: 0.7735
Epoch 82/300, Train Acc: 0.7629, Test Acc: 0.7390
Epoch 83/300, Train Acc: 0.7614, Test Acc: 0.7318
Epoch 84/300, Train Acc: 0.7572, Test Acc: 0.7306
Epoch 85/300, Train Acc: 0.7537, Test Acc: 0.7664
Epoch 86/300, Train Acc: 0.7563, Test Acc: 0.7580
Epoch 87/300, Train Acc: 0.7656, Test Acc: 0.7628
Epoch 88/300, Train Acc: 0.7563, Test Acc: 0.7485
Epoch 89/300, Train Acc: 0.7674, Test Acc: 0.7640
Epoch 90/300, Train Acc: 0.7608, Test Acc: 0.7664
Epoch 91/300, Train Acc: 0.7665, Test Acc: 0.7676
Epoch 92/300, Train Acc: 0.7662, Test Acc: 0.7723
Epoch 93/300, Train Acc: 0.7733, Test Acc: 0.7557
Epoch 94/300, Train Acc: 0.7710, Test Acc: 0.7712
Epoch 95/300, Train Acc: 0.7715, Test Acc: 0.7867
Epoch 96/300, Train Acc: 0.7677, Test Acc: 0.7890
Epoch 97/300, Train Acc: 0.7698, Test Acc: 0.7640
Epoch 98/300, Train Acc: 0.7802, Test Acc: 0.7700
Epoch 99/300, Train Acc: 0.7665, Test Acc: 0.7640
Epoch 100/300, Train Acc: 0.7838, Test Acc: 0.7676
Epoch 101/300, Train Acc: 0.7745, Test Acc: 0.7700
Epoch 102/300, Train Acc: 0.7808, Test Acc: 0.7878
Epoch 103/300, Train Acc: 0.7760, Test Acc: 0.7759
Epoch 104/300, Train Acc: 0.7730, Test Acc: 0.7616
Epoch 105/300, Train Acc: 0.7778, Test Acc: 0.7700
Epoch 106/300, Train Acc: 0.7730, Test Acc: 0.7771
Epoch 107/300, Train Acc: 0.7748, Test Acc: 0.7723
Epoch 108/300, Train Acc: 0.7811, Test Acc: 0.7497
Epoch 109/300, Train Acc: 0.7787, Test Acc: 0.7723
Epoch 110/300, Train Acc: 0.7793, Test Acc: 0.7890
Epoch 111/300, Train Acc: 0.7844, Test Acc: 0.7771
Epoch 112/300, Train Acc: 0.7754, Test Acc: 0.7867
Epoch 113/300, Train Acc: 0.7748, Test Acc: 0.7712
Epoch 114/300, Train Acc: 0.7802, Test Acc: 0.7867
Epoch 115/300, Train Acc: 0.7796, Test Acc: 0.7974
Epoch 116/300, Train Acc: 0.7808, Test Acc: 0.7783
Epoch 117/300, Train Acc: 0.7844, Test Acc: 0.7902
Epoch 118/300, Train Acc: 0.7954, Test Acc: 0.7437
Epoch 119/300, Train Acc: 0.7811, Test Acc: 0.7819
Epoch 120/300, Train Acc: 0.7894, Test Acc: 0.7819
Epoch 121/300, Train Acc: 0.7948, Test Acc: 0.7592
Epoch 122/300, Train Acc: 0.7814, Test Acc: 0.7878
Epoch 123/300, Train Acc: 0.7918, Test Acc: 0.7914
Epoch 124/300, Train Acc: 0.7811, Test Acc: 0.7592
Epoch 125/300, Train Acc: 0.7900, Test Acc: 0.7878
Epoch 126/300, Train Acc: 0.7933, Test Acc: 0.8010
Epoch 127/300, Train Acc: 0.7856, Test Acc: 0.8010
Epoch 128/300, Train Acc: 0.7874, Test Acc: 0.7962
Epoch 129/300, Train Acc: 0.7850, Test Acc: 0.7926
Epoch 130/300, Train Acc: 0.7859, Test Acc: 0.8033
Epoch 131/300, Train Acc: 0.7960, Test Acc: 0.7890
Epoch 132/300, Train Acc: 0.7877, Test Acc: 0.7962
Epoch 133/300, Train Acc: 0.7957, Test Acc: 0.7843
Epoch 134/300, Train Acc: 0.7954, Test Acc: 0.7914
Epoch 135/300, Train Acc: 0.7996, Test Acc: 0.7914
Epoch 136/300, Train Acc: 0.7981, Test Acc: 0.7926
Epoch 137/300, Train Acc: 0.7993, Test Acc: 0.7843
Epoch 138/300, Train Acc: 0.7942, Test Acc: 0.7771
Epoch 139/300, Train Acc: 0.7885, Test Acc: 0.7747
Epoch 140/300, Train Acc: 0.7948, Test Acc: 0.7890
Epoch 141/300, Train Acc: 0.7924, Test Acc: 0.7819
Epoch 142/300, Train Acc: 0.7924, Test Acc: 0.8010
Epoch 143/300, Train Acc: 0.7954, Test Acc: 0.7878
Epoch 144/300, Train Acc: 0.7990, Test Acc: 0.7926
Epoch 145/300, Train Acc: 0.8014, Test Acc: 0.7938
Epoch 146/300, Train Acc: 0.8058, Test Acc: 0.7926
Epoch 147/300, Train Acc: 0.7969, Test Acc: 0.7843
Epoch 148/300, Train Acc: 0.7948, Test Acc: 0.7604
Epoch 149/300, Train Acc: 0.8029, Test Acc: 0.7771
Epoch 150/300, Train Acc: 0.7981, Test Acc: 0.7831
Epoch 151/300, Train Acc: 0.8067, Test Acc: 0.7974
Epoch 152/300, Train Acc: 0.8002, Test Acc: 0.8010
Epoch 153/300, Train Acc: 0.7960, Test Acc: 0.7974
Epoch 154/300, Train Acc: 0.8026, Test Acc: 0.7950
Epoch 155/300, Train Acc: 0.8023, Test Acc: 0.7962
Epoch 156/300, Train Acc: 0.8061, Test Acc: 0.7914
Epoch 157/300, Train Acc: 0.8085, Test Acc: 0.8033
Epoch 158/300, Train Acc: 0.8005, Test Acc: 0.7902
Epoch 159/300, Train Acc: 0.7981, Test Acc: 0.8045
Epoch 160/300, Train Acc: 0.7999, Test Acc: 0.7974
Epoch 161/300, Train Acc: 0.8112, Test Acc: 0.8033
Epoch 162/300, Train Acc: 0.7954, Test Acc: 0.7998
Epoch 163/300, Train Acc: 0.8133, Test Acc: 0.7950
Epoch 164/300, Train Acc: 0.8044, Test Acc: 0.7783
Epoch 165/300, Train Acc: 0.8091, Test Acc: 0.8033
Epoch 166/300, Train Acc: 0.8067, Test Acc: 0.8093
Epoch 167/300, Train Acc: 0.8112, Test Acc: 0.7890
Epoch 168/300, Train Acc: 0.8178, Test Acc: 0.7914
Epoch 169/300, Train Acc: 0.8047, Test Acc: 0.7938
Epoch 170/300, Train Acc: 0.8052, Test Acc: 0.7974
Epoch 171/300, Train Acc: 0.8082, Test Acc: 0.8033
Epoch 172/300, Train Acc: 0.8091, Test Acc: 0.7700
Epoch 173/300, Train Acc: 0.8008, Test Acc: 0.8033
Epoch 174/300, Train Acc: 0.8100, Test Acc: 0.7878
Epoch 175/300, Train Acc: 0.8112, Test Acc: 0.8045
Epoch 176/300, Train Acc: 0.8118, Test Acc: 0.7902
Epoch 177/300, Train Acc: 0.8124, Test Acc: 0.7986
Epoch 178/300, Train Acc: 0.8133, Test Acc: 0.8010
Epoch 179/300, Train Acc: 0.8103, Test Acc: 0.7938
Epoch 180/300, Train Acc: 0.8091, Test Acc: 0.8105
Epoch 181/300, Train Acc: 0.8106, Test Acc: 0.7998
Epoch 182/300, Train Acc: 0.8178, Test Acc: 0.8081
Epoch 183/300, Train Acc: 0.8184, Test Acc: 0.8105
Epoch 184/300, Train Acc: 0.8169, Test Acc: 0.8045
Epoch 185/300, Train Acc: 0.8079, Test Acc: 0.7783
Epoch 186/300, Train Acc: 0.8148, Test Acc: 0.7950
Epoch 187/300, Train Acc: 0.8127, Test Acc: 0.8069
Epoch 188/300, Train Acc: 0.8139, Test Acc: 0.7950
Epoch 189/300, Train Acc: 0.8175, Test Acc: 0.8010
Epoch 190/300, Train Acc: 0.8103, Test Acc: 0.8081
Epoch 191/300, Train Acc: 0.8199, Test Acc: 0.8033
Epoch 192/300, Train Acc: 0.8118, Test Acc: 0.8081
Epoch 193/300, Train Acc: 0.8079, Test Acc: 0.7986
Epoch 194/300, Train Acc: 0.8103, Test Acc: 0.8010
Epoch 195/300, Train Acc: 0.8169, Test Acc: 0.8033
Epoch 196/300, Train Acc: 0.8130, Test Acc: 0.7878
Epoch 197/300, Train Acc: 0.8220, Test Acc: 0.8069
Epoch 198/300, Train Acc: 0.8145, Test Acc: 0.8081
Early stopping triggered.

📘 Final Classification Metrics
----------------------------------------
Train Accuracy : 0.8366
Train Precision: 0.8091
Train Recall   : 0.8789
Train F1 Score : 0.8425
Train Loss     : 0.4201
----------------------------------------
Test Accuracy  : 0.8010
Test Precision : 0.7935
Test Recall    : 0.8143
Test F1 Score  : 0.8038
Test Loss      : 0.4408
----------------------------------------
Execution time : 1.61 minutes
📁 Metrics and plots saved in 'plots/' folder
