
FOLD 0 ----------------------------
Epoch 000: Train RMSE = 1.1728, Val RMSE = 1.1579
Epoch 010: Train RMSE = 0.8902, Val RMSE = 0.8803
Epoch 020: Train RMSE = 0.7463, Val RMSE = 0.7495
Epoch 030: Train RMSE = 0.6672, Val RMSE = 0.6915
Epoch 040: Train RMSE = 0.6134, Val RMSE = 0.6455
Epoch 050: Train RMSE = 0.5653, Val RMSE = 0.6415
Epoch 060: Train RMSE = 0.5170, Val RMSE = 0.6444
Epoch 070: Train RMSE = 0.4898, Val RMSE = 0.6049
Epoch 080: Train RMSE = 0.4635, Val RMSE = 0.6258
Epoch 090: Train RMSE = 0.4283, Val RMSE = 0.6019
Epoch 100: Train RMSE = 0.4057, Val RMSE = 0.5803
Epoch 110: Train RMSE = 0.3842, Val RMSE = 0.5846
Early stopping triggered.
Fold 0 R2 score: 0.7481, RMSE: 0.5935, MAE: 0.4395, MSE: 0.3523
Fold 0 completed in 377.80 seconds.

FOLD 1 ----------------------------
Epoch 000: Train RMSE = 1.1795, Val RMSE = 1.1681
Epoch 010: Train RMSE = 0.8822, Val RMSE = 0.8539
Epoch 020: Train RMSE = 0.7519, Val RMSE = 0.7700
Epoch 030: Train RMSE = 0.6473, Val RMSE = 0.6966
Epoch 040: Train RMSE = 0.6094, Val RMSE = 0.6664
Epoch 050: Train RMSE = 0.5670, Val RMSE = 0.6721
Epoch 060: Train RMSE = 0.5300, Val RMSE = 0.6189
Epoch 070: Train RMSE = 0.4795, Val RMSE = 0.6155
Epoch 080: Train RMSE = 0.4855, Val RMSE = 0.6215
Epoch 090: Train RMSE = 0.4255, Val RMSE = 0.5849
Epoch 100: Train RMSE = 0.4085, Val RMSE = 0.5662
Epoch 110: Train RMSE = 0.3826, Val RMSE = 0.5731
Epoch 120: Train RMSE = 0.3686, Val RMSE = 0.5937
Epoch 130: Train RMSE = 0.3466, Val RMSE = 0.6125
Epoch 140: Train RMSE = 0.3227, Val RMSE = 0.6075
Early stopping triggered.
Fold 1 R2 score: 0.7554, RMSE: 0.5857, MAE: 0.4149, MSE: 0.3431
Fold 1 completed in 490.67 seconds.

FOLD 2 ----------------------------
Epoch 000: Train RMSE = 1.2098, Val RMSE = 1.1665
Epoch 010: Train RMSE = 0.9362, Val RMSE = 0.9313
Epoch 020: Train RMSE = 0.7528, Val RMSE = 0.7405
Epoch 030: Train RMSE = 0.6700, Val RMSE = 0.6497
Epoch 040: Train RMSE = 0.6185, Val RMSE = 0.6125
Epoch 050: Train RMSE = 0.5786, Val RMSE = 0.6325
Epoch 060: Train RMSE = 0.5376, Val RMSE = 0.5947
Epoch 070: Train RMSE = 0.4896, Val RMSE = 0.5603
Epoch 080: Train RMSE = 0.4534, Val RMSE = 0.5384
Epoch 090: Train RMSE = 0.4193, Val RMSE = 0.5496
Epoch 100: Train RMSE = 0.3859, Val RMSE = 0.5497
Early stopping triggered.
Fold 2 R2 score: 0.7871, RMSE: 0.5511, MAE: 0.3927, MSE: 0.3037
Fold 2 completed in 358.70 seconds.

FOLD 3 ----------------------------
Epoch 000: Train RMSE = 1.1900, Val RMSE = 1.0838
Epoch 010: Train RMSE = 1.0078, Val RMSE = 0.9581
Epoch 020: Train RMSE = 0.7694, Val RMSE = 0.8011
Epoch 030: Train RMSE = 0.6790, Val RMSE = 0.7617
Epoch 040: Train RMSE = 0.6310, Val RMSE = 0.6815
Epoch 050: Train RMSE = 0.5845, Val RMSE = 0.6566
Epoch 060: Train RMSE = 0.5378, Val RMSE = 0.6484
Epoch 070: Train RMSE = 0.4955, Val RMSE = 0.6313
Epoch 080: Train RMSE = 0.4668, Val RMSE = 0.6324
Epoch 090: Train RMSE = 0.4567, Val RMSE = 0.6152
Epoch 100: Train RMSE = 0.4130, Val RMSE = 0.6477
Epoch 110: Train RMSE = 0.3983, Val RMSE = 0.6493
Epoch 120: Train RMSE = 0.3820, Val RMSE = 0.6374
Epoch 130: Train RMSE = 0.3581, Val RMSE = 0.6201
Epoch 140: Train RMSE = 0.3510, Val RMSE = 0.6088
Epoch 150: Train RMSE = 0.3330, Val RMSE = 0.5955
Epoch 160: Train RMSE = 0.3113, Val RMSE = 0.5937
Epoch 170: Train RMSE = 0.3023, Val RMSE = 0.5957
Epoch 180: Train RMSE = 0.2904, Val RMSE = 0.6295
Early stopping triggered.
Fold 3 R2 score: 0.6997, RMSE: 0.6079, MAE: 0.4431, MSE: 0.3695
Fold 3 completed in 641.88 seconds.

FOLD 4 ----------------------------
Epoch 000: Train RMSE = 1.1898, Val RMSE = 1.2045
Epoch 010: Train RMSE = 0.9511, Val RMSE = 0.9606
Epoch 020: Train RMSE = 0.7599, Val RMSE = 0.7292
Epoch 030: Train RMSE = 0.6850, Val RMSE = 0.6313
Epoch 040: Train RMSE = 0.6144, Val RMSE = 0.6216
Epoch 050: Train RMSE = 0.5632, Val RMSE = 0.6048
Epoch 060: Train RMSE = 0.5424, Val RMSE = 0.6279
Epoch 070: Train RMSE = 0.4903, Val RMSE = 0.6079
Epoch 080: Train RMSE = 0.4826, Val RMSE = 0.6305
Epoch 090: Train RMSE = 0.4371, Val RMSE = 0.5933
Epoch 100: Train RMSE = 0.4146, Val RMSE = 0.5811
Epoch 110: Train RMSE = 0.3888, Val RMSE = 0.5869
Epoch 120: Train RMSE = 0.3791, Val RMSE = 0.5815
Epoch 130: Train RMSE = 0.3557, Val RMSE = 0.5864
Epoch 140: Train RMSE = 0.3381, Val RMSE = 0.5750
Epoch 150: Train RMSE = 0.3220, Val RMSE = 0.5912
Early stopping triggered.
Fold 4 R2 score: 0.7898, RMSE: 0.5742, MAE: 0.4344, MSE: 0.3297
Fold 4 completed in 537.54 seconds.

FOLD 5 ----------------------------
Epoch 000: Train RMSE = 1.1727, Val RMSE = 1.2314
Epoch 010: Train RMSE = 0.9179, Val RMSE = 0.9189
Epoch 020: Train RMSE = 0.7314, Val RMSE = 0.7553
Epoch 030: Train RMSE = 0.6662, Val RMSE = 0.7038
Epoch 040: Train RMSE = 0.6000, Val RMSE = 0.6703
Epoch 050: Train RMSE = 0.5535, Val RMSE = 0.6471
Epoch 060: Train RMSE = 0.5306, Val RMSE = 0.6276
Epoch 070: Train RMSE = 0.4939, Val RMSE = 0.6476
Epoch 080: Train RMSE = 0.4637, Val RMSE = 0.6183
Epoch 090: Train RMSE = 0.4495, Val RMSE = 0.6433
Epoch 100: Train RMSE = 0.4245, Val RMSE = 0.6085
Epoch 110: Train RMSE = 0.4085, Val RMSE = 0.6294
Epoch 120: Train RMSE = 0.3768, Val RMSE = 0.6026
Early stopping triggered.
Fold 5 R2 score: 0.7411, RMSE: 0.6387, MAE: 0.4665, MSE: 0.4079
Fold 5 completed in 419.63 seconds.

FOLD 6 ----------------------------
Epoch 000: Train RMSE = 1.1756, Val RMSE = 1.2032
Epoch 010: Train RMSE = 0.9006, Val RMSE = 0.8971
Epoch 020: Train RMSE = 0.7283, Val RMSE = 0.7887
Epoch 030: Train RMSE = 0.6553, Val RMSE = 0.6653
Epoch 040: Train RMSE = 0.6147, Val RMSE = 0.6573
Epoch 050: Train RMSE = 0.5588, Val RMSE = 0.6551
Epoch 060: Train RMSE = 0.5172, Val RMSE = 0.6268
Epoch 070: Train RMSE = 0.4991, Val RMSE = 0.6027
Epoch 080: Train RMSE = 0.4623, Val RMSE = 0.6108
Epoch 090: Train RMSE = 0.4420, Val RMSE = 0.5882
Epoch 100: Train RMSE = 0.4200, Val RMSE = 0.6392
Epoch 110: Train RMSE = 0.3793, Val RMSE = 0.6064
Epoch 120: Train RMSE = 0.3683, Val RMSE = 0.6105
Early stopping triggered.
Fold 6 R2 score: 0.7467, RMSE: 0.6105, MAE: 0.4358, MSE: 0.3728
Fold 6 completed in 409.64 seconds.

FOLD 7 ----------------------------
Epoch 000: Train RMSE = 1.1699, Val RMSE = 1.1803
Epoch 010: Train RMSE = 0.9581, Val RMSE = 1.0059
Epoch 020: Train RMSE = 0.7667, Val RMSE = 0.6952
Epoch 030: Train RMSE = 0.6676, Val RMSE = 0.6200
Epoch 040: Train RMSE = 0.6166, Val RMSE = 0.5766
Epoch 050: Train RMSE = 0.5675, Val RMSE = 0.5657
Epoch 060: Train RMSE = 0.5187, Val RMSE = 0.5533
Epoch 070: Train RMSE = 0.4956, Val RMSE = 0.5557
Epoch 080: Train RMSE = 0.4685, Val RMSE = 0.5283
Epoch 090: Train RMSE = 0.4524, Val RMSE = 0.5617
Epoch 100: Train RMSE = 0.4165, Val RMSE = 0.5390
Epoch 110: Train RMSE = 0.3942, Val RMSE = 0.5323
Epoch 120: Train RMSE = 0.3823, Val RMSE = 0.5357
Epoch 130: Train RMSE = 0.3592, Val RMSE = 0.5418
Epoch 140: Train RMSE = 0.3417, Val RMSE = 0.5190
Epoch 150: Train RMSE = 0.3405, Val RMSE = 0.5173
Epoch 160: Train RMSE = 0.3194, Val RMSE = 0.5153
Epoch 170: Train RMSE = 0.3049, Val RMSE = 0.5212
Epoch 180: Train RMSE = 0.2891, Val RMSE = 0.5192
Early stopping triggered.
Fold 7 R2 score: 0.7951, RMSE: 0.5270, MAE: 0.3940, MSE: 0.2777
Fold 7 completed in 640.84 seconds.

FOLD 8 ----------------------------
Epoch 000: Train RMSE = 1.1718, Val RMSE = 1.1783
Epoch 010: Train RMSE = 0.9508, Val RMSE = 0.9085
Epoch 020: Train RMSE = 0.7552, Val RMSE = 0.7750
Epoch 030: Train RMSE = 0.6809, Val RMSE = 0.7182
Epoch 040: Train RMSE = 0.6268, Val RMSE = 0.7324
Epoch 050: Train RMSE = 0.5662, Val RMSE = 0.6372
Epoch 060: Train RMSE = 0.5424, Val RMSE = 0.6320
Epoch 070: Train RMSE = 0.5002, Val RMSE = 0.6147
Epoch 080: Train RMSE = 0.5014, Val RMSE = 0.5718
Epoch 090: Train RMSE = 0.4608, Val RMSE = 0.5933
Epoch 100: Train RMSE = 0.4320, Val RMSE = 0.6337
Epoch 110: Train RMSE = 0.3951, Val RMSE = 0.5633
Early stopping triggered.
Fold 8 R2 score: 0.7538, RMSE: 0.5913, MAE: 0.4416, MSE: 0.3496
Fold 8 completed in 388.92 seconds.

FOLD 9 ----------------------------
Epoch 000: Train RMSE = 1.1819, Val RMSE = 1.2089
Epoch 010: Train RMSE = 0.9553, Val RMSE = 1.1094
Epoch 020: Train RMSE = 0.7705, Val RMSE = 0.8494
Epoch 030: Train RMSE = 0.6734, Val RMSE = 0.7560
Epoch 040: Train RMSE = 0.6006, Val RMSE = 0.7158
Epoch 050: Train RMSE = 0.5543, Val RMSE = 0.6784
Epoch 060: Train RMSE = 0.5234, Val RMSE = 0.6798
Epoch 070: Train RMSE = 0.4955, Val RMSE = 0.6506
Epoch 080: Train RMSE = 0.4753, Val RMSE = 0.6451
Epoch 090: Train RMSE = 0.4408, Val RMSE = 0.6322
Epoch 100: Train RMSE = 0.4219, Val RMSE = 0.6679
Epoch 110: Train RMSE = 0.3953, Val RMSE = 0.6413
Epoch 120: Train RMSE = 0.3762, Val RMSE = 0.6376
Early stopping triggered.
Fold 9 R2 score: 0.7464, RMSE: 0.6246, MAE: 0.4572, MSE: 0.3902
Fold 9 completed in 298.13 seconds.

Final Cross-Validation Results:
Average R2:  0.7563 ± 0.0270
Average RMSE: 0.5905 ± 0.0317
Average MAE:  0.4320 ± 0.0232
Average MSE:  0.3496 ± 0.0370
Total execution time: 4563.75 seconds
