
FOLD 0 ----------------------------
Epoch 000: Train RMSE = 1.1246, Val RMSE = 1.1512
Epoch 010: Train RMSE = 0.8516, Val RMSE = 0.8969
Epoch 020: Train RMSE = 0.7005, Val RMSE = 0.7715
Epoch 030: Train RMSE = 0.6327, Val RMSE = 0.7081
Epoch 040: Train RMSE = 0.5801, Val RMSE = 0.6973
Epoch 050: Train RMSE = 0.5313, Val RMSE = 0.6474
Epoch 060: Train RMSE = 0.5075, Val RMSE = 0.6222
Epoch 070: Train RMSE = 0.4678, Val RMSE = 0.6183
Epoch 080: Train RMSE = 0.4445, Val RMSE = 0.6046
Epoch 090: Train RMSE = 0.4409, Val RMSE = 0.5966
Epoch 100: Train RMSE = 0.4042, Val RMSE = 0.5871
Epoch 110: Train RMSE = 0.3937, Val RMSE = 0.5813
Epoch 120: Train RMSE = 0.3712, Val RMSE = 0.5809
Epoch 130: Train RMSE = 0.3505, Val RMSE = 0.5928
Early stopping triggered.
Fold 0 R2 score: 0.7744, RMSE: 0.5625, MAE: 0.4182, MSE: 0.3164
Fold 0 completed in 393.05 seconds.

FOLD 1 ----------------------------
Epoch 000: Train RMSE = 1.1590, Val RMSE = 1.1262
Epoch 010: Train RMSE = 0.9505, Val RMSE = 1.0033
Epoch 020: Train RMSE = 0.7585, Val RMSE = 0.7824
Epoch 030: Train RMSE = 0.6589, Val RMSE = 0.7581
Epoch 040: Train RMSE = 0.6088, Val RMSE = 0.6653
Epoch 050: Train RMSE = 0.5645, Val RMSE = 0.6286
Epoch 060: Train RMSE = 0.5264, Val RMSE = 0.6889
Epoch 070: Train RMSE = 0.4929, Val RMSE = 0.6176
Epoch 080: Train RMSE = 0.4572, Val RMSE = 0.6050
Epoch 090: Train RMSE = 0.4211, Val RMSE = 0.6148
Epoch 100: Train RMSE = 0.4102, Val RMSE = 0.5966
Epoch 110: Train RMSE = 0.3786, Val RMSE = 0.5922
Epoch 120: Train RMSE = 0.3717, Val RMSE = 0.6216
Epoch 130: Train RMSE = 0.3373, Val RMSE = 0.5970
Epoch 140: Train RMSE = 0.3286, Val RMSE = 0.6107
Early stopping triggered.
Fold 1 R2 score: 0.7244, RMSE: 0.6051, MAE: 0.4389, MSE: 0.3661
Fold 1 completed in 444.20 seconds.

FOLD 2 ----------------------------
Epoch 000: Train RMSE = 1.1075, Val RMSE = 1.2144
Epoch 010: Train RMSE = 0.9405, Val RMSE = 1.0384
Epoch 020: Train RMSE = 0.7154, Val RMSE = 0.7648
Epoch 030: Train RMSE = 0.6453, Val RMSE = 0.6947
Epoch 040: Train RMSE = 0.5987, Val RMSE = 0.6578
Epoch 050: Train RMSE = 0.5461, Val RMSE = 0.6442
Epoch 060: Train RMSE = 0.5292, Val RMSE = 0.6328
Epoch 070: Train RMSE = 0.4797, Val RMSE = 0.6435
Epoch 080: Train RMSE = 0.4569, Val RMSE = 0.5932
Epoch 090: Train RMSE = 0.4396, Val RMSE = 0.5976
Epoch 100: Train RMSE = 0.3921, Val RMSE = 0.5943
Epoch 110: Train RMSE = 0.3841, Val RMSE = 0.5965
Epoch 120: Train RMSE = 0.3676, Val RMSE = 0.6085
Early stopping triggered.
Fold 2 R2 score: 0.7804, RMSE: 0.5877, MAE: 0.4356, MSE: 0.3453
Fold 2 completed in 361.93 seconds.

FOLD 3 ----------------------------
Epoch 000: Train RMSE = 1.1248, Val RMSE = 1.1638
Epoch 010: Train RMSE = 0.9058, Val RMSE = 0.9410
Epoch 020: Train RMSE = 0.7260, Val RMSE = 0.7552
Epoch 030: Train RMSE = 0.6390, Val RMSE = 0.6525
Epoch 040: Train RMSE = 0.5831, Val RMSE = 0.6773
Epoch 050: Train RMSE = 0.5393, Val RMSE = 0.6133
Epoch 060: Train RMSE = 0.4997, Val RMSE = 0.5963
Epoch 070: Train RMSE = 0.4637, Val RMSE = 0.5934
Epoch 080: Train RMSE = 0.4352, Val RMSE = 0.5661
Epoch 090: Train RMSE = 0.4002, Val RMSE = 0.5961
Epoch 100: Train RMSE = 0.3739, Val RMSE = 0.6051
Epoch 110: Train RMSE = 0.3714, Val RMSE = 0.5788
Early stopping triggered.
Fold 3 R2 score: 0.7641, RMSE: 0.5788, MAE: 0.4226, MSE: 0.3350
Fold 3 completed in 329.16 seconds.

FOLD 4 ----------------------------
Epoch 000: Train RMSE = 1.0873, Val RMSE = 1.1684
Epoch 010: Train RMSE = 0.8641, Val RMSE = 0.9502
Epoch 020: Train RMSE = 0.7093, Val RMSE = 0.8175
Epoch 030: Train RMSE = 0.6351, Val RMSE = 0.7277
Epoch 040: Train RMSE = 0.5693, Val RMSE = 0.7041
Epoch 050: Train RMSE = 0.5191, Val RMSE = 0.6773
Epoch 060: Train RMSE = 0.5054, Val RMSE = 0.6623
Epoch 070: Train RMSE = 0.4684, Val RMSE = 0.6464
Epoch 080: Train RMSE = 0.4423, Val RMSE = 0.6054
Epoch 090: Train RMSE = 0.4167, Val RMSE = 0.6313
Epoch 100: Train RMSE = 0.3926, Val RMSE = 0.6267
Epoch 110: Train RMSE = 0.3855, Val RMSE = 0.6169
Epoch 120: Train RMSE = 0.3649, Val RMSE = 0.6201
Epoch 130: Train RMSE = 0.3376, Val RMSE = 0.6114
Epoch 140: Train RMSE = 0.3339, Val RMSE = 0.6109
Epoch 150: Train RMSE = 0.3246, Val RMSE = 0.6273
Epoch 160: Train RMSE = 0.3060, Val RMSE = 0.6127
Epoch 170: Train RMSE = 0.2939, Val RMSE = 0.6019
Epoch 180: Train RMSE = 0.2862, Val RMSE = 0.6129
Early stopping triggered.
Fold 4 R2 score: 0.7540, RMSE: 0.6032, MAE: 0.4355, MSE: 0.3639
Fold 4 completed in 529.79 seconds.

Final Cross-Validation Results:
Average R2:  0.7595 ± 0.0197
Average RMSE: 0.5875 ± 0.0159
Average MAE:  0.4302 ± 0.0082
Average MSE:  0.3454 ± 0.0185
Total execution time: 2058.12 seconds
