
FOLD 0 ----------------------------
Epoch 000: Train RMSE = 1.1577, Val RMSE = 1.1795
Epoch 010: Train RMSE = 1.0501, Val RMSE = 1.1732
Epoch 020: Train RMSE = 0.9944, Val RMSE = 1.1429
Epoch 030: Train RMSE = 0.9695, Val RMSE = 1.0874
Epoch 040: Train RMSE = 0.9608, Val RMSE = 1.1166
Epoch 050: Train RMSE = 0.9378, Val RMSE = 1.0480
Epoch 060: Train RMSE = 0.9097, Val RMSE = 1.0291
Epoch 070: Train RMSE = 0.8838, Val RMSE = 0.9842
Epoch 080: Train RMSE = 0.8660, Val RMSE = 0.9556
Epoch 090: Train RMSE = 0.8443, Val RMSE = 0.9481
Epoch 100: Train RMSE = 0.8365, Val RMSE = 0.9305
Epoch 110: Train RMSE = 0.8204, Val RMSE = 0.9255
Epoch 120: Train RMSE = 0.8026, Val RMSE = 0.9537
Epoch 130: Train RMSE = 0.7949, Val RMSE = 0.9202
Epoch 140: Train RMSE = 0.7755, Val RMSE = 0.9430
Epoch 150: Train RMSE = 0.7663, Val RMSE = 0.9078
Epoch 160: Train RMSE = 0.7678, Val RMSE = 0.8531
Epoch 170: Train RMSE = 0.7468, Val RMSE = 0.8487
Epoch 180: Train RMSE = 0.7248, Val RMSE = 0.8887
Epoch 190: Train RMSE = 0.7240, Val RMSE = 0.8467
Epoch 200: Train RMSE = 0.7036, Val RMSE = 0.8336
Epoch 210: Train RMSE = 0.7123, Val RMSE = 0.8325
Epoch 220: Train RMSE = 0.7219, Val RMSE = 0.8152
Epoch 230: Train RMSE = 0.6914, Val RMSE = 0.8309
Epoch 240: Train RMSE = 0.6879, Val RMSE = 0.8074
Epoch 250: Train RMSE = 0.6727, Val RMSE = 0.8103
Epoch 260: Train RMSE = 0.6670, Val RMSE = 0.8008
Epoch 270: Train RMSE = 0.6693, Val RMSE = 0.7902
Epoch 280: Train RMSE = 0.6567, Val RMSE = 0.8065
Epoch 290: Train RMSE = 0.6460, Val RMSE = 0.7805
Fold 0 R2 score: 0.5547, RMSE: 0.7903, MAE: 0.5985, MSE: 0.6245
Fold 0 completed in 1144.32 seconds.

FOLD 1 ----------------------------
Epoch 000: Train RMSE = 1.1498, Val RMSE = 1.1619
Epoch 010: Train RMSE = 1.0618, Val RMSE = 1.1161
Epoch 020: Train RMSE = 1.0087, Val RMSE = 1.0554
Epoch 030: Train RMSE = 0.9924, Val RMSE = 1.0317
Epoch 040: Train RMSE = 0.9544, Val RMSE = 1.0068
Epoch 050: Train RMSE = 0.9312, Val RMSE = 0.9969
Epoch 060: Train RMSE = 0.9075, Val RMSE = 0.9704
Epoch 070: Train RMSE = 0.8875, Val RMSE = 1.0054
Epoch 080: Train RMSE = 0.8597, Val RMSE = 0.9600
Epoch 090: Train RMSE = 0.8671, Val RMSE = 1.0139
Epoch 100: Train RMSE = 0.8354, Val RMSE = 0.8884
Epoch 110: Train RMSE = 0.8184, Val RMSE = 0.9023
Epoch 120: Train RMSE = 0.7943, Val RMSE = 0.8755
Epoch 130: Train RMSE = 0.8109, Val RMSE = 0.8571
Epoch 140: Train RMSE = 0.7862, Val RMSE = 0.8368
Epoch 150: Train RMSE = 0.7825, Val RMSE = 0.9307
Epoch 160: Train RMSE = 0.7633, Val RMSE = 0.8628
Epoch 170: Train RMSE = 0.7557, Val RMSE = 0.8252
Epoch 180: Train RMSE = 0.7389, Val RMSE = 0.8018
Epoch 190: Train RMSE = 0.7378, Val RMSE = 0.7945
Epoch 200: Train RMSE = 0.7180, Val RMSE = 0.8334
Epoch 210: Train RMSE = 0.7115, Val RMSE = 0.8916
Epoch 220: Train RMSE = 0.7059, Val RMSE = 0.7938
Epoch 230: Train RMSE = 0.6965, Val RMSE = 0.7827
Epoch 240: Train RMSE = 0.7022, Val RMSE = 0.7509
Epoch 250: Train RMSE = 0.6948, Val RMSE = 0.7494
Epoch 260: Train RMSE = 0.6817, Val RMSE = 0.7328
Epoch 270: Train RMSE = 0.6713, Val RMSE = 0.7694
Epoch 280: Train RMSE = 0.6727, Val RMSE = 0.7526
Epoch 290: Train RMSE = 0.6614, Val RMSE = 0.7244
Fold 1 R2 score: 0.5714, RMSE: 0.7546, MAE: 0.5744, MSE: 0.5694
Fold 1 completed in 972.99 seconds.

FOLD 2 ----------------------------
Epoch 000: Train RMSE = 1.1420, Val RMSE = 1.2638
Epoch 010: Train RMSE = 1.0455, Val RMSE = 1.2074
Epoch 020: Train RMSE = 1.0091, Val RMSE = 1.2324
Epoch 030: Train RMSE = 0.9640, Val RMSE = 1.1188
Epoch 040: Train RMSE = 0.9589, Val RMSE = 1.1133
Epoch 050: Train RMSE = 0.9395, Val RMSE = 1.1560
Epoch 060: Train RMSE = 0.9220, Val RMSE = 1.1259
Epoch 070: Train RMSE = 0.8909, Val RMSE = 1.0430
Epoch 080: Train RMSE = 0.8820, Val RMSE = 1.0327
Epoch 090: Train RMSE = 0.8573, Val RMSE = 1.0449
Epoch 100: Train RMSE = 0.8466, Val RMSE = 0.9914
Epoch 110: Train RMSE = 0.8298, Val RMSE = 1.0501
Epoch 120: Train RMSE = 0.8093, Val RMSE = 0.9479
Epoch 130: Train RMSE = 0.8080, Val RMSE = 0.9839
Epoch 140: Train RMSE = 0.7846, Val RMSE = 0.9367
Epoch 150: Train RMSE = 0.7816, Val RMSE = 0.9648
Epoch 160: Train RMSE = 0.7707, Val RMSE = 0.9151
Epoch 170: Train RMSE = 0.7552, Val RMSE = 0.9251
Epoch 180: Train RMSE = 0.7416, Val RMSE = 0.8682
Epoch 190: Train RMSE = 0.7270, Val RMSE = 0.8444
Epoch 200: Train RMSE = 0.7236, Val RMSE = 0.8527
Epoch 210: Train RMSE = 0.7160, Val RMSE = 0.8695
Epoch 220: Train RMSE = 0.7075, Val RMSE = 0.8576
Epoch 230: Train RMSE = 0.6956, Val RMSE = 0.8291
Epoch 240: Train RMSE = 0.6908, Val RMSE = 0.8275
Epoch 250: Train RMSE = 0.6793, Val RMSE = 0.8130
Epoch 260: Train RMSE = 0.6772, Val RMSE = 0.8255
Epoch 270: Train RMSE = 0.6600, Val RMSE = 0.8079
Epoch 280: Train RMSE = 0.6598, Val RMSE = 0.8292
Epoch 290: Train RMSE = 0.6534, Val RMSE = 0.8122
Fold 2 R2 score: 0.6061, RMSE: 0.7871, MAE: 0.5893, MSE: 0.6195
Fold 2 completed in 328.05 seconds.

FOLD 3 ----------------------------
Epoch 000: Train RMSE = 1.1294, Val RMSE = 1.1917
Epoch 010: Train RMSE = 1.0452, Val RMSE = 1.1471
Epoch 020: Train RMSE = 1.0170, Val RMSE = 1.0872
Epoch 030: Train RMSE = 0.9764, Val RMSE = 1.0565
Epoch 040: Train RMSE = 0.9516, Val RMSE = 1.0387
Epoch 050: Train RMSE = 0.9241, Val RMSE = 1.0329
Epoch 060: Train RMSE = 0.8945, Val RMSE = 1.0092
Epoch 070: Train RMSE = 0.8796, Val RMSE = 0.9416
Epoch 080: Train RMSE = 0.8599, Val RMSE = 0.9374
Epoch 090: Train RMSE = 0.8395, Val RMSE = 0.9175
Epoch 100: Train RMSE = 0.8242, Val RMSE = 0.9135
Epoch 110: Train RMSE = 0.8030, Val RMSE = 0.8451
Epoch 120: Train RMSE = 0.8035, Val RMSE = 0.8265
Epoch 130: Train RMSE = 0.7875, Val RMSE = 0.8752
Epoch 140: Train RMSE = 0.7699, Val RMSE = 0.8755
Epoch 150: Train RMSE = 0.7778, Val RMSE = 0.8338
Epoch 160: Train RMSE = 0.7513, Val RMSE = 0.8048
Epoch 170: Train RMSE = 0.7421, Val RMSE = 0.7882
Epoch 180: Train RMSE = 0.7290, Val RMSE = 0.7980
Epoch 190: Train RMSE = 0.7323, Val RMSE = 0.7838
Epoch 200: Train RMSE = 0.7136, Val RMSE = 0.7923
Epoch 210: Train RMSE = 0.6966, Val RMSE = 0.8000
Epoch 220: Train RMSE = 0.7007, Val RMSE = 0.7786
Epoch 230: Train RMSE = 0.7002, Val RMSE = 0.7656
Epoch 240: Train RMSE = 0.6812, Val RMSE = 0.7755
Epoch 250: Train RMSE = 0.6760, Val RMSE = 0.7507
Epoch 260: Train RMSE = 0.6833, Val RMSE = 0.8006
Epoch 270: Train RMSE = 0.6681, Val RMSE = 0.7714
Epoch 280: Train RMSE = 0.6670, Val RMSE = 0.7488
Epoch 290: Train RMSE = 0.6580, Val RMSE = 0.7307
Early stopping triggered.
Fold 3 R2 score: 0.5805, RMSE: 0.7719, MAE: 0.5772, MSE: 0.5958
Fold 3 completed in 327.88 seconds.

FOLD 4 ----------------------------
Epoch 000: Train RMSE = 1.1314, Val RMSE = 1.2156
Epoch 010: Train RMSE = 1.0485, Val RMSE = 1.1734
Epoch 020: Train RMSE = 1.0140, Val RMSE = 1.1507
Epoch 030: Train RMSE = 0.9853, Val RMSE = 1.0919
Epoch 040: Train RMSE = 0.9587, Val RMSE = 1.0992
Epoch 050: Train RMSE = 0.9423, Val RMSE = 1.0435
Epoch 060: Train RMSE = 0.8961, Val RMSE = 0.9971
Epoch 070: Train RMSE = 0.8739, Val RMSE = 0.9813
Epoch 080: Train RMSE = 0.8537, Val RMSE = 1.0171
Epoch 090: Train RMSE = 0.8384, Val RMSE = 0.9513
Epoch 100: Train RMSE = 0.8205, Val RMSE = 0.9080
Epoch 110: Train RMSE = 0.8038, Val RMSE = 0.9938
Epoch 120: Train RMSE = 0.7850, Val RMSE = 0.9203
Epoch 130: Train RMSE = 0.7660, Val RMSE = 0.8877
Epoch 140: Train RMSE = 0.7516, Val RMSE = 0.8944
Epoch 150: Train RMSE = 0.7558, Val RMSE = 0.8959
Epoch 160: Train RMSE = 0.7402, Val RMSE = 0.8752
Epoch 170: Train RMSE = 0.7267, Val RMSE = 0.8864
Epoch 180: Train RMSE = 0.7079, Val RMSE = 0.8691
Epoch 190: Train RMSE = 0.7139, Val RMSE = 0.8942
Epoch 200: Train RMSE = 0.7093, Val RMSE = 0.8448
Epoch 210: Train RMSE = 0.6945, Val RMSE = 0.8845
Epoch 220: Train RMSE = 0.6839, Val RMSE = 0.8520
Epoch 230: Train RMSE = 0.6804, Val RMSE = 0.8242
Epoch 240: Train RMSE = 0.6734, Val RMSE = 0.8218
Epoch 250: Train RMSE = 0.6611, Val RMSE = 0.8405
Epoch 260: Train RMSE = 0.6790, Val RMSE = 0.8385
Epoch 270: Train RMSE = 0.6534, Val RMSE = 0.8083
Epoch 280: Train RMSE = 0.6468, Val RMSE = 0.8102
Epoch 290: Train RMSE = 0.6508, Val RMSE = 0.8258
Fold 4 R2 score: 0.5189, RMSE: 0.8436, MAE: 0.6458, MSE: 0.7117
Fold 4 completed in 327.71 seconds.

Final Cross-Validation Results:
Average R2:  0.5663 ± 0.0289
Average RMSE: 0.7895 ± 0.0299
Average MAE:  0.5970 ± 0.0259
Average MSE:  0.6242 ± 0.0479
Total execution time: 3100.95 seconds
