
FOLD 0 ----------------------------
Epoch 000: Train RMSE = 2.1506, Val RMSE = 2.3839
Epoch 010: Train RMSE = 1.0458, Val RMSE = 1.1309
Epoch 020: Train RMSE = 0.9826, Val RMSE = 1.0678
Epoch 030: Train RMSE = 0.9557, Val RMSE = 1.0403
Epoch 040: Train RMSE = 0.9256, Val RMSE = 1.0112
Epoch 050: Train RMSE = 0.9009, Val RMSE = 0.9885
Epoch 060: Train RMSE = 0.8613, Val RMSE = 0.9514
Epoch 070: Train RMSE = 0.8219, Val RMSE = 0.9183
Epoch 080: Train RMSE = 0.7850, Val RMSE = 0.8729
Epoch 090: Train RMSE = 0.7561, Val RMSE = 0.8563
Epoch 100: Train RMSE = 0.7154, Val RMSE = 0.8274
Epoch 110: Train RMSE = 0.6933, Val RMSE = 0.7968
Epoch 120: Train RMSE = 0.6732, Val RMSE = 0.7854
Epoch 130: Train RMSE = 0.6459, Val RMSE = 0.7777
Epoch 140: Train RMSE = 0.6353, Val RMSE = 0.7618
Epoch 150: Train RMSE = 0.6186, Val RMSE = 0.7597
Epoch 160: Train RMSE = 0.6152, Val RMSE = 0.7467
Epoch 170: Train RMSE = 0.5995, Val RMSE = 0.7394
Epoch 180: Train RMSE = 0.5789, Val RMSE = 0.7323
Epoch 190: Train RMSE = 0.5776, Val RMSE = 0.7360
Epoch 200: Train RMSE = 0.5676, Val RMSE = 0.7355
Epoch 210: Train RMSE = 0.5710, Val RMSE = 0.7273
Epoch 220: Train RMSE = 0.5562, Val RMSE = 0.7533
Epoch 230: Train RMSE = 0.5469, Val RMSE = 0.7237
Epoch 240: Train RMSE = 0.5396, Val RMSE = 0.7324
Epoch 250: Train RMSE = 0.5306, Val RMSE = 0.7214
Epoch 260: Train RMSE = 0.5234, Val RMSE = 0.7429
Epoch 270: Train RMSE = 0.5240, Val RMSE = 0.7237
Epoch 280: Train RMSE = 0.5205, Val RMSE = 0.7154
Epoch 290: Train RMSE = 0.5255, Val RMSE = 0.7298
Fold 0 R2 score: 0.6304, RMSE: 0.7200, MAE: 0.5383, MSE: 0.5184
Fold 0 completed in 374.42 seconds.

FOLD 1 ----------------------------
Epoch 000: Train RMSE = 2.1686, Val RMSE = 2.3339
Epoch 010: Train RMSE = 1.0493, Val RMSE = 1.0983
Epoch 020: Train RMSE = 0.9972, Val RMSE = 1.0511
Epoch 030: Train RMSE = 0.9678, Val RMSE = 1.0251
Epoch 040: Train RMSE = 0.9414, Val RMSE = 1.0022
Epoch 050: Train RMSE = 0.9175, Val RMSE = 0.9844
Epoch 060: Train RMSE = 0.8924, Val RMSE = 0.9555
Epoch 070: Train RMSE = 0.8663, Val RMSE = 0.9275
Epoch 080: Train RMSE = 0.8232, Val RMSE = 0.8910
Epoch 090: Train RMSE = 0.7868, Val RMSE = 0.8521
Epoch 100: Train RMSE = 0.7585, Val RMSE = 0.8213
Epoch 110: Train RMSE = 0.7259, Val RMSE = 0.7947
Epoch 120: Train RMSE = 0.7088, Val RMSE = 0.7751
Epoch 130: Train RMSE = 0.6951, Val RMSE = 0.7541
Epoch 140: Train RMSE = 0.6766, Val RMSE = 0.7398
Epoch 150: Train RMSE = 0.6494, Val RMSE = 0.7267
Epoch 160: Train RMSE = 0.6517, Val RMSE = 0.7244
Epoch 170: Train RMSE = 0.6325, Val RMSE = 0.7100
Epoch 180: Train RMSE = 0.6148, Val RMSE = 0.7413
Epoch 190: Train RMSE = 0.6132, Val RMSE = 0.6881
Epoch 200: Train RMSE = 0.5991, Val RMSE = 0.6837
Epoch 210: Train RMSE = 0.5949, Val RMSE = 0.6899
Epoch 220: Train RMSE = 0.5965, Val RMSE = 0.6721
Epoch 230: Train RMSE = 0.5672, Val RMSE = 0.6718
Epoch 240: Train RMSE = 0.5697, Val RMSE = 0.6689
Epoch 250: Train RMSE = 0.5599, Val RMSE = 0.6697
Epoch 260: Train RMSE = 0.5612, Val RMSE = 0.6527
Epoch 270: Train RMSE = 0.5465, Val RMSE = 0.6898
Epoch 280: Train RMSE = 0.5489, Val RMSE = 0.6590
Epoch 290: Train RMSE = 0.5396, Val RMSE = 0.6501
Fold 1 R2 score: 0.6534, RMSE: 0.6786, MAE: 0.5164, MSE: 0.4605
Fold 1 completed in 411.51 seconds.

FOLD 2 ----------------------------
Epoch 000: Train RMSE = 2.1563, Val RMSE = 2.3282
Epoch 010: Train RMSE = 1.0236, Val RMSE = 1.1903
Epoch 020: Train RMSE = 0.9686, Val RMSE = 1.1466
Epoch 030: Train RMSE = 0.9404, Val RMSE = 1.1251
Epoch 040: Train RMSE = 0.9113, Val RMSE = 1.1096
Epoch 050: Train RMSE = 0.8929, Val RMSE = 1.0873
Epoch 060: Train RMSE = 0.8712, Val RMSE = 1.0687
Epoch 070: Train RMSE = 0.8343, Val RMSE = 1.0492
Epoch 080: Train RMSE = 0.7975, Val RMSE = 0.9959
Epoch 090: Train RMSE = 0.7681, Val RMSE = 0.9587
Epoch 100: Train RMSE = 0.7375, Val RMSE = 0.9491
Epoch 110: Train RMSE = 0.7134, Val RMSE = 0.9032
Epoch 120: Train RMSE = 0.6894, Val RMSE = 0.8766
Epoch 130: Train RMSE = 0.6695, Val RMSE = 0.8626
Epoch 140: Train RMSE = 0.6564, Val RMSE = 0.8698
Epoch 150: Train RMSE = 0.6373, Val RMSE = 0.8408
Epoch 160: Train RMSE = 0.6247, Val RMSE = 0.8142
Epoch 170: Train RMSE = 0.6074, Val RMSE = 0.8431
Epoch 180: Train RMSE = 0.5966, Val RMSE = 0.8101
Epoch 190: Train RMSE = 0.5835, Val RMSE = 0.7997
Epoch 200: Train RMSE = 0.5864, Val RMSE = 0.8011
Epoch 210: Train RMSE = 0.5862, Val RMSE = 0.8003
Epoch 220: Train RMSE = 0.5721, Val RMSE = 0.7758
Epoch 230: Train RMSE = 0.5550, Val RMSE = 0.7784
Epoch 240: Train RMSE = 0.5566, Val RMSE = 0.7634
Epoch 250: Train RMSE = 0.5520, Val RMSE = 0.7651
Epoch 260: Train RMSE = 0.5490, Val RMSE = 0.7476
Epoch 270: Train RMSE = 0.5373, Val RMSE = 0.7459
Epoch 280: Train RMSE = 0.5330, Val RMSE = 0.7443
Epoch 290: Train RMSE = 0.5398, Val RMSE = 0.7390
Fold 2 R2 score: 0.6338, RMSE: 0.7589, MAE: 0.5565, MSE: 0.5759
Fold 2 completed in 411.80 seconds.

FOLD 3 ----------------------------
Epoch 000: Train RMSE = 2.1809, Val RMSE = 2.3081
Epoch 010: Train RMSE = 1.0457, Val RMSE = 1.1318
Epoch 020: Train RMSE = 0.9916, Val RMSE = 1.0822
Epoch 030: Train RMSE = 0.9644, Val RMSE = 1.0497
Epoch 040: Train RMSE = 0.9371, Val RMSE = 1.0195
Epoch 050: Train RMSE = 0.8990, Val RMSE = 0.9858
Epoch 060: Train RMSE = 0.8606, Val RMSE = 0.9356
Epoch 070: Train RMSE = 0.8239, Val RMSE = 0.9021
Epoch 080: Train RMSE = 0.7738, Val RMSE = 0.8523
Epoch 090: Train RMSE = 0.7502, Val RMSE = 0.8163
Epoch 100: Train RMSE = 0.7245, Val RMSE = 0.7931
Epoch 110: Train RMSE = 0.6995, Val RMSE = 0.7714
Epoch 120: Train RMSE = 0.6750, Val RMSE = 0.7484
Epoch 130: Train RMSE = 0.6599, Val RMSE = 0.7353
Epoch 140: Train RMSE = 0.6429, Val RMSE = 0.7280
Epoch 150: Train RMSE = 0.6307, Val RMSE = 0.7144
Epoch 160: Train RMSE = 0.6204, Val RMSE = 0.7149
Epoch 170: Train RMSE = 0.5942, Val RMSE = 0.7170
Epoch 180: Train RMSE = 0.5890, Val RMSE = 0.7002
Epoch 190: Train RMSE = 0.5849, Val RMSE = 0.6988
Epoch 200: Train RMSE = 0.5930, Val RMSE = 0.6944
Epoch 210: Train RMSE = 0.5779, Val RMSE = 0.7350
Epoch 220: Train RMSE = 0.5714, Val RMSE = 0.6794
Epoch 230: Train RMSE = 0.5589, Val RMSE = 0.6914
Epoch 240: Train RMSE = 0.5506, Val RMSE = 0.7214
Epoch 250: Train RMSE = 0.5469, Val RMSE = 0.6822
Epoch 260: Train RMSE = 0.5559, Val RMSE = 0.6777
Epoch 270: Train RMSE = 0.5342, Val RMSE = 0.7070
Epoch 280: Train RMSE = 0.5348, Val RMSE = 0.6844
Epoch 290: Train RMSE = 0.5332, Val RMSE = 0.6669
Fold 3 R2 score: 0.6589, RMSE: 0.6960, MAE: 0.5157, MSE: 0.4845
Fold 3 completed in 411.48 seconds.

FOLD 4 ----------------------------
Epoch 000: Train RMSE = 2.0914, Val RMSE = 2.2422
Epoch 010: Train RMSE = 1.0193, Val RMSE = 1.1246
Epoch 020: Train RMSE = 0.9686, Val RMSE = 1.0721
Epoch 030: Train RMSE = 0.9370, Val RMSE = 1.0388
Epoch 040: Train RMSE = 0.9020, Val RMSE = 1.0021
Epoch 050: Train RMSE = 0.8659, Val RMSE = 0.9595
Epoch 060: Train RMSE = 0.8152, Val RMSE = 0.9124
Epoch 070: Train RMSE = 0.7920, Val RMSE = 0.8844
Epoch 080: Train RMSE = 0.7497, Val RMSE = 0.8490
Epoch 090: Train RMSE = 0.7212, Val RMSE = 0.8196
Epoch 100: Train RMSE = 0.6966, Val RMSE = 0.8019
Epoch 110: Train RMSE = 0.6689, Val RMSE = 0.7914
Epoch 120: Train RMSE = 0.6577, Val RMSE = 0.7654
Epoch 130: Train RMSE = 0.6323, Val RMSE = 0.7551
Epoch 140: Train RMSE = 0.6284, Val RMSE = 0.7618
Epoch 150: Train RMSE = 0.6188, Val RMSE = 0.7510
Epoch 160: Train RMSE = 0.6001, Val RMSE = 0.7303
Epoch 170: Train RMSE = 0.6022, Val RMSE = 0.7312
Epoch 180: Train RMSE = 0.5791, Val RMSE = 0.7196
Epoch 190: Train RMSE = 0.5817, Val RMSE = 0.7268
Epoch 200: Train RMSE = 0.5676, Val RMSE = 0.7115
Epoch 210: Train RMSE = 0.5739, Val RMSE = 0.7183
Epoch 220: Train RMSE = 0.5612, Val RMSE = 0.7036
Epoch 230: Train RMSE = 0.5556, Val RMSE = 0.7105
Epoch 240: Train RMSE = 0.5382, Val RMSE = 0.7333
Epoch 250: Train RMSE = 0.5407, Val RMSE = 0.6988
Epoch 260: Train RMSE = 0.5336, Val RMSE = 0.6952
Epoch 270: Train RMSE = 0.5340, Val RMSE = 0.6885
Epoch 280: Train RMSE = 0.5201, Val RMSE = 0.6858
Epoch 290: Train RMSE = 0.5252, Val RMSE = 0.6802
Fold 4 R2 score: 0.6849, RMSE: 0.6828, MAE: 0.5151, MSE: 0.4662
Fold 4 completed in 411.55 seconds.

Final Cross-Validation Results:
Average R2:  0.6523 ± 0.0196
Average RMSE: 0.7073 ± 0.0296
Average MAE:  0.5284 ± 0.0165
Average MSE:  0.5011 ± 0.0425
Total execution time: 2020.76 seconds
