
FOLD 0 ----------------------------
Epoch 000: Train RMSE = 2.2818, Val RMSE = 2.3232
Epoch 010: Train RMSE = 1.0902, Val RMSE = 1.1082
Epoch 020: Train RMSE = 1.0384, Val RMSE = 1.0505
Epoch 030: Train RMSE = 1.0066, Val RMSE = 1.0182
Epoch 040: Train RMSE = 0.9703, Val RMSE = 0.9842
Epoch 050: Train RMSE = 0.9444, Val RMSE = 0.9504
Epoch 060: Train RMSE = 0.8926, Val RMSE = 0.9069
Epoch 070: Train RMSE = 0.8508, Val RMSE = 0.8488
Epoch 080: Train RMSE = 0.7977, Val RMSE = 0.8172
Epoch 090: Train RMSE = 0.7629, Val RMSE = 0.7790
Epoch 100: Train RMSE = 0.7375, Val RMSE = 0.7504
Epoch 110: Train RMSE = 0.7091, Val RMSE = 0.7419
Epoch 120: Train RMSE = 0.6958, Val RMSE = 0.7233
Epoch 130: Train RMSE = 0.6808, Val RMSE = 0.7297
Epoch 140: Train RMSE = 0.6607, Val RMSE = 0.7086
Epoch 150: Train RMSE = 0.6502, Val RMSE = 0.6913
Epoch 160: Train RMSE = 0.6365, Val RMSE = 0.6840
Epoch 170: Train RMSE = 0.6168, Val RMSE = 0.6844
Epoch 180: Train RMSE = 0.6118, Val RMSE = 0.6694
Epoch 190: Train RMSE = 0.6082, Val RMSE = 0.6677
Epoch 200: Train RMSE = 0.5988, Val RMSE = 0.6646
Epoch 210: Train RMSE = 0.5969, Val RMSE = 0.6789
Epoch 220: Train RMSE = 0.5858, Val RMSE = 0.6553
Epoch 230: Train RMSE = 0.5784, Val RMSE = 0.6685
Epoch 240: Train RMSE = 0.5730, Val RMSE = 0.6469
Epoch 250: Train RMSE = 0.5671, Val RMSE = 0.6447
Epoch 260: Train RMSE = 0.5565, Val RMSE = 0.6540
Epoch 270: Train RMSE = 0.5436, Val RMSE = 0.6945
Epoch 280: Train RMSE = 0.5462, Val RMSE = 0.6548
Epoch 290: Train RMSE = 0.5401, Val RMSE = 0.6453
Fold 0 R2 score: 0.7005, RMSE: 0.6472, MAE: 0.4892, MSE: 0.4189
Fold 0 completed in 416.88 seconds.

FOLD 1 ----------------------------
Epoch 000: Train RMSE = 2.3466, Val RMSE = 2.4889
Epoch 010: Train RMSE = 1.0880, Val RMSE = 1.1317
Epoch 020: Train RMSE = 1.0247, Val RMSE = 1.0659
Epoch 030: Train RMSE = 0.9853, Val RMSE = 1.0338
Epoch 040: Train RMSE = 0.9594, Val RMSE = 1.0008
Epoch 050: Train RMSE = 0.9148, Val RMSE = 0.9659
Epoch 060: Train RMSE = 0.8650, Val RMSE = 0.9268
Epoch 070: Train RMSE = 0.8193, Val RMSE = 0.9066
Epoch 080: Train RMSE = 0.7865, Val RMSE = 0.8674
Epoch 090: Train RMSE = 0.7520, Val RMSE = 0.8572
Epoch 100: Train RMSE = 0.7240, Val RMSE = 0.8408
Epoch 110: Train RMSE = 0.6925, Val RMSE = 0.8173
Epoch 120: Train RMSE = 0.6850, Val RMSE = 0.8308
Epoch 130: Train RMSE = 0.6649, Val RMSE = 0.8089
Epoch 140: Train RMSE = 0.6571, Val RMSE = 0.7890
Epoch 150: Train RMSE = 0.6384, Val RMSE = 0.7748
Epoch 160: Train RMSE = 0.6243, Val RMSE = 0.7728
Epoch 170: Train RMSE = 0.6165, Val RMSE = 0.7769
Epoch 180: Train RMSE = 0.6090, Val RMSE = 0.7700
Epoch 190: Train RMSE = 0.5931, Val RMSE = 0.7713
Epoch 200: Train RMSE = 0.5803, Val RMSE = 0.7475
Epoch 210: Train RMSE = 0.5896, Val RMSE = 0.7575
Epoch 220: Train RMSE = 0.5829, Val RMSE = 0.7309
Epoch 230: Train RMSE = 0.5724, Val RMSE = 0.7382
Epoch 240: Train RMSE = 0.5724, Val RMSE = 0.7341
Epoch 250: Train RMSE = 0.5533, Val RMSE = 0.7355
Epoch 260: Train RMSE = 0.5551, Val RMSE = 0.7185
Epoch 270: Train RMSE = 0.5577, Val RMSE = 0.7186
Epoch 280: Train RMSE = 0.5428, Val RMSE = 0.7096
Epoch 290: Train RMSE = 0.5364, Val RMSE = 0.6966
Fold 1 R2 score: 0.6442, RMSE: 0.7064, MAE: 0.5124, MSE: 0.4990
Fold 1 completed in 470.87 seconds.

FOLD 2 ----------------------------
Epoch 000: Train RMSE = 2.2149, Val RMSE = 2.2528
Epoch 010: Train RMSE = 1.0935, Val RMSE = 1.1163
Epoch 020: Train RMSE = 1.0353, Val RMSE = 1.0663
Epoch 030: Train RMSE = 1.0023, Val RMSE = 1.0347
Epoch 040: Train RMSE = 0.9637, Val RMSE = 1.0001
Epoch 050: Train RMSE = 0.9271, Val RMSE = 0.9658
Epoch 060: Train RMSE = 0.8699, Val RMSE = 0.9005
Epoch 070: Train RMSE = 0.8282, Val RMSE = 0.8521
Epoch 080: Train RMSE = 0.7919, Val RMSE = 0.8080
Epoch 090: Train RMSE = 0.7502, Val RMSE = 0.7701
Epoch 100: Train RMSE = 0.7280, Val RMSE = 0.7436
Epoch 110: Train RMSE = 0.7018, Val RMSE = 0.7172
Epoch 120: Train RMSE = 0.6840, Val RMSE = 0.6915
Epoch 130: Train RMSE = 0.6664, Val RMSE = 0.7042
Epoch 140: Train RMSE = 0.6548, Val RMSE = 0.6883
Epoch 150: Train RMSE = 0.6451, Val RMSE = 0.6803
Epoch 160: Train RMSE = 0.6391, Val RMSE = 0.6751
Epoch 170: Train RMSE = 0.6176, Val RMSE = 0.6659
Epoch 180: Train RMSE = 0.6183, Val RMSE = 0.6558
Epoch 190: Train RMSE = 0.6097, Val RMSE = 0.6434
Epoch 200: Train RMSE = 0.6034, Val RMSE = 0.6446
Epoch 210: Train RMSE = 0.5934, Val RMSE = 0.6409
Epoch 220: Train RMSE = 0.5758, Val RMSE = 0.6440
Epoch 230: Train RMSE = 0.5765, Val RMSE = 0.6239
Epoch 240: Train RMSE = 0.5779, Val RMSE = 0.6314
Epoch 250: Train RMSE = 0.5651, Val RMSE = 0.6279
Epoch 260: Train RMSE = 0.5548, Val RMSE = 0.6285
Epoch 270: Train RMSE = 0.5558, Val RMSE = 0.6188
Epoch 280: Train RMSE = 0.5459, Val RMSE = 0.6125
Epoch 290: Train RMSE = 0.5438, Val RMSE = 0.6070
Fold 2 R2 score: 0.7254, RMSE: 0.6258, MAE: 0.4602, MSE: 0.3916
Fold 2 completed in 471.22 seconds.

FOLD 3 ----------------------------
Epoch 000: Train RMSE = 2.3729, Val RMSE = 2.4138
Epoch 010: Train RMSE = 1.1118, Val RMSE = 1.0549
Epoch 020: Train RMSE = 1.0454, Val RMSE = 1.0009
Epoch 030: Train RMSE = 1.0007, Val RMSE = 0.9710
Epoch 040: Train RMSE = 0.9703, Val RMSE = 0.9353
Epoch 050: Train RMSE = 0.9246, Val RMSE = 0.9005
Epoch 060: Train RMSE = 0.8760, Val RMSE = 0.8591
Epoch 070: Train RMSE = 0.8208, Val RMSE = 0.8285
Epoch 080: Train RMSE = 0.7941, Val RMSE = 0.7954
Epoch 090: Train RMSE = 0.7462, Val RMSE = 0.7659
Epoch 100: Train RMSE = 0.7231, Val RMSE = 0.7591
Epoch 110: Train RMSE = 0.7110, Val RMSE = 0.7357
Epoch 120: Train RMSE = 0.6907, Val RMSE = 0.7329
Epoch 130: Train RMSE = 0.6717, Val RMSE = 0.7309
Epoch 140: Train RMSE = 0.6677, Val RMSE = 0.7206
Epoch 150: Train RMSE = 0.6439, Val RMSE = 0.7177
Epoch 160: Train RMSE = 0.6393, Val RMSE = 0.7077
Epoch 170: Train RMSE = 0.6374, Val RMSE = 0.7105
Epoch 180: Train RMSE = 0.6137, Val RMSE = 0.7033
Epoch 190: Train RMSE = 0.6219, Val RMSE = 0.7137
Epoch 200: Train RMSE = 0.6139, Val RMSE = 0.7004
Epoch 210: Train RMSE = 0.6005, Val RMSE = 0.7079
Epoch 220: Train RMSE = 0.5952, Val RMSE = 0.6944
Epoch 230: Train RMSE = 0.5960, Val RMSE = 0.7203
Epoch 240: Train RMSE = 0.5831, Val RMSE = 0.6840
Epoch 250: Train RMSE = 0.5744, Val RMSE = 0.6876
Epoch 260: Train RMSE = 0.5641, Val RMSE = 0.7132
Epoch 270: Train RMSE = 0.5687, Val RMSE = 0.6794
Early stopping triggered.
Fold 3 R2 score: 0.6244, RMSE: 0.6799, MAE: 0.5210, MSE: 0.4623
Fold 3 completed in 430.11 seconds.

FOLD 4 ----------------------------
Epoch 000: Train RMSE = 2.3202, Val RMSE = 2.3342
Epoch 010: Train RMSE = 1.0878, Val RMSE = 1.1788
Epoch 020: Train RMSE = 1.0251, Val RMSE = 1.1347
Epoch 030: Train RMSE = 0.9951, Val RMSE = 1.1098
Epoch 040: Train RMSE = 0.9589, Val RMSE = 1.0708
Epoch 050: Train RMSE = 0.9115, Val RMSE = 1.0098
Epoch 060: Train RMSE = 0.8721, Val RMSE = 0.9525
Epoch 070: Train RMSE = 0.8225, Val RMSE = 0.8965
Epoch 080: Train RMSE = 0.7846, Val RMSE = 0.8513
Epoch 090: Train RMSE = 0.7480, Val RMSE = 0.8131
Epoch 100: Train RMSE = 0.7283, Val RMSE = 0.7786
Epoch 110: Train RMSE = 0.6996, Val RMSE = 0.7667
Epoch 120: Train RMSE = 0.6851, Val RMSE = 0.7405
Epoch 130: Train RMSE = 0.6738, Val RMSE = 0.7275
Epoch 140: Train RMSE = 0.6572, Val RMSE = 0.7131
Epoch 150: Train RMSE = 0.6529, Val RMSE = 0.7020
Epoch 160: Train RMSE = 0.6417, Val RMSE = 0.6995
Epoch 170: Train RMSE = 0.6208, Val RMSE = 0.7107
Epoch 180: Train RMSE = 0.6073, Val RMSE = 0.6907
Epoch 190: Train RMSE = 0.6081, Val RMSE = 0.6882
Epoch 200: Train RMSE = 0.5937, Val RMSE = 0.7163
Epoch 210: Train RMSE = 0.5900, Val RMSE = 0.6810
Epoch 220: Train RMSE = 0.5951, Val RMSE = 0.6705
Epoch 230: Train RMSE = 0.5689, Val RMSE = 0.6748
Epoch 240: Train RMSE = 0.5733, Val RMSE = 0.6664
Epoch 250: Train RMSE = 0.5608, Val RMSE = 0.6639
Epoch 260: Train RMSE = 0.5576, Val RMSE = 0.6652
Epoch 270: Train RMSE = 0.5532, Val RMSE = 0.6607
Epoch 280: Train RMSE = 0.5471, Val RMSE = 0.6586
Epoch 290: Train RMSE = 0.5346, Val RMSE = 0.6710
Fold 4 R2 score: 0.7342, RMSE: 0.6457, MAE: 0.4953, MSE: 0.4170
Fold 4 completed in 472.70 seconds.

FOLD 5 ----------------------------
Epoch 000: Train RMSE = 2.2825, Val RMSE = 2.3499
Epoch 010: Train RMSE = 1.0791, Val RMSE = 1.1699
Epoch 020: Train RMSE = 1.0223, Val RMSE = 1.1330
Epoch 030: Train RMSE = 0.9842, Val RMSE = 1.1080
Epoch 040: Train RMSE = 0.9442, Val RMSE = 1.0790
Epoch 050: Train RMSE = 0.9102, Val RMSE = 1.0475
Epoch 060: Train RMSE = 0.8595, Val RMSE = 1.0134
Epoch 070: Train RMSE = 0.8117, Val RMSE = 0.9789
Epoch 080: Train RMSE = 0.7724, Val RMSE = 0.9400
Epoch 090: Train RMSE = 0.7460, Val RMSE = 0.9274
Epoch 100: Train RMSE = 0.7302, Val RMSE = 0.8854
Epoch 110: Train RMSE = 0.6896, Val RMSE = 0.8657
Epoch 120: Train RMSE = 0.6724, Val RMSE = 0.8625
Epoch 130: Train RMSE = 0.6604, Val RMSE = 0.8249
Epoch 140: Train RMSE = 0.6500, Val RMSE = 0.8229
Epoch 150: Train RMSE = 0.6458, Val RMSE = 0.8226
Epoch 160: Train RMSE = 0.6398, Val RMSE = 0.8026
Epoch 170: Train RMSE = 0.6292, Val RMSE = 0.8055
Epoch 180: Train RMSE = 0.6120, Val RMSE = 0.7889
Epoch 190: Train RMSE = 0.6069, Val RMSE = 0.7767
Epoch 200: Train RMSE = 0.5974, Val RMSE = 0.7859
Epoch 210: Train RMSE = 0.5952, Val RMSE = 0.7713
Epoch 220: Train RMSE = 0.5867, Val RMSE = 0.7709
Epoch 230: Train RMSE = 0.5789, Val RMSE = 0.7668
Epoch 240: Train RMSE = 0.5847, Val RMSE = 0.7576
Epoch 250: Train RMSE = 0.5574, Val RMSE = 0.7541
Epoch 260: Train RMSE = 0.5538, Val RMSE = 0.7501
Epoch 270: Train RMSE = 0.5550, Val RMSE = 0.7496
Epoch 280: Train RMSE = 0.5569, Val RMSE = 0.7439
Epoch 290: Train RMSE = 0.5527, Val RMSE = 0.7432
Fold 5 R2 score: 0.6521, RMSE: 0.7403, MAE: 0.5186, MSE: 0.5481
Fold 5 completed in 472.93 seconds.

FOLD 6 ----------------------------
Epoch 000: Train RMSE = 2.2956, Val RMSE = 2.2186
Epoch 010: Train RMSE = 1.0921, Val RMSE = 1.1293
Epoch 020: Train RMSE = 1.0244, Val RMSE = 1.0899
Epoch 030: Train RMSE = 0.9996, Val RMSE = 1.0545
Epoch 040: Train RMSE = 0.9534, Val RMSE = 1.0297
Epoch 050: Train RMSE = 0.9170, Val RMSE = 0.9813
Epoch 060: Train RMSE = 0.8804, Val RMSE = 0.9361
Epoch 070: Train RMSE = 0.8251, Val RMSE = 0.9119
Epoch 080: Train RMSE = 0.7968, Val RMSE = 0.8581
Epoch 090: Train RMSE = 0.7645, Val RMSE = 0.8247
Epoch 100: Train RMSE = 0.7325, Val RMSE = 0.8218
Epoch 110: Train RMSE = 0.7131, Val RMSE = 0.7927
Epoch 120: Train RMSE = 0.6885, Val RMSE = 0.7807
Epoch 130: Train RMSE = 0.6789, Val RMSE = 0.7912
Epoch 140: Train RMSE = 0.6637, Val RMSE = 0.7782
Epoch 150: Train RMSE = 0.6562, Val RMSE = 0.7943
Epoch 160: Train RMSE = 0.6441, Val RMSE = 0.7657
Epoch 170: Train RMSE = 0.6293, Val RMSE = 0.7677
Epoch 180: Train RMSE = 0.6132, Val RMSE = 0.7624
Early stopping triggered.
Fold 6 R2 score: 0.6110, RMSE: 0.7567, MAE: 0.5508, MSE: 0.5725
Fold 6 completed in 299.69 seconds.

FOLD 7 ----------------------------
Epoch 000: Train RMSE = 2.3225, Val RMSE = 2.3813
Epoch 010: Train RMSE = 1.1060, Val RMSE = 1.1126
Epoch 020: Train RMSE = 1.0313, Val RMSE = 1.0511
Epoch 030: Train RMSE = 1.0010, Val RMSE = 1.0072
Epoch 040: Train RMSE = 0.9535, Val RMSE = 0.9588
Epoch 050: Train RMSE = 0.9072, Val RMSE = 0.8921
Epoch 060: Train RMSE = 0.8511, Val RMSE = 0.8441
Epoch 070: Train RMSE = 0.7961, Val RMSE = 0.7852
Epoch 080: Train RMSE = 0.7629, Val RMSE = 0.7635
Epoch 090: Train RMSE = 0.7348, Val RMSE = 0.7251
Epoch 100: Train RMSE = 0.7084, Val RMSE = 0.7043
Epoch 110: Train RMSE = 0.6979, Val RMSE = 0.6818
Epoch 120: Train RMSE = 0.6829, Val RMSE = 0.6916
Epoch 130: Train RMSE = 0.6724, Val RMSE = 0.6610
Epoch 140: Train RMSE = 0.6515, Val RMSE = 0.6693
Epoch 150: Train RMSE = 0.6530, Val RMSE = 0.6506
Epoch 160: Train RMSE = 0.6382, Val RMSE = 0.6585
Epoch 170: Train RMSE = 0.6289, Val RMSE = 0.6342
Epoch 180: Train RMSE = 0.6171, Val RMSE = 0.6316
Epoch 190: Train RMSE = 0.6047, Val RMSE = 0.6338
Epoch 200: Train RMSE = 0.5975, Val RMSE = 0.6350
Epoch 210: Train RMSE = 0.6007, Val RMSE = 0.6128
Epoch 220: Train RMSE = 0.5888, Val RMSE = 0.6115
Epoch 230: Train RMSE = 0.5823, Val RMSE = 0.6171
Epoch 240: Train RMSE = 0.5758, Val RMSE = 0.6243
Epoch 250: Train RMSE = 0.5712, Val RMSE = 0.6081
Early stopping triggered.
Fold 7 R2 score: 0.6873, RMSE: 0.6509, MAE: 0.5085, MSE: 0.4237
Fold 7 completed in 409.32 seconds.

FOLD 8 ----------------------------
Epoch 000: Train RMSE = 2.2795, Val RMSE = 2.2993
Epoch 010: Train RMSE = 1.0932, Val RMSE = 1.1086
Epoch 020: Train RMSE = 1.0412, Val RMSE = 1.0543
Epoch 030: Train RMSE = 1.0103, Val RMSE = 1.0218
Epoch 040: Train RMSE = 0.9796, Val RMSE = 0.9981
Epoch 050: Train RMSE = 0.9405, Val RMSE = 0.9745
Epoch 060: Train RMSE = 0.9029, Val RMSE = 0.9321
Epoch 070: Train RMSE = 0.8539, Val RMSE = 0.8899
Epoch 080: Train RMSE = 0.8148, Val RMSE = 0.8490
Epoch 090: Train RMSE = 0.7854, Val RMSE = 0.8145
Epoch 100: Train RMSE = 0.7494, Val RMSE = 0.8121
Epoch 110: Train RMSE = 0.7251, Val RMSE = 0.7581
Epoch 120: Train RMSE = 0.7040, Val RMSE = 0.7569
Epoch 130: Train RMSE = 0.6839, Val RMSE = 0.7588
Epoch 140: Train RMSE = 0.6706, Val RMSE = 0.7299
Epoch 150: Train RMSE = 0.6549, Val RMSE = 0.7154
Epoch 160: Train RMSE = 0.6458, Val RMSE = 0.7192
Epoch 170: Train RMSE = 0.6307, Val RMSE = 0.7080
Epoch 180: Train RMSE = 0.6250, Val RMSE = 0.7339
Epoch 190: Train RMSE = 0.6080, Val RMSE = 0.6998
Epoch 200: Train RMSE = 0.6089, Val RMSE = 0.6966
Epoch 210: Train RMSE = 0.6018, Val RMSE = 0.6931
Epoch 220: Train RMSE = 0.5942, Val RMSE = 0.7068
Epoch 230: Train RMSE = 0.5940, Val RMSE = 0.6935
Epoch 240: Train RMSE = 0.5913, Val RMSE = 0.6868
Epoch 250: Train RMSE = 0.5812, Val RMSE = 0.6807
Epoch 260: Train RMSE = 0.5696, Val RMSE = 0.6812
Epoch 270: Train RMSE = 0.5663, Val RMSE = 0.6806
Epoch 280: Train RMSE = 0.5620, Val RMSE = 0.6797
Epoch 290: Train RMSE = 0.5610, Val RMSE = 0.6738
Fold 8 R2 score: 0.6799, RMSE: 0.6743, MAE: 0.5116, MSE: 0.4546
Fold 8 completed in 474.68 seconds.

FOLD 9 ----------------------------
Epoch 000: Train RMSE = 2.2810, Val RMSE = 2.3366
Epoch 010: Train RMSE = 1.0823, Val RMSE = 1.1586
Epoch 020: Train RMSE = 1.0300, Val RMSE = 1.1010
Epoch 030: Train RMSE = 0.9888, Val RMSE = 1.0698
Epoch 040: Train RMSE = 0.9711, Val RMSE = 1.0377
Epoch 050: Train RMSE = 0.9245, Val RMSE = 1.0092
Epoch 060: Train RMSE = 0.8856, Val RMSE = 0.9657
Epoch 070: Train RMSE = 0.8379, Val RMSE = 0.9325
Epoch 080: Train RMSE = 0.8004, Val RMSE = 0.8965
Epoch 090: Train RMSE = 0.7721, Val RMSE = 0.8678
Epoch 100: Train RMSE = 0.7420, Val RMSE = 0.8508
Epoch 110: Train RMSE = 0.7318, Val RMSE = 0.8285
Epoch 120: Train RMSE = 0.7122, Val RMSE = 0.8019
Epoch 130: Train RMSE = 0.6963, Val RMSE = 0.8004
Epoch 140: Train RMSE = 0.6677, Val RMSE = 0.7802
Epoch 150: Train RMSE = 0.6698, Val RMSE = 0.7670
Epoch 160: Train RMSE = 0.6541, Val RMSE = 0.7552
Epoch 170: Train RMSE = 0.6399, Val RMSE = 0.7560
Epoch 180: Train RMSE = 0.6372, Val RMSE = 0.7626
Epoch 190: Train RMSE = 0.6204, Val RMSE = 0.7394
Epoch 200: Train RMSE = 0.6134, Val RMSE = 0.7199
Epoch 210: Train RMSE = 0.6159, Val RMSE = 0.7182
Epoch 220: Train RMSE = 0.6073, Val RMSE = 0.7266
Epoch 230: Train RMSE = 0.5898, Val RMSE = 0.7132
Epoch 240: Train RMSE = 0.5839, Val RMSE = 0.7140
Epoch 250: Train RMSE = 0.5810, Val RMSE = 0.7101
Epoch 260: Train RMSE = 0.5742, Val RMSE = 0.7131
Epoch 270: Train RMSE = 0.5589, Val RMSE = 0.7002
Epoch 280: Train RMSE = 0.5498, Val RMSE = 0.7128
Epoch 290: Train RMSE = 0.5622, Val RMSE = 0.6987
Fold 9 R2 score: 0.6889, RMSE: 0.6919, MAE: 0.5203, MSE: 0.4787
Fold 9 completed in 460.35 seconds.

Final Cross-Validation Results:
Average R2:  0.6748 ± 0.0390
Average RMSE: 0.6819 ± 0.0405
Average MAE:  0.5088 ± 0.0226
Average MSE:  0.4666 ± 0.0560
Total execution time: 4378.76 seconds
