
FOLD 0 ----------------------------
Epoch 000: Train RMSE = 1.1447, Val RMSE = 1.2188
Epoch 010: Train RMSE = 1.0516, Val RMSE = 1.1892
Epoch 020: Train RMSE = 0.9848, Val RMSE = 1.1330
Epoch 030: Train RMSE = 0.9482, Val RMSE = 1.1179
Epoch 040: Train RMSE = 0.9405, Val RMSE = 1.1400
Epoch 050: Train RMSE = 0.9271, Val RMSE = 1.1347
Epoch 060: Train RMSE = 0.9168, Val RMSE = 1.0367
Epoch 070: Train RMSE = 0.8773, Val RMSE = 1.0105
Epoch 080: Train RMSE = 0.8541, Val RMSE = 0.9934
Epoch 090: Train RMSE = 0.8338, Val RMSE = 0.9686
Epoch 100: Train RMSE = 0.8141, Val RMSE = 1.0003
Epoch 110: Train RMSE = 0.7965, Val RMSE = 0.9463
Epoch 120: Train RMSE = 0.7920, Val RMSE = 0.9077
Epoch 130: Train RMSE = 0.7759, Val RMSE = 0.8965
Epoch 140: Train RMSE = 0.7602, Val RMSE = 0.8725
Epoch 150: Train RMSE = 0.7499, Val RMSE = 0.8503
Epoch 160: Train RMSE = 0.7458, Val RMSE = 0.8695
Epoch 170: Train RMSE = 0.7291, Val RMSE = 0.8632
Epoch 180: Train RMSE = 0.7253, Val RMSE = 0.8643
Epoch 190: Train RMSE = 0.7009, Val RMSE = 0.8553
Epoch 200: Train RMSE = 0.6854, Val RMSE = 0.8450
Epoch 210: Train RMSE = 0.6911, Val RMSE = 0.8136
Epoch 220: Train RMSE = 0.6890, Val RMSE = 0.8073
Epoch 230: Train RMSE = 0.6710, Val RMSE = 0.7922
Epoch 240: Train RMSE = 0.6707, Val RMSE = 0.8019
Epoch 250: Train RMSE = 0.6655, Val RMSE = 0.7892
Epoch 260: Train RMSE = 0.6540, Val RMSE = 0.8271
Epoch 270: Train RMSE = 0.6545, Val RMSE = 0.7882
Epoch 280: Train RMSE = 0.6429, Val RMSE = 0.7740
Epoch 290: Train RMSE = 0.6543, Val RMSE = 0.8248
Fold 0 R2 score: 0.5897, RMSE: 0.7803, MAE: 0.5889, MSE: 0.6088
Fold 0 completed in 886.91 seconds.

FOLD 1 ----------------------------
Epoch 000: Train RMSE = 1.1318, Val RMSE = 1.1630
Epoch 010: Train RMSE = 1.0593, Val RMSE = 1.1420
Epoch 020: Train RMSE = 1.0038, Val RMSE = 1.0783
Epoch 030: Train RMSE = 0.9803, Val RMSE = 1.0591
Epoch 040: Train RMSE = 0.9686, Val RMSE = 1.1178
Epoch 050: Train RMSE = 0.9356, Val RMSE = 1.0114
Epoch 060: Train RMSE = 0.8993, Val RMSE = 1.1367
Epoch 070: Train RMSE = 0.8847, Val RMSE = 0.9776
Epoch 080: Train RMSE = 0.8682, Val RMSE = 0.9901
Epoch 090: Train RMSE = 0.8517, Val RMSE = 0.9469
Epoch 100: Train RMSE = 0.8284, Val RMSE = 0.9406
Epoch 110: Train RMSE = 0.8124, Val RMSE = 0.9057
Epoch 120: Train RMSE = 0.7910, Val RMSE = 0.8991
Epoch 130: Train RMSE = 0.7777, Val RMSE = 0.9634
Epoch 140: Train RMSE = 0.7691, Val RMSE = 0.8897
Epoch 150: Train RMSE = 0.7772, Val RMSE = 0.8946
Epoch 160: Train RMSE = 0.7480, Val RMSE = 0.8936
Epoch 170: Train RMSE = 0.7536, Val RMSE = 0.8853
Epoch 180: Train RMSE = 0.7276, Val RMSE = 0.8675
Epoch 190: Train RMSE = 0.7269, Val RMSE = 0.8428
Epoch 200: Train RMSE = 0.7080, Val RMSE = 0.8325
Epoch 210: Train RMSE = 0.6966, Val RMSE = 0.8576
Epoch 220: Train RMSE = 0.6927, Val RMSE = 0.8496
Epoch 230: Train RMSE = 0.6827, Val RMSE = 0.8921
Epoch 240: Train RMSE = 0.6809, Val RMSE = 0.8377
Epoch 250: Train RMSE = 0.6832, Val RMSE = 0.8313
Epoch 260: Train RMSE = 0.6577, Val RMSE = 0.8215
Early stopping triggered.
Fold 1 R2 score: 0.5246, RMSE: 0.8070, MAE: 0.5895, MSE: 0.6513
Fold 1 completed in 811.39 seconds.

FOLD 2 ----------------------------
Epoch 000: Train RMSE = 1.1320, Val RMSE = 1.2549
Epoch 010: Train RMSE = 1.0366, Val RMSE = 1.2358
Epoch 020: Train RMSE = 1.0057, Val RMSE = 1.2030
Epoch 030: Train RMSE = 0.9745, Val RMSE = 1.1092
Epoch 040: Train RMSE = 0.9573, Val RMSE = 1.0846
Epoch 050: Train RMSE = 0.9287, Val RMSE = 1.0606
Epoch 060: Train RMSE = 0.9074, Val RMSE = 1.0137
Epoch 070: Train RMSE = 0.8747, Val RMSE = 0.9925
Epoch 080: Train RMSE = 0.8591, Val RMSE = 1.0001
Epoch 090: Train RMSE = 0.8431, Val RMSE = 0.9483
Epoch 100: Train RMSE = 0.8279, Val RMSE = 0.9609
Epoch 110: Train RMSE = 0.8168, Val RMSE = 0.9521
Epoch 120: Train RMSE = 0.8034, Val RMSE = 0.9173
Epoch 130: Train RMSE = 0.7956, Val RMSE = 0.9110
Epoch 140: Train RMSE = 0.7766, Val RMSE = 0.8941
Epoch 150: Train RMSE = 0.7602, Val RMSE = 0.8771
Epoch 160: Train RMSE = 0.7636, Val RMSE = 0.8679
Epoch 170: Train RMSE = 0.7405, Val RMSE = 0.8454
Epoch 180: Train RMSE = 0.7311, Val RMSE = 0.9047
Epoch 190: Train RMSE = 0.7280, Val RMSE = 0.8320
Epoch 200: Train RMSE = 0.7164, Val RMSE = 0.8820
Epoch 210: Train RMSE = 0.7052, Val RMSE = 0.7973
Epoch 220: Train RMSE = 0.7040, Val RMSE = 0.8322
Epoch 230: Train RMSE = 0.6980, Val RMSE = 0.8217
Epoch 240: Train RMSE = 0.6893, Val RMSE = 0.7991
Epoch 250: Train RMSE = 0.6708, Val RMSE = 0.7874
Epoch 260: Train RMSE = 0.6637, Val RMSE = 0.7777
Epoch 270: Train RMSE = 0.6646, Val RMSE = 0.8157
Epoch 280: Train RMSE = 0.6649, Val RMSE = 0.7645
Epoch 290: Train RMSE = 0.6578, Val RMSE = 0.7690
Fold 2 R2 score: 0.6089, RMSE: 0.7880, MAE: 0.6054, MSE: 0.6209
Fold 2 completed in 909.94 seconds.

FOLD 3 ----------------------------
Epoch 000: Train RMSE = 1.1453, Val RMSE = 1.2033
Epoch 010: Train RMSE = 1.0566, Val RMSE = 1.1453
Epoch 020: Train RMSE = 1.0047, Val RMSE = 1.1180
Epoch 030: Train RMSE = 0.9808, Val RMSE = 1.0746
Epoch 040: Train RMSE = 0.9670, Val RMSE = 1.0569
Epoch 050: Train RMSE = 0.9558, Val RMSE = 1.0652
Epoch 060: Train RMSE = 0.9269, Val RMSE = 1.0239
Epoch 070: Train RMSE = 0.9073, Val RMSE = 1.0220
Epoch 080: Train RMSE = 0.8899, Val RMSE = 0.9777
Epoch 090: Train RMSE = 0.8727, Val RMSE = 0.9497
Epoch 100: Train RMSE = 0.8474, Val RMSE = 0.9401
Epoch 110: Train RMSE = 0.8425, Val RMSE = 0.9260
Epoch 120: Train RMSE = 0.8154, Val RMSE = 0.9432
Epoch 130: Train RMSE = 0.8014, Val RMSE = 0.9107
Epoch 140: Train RMSE = 0.7887, Val RMSE = 0.9177
Epoch 150: Train RMSE = 0.7662, Val RMSE = 0.8674
Epoch 160: Train RMSE = 0.7626, Val RMSE = 0.8446
Epoch 170: Train RMSE = 0.7508, Val RMSE = 0.8422
Epoch 180: Train RMSE = 0.7536, Val RMSE = 0.8367
Epoch 190: Train RMSE = 0.7386, Val RMSE = 0.8649
Epoch 200: Train RMSE = 0.7281, Val RMSE = 0.8272
Epoch 210: Train RMSE = 0.7160, Val RMSE = 0.8229
Epoch 220: Train RMSE = 0.7237, Val RMSE = 0.8371
Epoch 230: Train RMSE = 0.7013, Val RMSE = 0.8003
Epoch 240: Train RMSE = 0.7061, Val RMSE = 0.8307
Epoch 250: Train RMSE = 0.7028, Val RMSE = 0.7870
Epoch 260: Train RMSE = 0.6793, Val RMSE = 0.7983
Epoch 270: Train RMSE = 0.6723, Val RMSE = 0.7766
Epoch 280: Train RMSE = 0.6753, Val RMSE = 0.7913
Epoch 290: Train RMSE = 0.6809, Val RMSE = 0.8053
Fold 3 R2 score: 0.5449, RMSE: 0.7865, MAE: 0.5903, MSE: 0.6186
Fold 3 completed in 871.41 seconds.

FOLD 4 ----------------------------
Epoch 000: Train RMSE = 1.1341, Val RMSE = 1.1881
Epoch 010: Train RMSE = 1.0494, Val RMSE = 1.1585
Epoch 020: Train RMSE = 1.0267, Val RMSE = 1.1049
Epoch 030: Train RMSE = 0.9969, Val RMSE = 1.1357
Epoch 040: Train RMSE = 0.9764, Val RMSE = 1.0603
Epoch 050: Train RMSE = 0.9523, Val RMSE = 1.0281
Epoch 060: Train RMSE = 0.9176, Val RMSE = 1.0320
Epoch 070: Train RMSE = 0.8886, Val RMSE = 1.0773
Epoch 080: Train RMSE = 0.8855, Val RMSE = 0.9616
Epoch 090: Train RMSE = 0.8518, Val RMSE = 0.9248
Epoch 100: Train RMSE = 0.8456, Val RMSE = 0.9383
Epoch 110: Train RMSE = 0.8306, Val RMSE = 0.8943
Epoch 120: Train RMSE = 0.8085, Val RMSE = 0.8750
Epoch 130: Train RMSE = 0.7922, Val RMSE = 0.8497
Epoch 140: Train RMSE = 0.7765, Val RMSE = 0.8799
Epoch 150: Train RMSE = 0.7761, Val RMSE = 0.8308
Epoch 160: Train RMSE = 0.7582, Val RMSE = 0.8283
Epoch 170: Train RMSE = 0.7460, Val RMSE = 0.8127
Epoch 180: Train RMSE = 0.7357, Val RMSE = 0.8321
Epoch 190: Train RMSE = 0.7342, Val RMSE = 0.8216
Epoch 200: Train RMSE = 0.7329, Val RMSE = 0.8098
Epoch 210: Train RMSE = 0.7222, Val RMSE = 0.7910
Epoch 220: Train RMSE = 0.7024, Val RMSE = 0.7891
Epoch 230: Train RMSE = 0.7036, Val RMSE = 0.7607
Epoch 240: Train RMSE = 0.6906, Val RMSE = 0.7705
Epoch 250: Train RMSE = 0.6874, Val RMSE = 0.7989
Epoch 260: Train RMSE = 0.6798, Val RMSE = 0.7694
Epoch 270: Train RMSE = 0.6685, Val RMSE = 0.7412
Epoch 280: Train RMSE = 0.6775, Val RMSE = 0.7363
Epoch 290: Train RMSE = 0.6710, Val RMSE = 0.7723
Fold 4 R2 score: 0.6011, RMSE: 0.7558, MAE: 0.5642, MSE: 0.5712
Fold 4 completed in 544.87 seconds.

Final Cross-Validation Results:
Average R2:  0.5739 ± 0.0332
Average RMSE: 0.7835 ± 0.0165
Average MAE:  0.5876 ± 0.0132
Average MSE:  0.6142 ± 0.0257
Total execution time: 4024.52 seconds
