Class distribution: Counter({0: 2108, 1: 2092})

🌀 Fold 0 -----------------------------
Epoch 000: Train Acc = 0.5085, Val Loss = 0.6930
Epoch 010: Train Acc = 0.5767, Val Loss = 0.6733
Epoch 020: Train Acc = 0.6135, Val Loss = 0.6395
Epoch 030: Train Acc = 0.6317, Val Loss = 0.6289
Epoch 040: Train Acc = 0.6511, Val Loss = 0.6258
Epoch 050: Train Acc = 0.6690, Val Loss = 0.6089
Epoch 060: Train Acc = 0.6905, Val Loss = 0.5968
Epoch 070: Train Acc = 0.7013, Val Loss = 0.6071
Epoch 080: Train Acc = 0.6981, Val Loss = 0.5601
Epoch 090: Train Acc = 0.7230, Val Loss = 0.5739
Epoch 100: Train Acc = 0.7386, Val Loss = 0.5445
Epoch 110: Train Acc = 0.7468, Val Loss = 0.5438
Epoch 120: Train Acc = 0.7492, Val Loss = 0.5500
Epoch 130: Train Acc = 0.7437, Val Loss = 0.5254
Epoch 140: Train Acc = 0.7619, Val Loss = 0.5431
Epoch 150: Train Acc = 0.7627, Val Loss = 0.5492
Epoch 160: Train Acc = 0.7680, Val Loss = 0.5304
Epoch 170: Train Acc = 0.7812, Val Loss = 0.5185
Epoch 180: Train Acc = 0.7831, Val Loss = 0.4921
Epoch 190: Train Acc = 0.7817, Val Loss = 0.5134
Epoch 200: Train Acc = 0.7815, Val Loss = 0.5067
⏹️ Early stopping triggered.
✅ Fold 0 - Accuracy: 0.7595, Precision: 0.7559, Recall: 0.7667, F1: 0.7612
Fold time: 372.29s

🌀 Fold 1 -----------------------------
Epoch 000: Train Acc = 0.5032, Val Loss = 0.6935
Epoch 010: Train Acc = 0.5796, Val Loss = 0.6936
Epoch 020: Train Acc = 0.6103, Val Loss = 0.6943
Epoch 030: Train Acc = 0.6349, Val Loss = 0.6537
Epoch 040: Train Acc = 0.6474, Val Loss = 0.6420
Epoch 050: Train Acc = 0.6696, Val Loss = 0.6354
Epoch 060: Train Acc = 0.6862, Val Loss = 0.6390
Epoch 070: Train Acc = 0.6944, Val Loss = 0.6054
Epoch 080: Train Acc = 0.7061, Val Loss = 0.6058
Epoch 090: Train Acc = 0.7164, Val Loss = 0.5975
Epoch 100: Train Acc = 0.7288, Val Loss = 0.6048
Epoch 110: Train Acc = 0.7349, Val Loss = 0.5771
Epoch 120: Train Acc = 0.7500, Val Loss = 0.6149
Epoch 130: Train Acc = 0.7569, Val Loss = 0.5760
Epoch 140: Train Acc = 0.7468, Val Loss = 0.5723
Epoch 150: Train Acc = 0.7696, Val Loss = 0.5665
Epoch 160: Train Acc = 0.7582, Val Loss = 0.5803
Epoch 170: Train Acc = 0.7714, Val Loss = 0.6345
Epoch 180: Train Acc = 0.7854, Val Loss = 0.5505
Epoch 190: Train Acc = 0.7746, Val Loss = 0.5306
Epoch 200: Train Acc = 0.7796, Val Loss = 0.5610
Epoch 210: Train Acc = 0.7937, Val Loss = 0.5376
Epoch 220: Train Acc = 0.7921, Val Loss = 0.5480
Epoch 230: Train Acc = 0.7963, Val Loss = 0.5801
Epoch 240: Train Acc = 0.7992, Val Loss = 0.5815
⏹️ Early stopping triggered.
✅ Fold 1 - Accuracy: 0.7881, Precision: 0.7763, Recall: 0.8095, F1: 0.7925
Fold time: 527.53s

🌀 Fold 2 -----------------------------
Epoch 000: Train Acc = 0.5037, Val Loss = 0.6928
Epoch 010: Train Acc = 0.5754, Val Loss = 0.6737
Epoch 020: Train Acc = 0.6122, Val Loss = 0.6650
Epoch 030: Train Acc = 0.6288, Val Loss = 0.6374
Epoch 040: Train Acc = 0.6452, Val Loss = 0.6317
Epoch 050: Train Acc = 0.6685, Val Loss = 0.5958
Epoch 060: Train Acc = 0.6770, Val Loss = 0.5860
Epoch 070: Train Acc = 0.6929, Val Loss = 0.5671
Epoch 080: Train Acc = 0.7042, Val Loss = 0.5327
Epoch 090: Train Acc = 0.7161, Val Loss = 0.5464
Epoch 100: Train Acc = 0.7310, Val Loss = 0.5130
Epoch 110: Train Acc = 0.7349, Val Loss = 0.5107
Epoch 120: Train Acc = 0.7410, Val Loss = 0.4974
Epoch 130: Train Acc = 0.7423, Val Loss = 0.5018
Epoch 140: Train Acc = 0.7392, Val Loss = 0.4931
Epoch 150: Train Acc = 0.7529, Val Loss = 0.4885
Epoch 160: Train Acc = 0.7579, Val Loss = 0.4618
Epoch 170: Train Acc = 0.7614, Val Loss = 0.4668
Epoch 180: Train Acc = 0.7738, Val Loss = 0.4714
Epoch 190: Train Acc = 0.7646, Val Loss = 0.4847
Epoch 200: Train Acc = 0.7767, Val Loss = 0.4490
Epoch 210: Train Acc = 0.7844, Val Loss = 0.4422
Epoch 220: Train Acc = 0.7799, Val Loss = 0.4553
Epoch 230: Train Acc = 0.7884, Val Loss = 0.4340
Epoch 240: Train Acc = 0.7987, Val Loss = 0.5269
Epoch 250: Train Acc = 0.7966, Val Loss = 0.4431
Epoch 260: Train Acc = 0.7992, Val Loss = 0.4511
Epoch 270: Train Acc = 0.8000, Val Loss = 0.4470
Epoch 280: Train Acc = 0.8108, Val Loss = 0.4018
⏹️ Early stopping triggered.
✅ Fold 2 - Accuracy: 0.8190, Precision: 0.8182, Recall: 0.8182, F1: 0.8182
Fold time: 607.33s

🌀 Fold 3 -----------------------------
Epoch 000: Train Acc = 0.5034, Val Loss = 0.6923
Epoch 010: Train Acc = 0.5733, Val Loss = 0.6747
Epoch 020: Train Acc = 0.6220, Val Loss = 0.6450
Epoch 030: Train Acc = 0.6463, Val Loss = 0.6217
Epoch 040: Train Acc = 0.6611, Val Loss = 0.5908
Epoch 050: Train Acc = 0.6751, Val Loss = 0.5892
Epoch 060: Train Acc = 0.6984, Val Loss = 0.5620
Epoch 070: Train Acc = 0.6971, Val Loss = 0.5483
Epoch 080: Train Acc = 0.7159, Val Loss = 0.5621
Epoch 090: Train Acc = 0.7275, Val Loss = 0.5537
Epoch 100: Train Acc = 0.7386, Val Loss = 0.5382
Epoch 110: Train Acc = 0.7415, Val Loss = 0.5630
Epoch 120: Train Acc = 0.7579, Val Loss = 0.5393
Epoch 130: Train Acc = 0.7444, Val Loss = 0.5697
Epoch 140: Train Acc = 0.7553, Val Loss = 0.5521
Epoch 150: Train Acc = 0.7595, Val Loss = 0.5421
Epoch 160: Train Acc = 0.7688, Val Loss = 0.5225
Epoch 170: Train Acc = 0.7807, Val Loss = 0.5379
Epoch 180: Train Acc = 0.7794, Val Loss = 0.5332
Epoch 190: Train Acc = 0.7820, Val Loss = 0.5435
Epoch 200: Train Acc = 0.7815, Val Loss = 0.5497
Epoch 210: Train Acc = 0.7947, Val Loss = 0.5302
Epoch 220: Train Acc = 0.7942, Val Loss = 0.5236
Epoch 230: Train Acc = 0.8005, Val Loss = 0.5427
Epoch 240: Train Acc = 0.7942, Val Loss = 0.5088
Epoch 250: Train Acc = 0.7979, Val Loss = 0.5015
Epoch 260: Train Acc = 0.8029, Val Loss = 0.4933
Epoch 270: Train Acc = 0.8045, Val Loss = 0.4947
Epoch 280: Train Acc = 0.8172, Val Loss = 0.5098
Epoch 290: Train Acc = 0.8074, Val Loss = 0.4912
✅ Fold 3 - Accuracy: 0.7857, Precision: 0.8020, Recall: 0.7560, F1: 0.7783
Fold time: 646.91s

🌀 Fold 4 -----------------------------
Epoch 000: Train Acc = 0.5021, Val Loss = 0.6936
Epoch 010: Train Acc = 0.5749, Val Loss = 0.6713
Epoch 020: Train Acc = 0.6156, Val Loss = 0.6642
Epoch 030: Train Acc = 0.6275, Val Loss = 0.6311
Epoch 040: Train Acc = 0.6413, Val Loss = 0.6221
Epoch 050: Train Acc = 0.6643, Val Loss = 0.6096
Epoch 060: Train Acc = 0.6802, Val Loss = 0.5964
Epoch 070: Train Acc = 0.6989, Val Loss = 0.5947
Epoch 080: Train Acc = 0.7034, Val Loss = 0.5738
Epoch 090: Train Acc = 0.7233, Val Loss = 0.5791
Epoch 100: Train Acc = 0.7267, Val Loss = 0.5643
Epoch 110: Train Acc = 0.7246, Val Loss = 0.5664
Epoch 120: Train Acc = 0.7360, Val Loss = 0.5607
Epoch 130: Train Acc = 0.7442, Val Loss = 0.5565
Epoch 140: Train Acc = 0.7534, Val Loss = 0.5418
Epoch 150: Train Acc = 0.7627, Val Loss = 0.5692
Epoch 160: Train Acc = 0.7709, Val Loss = 0.5514
Epoch 170: Train Acc = 0.7688, Val Loss = 0.5253
Epoch 180: Train Acc = 0.7706, Val Loss = 0.5221
Epoch 190: Train Acc = 0.7786, Val Loss = 0.5388
Epoch 200: Train Acc = 0.7757, Val Loss = 0.5426
Epoch 210: Train Acc = 0.7876, Val Loss = 0.5449
Epoch 220: Train Acc = 0.7884, Val Loss = 0.5335
Epoch 230: Train Acc = 0.7918, Val Loss = 0.5125
Epoch 240: Train Acc = 0.7942, Val Loss = 0.5114
Epoch 250: Train Acc = 0.8029, Val Loss = 0.4959
Epoch 260: Train Acc = 0.8034, Val Loss = 0.5457
Epoch 270: Train Acc = 0.8056, Val Loss = 0.5425
Epoch 280: Train Acc = 0.8024, Val Loss = 0.4818
Epoch 290: Train Acc = 0.8098, Val Loss = 0.4904
✅ Fold 4 - Accuracy: 0.7786, Precision: 0.7736, Recall: 0.7847, F1: 0.7791
Fold time: 647.42s

🌀 Fold 5 -----------------------------
Epoch 000: Train Acc = 0.5021, Val Loss = 0.6928
Epoch 010: Train Acc = 0.5714, Val Loss = 0.6683
Epoch 020: Train Acc = 0.6198, Val Loss = 0.6600
Epoch 030: Train Acc = 0.6402, Val Loss = 0.6398
Epoch 040: Train Acc = 0.6466, Val Loss = 0.6448
Epoch 050: Train Acc = 0.6759, Val Loss = 0.6096
Epoch 060: Train Acc = 0.6865, Val Loss = 0.5990
Epoch 070: Train Acc = 0.6997, Val Loss = 0.5927
Epoch 080: Train Acc = 0.7024, Val Loss = 0.5821
Epoch 090: Train Acc = 0.7085, Val Loss = 0.5651
Epoch 100: Train Acc = 0.7116, Val Loss = 0.5512
Epoch 110: Train Acc = 0.7315, Val Loss = 0.5469
Epoch 120: Train Acc = 0.7429, Val Loss = 0.5464
Epoch 130: Train Acc = 0.7450, Val Loss = 0.5388
Epoch 140: Train Acc = 0.7516, Val Loss = 0.5889
Epoch 150: Train Acc = 0.7577, Val Loss = 0.4999
Epoch 160: Train Acc = 0.7690, Val Loss = 0.5183
Epoch 170: Train Acc = 0.7524, Val Loss = 0.5013
Epoch 180: Train Acc = 0.7646, Val Loss = 0.5159
⏹️ Early stopping triggered.
✅ Fold 5 - Accuracy: 0.7643, Precision: 0.7500, Recall: 0.7895, F1: 0.7692
Fold time: 386.64s

🌀 Fold 6 -----------------------------
Epoch 000: Train Acc = 0.5111, Val Loss = 0.6922
Epoch 010: Train Acc = 0.5770, Val Loss = 0.6791
Epoch 020: Train Acc = 0.6090, Val Loss = 0.6473
Epoch 030: Train Acc = 0.6331, Val Loss = 0.6258
Epoch 040: Train Acc = 0.6590, Val Loss = 0.6058
Epoch 050: Train Acc = 0.6669, Val Loss = 0.5968
Epoch 060: Train Acc = 0.6759, Val Loss = 0.5827
Epoch 070: Train Acc = 0.6907, Val Loss = 0.5809
Epoch 080: Train Acc = 0.6884, Val Loss = 0.5682
Epoch 090: Train Acc = 0.7003, Val Loss = 0.5583
Epoch 100: Train Acc = 0.7156, Val Loss = 0.5527
Epoch 110: Train Acc = 0.7225, Val Loss = 0.5624
Epoch 120: Train Acc = 0.7246, Val Loss = 0.5284
Epoch 130: Train Acc = 0.7413, Val Loss = 0.5757
Epoch 140: Train Acc = 0.7471, Val Loss = 0.5141
Epoch 150: Train Acc = 0.7497, Val Loss = 0.5031
Epoch 160: Train Acc = 0.7577, Val Loss = 0.4980
Epoch 170: Train Acc = 0.7646, Val Loss = 0.4924
Epoch 180: Train Acc = 0.7646, Val Loss = 0.5018
Epoch 190: Train Acc = 0.7680, Val Loss = 0.5029
Epoch 200: Train Acc = 0.7794, Val Loss = 0.5382
Epoch 210: Train Acc = 0.7772, Val Loss = 0.4888
Epoch 220: Train Acc = 0.7833, Val Loss = 0.4531
Epoch 230: Train Acc = 0.7995, Val Loss = 0.4388
Epoch 240: Train Acc = 0.7886, Val Loss = 0.4386
⏹️ Early stopping triggered.
✅ Fold 6 - Accuracy: 0.7929, Precision: 0.7500, Recall: 0.8756, F1: 0.8079
Fold time: 298.13s

🌀 Fold 7 -----------------------------
Epoch 000: Train Acc = 0.5101, Val Loss = 0.6936
Epoch 010: Train Acc = 0.5788, Val Loss = 0.6789
Epoch 020: Train Acc = 0.6177, Val Loss = 0.6691
Epoch 030: Train Acc = 0.6249, Val Loss = 0.6402
Epoch 040: Train Acc = 0.6423, Val Loss = 0.6315
Epoch 050: Train Acc = 0.6579, Val Loss = 0.6180
Epoch 060: Train Acc = 0.6854, Val Loss = 0.5901
Epoch 070: Train Acc = 0.6876, Val Loss = 0.6168
Epoch 080: Train Acc = 0.7116, Val Loss = 0.5700
Epoch 090: Train Acc = 0.7074, Val Loss = 0.5653
Epoch 100: Train Acc = 0.7214, Val Loss = 0.5613
Epoch 110: Train Acc = 0.7328, Val Loss = 0.5983
Epoch 120: Train Acc = 0.7471, Val Loss = 0.5507
Epoch 130: Train Acc = 0.7447, Val Loss = 0.5381
Epoch 140: Train Acc = 0.7537, Val Loss = 0.5215
Epoch 150: Train Acc = 0.7587, Val Loss = 0.5524
Epoch 160: Train Acc = 0.7717, Val Loss = 0.5274
Epoch 170: Train Acc = 0.7749, Val Loss = 0.5222
Epoch 180: Train Acc = 0.7786, Val Loss = 0.5687
Epoch 190: Train Acc = 0.7929, Val Loss = 0.5275
Epoch 200: Train Acc = 0.7942, Val Loss = 0.5383
Epoch 210: Train Acc = 0.7902, Val Loss = 0.5222
Epoch 220: Train Acc = 0.7799, Val Loss = 0.5221
Epoch 230: Train Acc = 0.8101, Val Loss = 0.5219
⏹️ Early stopping triggered.
✅ Fold 7 - Accuracy: 0.7833, Precision: 0.7479, Recall: 0.8517, F1: 0.7964
Fold time: 193.36s

🌀 Fold 8 -----------------------------
Epoch 000: Train Acc = 0.5066, Val Loss = 0.6928
Epoch 010: Train Acc = 0.5738, Val Loss = 0.6750
Epoch 020: Train Acc = 0.6119, Val Loss = 0.6766
Epoch 030: Train Acc = 0.6278, Val Loss = 0.6247
Epoch 040: Train Acc = 0.6357, Val Loss = 0.6116
Epoch 050: Train Acc = 0.6606, Val Loss = 0.5841
Epoch 060: Train Acc = 0.6698, Val Loss = 0.5706
Epoch 070: Train Acc = 0.6886, Val Loss = 0.5700
Epoch 080: Train Acc = 0.7090, Val Loss = 0.5658
Epoch 090: Train Acc = 0.7159, Val Loss = 0.5475
Epoch 100: Train Acc = 0.7230, Val Loss = 0.5003
Epoch 110: Train Acc = 0.7317, Val Loss = 0.5207
Epoch 120: Train Acc = 0.7399, Val Loss = 0.4976
Epoch 130: Train Acc = 0.7450, Val Loss = 0.5267
Epoch 140: Train Acc = 0.7582, Val Loss = 0.5129
Epoch 150: Train Acc = 0.7455, Val Loss = 0.4678
Epoch 160: Train Acc = 0.7579, Val Loss = 0.5053
Epoch 170: Train Acc = 0.7651, Val Loss = 0.4788
Epoch 180: Train Acc = 0.7730, Val Loss = 0.4794
Epoch 190: Train Acc = 0.7690, Val Loss = 0.4541
Epoch 200: Train Acc = 0.7865, Val Loss = 0.4509
Epoch 210: Train Acc = 0.7794, Val Loss = 0.4648
Epoch 220: Train Acc = 0.7823, Val Loss = 0.4985
Epoch 230: Train Acc = 0.7939, Val Loss = 0.4649
Epoch 240: Train Acc = 0.7989, Val Loss = 0.4411
Epoch 250: Train Acc = 0.7960, Val Loss = 0.4597
Epoch 260: Train Acc = 0.7833, Val Loss = 0.4284
Epoch 270: Train Acc = 0.8061, Val Loss = 0.4640
Epoch 280: Train Acc = 0.8106, Val Loss = 0.4476
Epoch 290: Train Acc = 0.8016, Val Loss = 0.4436
✅ Fold 8 - Accuracy: 0.8333, Precision: 0.8203, Recall: 0.8517, F1: 0.8357
Fold time: 199.82s

🌀 Fold 9 -----------------------------
Epoch 000: Train Acc = 0.5040, Val Loss = 0.6944
Epoch 010: Train Acc = 0.5868, Val Loss = 0.6990
Epoch 020: Train Acc = 0.6101, Val Loss = 0.6611
Epoch 030: Train Acc = 0.6481, Val Loss = 0.6450
Epoch 040: Train Acc = 0.6529, Val Loss = 0.6446
Epoch 050: Train Acc = 0.6804, Val Loss = 0.6272
Epoch 060: Train Acc = 0.6852, Val Loss = 0.6142
Epoch 070: Train Acc = 0.7019, Val Loss = 0.6747
Epoch 080: Train Acc = 0.7143, Val Loss = 0.5672
Epoch 090: Train Acc = 0.7193, Val Loss = 0.5631
Epoch 100: Train Acc = 0.7434, Val Loss = 0.5603
Epoch 110: Train Acc = 0.7423, Val Loss = 0.5600
Epoch 120: Train Acc = 0.7442, Val Loss = 0.5361
Epoch 130: Train Acc = 0.7550, Val Loss = 0.5486
Epoch 140: Train Acc = 0.7598, Val Loss = 0.5169
Epoch 150: Train Acc = 0.7619, Val Loss = 0.5202
Epoch 160: Train Acc = 0.7778, Val Loss = 0.5066
Epoch 170: Train Acc = 0.7667, Val Loss = 0.4928
Epoch 180: Train Acc = 0.7889, Val Loss = 0.4902
Epoch 190: Train Acc = 0.7833, Val Loss = 0.5086
Epoch 200: Train Acc = 0.7915, Val Loss = 0.4989
Epoch 210: Train Acc = 0.7958, Val Loss = 0.4642
Epoch 220: Train Acc = 0.7884, Val Loss = 0.4740
Epoch 230: Train Acc = 0.7950, Val Loss = 0.4813
Epoch 240: Train Acc = 0.8056, Val Loss = 0.4763
Epoch 250: Train Acc = 0.8082, Val Loss = 0.4578
Epoch 260: Train Acc = 0.8103, Val Loss = 0.4734
Epoch 270: Train Acc = 0.8071, Val Loss = 0.4793
Epoch 280: Train Acc = 0.8082, Val Loss = 0.4636
Epoch 290: Train Acc = 0.8138, Val Loss = 0.4738
⏹️ Early stopping triggered.
✅ Fold 9 - Accuracy: 0.7929, Precision: 0.7226, Recall: 0.9474, F1: 0.8199
Fold time: 194.85s

🎯 Final Cross-Validation Results:
Avg Accuracy : 0.7898 ± 0.0213
Avg Precision: 0.7717 ± 0.0310
Avg Recall   : 0.8251 ± 0.0550
Avg F1 Score : 0.7959 ± 0.0231
Total time: 4074.27s
