Class distribution: Counter({0: 2104, 1: 2088})

🌀 Fold 0 -----------------------------
Epoch 000: Train Acc = 0.5066, Val Loss = 0.6948
Epoch 010: Train Acc = 0.5671, Val Loss = 0.6737
Epoch 020: Train Acc = 0.5933, Val Loss = 0.6476
Epoch 030: Train Acc = 0.6323, Val Loss = 0.6491
Epoch 040: Train Acc = 0.6365, Val Loss = 0.6437
Epoch 050: Train Acc = 0.6580, Val Loss = 0.6422
Epoch 060: Train Acc = 0.6845, Val Loss = 0.6090
Epoch 070: Train Acc = 0.6925, Val Loss = 0.6026
Epoch 080: Train Acc = 0.7086, Val Loss = 0.5893
Epoch 090: Train Acc = 0.7299, Val Loss = 0.5526
Epoch 100: Train Acc = 0.7389, Val Loss = 0.5387
Epoch 110: Train Acc = 0.7426, Val Loss = 0.5430
Epoch 120: Train Acc = 0.7455, Val Loss = 0.5221
Epoch 130: Train Acc = 0.7593, Val Loss = 0.5164
Epoch 140: Train Acc = 0.7622, Val Loss = 0.5016
Epoch 150: Train Acc = 0.7725, Val Loss = 0.4956
Epoch 160: Train Acc = 0.7797, Val Loss = 0.5010
Epoch 170: Train Acc = 0.7776, Val Loss = 0.5071
Epoch 180: Train Acc = 0.7876, Val Loss = 0.4903
Epoch 190: Train Acc = 0.7898, Val Loss = 0.5113
Epoch 200: Train Acc = 0.7900, Val Loss = 0.4785
Epoch 210: Train Acc = 0.7874, Val Loss = 0.4866
Epoch 220: Train Acc = 0.7980, Val Loss = 0.4768
⏹️ Early stopping triggered.
✅ Fold 0 - Accuracy: 0.7857, Precision: 0.7820, Recall: 0.7895, F1: 0.7857
Fold time: 149.21s

🌀 Fold 1 -----------------------------
Epoch 000: Train Acc = 0.5087, Val Loss = 0.6947
Epoch 010: Train Acc = 0.5729, Val Loss = 0.6956
Epoch 020: Train Acc = 0.5968, Val Loss = 0.6897
Epoch 030: Train Acc = 0.6357, Val Loss = 0.6928
Epoch 040: Train Acc = 0.6453, Val Loss = 0.6513
Epoch 050: Train Acc = 0.6577, Val Loss = 0.6550
Epoch 060: Train Acc = 0.6784, Val Loss = 0.6222
Epoch 070: Train Acc = 0.6978, Val Loss = 0.6034
Epoch 080: Train Acc = 0.7007, Val Loss = 0.5936
Epoch 090: Train Acc = 0.7147, Val Loss = 0.5727
Epoch 100: Train Acc = 0.7195, Val Loss = 0.5593
Epoch 110: Train Acc = 0.7352, Val Loss = 0.5407
Epoch 120: Train Acc = 0.7415, Val Loss = 0.5461
Epoch 130: Train Acc = 0.7383, Val Loss = 0.5313
Epoch 140: Train Acc = 0.7447, Val Loss = 0.5451
Epoch 150: Train Acc = 0.7487, Val Loss = 0.5205
Epoch 160: Train Acc = 0.7497, Val Loss = 0.5222
Epoch 170: Train Acc = 0.7686, Val Loss = 0.4887
Epoch 180: Train Acc = 0.7781, Val Loss = 0.4947
Epoch 190: Train Acc = 0.7847, Val Loss = 0.4736
Epoch 200: Train Acc = 0.7890, Val Loss = 0.5144
Epoch 210: Train Acc = 0.7847, Val Loss = 0.4823
Epoch 220: Train Acc = 0.7927, Val Loss = 0.4663
Epoch 230: Train Acc = 0.7855, Val Loss = 0.4610
Epoch 240: Train Acc = 0.8017, Val Loss = 0.4738
Epoch 250: Train Acc = 0.8075, Val Loss = 0.4997
Epoch 260: Train Acc = 0.8012, Val Loss = 0.4584
Epoch 270: Train Acc = 0.8099, Val Loss = 0.4618
⏹️ Early stopping triggered.
✅ Fold 1 - Accuracy: 0.7810, Precision: 0.7427, Recall: 0.8565, F1: 0.7956
Fold time: 182.82s

🌀 Fold 2 -----------------------------
Epoch 000: Train Acc = 0.4977, Val Loss = 0.6932
Epoch 010: Train Acc = 0.5743, Val Loss = 0.6704
Epoch 020: Train Acc = 0.6189, Val Loss = 0.6598
Epoch 030: Train Acc = 0.6440, Val Loss = 0.6081
Epoch 040: Train Acc = 0.6764, Val Loss = 0.5935
Epoch 050: Train Acc = 0.6918, Val Loss = 0.5587
Epoch 060: Train Acc = 0.7077, Val Loss = 0.5479
Epoch 070: Train Acc = 0.7177, Val Loss = 0.5590
Epoch 080: Train Acc = 0.7254, Val Loss = 0.5254
Epoch 090: Train Acc = 0.7294, Val Loss = 0.5189
Epoch 100: Train Acc = 0.7360, Val Loss = 0.5228
Epoch 110: Train Acc = 0.7421, Val Loss = 0.5094
Epoch 120: Train Acc = 0.7416, Val Loss = 0.5350
Epoch 130: Train Acc = 0.7601, Val Loss = 0.5086
Epoch 140: Train Acc = 0.7668, Val Loss = 0.4921
Epoch 150: Train Acc = 0.7710, Val Loss = 0.5016
Epoch 160: Train Acc = 0.7742, Val Loss = 0.4880
Epoch 170: Train Acc = 0.7869, Val Loss = 0.4725
Epoch 180: Train Acc = 0.7819, Val Loss = 0.4733
Epoch 190: Train Acc = 0.7851, Val Loss = 0.4647
Epoch 200: Train Acc = 0.7858, Val Loss = 0.4697
Epoch 210: Train Acc = 0.7975, Val Loss = 0.4947
Epoch 220: Train Acc = 0.7959, Val Loss = 0.4797
Epoch 230: Train Acc = 0.8057, Val Loss = 0.4623
Epoch 240: Train Acc = 0.8007, Val Loss = 0.4569
Epoch 250: Train Acc = 0.8124, Val Loss = 0.4605
Epoch 260: Train Acc = 0.8131, Val Loss = 0.4631
Epoch 270: Train Acc = 0.8110, Val Loss = 0.5360
Epoch 280: Train Acc = 0.8177, Val Loss = 0.4621
Epoch 290: Train Acc = 0.8166, Val Loss = 0.5017
✅ Fold 2 - Accuracy: 0.8043, Precision: 0.7635, Recall: 0.8804, F1: 0.8178
Fold time: 197.93s

🌀 Fold 3 -----------------------------
Epoch 000: Train Acc = 0.4977, Val Loss = 0.6932
Epoch 010: Train Acc = 0.5648, Val Loss = 0.6849
Epoch 020: Train Acc = 0.6051, Val Loss = 0.6675
Epoch 030: Train Acc = 0.6194, Val Loss = 0.6455
Epoch 040: Train Acc = 0.6496, Val Loss = 0.6305
Epoch 050: Train Acc = 0.6682, Val Loss = 0.6076
Epoch 060: Train Acc = 0.6822, Val Loss = 0.6025
Epoch 070: Train Acc = 0.7018, Val Loss = 0.5753
Epoch 080: Train Acc = 0.7055, Val Loss = 0.5775
Epoch 090: Train Acc = 0.7188, Val Loss = 0.5926
Epoch 100: Train Acc = 0.7228, Val Loss = 0.5654
Epoch 110: Train Acc = 0.7363, Val Loss = 0.5620
Epoch 120: Train Acc = 0.7448, Val Loss = 0.5664
Epoch 130: Train Acc = 0.7365, Val Loss = 0.5647
Epoch 140: Train Acc = 0.7525, Val Loss = 0.5583
Epoch 150: Train Acc = 0.7556, Val Loss = 0.5468
Epoch 160: Train Acc = 0.7628, Val Loss = 0.5675
Epoch 170: Train Acc = 0.7583, Val Loss = 0.5487
Epoch 180: Train Acc = 0.7758, Val Loss = 0.5524
Epoch 190: Train Acc = 0.7819, Val Loss = 0.5410
Epoch 200: Train Acc = 0.7869, Val Loss = 0.5381
Epoch 210: Train Acc = 0.7864, Val Loss = 0.5283
Epoch 220: Train Acc = 0.7848, Val Loss = 0.5452
Epoch 230: Train Acc = 0.7983, Val Loss = 0.5281
Epoch 240: Train Acc = 0.8047, Val Loss = 0.5045
Epoch 250: Train Acc = 0.7941, Val Loss = 0.5268
Epoch 260: Train Acc = 0.8017, Val Loss = 0.5345
Epoch 270: Train Acc = 0.8084, Val Loss = 0.5093
Epoch 280: Train Acc = 0.8031, Val Loss = 0.5210
Epoch 290: Train Acc = 0.8092, Val Loss = 0.5043
✅ Fold 3 - Accuracy: 0.7422, Precision: 0.7265, Recall: 0.7751, F1: 0.7500
Fold time: 198.07s

🌀 Fold 4 -----------------------------
Epoch 000: Train Acc = 0.5099, Val Loss = 0.6930
Epoch 010: Train Acc = 0.5730, Val Loss = 0.6784
Epoch 020: Train Acc = 0.5971, Val Loss = 0.6531
Epoch 030: Train Acc = 0.6313, Val Loss = 0.6402
Epoch 040: Train Acc = 0.6385, Val Loss = 0.6319
Epoch 050: Train Acc = 0.6592, Val Loss = 0.6096
Epoch 060: Train Acc = 0.6886, Val Loss = 0.5958
Epoch 070: Train Acc = 0.7039, Val Loss = 0.5873
Epoch 080: Train Acc = 0.7135, Val Loss = 0.5751
Epoch 090: Train Acc = 0.7212, Val Loss = 0.5612
Epoch 100: Train Acc = 0.7310, Val Loss = 0.5866
Epoch 110: Train Acc = 0.7297, Val Loss = 0.5497
Epoch 120: Train Acc = 0.7437, Val Loss = 0.5585
Epoch 130: Train Acc = 0.7474, Val Loss = 0.5203
Epoch 140: Train Acc = 0.7532, Val Loss = 0.5479
Epoch 150: Train Acc = 0.7617, Val Loss = 0.5094
Epoch 160: Train Acc = 0.7694, Val Loss = 0.5295
Epoch 170: Train Acc = 0.7729, Val Loss = 0.5182
Epoch 180: Train Acc = 0.7742, Val Loss = 0.5149
Epoch 190: Train Acc = 0.7811, Val Loss = 0.5075
Epoch 200: Train Acc = 0.7890, Val Loss = 0.5042
Epoch 210: Train Acc = 0.7893, Val Loss = 0.5001
Epoch 220: Train Acc = 0.7922, Val Loss = 0.4870
Epoch 230: Train Acc = 0.8004, Val Loss = 0.4893
Epoch 240: Train Acc = 0.8057, Val Loss = 0.5251
Epoch 250: Train Acc = 0.8033, Val Loss = 0.4806
Epoch 260: Train Acc = 0.8033, Val Loss = 0.4892
Epoch 270: Train Acc = 0.8017, Val Loss = 0.4900
Epoch 280: Train Acc = 0.8243, Val Loss = 0.4796
Epoch 290: Train Acc = 0.8182, Val Loss = 0.4905
✅ Fold 4 - Accuracy: 0.7852, Precision: 0.7793, Recall: 0.7943, F1: 0.7867
Fold time: 197.98s

🌀 Fold 5 -----------------------------
Epoch 000: Train Acc = 0.5044, Val Loss = 0.6950
Epoch 010: Train Acc = 0.5836, Val Loss = 0.6661
Epoch 020: Train Acc = 0.6133, Val Loss = 0.6675
Epoch 030: Train Acc = 0.6411, Val Loss = 0.6510
Epoch 040: Train Acc = 0.6512, Val Loss = 0.6159
Epoch 050: Train Acc = 0.6703, Val Loss = 0.5964
Epoch 060: Train Acc = 0.6822, Val Loss = 0.5684
Epoch 070: Train Acc = 0.7077, Val Loss = 0.5623
Epoch 080: Train Acc = 0.7100, Val Loss = 0.5509
Epoch 090: Train Acc = 0.7206, Val Loss = 0.5472
Epoch 100: Train Acc = 0.7331, Val Loss = 0.5256
Epoch 110: Train Acc = 0.7360, Val Loss = 0.5331
Epoch 120: Train Acc = 0.7596, Val Loss = 0.5074
Epoch 130: Train Acc = 0.7644, Val Loss = 0.5105
Epoch 140: Train Acc = 0.7638, Val Loss = 0.5083
Epoch 150: Train Acc = 0.7623, Val Loss = 0.5175
Epoch 160: Train Acc = 0.7713, Val Loss = 0.5262
⏹️ Early stopping triggered.
✅ Fold 5 - Accuracy: 0.7613, Precision: 0.7319, Recall: 0.8230, F1: 0.7748
Fold time: 110.88s

🌀 Fold 6 -----------------------------
Epoch 000: Train Acc = 0.5102, Val Loss = 0.7023
Epoch 010: Train Acc = 0.5767, Val Loss = 0.6692
Epoch 020: Train Acc = 0.6194, Val Loss = 0.6553
Epoch 030: Train Acc = 0.6406, Val Loss = 0.6416
Epoch 040: Train Acc = 0.6459, Val Loss = 0.6370
Epoch 050: Train Acc = 0.6753, Val Loss = 0.6052
Epoch 060: Train Acc = 0.6843, Val Loss = 0.5865
Epoch 070: Train Acc = 0.7018, Val Loss = 0.5801
Epoch 080: Train Acc = 0.7079, Val Loss = 0.5618
Epoch 090: Train Acc = 0.7132, Val Loss = 0.5567
Epoch 100: Train Acc = 0.7220, Val Loss = 0.5487
Epoch 110: Train Acc = 0.7289, Val Loss = 0.5595
Epoch 120: Train Acc = 0.7376, Val Loss = 0.5482
Epoch 130: Train Acc = 0.7474, Val Loss = 0.5309
Epoch 140: Train Acc = 0.7450, Val Loss = 0.5277
Epoch 150: Train Acc = 0.7599, Val Loss = 0.5145
Epoch 160: Train Acc = 0.7554, Val Loss = 0.5147
Epoch 170: Train Acc = 0.7591, Val Loss = 0.5141
Epoch 180: Train Acc = 0.7745, Val Loss = 0.5097
Epoch 190: Train Acc = 0.7805, Val Loss = 0.5552
Epoch 200: Train Acc = 0.7784, Val Loss = 0.5038
Epoch 210: Train Acc = 0.7827, Val Loss = 0.5174
Epoch 220: Train Acc = 0.7938, Val Loss = 0.5110
Epoch 230: Train Acc = 0.7930, Val Loss = 0.4936
Epoch 240: Train Acc = 0.7959, Val Loss = 0.4768
Epoch 250: Train Acc = 0.7986, Val Loss = 0.4820
Epoch 260: Train Acc = 0.8078, Val Loss = 0.4759
Epoch 270: Train Acc = 0.8010, Val Loss = 0.4648
Epoch 280: Train Acc = 0.8121, Val Loss = 0.4677
Epoch 290: Train Acc = 0.8033, Val Loss = 0.4666
✅ Fold 6 - Accuracy: 0.7757, Precision: 0.7154, Recall: 0.9139, F1: 0.8025
Fold time: 198.19s

🌀 Fold 7 -----------------------------
Epoch 000: Train Acc = 0.4816, Val Loss = 0.6928
Epoch 010: Train Acc = 0.5804, Val Loss = 0.6772
Epoch 020: Train Acc = 0.6202, Val Loss = 0.6563
Epoch 030: Train Acc = 0.6406, Val Loss = 0.6411
Epoch 040: Train Acc = 0.6475, Val Loss = 0.6362
Epoch 050: Train Acc = 0.6650, Val Loss = 0.6430
Epoch 060: Train Acc = 0.6737, Val Loss = 0.6084
Epoch 070: Train Acc = 0.6979, Val Loss = 0.6082
Epoch 080: Train Acc = 0.7050, Val Loss = 0.5976
Epoch 090: Train Acc = 0.7132, Val Loss = 0.5719
Epoch 100: Train Acc = 0.7350, Val Loss = 0.5528
Epoch 110: Train Acc = 0.7344, Val Loss = 0.5519
Epoch 120: Train Acc = 0.7339, Val Loss = 0.5518
Epoch 130: Train Acc = 0.7411, Val Loss = 0.5298
Epoch 140: Train Acc = 0.7501, Val Loss = 0.5130
Epoch 150: Train Acc = 0.7554, Val Loss = 0.5289
Epoch 160: Train Acc = 0.7628, Val Loss = 0.5313
Epoch 170: Train Acc = 0.7723, Val Loss = 0.5093
Epoch 180: Train Acc = 0.7721, Val Loss = 0.5080
Epoch 190: Train Acc = 0.7729, Val Loss = 0.4907
Epoch 200: Train Acc = 0.7798, Val Loss = 0.4944
Epoch 210: Train Acc = 0.7795, Val Loss = 0.4829
Epoch 220: Train Acc = 0.7845, Val Loss = 0.4923
Epoch 230: Train Acc = 0.7880, Val Loss = 0.4894
Epoch 240: Train Acc = 0.7872, Val Loss = 0.4882
Epoch 250: Train Acc = 0.7959, Val Loss = 0.4903
Epoch 260: Train Acc = 0.7954, Val Loss = 0.5334
Epoch 270: Train Acc = 0.8023, Val Loss = 0.4804
Epoch 280: Train Acc = 0.8023, Val Loss = 0.5120
Epoch 290: Train Acc = 0.8060, Val Loss = 0.4610
✅ Fold 7 - Accuracy: 0.7804, Precision: 0.7448, Recall: 0.8517, F1: 0.7946
Fold time: 480.70s

🌀 Fold 8 -----------------------------
Epoch 000: Train Acc = 0.5012, Val Loss = 0.6911
Epoch 010: Train Acc = 0.5701, Val Loss = 0.6712
Epoch 020: Train Acc = 0.5953, Val Loss = 0.6529
Epoch 030: Train Acc = 0.6154, Val Loss = 0.6226
Epoch 040: Train Acc = 0.6292, Val Loss = 0.6149
Epoch 050: Train Acc = 0.6607, Val Loss = 0.5926
Epoch 060: Train Acc = 0.6761, Val Loss = 0.6113
Epoch 070: Train Acc = 0.6878, Val Loss = 0.5801
Epoch 080: Train Acc = 0.7077, Val Loss = 0.5385
Epoch 090: Train Acc = 0.7164, Val Loss = 0.5391
Epoch 100: Train Acc = 0.7148, Val Loss = 0.5236
Epoch 110: Train Acc = 0.7331, Val Loss = 0.5328
Epoch 120: Train Acc = 0.7365, Val Loss = 0.5190
Epoch 130: Train Acc = 0.7448, Val Loss = 0.5170
Epoch 140: Train Acc = 0.7532, Val Loss = 0.5075
Epoch 150: Train Acc = 0.7572, Val Loss = 0.5178
Epoch 160: Train Acc = 0.7654, Val Loss = 0.4952
Epoch 170: Train Acc = 0.7766, Val Loss = 0.4891
Epoch 180: Train Acc = 0.7766, Val Loss = 0.4855
Epoch 190: Train Acc = 0.7808, Val Loss = 0.4976
Epoch 200: Train Acc = 0.7705, Val Loss = 0.4726
Epoch 210: Train Acc = 0.7737, Val Loss = 0.4813
Epoch 220: Train Acc = 0.7829, Val Loss = 0.4804
Epoch 230: Train Acc = 0.7933, Val Loss = 0.4720
Epoch 240: Train Acc = 0.7869, Val Loss = 0.4857
⏹️ Early stopping triggered.
✅ Fold 8 - Accuracy: 0.7780, Precision: 0.7347, Recall: 0.8654, F1: 0.7947
Fold time: 518.47s

🌀 Fold 9 -----------------------------
Epoch 000: Train Acc = 0.4970, Val Loss = 0.6937
Epoch 010: Train Acc = 0.5651, Val Loss = 0.6846
Epoch 020: Train Acc = 0.6022, Val Loss = 0.6648
Epoch 030: Train Acc = 0.6207, Val Loss = 0.6509
Epoch 040: Train Acc = 0.6509, Val Loss = 0.6416
Epoch 050: Train Acc = 0.6528, Val Loss = 0.6096
Epoch 060: Train Acc = 0.6700, Val Loss = 0.6108
Epoch 070: Train Acc = 0.6854, Val Loss = 0.5802
Epoch 080: Train Acc = 0.6941, Val Loss = 0.5964
Epoch 090: Train Acc = 0.7124, Val Loss = 0.5589
Epoch 100: Train Acc = 0.7095, Val Loss = 0.5803
Epoch 110: Train Acc = 0.7270, Val Loss = 0.5239
Epoch 120: Train Acc = 0.7254, Val Loss = 0.5279
Epoch 130: Train Acc = 0.7360, Val Loss = 0.5331
Epoch 140: Train Acc = 0.7395, Val Loss = 0.5358
Epoch 150: Train Acc = 0.7469, Val Loss = 0.5118
Epoch 160: Train Acc = 0.7503, Val Loss = 0.5277
Epoch 170: Train Acc = 0.7527, Val Loss = 0.5132
Epoch 180: Train Acc = 0.7644, Val Loss = 0.5181
Epoch 190: Train Acc = 0.7609, Val Loss = 0.4952
Epoch 200: Train Acc = 0.7638, Val Loss = 0.4838
Epoch 210: Train Acc = 0.7737, Val Loss = 0.5443
Epoch 220: Train Acc = 0.7747, Val Loss = 0.4814
Epoch 230: Train Acc = 0.7790, Val Loss = 0.4764
Epoch 240: Train Acc = 0.7782, Val Loss = 0.4966
Epoch 250: Train Acc = 0.7964, Val Loss = 0.4926
Epoch 260: Train Acc = 0.7856, Val Loss = 0.4894
⏹️ Early stopping triggered.
✅ Fold 9 - Accuracy: 0.7900, Precision: 0.8030, Recall: 0.7644, F1: 0.7833
Fold time: 574.80s

🎯 Final Cross-Validation Results:
Avg Accuracy : 0.7784 ± 0.0159
Avg Precision: 0.7524 ± 0.0269
Avg Recall   : 0.8314 ± 0.0472
Avg F1 Score : 0.7886 ± 0.0170
Total time: 2809.05s
