Processing...
Done!
Binary class counts: Counter({0: 2108, 1: 2092})
Epoch 1/300, Train Acc: 0.5229, Test Acc: 0.5643
Epoch 2/300, Train Acc: 0.5500, Test Acc: 0.5929
Epoch 3/300, Train Acc: 0.5429, Test Acc: 0.5762
Epoch 4/300, Train Acc: 0.5664, Test Acc: 0.5798
Epoch 5/300, Train Acc: 0.5807, Test Acc: 0.6000
Epoch 6/300, Train Acc: 0.5938, Test Acc: 0.6012
Epoch 7/300, Train Acc: 0.6021, Test Acc: 0.5964
Epoch 8/300, Train Acc: 0.6057, Test Acc: 0.6071
Epoch 9/300, Train Acc: 0.6170, Test Acc: 0.6179
Epoch 10/300, Train Acc: 0.6113, Test Acc: 0.6202
Epoch 11/300, Train Acc: 0.6312, Test Acc: 0.6286
Epoch 12/300, Train Acc: 0.6387, Test Acc: 0.6369
Epoch 13/300, Train Acc: 0.6324, Test Acc: 0.6369
Epoch 14/300, Train Acc: 0.6411, Test Acc: 0.6595
Epoch 15/300, Train Acc: 0.6521, Test Acc: 0.6524
Epoch 16/300, Train Acc: 0.6557, Test Acc: 0.6679
Epoch 17/300, Train Acc: 0.6676, Test Acc: 0.6762
Epoch 18/300, Train Acc: 0.6702, Test Acc: 0.6714
Epoch 19/300, Train Acc: 0.6845, Test Acc: 0.6845
Epoch 20/300, Train Acc: 0.6795, Test Acc: 0.6917
Epoch 21/300, Train Acc: 0.6940, Test Acc: 0.6976
Epoch 22/300, Train Acc: 0.6896, Test Acc: 0.6952
Epoch 23/300, Train Acc: 0.7000, Test Acc: 0.7095
Epoch 24/300, Train Acc: 0.7107, Test Acc: 0.7036
Epoch 25/300, Train Acc: 0.7098, Test Acc: 0.7107
Epoch 26/300, Train Acc: 0.7125, Test Acc: 0.7071
Epoch 27/300, Train Acc: 0.7208, Test Acc: 0.7179
Epoch 28/300, Train Acc: 0.7211, Test Acc: 0.7333
Epoch 29/300, Train Acc: 0.7244, Test Acc: 0.7274
Epoch 30/300, Train Acc: 0.7268, Test Acc: 0.7345
Epoch 31/300, Train Acc: 0.7301, Test Acc: 0.7357
Epoch 32/300, Train Acc: 0.7378, Test Acc: 0.7405
Epoch 33/300, Train Acc: 0.7354, Test Acc: 0.7393
Epoch 34/300, Train Acc: 0.7369, Test Acc: 0.7357
Epoch 35/300, Train Acc: 0.7449, Test Acc: 0.7381
Epoch 36/300, Train Acc: 0.7494, Test Acc: 0.7488
Epoch 37/300, Train Acc: 0.7527, Test Acc: 0.7500
Epoch 38/300, Train Acc: 0.7539, Test Acc: 0.7452
Epoch 39/300, Train Acc: 0.7521, Test Acc: 0.7560
Epoch 40/300, Train Acc: 0.7530, Test Acc: 0.7548
Epoch 41/300, Train Acc: 0.7637, Test Acc: 0.7619
Epoch 42/300, Train Acc: 0.7580, Test Acc: 0.7560
Epoch 43/300, Train Acc: 0.7613, Test Acc: 0.7655
Epoch 44/300, Train Acc: 0.7619, Test Acc: 0.7667
Epoch 45/300, Train Acc: 0.7637, Test Acc: 0.7679
Epoch 46/300, Train Acc: 0.7631, Test Acc: 0.7667
Epoch 47/300, Train Acc: 0.7690, Test Acc: 0.7667
Epoch 48/300, Train Acc: 0.7771, Test Acc: 0.7690
Epoch 49/300, Train Acc: 0.7795, Test Acc: 0.7679
Epoch 50/300, Train Acc: 0.7765, Test Acc: 0.7667
Epoch 51/300, Train Acc: 0.7789, Test Acc: 0.7667
Epoch 52/300, Train Acc: 0.7821, Test Acc: 0.7679
Epoch 53/300, Train Acc: 0.7899, Test Acc: 0.7690
Epoch 54/300, Train Acc: 0.7887, Test Acc: 0.7655
Epoch 55/300, Train Acc: 0.7881, Test Acc: 0.7667
Epoch 56/300, Train Acc: 0.7854, Test Acc: 0.7702
Epoch 57/300, Train Acc: 0.7911, Test Acc: 0.7702
Epoch 58/300, Train Acc: 0.7878, Test Acc: 0.7702
Epoch 59/300, Train Acc: 0.7952, Test Acc: 0.7702
Epoch 60/300, Train Acc: 0.7932, Test Acc: 0.7750
Epoch 61/300, Train Acc: 0.7914, Test Acc: 0.7738
Epoch 62/300, Train Acc: 0.8006, Test Acc: 0.7762
Epoch 63/300, Train Acc: 0.8021, Test Acc: 0.7750
Epoch 64/300, Train Acc: 0.8057, Test Acc: 0.7786
Epoch 65/300, Train Acc: 0.8018, Test Acc: 0.7810
Epoch 66/300, Train Acc: 0.8033, Test Acc: 0.7869
Epoch 67/300, Train Acc: 0.8051, Test Acc: 0.7857
Epoch 68/300, Train Acc: 0.8071, Test Acc: 0.7893
Epoch 69/300, Train Acc: 0.8018, Test Acc: 0.7857
Epoch 70/300, Train Acc: 0.8057, Test Acc: 0.7881
Epoch 71/300, Train Acc: 0.8060, Test Acc: 0.7833
Epoch 72/300, Train Acc: 0.8006, Test Acc: 0.7917
Epoch 73/300, Train Acc: 0.8098, Test Acc: 0.7845
Epoch 74/300, Train Acc: 0.8098, Test Acc: 0.7881
Epoch 75/300, Train Acc: 0.8179, Test Acc: 0.7929
Epoch 76/300, Train Acc: 0.8134, Test Acc: 0.7881
Epoch 77/300, Train Acc: 0.8262, Test Acc: 0.7905
Epoch 78/300, Train Acc: 0.8149, Test Acc: 0.7881
Epoch 79/300, Train Acc: 0.8155, Test Acc: 0.8000
Epoch 80/300, Train Acc: 0.8146, Test Acc: 0.8071
Epoch 81/300, Train Acc: 0.8241, Test Acc: 0.7905
Epoch 82/300, Train Acc: 0.8313, Test Acc: 0.7905
Epoch 83/300, Train Acc: 0.8274, Test Acc: 0.7929
Epoch 84/300, Train Acc: 0.8250, Test Acc: 0.7988
Epoch 85/300, Train Acc: 0.8304, Test Acc: 0.8000
Epoch 86/300, Train Acc: 0.8268, Test Acc: 0.7964
Epoch 87/300, Train Acc: 0.8250, Test Acc: 0.7940
Epoch 88/300, Train Acc: 0.8268, Test Acc: 0.7929
Epoch 89/300, Train Acc: 0.8211, Test Acc: 0.8071
Epoch 90/300, Train Acc: 0.8235, Test Acc: 0.8012
Epoch 91/300, Train Acc: 0.8330, Test Acc: 0.7988
Epoch 92/300, Train Acc: 0.8265, Test Acc: 0.8012
Epoch 93/300, Train Acc: 0.8321, Test Acc: 0.8083
Epoch 94/300, Train Acc: 0.8321, Test Acc: 0.7976
Epoch 95/300, Train Acc: 0.8315, Test Acc: 0.7988
Epoch 96/300, Train Acc: 0.8339, Test Acc: 0.8024
Epoch 97/300, Train Acc: 0.8360, Test Acc: 0.8060
Epoch 98/300, Train Acc: 0.8372, Test Acc: 0.8190
Epoch 99/300, Train Acc: 0.8366, Test Acc: 0.7976
Epoch 100/300, Train Acc: 0.8315, Test Acc: 0.8107
Epoch 101/300, Train Acc: 0.8381, Test Acc: 0.7988
Epoch 102/300, Train Acc: 0.8369, Test Acc: 0.8000
Epoch 103/300, Train Acc: 0.8342, Test Acc: 0.8060
Epoch 104/300, Train Acc: 0.8417, Test Acc: 0.8107
Epoch 105/300, Train Acc: 0.8426, Test Acc: 0.8107
Epoch 106/300, Train Acc: 0.8378, Test Acc: 0.8155
Epoch 107/300, Train Acc: 0.8414, Test Acc: 0.8071
Epoch 108/300, Train Acc: 0.8414, Test Acc: 0.8060
Epoch 109/300, Train Acc: 0.8372, Test Acc: 0.8107
Epoch 110/300, Train Acc: 0.8470, Test Acc: 0.8036
Epoch 111/300, Train Acc: 0.8458, Test Acc: 0.8119
Epoch 112/300, Train Acc: 0.8440, Test Acc: 0.8071
Epoch 113/300, Train Acc: 0.8387, Test Acc: 0.8179
Epoch 114/300, Train Acc: 0.8426, Test Acc: 0.8071
Epoch 115/300, Train Acc: 0.8473, Test Acc: 0.8107
Epoch 116/300, Train Acc: 0.8443, Test Acc: 0.8214
Epoch 117/300, Train Acc: 0.8414, Test Acc: 0.8190
Epoch 118/300, Train Acc: 0.8402, Test Acc: 0.8107
Epoch 119/300, Train Acc: 0.8497, Test Acc: 0.8000
Epoch 120/300, Train Acc: 0.8432, Test Acc: 0.8155
Epoch 121/300, Train Acc: 0.8503, Test Acc: 0.8155
Epoch 122/300, Train Acc: 0.8432, Test Acc: 0.8071
Epoch 123/300, Train Acc: 0.8494, Test Acc: 0.8131
Epoch 124/300, Train Acc: 0.8470, Test Acc: 0.8155
Epoch 125/300, Train Acc: 0.8438, Test Acc: 0.8119
Epoch 126/300, Train Acc: 0.8479, Test Acc: 0.8119
Epoch 127/300, Train Acc: 0.8467, Test Acc: 0.8131
Epoch 128/300, Train Acc: 0.8497, Test Acc: 0.8024
Epoch 129/300, Train Acc: 0.8396, Test Acc: 0.8226
Epoch 130/300, Train Acc: 0.8518, Test Acc: 0.8179
Epoch 131/300, Train Acc: 0.8494, Test Acc: 0.8155
Epoch 132/300, Train Acc: 0.8557, Test Acc: 0.8190
Epoch 133/300, Train Acc: 0.8438, Test Acc: 0.8167
Epoch 134/300, Train Acc: 0.8482, Test Acc: 0.8202
Epoch 135/300, Train Acc: 0.8494, Test Acc: 0.8119
Epoch 136/300, Train Acc: 0.8560, Test Acc: 0.8131
Epoch 137/300, Train Acc: 0.8545, Test Acc: 0.8095
Epoch 138/300, Train Acc: 0.8506, Test Acc: 0.8155
Epoch 139/300, Train Acc: 0.8577, Test Acc: 0.8167
Epoch 140/300, Train Acc: 0.8533, Test Acc: 0.8179
Epoch 141/300, Train Acc: 0.8548, Test Acc: 0.8286
Epoch 142/300, Train Acc: 0.8530, Test Acc: 0.8179
Epoch 143/300, Train Acc: 0.8542, Test Acc: 0.8131
Epoch 144/300, Train Acc: 0.8577, Test Acc: 0.8238
Epoch 145/300, Train Acc: 0.8577, Test Acc: 0.8238
Epoch 146/300, Train Acc: 0.8577, Test Acc: 0.8238
Epoch 147/300, Train Acc: 0.8631, Test Acc: 0.8310
Epoch 148/300, Train Acc: 0.8589, Test Acc: 0.8250
Epoch 149/300, Train Acc: 0.8536, Test Acc: 0.8262
Epoch 150/300, Train Acc: 0.8565, Test Acc: 0.8226
Epoch 151/300, Train Acc: 0.8664, Test Acc: 0.8286
Epoch 152/300, Train Acc: 0.8560, Test Acc: 0.8202
Epoch 153/300, Train Acc: 0.8631, Test Acc: 0.8190
Epoch 154/300, Train Acc: 0.8580, Test Acc: 0.8202
Epoch 155/300, Train Acc: 0.8625, Test Acc: 0.8190
Epoch 156/300, Train Acc: 0.8631, Test Acc: 0.8321
Epoch 157/300, Train Acc: 0.8622, Test Acc: 0.8155
Epoch 158/300, Train Acc: 0.8667, Test Acc: 0.8286
Epoch 159/300, Train Acc: 0.8673, Test Acc: 0.8214
Epoch 160/300, Train Acc: 0.8646, Test Acc: 0.8250
Epoch 161/300, Train Acc: 0.8598, Test Acc: 0.8274
Epoch 162/300, Train Acc: 0.8607, Test Acc: 0.8286
Epoch 163/300, Train Acc: 0.8592, Test Acc: 0.8179
Epoch 164/300, Train Acc: 0.8640, Test Acc: 0.8143
Epoch 165/300, Train Acc: 0.8643, Test Acc: 0.8214
Epoch 166/300, Train Acc: 0.8685, Test Acc: 0.8131
Epoch 167/300, Train Acc: 0.8711, Test Acc: 0.8202
Epoch 168/300, Train Acc: 0.8670, Test Acc: 0.8238
Epoch 169/300, Train Acc: 0.8655, Test Acc: 0.8333
Epoch 170/300, Train Acc: 0.8705, Test Acc: 0.8298
Epoch 171/300, Train Acc: 0.8649, Test Acc: 0.8250
Epoch 172/300, Train Acc: 0.8610, Test Acc: 0.8250
Epoch 173/300, Train Acc: 0.8690, Test Acc: 0.8238
Epoch 174/300, Train Acc: 0.8679, Test Acc: 0.8321
Epoch 175/300, Train Acc: 0.8735, Test Acc: 0.8262
Epoch 176/300, Train Acc: 0.8598, Test Acc: 0.8262
Epoch 177/300, Train Acc: 0.8705, Test Acc: 0.8250
Epoch 178/300, Train Acc: 0.8670, Test Acc: 0.8286
Epoch 179/300, Train Acc: 0.8693, Test Acc: 0.8107
Epoch 180/300, Train Acc: 0.8658, Test Acc: 0.8262
Epoch 181/300, Train Acc: 0.8690, Test Acc: 0.8238
Epoch 182/300, Train Acc: 0.8729, Test Acc: 0.8250
Epoch 183/300, Train Acc: 0.8720, Test Acc: 0.8333
Epoch 184/300, Train Acc: 0.8679, Test Acc: 0.8226
Epoch 185/300, Train Acc: 0.8777, Test Acc: 0.8345
Epoch 186/300, Train Acc: 0.8744, Test Acc: 0.8298
Epoch 187/300, Train Acc: 0.8744, Test Acc: 0.8190
Epoch 188/300, Train Acc: 0.8765, Test Acc: 0.8286
Epoch 189/300, Train Acc: 0.8723, Test Acc: 0.8214
Epoch 190/300, Train Acc: 0.8717, Test Acc: 0.8310
Epoch 191/300, Train Acc: 0.8762, Test Acc: 0.8298
Epoch 192/300, Train Acc: 0.8827, Test Acc: 0.8333
Epoch 193/300, Train Acc: 0.8738, Test Acc: 0.8262
Epoch 194/300, Train Acc: 0.8705, Test Acc: 0.8333
Epoch 195/300, Train Acc: 0.8780, Test Acc: 0.8238
Epoch 196/300, Train Acc: 0.8830, Test Acc: 0.8321
Epoch 197/300, Train Acc: 0.8717, Test Acc: 0.8286
Epoch 198/300, Train Acc: 0.8783, Test Acc: 0.8286
Epoch 199/300, Train Acc: 0.8634, Test Acc: 0.8333
Epoch 200/300, Train Acc: 0.8720, Test Acc: 0.8333
Epoch 201/300, Train Acc: 0.8821, Test Acc: 0.8333
Epoch 202/300, Train Acc: 0.8670, Test Acc: 0.8262
Epoch 203/300, Train Acc: 0.8810, Test Acc: 0.8333
Epoch 204/300, Train Acc: 0.8839, Test Acc: 0.8262
Epoch 205/300, Train Acc: 0.8786, Test Acc: 0.8357
Epoch 206/300, Train Acc: 0.8801, Test Acc: 0.8333
Epoch 207/300, Train Acc: 0.8801, Test Acc: 0.8274
Epoch 208/300, Train Acc: 0.8676, Test Acc: 0.8345
Epoch 209/300, Train Acc: 0.8786, Test Acc: 0.8202
Epoch 210/300, Train Acc: 0.8741, Test Acc: 0.8298
Epoch 211/300, Train Acc: 0.8812, Test Acc: 0.8238
Epoch 212/300, Train Acc: 0.8783, Test Acc: 0.8238
Epoch 213/300, Train Acc: 0.8854, Test Acc: 0.8310
Epoch 214/300, Train Acc: 0.8863, Test Acc: 0.8429
Epoch 215/300, Train Acc: 0.8711, Test Acc: 0.8381
Epoch 216/300, Train Acc: 0.8845, Test Acc: 0.8274
Epoch 217/300, Train Acc: 0.8771, Test Acc: 0.8310
Epoch 218/300, Train Acc: 0.8804, Test Acc: 0.8369
Epoch 219/300, Train Acc: 0.8815, Test Acc: 0.8333
Epoch 220/300, Train Acc: 0.8875, Test Acc: 0.8345
Epoch 221/300, Train Acc: 0.8851, Test Acc: 0.8357
Epoch 222/300, Train Acc: 0.8830, Test Acc: 0.8429
Epoch 223/300, Train Acc: 0.8860, Test Acc: 0.8333
Epoch 224/300, Train Acc: 0.8812, Test Acc: 0.8369
Epoch 225/300, Train Acc: 0.8851, Test Acc: 0.8321
Epoch 226/300, Train Acc: 0.8917, Test Acc: 0.8345
Epoch 227/300, Train Acc: 0.8881, Test Acc: 0.8298
Epoch 228/300, Train Acc: 0.8875, Test Acc: 0.8310
Epoch 229/300, Train Acc: 0.8830, Test Acc: 0.8083
Epoch 230/300, Train Acc: 0.8875, Test Acc: 0.8274
Epoch 231/300, Train Acc: 0.8881, Test Acc: 0.8357
Epoch 232/300, Train Acc: 0.8899, Test Acc: 0.8393
Epoch 233/300, Train Acc: 0.8884, Test Acc: 0.8083
Epoch 234/300, Train Acc: 0.8893, Test Acc: 0.8333
Epoch 235/300, Train Acc: 0.8908, Test Acc: 0.8298
Epoch 236/300, Train Acc: 0.8869, Test Acc: 0.8298
Epoch 237/300, Train Acc: 0.8845, Test Acc: 0.8429
Epoch 238/300, Train Acc: 0.8902, Test Acc: 0.8226
Epoch 239/300, Train Acc: 0.8893, Test Acc: 0.8429
Epoch 240/300, Train Acc: 0.8878, Test Acc: 0.8190
Epoch 241/300, Train Acc: 0.8893, Test Acc: 0.8393
Epoch 242/300, Train Acc: 0.8884, Test Acc: 0.8405
Epoch 243/300, Train Acc: 0.8842, Test Acc: 0.8310
Epoch 244/300, Train Acc: 0.8869, Test Acc: 0.8321
Epoch 245/300, Train Acc: 0.8917, Test Acc: 0.8381
Epoch 246/300, Train Acc: 0.8914, Test Acc: 0.8440
Epoch 247/300, Train Acc: 0.8920, Test Acc: 0.8238
Epoch 248/300, Train Acc: 0.8923, Test Acc: 0.8345
Epoch 249/300, Train Acc: 0.8896, Test Acc: 0.8429
Epoch 250/300, Train Acc: 0.8976, Test Acc: 0.8357
Epoch 251/300, Train Acc: 0.8940, Test Acc: 0.8155
Epoch 252/300, Train Acc: 0.8955, Test Acc: 0.8357
Epoch 253/300, Train Acc: 0.8949, Test Acc: 0.8298
Epoch 254/300, Train Acc: 0.8872, Test Acc: 0.8321
Epoch 255/300, Train Acc: 0.8911, Test Acc: 0.8405
Epoch 256/300, Train Acc: 0.8887, Test Acc: 0.8369
Epoch 257/300, Train Acc: 0.8872, Test Acc: 0.8429
Epoch 258/300, Train Acc: 0.8938, Test Acc: 0.8298
Epoch 259/300, Train Acc: 0.8872, Test Acc: 0.8357
Epoch 260/300, Train Acc: 0.8929, Test Acc: 0.8286
Epoch 261/300, Train Acc: 0.8961, Test Acc: 0.8250
Epoch 262/300, Train Acc: 0.8979, Test Acc: 0.8345
Early stopping triggered.

📘 Final Classification Metrics
----------------------------------------
Train Accuracy : 0.9128
Train Precision: 0.8784
Train Recall   : 0.9561
Train F1 Score : 0.9156
Train Loss     : 0.2552
----------------------------------------
Test Accuracy  : 0.8405
Test Precision : 0.8364
Test Recall    : 0.8558
Test F1 Score  : 0.8460
Test Loss      : 0.3965
----------------------------------------
Execution time : 2.16 minutes
📁 Metrics and plots saved in 'plots/' folder
