Processing...
Done!
Epoch 1/300, Train RMSE: 1.2797, Test RMSE: 1.2484
Epoch 2/300, Train RMSE: 1.2039, Test RMSE: 1.2448
Epoch 3/300, Train RMSE: 1.1910, Test RMSE: 1.2319
Epoch 4/300, Train RMSE: 1.1944, Test RMSE: 1.2927
Epoch 5/300, Train RMSE: 1.1808, Test RMSE: 1.2212
Epoch 6/300, Train RMSE: 1.1698, Test RMSE: 1.2260
Epoch 7/300, Train RMSE: 1.1739, Test RMSE: 1.2217
Epoch 8/300, Train RMSE: 1.1648, Test RMSE: 1.2289
Epoch 9/300, Train RMSE: 1.1791, Test RMSE: 1.2276
Epoch 10/300, Train RMSE: 1.1689, Test RMSE: 1.2113
Epoch 11/300, Train RMSE: 1.1665, Test RMSE: 1.2095
Epoch 12/300, Train RMSE: 1.1597, Test RMSE: 1.2113
Epoch 13/300, Train RMSE: 1.1528, Test RMSE: 1.1806
Epoch 14/300, Train RMSE: 1.1478, Test RMSE: 1.1730
Epoch 15/300, Train RMSE: 1.1357, Test RMSE: 1.2151
Epoch 16/300, Train RMSE: 1.1228, Test RMSE: 1.1534
Epoch 17/300, Train RMSE: 1.1371, Test RMSE: 1.1927
Epoch 18/300, Train RMSE: 1.1205, Test RMSE: 1.1399
Epoch 19/300, Train RMSE: 1.1101, Test RMSE: 1.1636
Epoch 20/300, Train RMSE: 1.1181, Test RMSE: 1.1643
Epoch 21/300, Train RMSE: 1.1015, Test RMSE: 1.1330
Epoch 22/300, Train RMSE: 1.1083, Test RMSE: 1.1441
Epoch 23/300, Train RMSE: 1.1042, Test RMSE: 1.1234
Epoch 24/300, Train RMSE: 1.0886, Test RMSE: 1.1339
Epoch 25/300, Train RMSE: 1.1001, Test RMSE: 1.1174
Epoch 26/300, Train RMSE: 1.1019, Test RMSE: 1.1200
Epoch 27/300, Train RMSE: 1.0894, Test RMSE: 1.1105
Epoch 28/300, Train RMSE: 1.0829, Test RMSE: 1.1254
Epoch 29/300, Train RMSE: 1.0890, Test RMSE: 1.1095
Epoch 30/300, Train RMSE: 1.0832, Test RMSE: 1.1256
Epoch 31/300, Train RMSE: 1.0846, Test RMSE: 1.1030
Epoch 32/300, Train RMSE: 1.0807, Test RMSE: 1.1386
Epoch 33/300, Train RMSE: 1.0834, Test RMSE: 1.0943
Epoch 34/300, Train RMSE: 1.0729, Test RMSE: 1.2107
Epoch 35/300, Train RMSE: 1.0876, Test RMSE: 1.0972
Epoch 36/300, Train RMSE: 1.0754, Test RMSE: 1.1002
Epoch 37/300, Train RMSE: 1.0691, Test RMSE: 1.0771
Epoch 38/300, Train RMSE: 1.0757, Test RMSE: 1.0835
Epoch 39/300, Train RMSE: 1.0674, Test RMSE: 1.0897
Epoch 40/300, Train RMSE: 1.0740, Test RMSE: 1.0620
Epoch 41/300, Train RMSE: 1.0709, Test RMSE: 1.0744
Epoch 42/300, Train RMSE: 1.0607, Test RMSE: 1.0584
Epoch 43/300, Train RMSE: 1.0666, Test RMSE: 1.0693
Epoch 44/300, Train RMSE: 1.0562, Test RMSE: 1.0532
Epoch 45/300, Train RMSE: 1.0458, Test RMSE: 1.0532
Epoch 46/300, Train RMSE: 1.0491, Test RMSE: 1.0714
Epoch 47/300, Train RMSE: 1.0500, Test RMSE: 1.0705
Epoch 48/300, Train RMSE: 1.0539, Test RMSE: 1.0426
Epoch 49/300, Train RMSE: 1.0363, Test RMSE: 1.0222
Epoch 50/300, Train RMSE: 1.0399, Test RMSE: 1.0405
Epoch 51/300, Train RMSE: 1.0365, Test RMSE: 1.0632
Epoch 52/300, Train RMSE: 1.0339, Test RMSE: 1.0413
Epoch 53/300, Train RMSE: 1.0332, Test RMSE: 1.0268
Epoch 54/300, Train RMSE: 1.0332, Test RMSE: 1.0288
Epoch 55/300, Train RMSE: 1.0272, Test RMSE: 1.0246
Epoch 56/300, Train RMSE: 1.0305, Test RMSE: 1.0054
Epoch 57/300, Train RMSE: 1.0272, Test RMSE: 1.0052
Epoch 58/300, Train RMSE: 1.0138, Test RMSE: 1.0296
Epoch 59/300, Train RMSE: 1.0173, Test RMSE: 1.0152
Epoch 60/300, Train RMSE: 1.0135, Test RMSE: 1.0322
Epoch 61/300, Train RMSE: 1.0148, Test RMSE: 1.0334
Epoch 62/300, Train RMSE: 1.0130, Test RMSE: 1.0047
Epoch 63/300, Train RMSE: 1.0038, Test RMSE: 1.0090
Epoch 64/300, Train RMSE: 0.9980, Test RMSE: 1.0147
Epoch 65/300, Train RMSE: 0.9965, Test RMSE: 0.9789
Epoch 66/300, Train RMSE: 1.0009, Test RMSE: 1.0391
Epoch 67/300, Train RMSE: 1.0033, Test RMSE: 0.9937
Epoch 68/300, Train RMSE: 0.9949, Test RMSE: 0.9623
Epoch 69/300, Train RMSE: 0.9989, Test RMSE: 0.9769
Epoch 70/300, Train RMSE: 0.9899, Test RMSE: 0.9818
Epoch 71/300, Train RMSE: 0.9878, Test RMSE: 0.9788
Epoch 72/300, Train RMSE: 0.9962, Test RMSE: 0.9584
Epoch 73/300, Train RMSE: 0.9862, Test RMSE: 0.9799
Epoch 74/300, Train RMSE: 0.9768, Test RMSE: 0.9478
Epoch 75/300, Train RMSE: 0.9797, Test RMSE: 0.9484
Epoch 76/300, Train RMSE: 0.9804, Test RMSE: 0.9567
Epoch 77/300, Train RMSE: 0.9806, Test RMSE: 0.9514
Epoch 78/300, Train RMSE: 0.9798, Test RMSE: 0.9453
Epoch 79/300, Train RMSE: 0.9750, Test RMSE: 0.9661
Epoch 80/300, Train RMSE: 0.9749, Test RMSE: 1.0025
Epoch 81/300, Train RMSE: 0.9726, Test RMSE: 0.9486
Epoch 82/300, Train RMSE: 0.9806, Test RMSE: 0.9527
Epoch 83/300, Train RMSE: 0.9754, Test RMSE: 0.9358
Epoch 84/300, Train RMSE: 0.9661, Test RMSE: 0.9430
Epoch 85/300, Train RMSE: 0.9754, Test RMSE: 0.9410
Epoch 86/300, Train RMSE: 0.9649, Test RMSE: 0.9513
Epoch 87/300, Train RMSE: 0.9700, Test RMSE: 0.9233
Epoch 88/300, Train RMSE: 0.9665, Test RMSE: 0.9282
Epoch 89/300, Train RMSE: 0.9688, Test RMSE: 0.9360
Epoch 90/300, Train RMSE: 0.9686, Test RMSE: 0.9540
Epoch 91/300, Train RMSE: 0.9667, Test RMSE: 0.9371
Epoch 92/300, Train RMSE: 0.9528, Test RMSE: 0.9139
Epoch 93/300, Train RMSE: 0.9594, Test RMSE: 0.9121
Epoch 94/300, Train RMSE: 0.9463, Test RMSE: 0.8997
Epoch 95/300, Train RMSE: 0.9428, Test RMSE: 0.9630
Epoch 96/300, Train RMSE: 0.9564, Test RMSE: 0.9534
Epoch 97/300, Train RMSE: 0.9510, Test RMSE: 0.9191
Epoch 98/300, Train RMSE: 0.9359, Test RMSE: 0.9251
Epoch 99/300, Train RMSE: 0.9479, Test RMSE: 0.9165
Epoch 100/300, Train RMSE: 0.9487, Test RMSE: 0.9151
Epoch 101/300, Train RMSE: 0.9329, Test RMSE: 0.9228
Epoch 102/300, Train RMSE: 0.9457, Test RMSE: 0.9527
Epoch 103/300, Train RMSE: 0.9503, Test RMSE: 0.8985
Epoch 104/300, Train RMSE: 0.9400, Test RMSE: 0.9236
Epoch 105/300, Train RMSE: 0.9404, Test RMSE: 0.9013
Epoch 106/300, Train RMSE: 0.9408, Test RMSE: 0.9262
Epoch 107/300, Train RMSE: 0.9368, Test RMSE: 1.0224
Epoch 108/300, Train RMSE: 0.9247, Test RMSE: 0.8735
Epoch 109/300, Train RMSE: 0.9208, Test RMSE: 0.8728
Epoch 110/300, Train RMSE: 0.9353, Test RMSE: 0.9002
Epoch 111/300, Train RMSE: 0.9241, Test RMSE: 0.8994
Epoch 112/300, Train RMSE: 0.9254, Test RMSE: 0.8878
Epoch 113/300, Train RMSE: 0.9193, Test RMSE: 0.8921
Epoch 114/300, Train RMSE: 0.9228, Test RMSE: 0.8776
Epoch 115/300, Train RMSE: 0.9145, Test RMSE: 0.8670
Epoch 116/300, Train RMSE: 0.9160, Test RMSE: 0.8804
Epoch 117/300, Train RMSE: 0.9184, Test RMSE: 0.8658
Epoch 118/300, Train RMSE: 0.9197, Test RMSE: 0.8691
Epoch 119/300, Train RMSE: 0.9154, Test RMSE: 0.8703
Epoch 120/300, Train RMSE: 0.9142, Test RMSE: 0.8634
Epoch 121/300, Train RMSE: 0.9057, Test RMSE: 0.8691
Epoch 122/300, Train RMSE: 0.9138, Test RMSE: 0.8617
Epoch 123/300, Train RMSE: 0.9099, Test RMSE: 0.8639
Epoch 124/300, Train RMSE: 0.9060, Test RMSE: 0.8721
Epoch 125/300, Train RMSE: 0.9060, Test RMSE: 0.8740
Epoch 126/300, Train RMSE: 0.9036, Test RMSE: 0.8538
Epoch 127/300, Train RMSE: 0.9091, Test RMSE: 0.8662
Epoch 128/300, Train RMSE: 0.8942, Test RMSE: 0.8408
Epoch 129/300, Train RMSE: 0.9010, Test RMSE: 0.8966
Epoch 130/300, Train RMSE: 0.8974, Test RMSE: 0.8882
Epoch 131/300, Train RMSE: 0.8914, Test RMSE: 0.8791
Epoch 132/300, Train RMSE: 0.8895, Test RMSE: 0.8391
Epoch 133/300, Train RMSE: 0.9075, Test RMSE: 0.8799
Epoch 134/300, Train RMSE: 0.8995, Test RMSE: 0.8390
Epoch 135/300, Train RMSE: 0.8886, Test RMSE: 0.9226
Epoch 136/300, Train RMSE: 0.9018, Test RMSE: 0.8520
Epoch 137/300, Train RMSE: 0.8981, Test RMSE: 0.8716
Epoch 138/300, Train RMSE: 0.8880, Test RMSE: 0.8481
Epoch 139/300, Train RMSE: 0.8805, Test RMSE: 0.8579
Epoch 140/300, Train RMSE: 0.8894, Test RMSE: 0.9633
Epoch 141/300, Train RMSE: 0.8957, Test RMSE: 0.8282
Epoch 142/300, Train RMSE: 0.8827, Test RMSE: 0.8647
Epoch 143/300, Train RMSE: 0.8717, Test RMSE: 0.8190
Epoch 144/300, Train RMSE: 0.8731, Test RMSE: 0.8649
Epoch 145/300, Train RMSE: 0.8668, Test RMSE: 0.8490
Epoch 146/300, Train RMSE: 0.8821, Test RMSE: 0.8217
Epoch 147/300, Train RMSE: 0.8642, Test RMSE: 0.8644
Epoch 148/300, Train RMSE: 0.8862, Test RMSE: 0.8829
Epoch 149/300, Train RMSE: 0.8690, Test RMSE: 0.8445
Epoch 150/300, Train RMSE: 0.8661, Test RMSE: 0.8152
Epoch 151/300, Train RMSE: 0.8626, Test RMSE: 0.8322
Epoch 152/300, Train RMSE: 0.8708, Test RMSE: 0.8233
Epoch 153/300, Train RMSE: 0.8629, Test RMSE: 0.8498
Epoch 154/300, Train RMSE: 0.8611, Test RMSE: 0.8388
Epoch 155/300, Train RMSE: 0.8615, Test RMSE: 0.8656
Epoch 156/300, Train RMSE: 0.8677, Test RMSE: 0.8088
Epoch 157/300, Train RMSE: 0.8545, Test RMSE: 0.8342/home/agbande-remote/sandeep/gnn/gcn/c2d/gcnn/with_same_afp_hpo/fixed_R2/hd_fig/early_stop/gcn_final.py:206: FutureWarning: You are using `torch.load` with `weights_only=False` (the current default value), which uses the default pickle module implicitly. It is possible to construct malicious pickle data which will execute arbitrary code during unpickling (See https://github.com/pytorch/pytorch/blob/main/SECURITY.md#untrusted-models for more details). In a future release, the default value for `weights_only` will be flipped to `True`. This limits the functions that could be executed during unpickling. Arbitrary objects will no longer be allowed to be loaded via this mode unless they are explicitly allowlisted by the user via `torch.serialization.add_safe_globals`. We recommend you start setting `weights_only=True` for any use case where you don't have full control of the loaded file. Please open an issue on GitHub for any issues related to this experimental feature.
  model.load_state_dict(torch.load('models/best_model.pth'))

Epoch 158/300, Train RMSE: 0.8627, Test RMSE: 0.8280
Epoch 159/300, Train RMSE: 0.8655, Test RMSE: 0.8460
Epoch 160/300, Train RMSE: 0.8680, Test RMSE: 0.8332
Epoch 161/300, Train RMSE: 0.8595, Test RMSE: 0.8438
Epoch 162/300, Train RMSE: 0.8545, Test RMSE: 0.8692
Epoch 163/300, Train RMSE: 0.8500, Test RMSE: 0.8450
Epoch 164/300, Train RMSE: 0.8508, Test RMSE: 0.8105
Epoch 165/300, Train RMSE: 0.8512, Test RMSE: 0.8818
Epoch 166/300, Train RMSE: 0.8415, Test RMSE: 0.8233
Epoch 167/300, Train RMSE: 0.8528, Test RMSE: 0.8401
Epoch 168/300, Train RMSE: 0.8541, Test RMSE: 0.8642
Epoch 169/300, Train RMSE: 0.8570, Test RMSE: 0.8098
Epoch 170/300, Train RMSE: 0.8434, Test RMSE: 0.8319
Epoch 171/300, Train RMSE: 0.8412, Test RMSE: 0.8144
Epoch 172/300, Train RMSE: 0.8351, Test RMSE: 0.8519
Epoch 173/300, Train RMSE: 0.8412, Test RMSE: 0.8014
Epoch 174/300, Train RMSE: 0.8495, Test RMSE: 0.8162
Epoch 175/300, Train RMSE: 0.8379, Test RMSE: 0.8021
Epoch 176/300, Train RMSE: 0.8368, Test RMSE: 0.8144
Epoch 177/300, Train RMSE: 0.8334, Test RMSE: 0.8120
Epoch 178/300, Train RMSE: 0.8364, Test RMSE: 0.8188
Epoch 179/300, Train RMSE: 0.8483, Test RMSE: 0.8077
Epoch 180/300, Train RMSE: 0.8267, Test RMSE: 0.8367
Epoch 181/300, Train RMSE: 0.8373, Test RMSE: 0.7990
Epoch 182/300, Train RMSE: 0.8217, Test RMSE: 0.8320
Epoch 183/300, Train RMSE: 0.8315, Test RMSE: 0.8269
Epoch 184/300, Train RMSE: 0.8390, Test RMSE: 0.8196
Epoch 185/300, Train RMSE: 0.8360, Test RMSE: 0.8743
Epoch 186/300, Train RMSE: 0.8254, Test RMSE: 0.8138
Epoch 187/300, Train RMSE: 0.8263, Test RMSE: 0.8117
Epoch 188/300, Train RMSE: 0.8167, Test RMSE: 0.7908
Epoch 189/300, Train RMSE: 0.8185, Test RMSE: 0.8340
Epoch 190/300, Train RMSE: 0.8189, Test RMSE: 0.8310
Epoch 191/300, Train RMSE: 0.8328, Test RMSE: 0.8083
Epoch 192/300, Train RMSE: 0.8157, Test RMSE: 0.8385
Epoch 193/300, Train RMSE: 0.8403, Test RMSE: 0.8470
Epoch 194/300, Train RMSE: 0.8061, Test RMSE: 0.8144
Epoch 195/300, Train RMSE: 0.8123, Test RMSE: 0.7928
Epoch 196/300, Train RMSE: 0.8138, Test RMSE: 0.7937
Epoch 197/300, Train RMSE: 0.8132, Test RMSE: 0.7875
Epoch 198/300, Train RMSE: 0.8092, Test RMSE: 0.7943
Epoch 199/300, Train RMSE: 0.8211, Test RMSE: 0.7808
Epoch 200/300, Train RMSE: 0.8145, Test RMSE: 0.8035
Epoch 201/300, Train RMSE: 0.8181, Test RMSE: 0.7927
Epoch 202/300, Train RMSE: 0.8102, Test RMSE: 0.8049
Epoch 203/300, Train RMSE: 0.8193, Test RMSE: 0.8237
Epoch 204/300, Train RMSE: 0.8025, Test RMSE: 0.7893
Epoch 205/300, Train RMSE: 0.8156, Test RMSE: 0.8430
Epoch 206/300, Train RMSE: 0.8131, Test RMSE: 0.8092
Epoch 207/300, Train RMSE: 0.8116, Test RMSE: 0.8511
Epoch 208/300, Train RMSE: 0.7974, Test RMSE: 0.8061
Epoch 209/300, Train RMSE: 0.8068, Test RMSE: 0.8170
Epoch 210/300, Train RMSE: 0.7980, Test RMSE: 0.8087
Epoch 211/300, Train RMSE: 0.8118, Test RMSE: 0.7947
Epoch 212/300, Train RMSE: 0.8064, Test RMSE: 0.7867
Epoch 213/300, Train RMSE: 0.8033, Test RMSE: 0.7924
Epoch 214/300, Train RMSE: 0.7943, Test RMSE: 0.8065
Epoch 215/300, Train RMSE: 0.8042, Test RMSE: 0.7984
Epoch 216/300, Train RMSE: 0.7983, Test RMSE: 0.8268
Epoch 217/300, Train RMSE: 0.8078, Test RMSE: 0.7730
Epoch 218/300, Train RMSE: 0.7864, Test RMSE: 0.7894
Epoch 219/300, Train RMSE: 0.7988, Test RMSE: 0.8222
Epoch 220/300, Train RMSE: 0.7876, Test RMSE: 0.7794
Epoch 221/300, Train RMSE: 0.8125, Test RMSE: 0.8171
Epoch 222/300, Train RMSE: 0.7912, Test RMSE: 0.7786
Epoch 223/300, Train RMSE: 0.7943, Test RMSE: 0.7942
Epoch 224/300, Train RMSE: 0.7865, Test RMSE: 0.8101
Epoch 225/300, Train RMSE: 0.7993, Test RMSE: 0.7798
Epoch 226/300, Train RMSE: 0.7871, Test RMSE: 0.7922
Epoch 227/300, Train RMSE: 0.7959, Test RMSE: 0.7714
Epoch 228/300, Train RMSE: 0.7866, Test RMSE: 0.7810
Epoch 229/300, Train RMSE: 0.7900, Test RMSE: 0.7671
Epoch 230/300, Train RMSE: 0.7978, Test RMSE: 0.7735
Epoch 231/300, Train RMSE: 0.7836, Test RMSE: 0.7938
Epoch 232/300, Train RMSE: 0.7795, Test RMSE: 0.8064
Epoch 233/300, Train RMSE: 0.7853, Test RMSE: 0.7816
Epoch 234/300, Train RMSE: 0.7872, Test RMSE: 0.8269
Epoch 235/300, Train RMSE: 0.8065, Test RMSE: 0.8262
Epoch 236/300, Train RMSE: 0.7715, Test RMSE: 0.8724
Epoch 237/300, Train RMSE: 0.7800, Test RMSE: 0.7969
Epoch 238/300, Train RMSE: 0.7901, Test RMSE: 0.7874
Epoch 239/300, Train RMSE: 0.7780, Test RMSE: 0.7819
Epoch 240/300, Train RMSE: 0.7781, Test RMSE: 0.7908
Epoch 241/300, Train RMSE: 0.7886, Test RMSE: 0.7915
Epoch 242/300, Train RMSE: 0.7806, Test RMSE: 0.7968
Epoch 243/300, Train RMSE: 0.7770, Test RMSE: 0.7910
Epoch 244/300, Train RMSE: 0.7660, Test RMSE: 0.7814
Epoch 245/300, Train RMSE: 0.7871, Test RMSE: 0.7762
Epoch 246/300, Train RMSE: 0.7798, Test RMSE: 0.7810
Epoch 247/300, Train RMSE: 0.7669, Test RMSE: 0.7706
Epoch 248/300, Train RMSE: 0.7641, Test RMSE: 0.7530
Epoch 249/300, Train RMSE: 0.7778, Test RMSE: 0.7659
Epoch 250/300, Train RMSE: 0.7736, Test RMSE: 0.7754
Epoch 251/300, Train RMSE: 0.7722, Test RMSE: 0.7791
Epoch 252/300, Train RMSE: 0.7779, Test RMSE: 0.8174
Epoch 253/300, Train RMSE: 0.7651, Test RMSE: 0.7861
Epoch 254/300, Train RMSE: 0.7714, Test RMSE: 0.7709
Epoch 255/300, Train RMSE: 0.7876, Test RMSE: 0.7680
Epoch 256/300, Train RMSE: 0.7710, Test RMSE: 0.7665
Epoch 257/300, Train RMSE: 0.7805, Test RMSE: 0.7714
Epoch 258/300, Train RMSE: 0.7753, Test RMSE: 0.8038
Epoch 259/300, Train RMSE: 0.7771, Test RMSE: 0.7684
Epoch 260/300, Train RMSE: 0.7632, Test RMSE: 0.7695
Epoch 261/300, Train RMSE: 0.7675, Test RMSE: 0.8612
Epoch 262/300, Train RMSE: 0.7802, Test RMSE: 0.7712
Epoch 263/300, Train RMSE: 0.7609, Test RMSE: 0.7654
Epoch 264/300, Train RMSE: 0.7650, Test RMSE: 0.7718
Epoch 265/300, Train RMSE: 0.7532, Test RMSE: 0.7770
Epoch 266/300, Train RMSE: 0.7653, Test RMSE: 0.7816
Epoch 267/300, Train RMSE: 0.7560, Test RMSE: 0.7530
Epoch 268/300, Train RMSE: 0.7578, Test RMSE: 0.7733
Early stopping triggered.

📘 Final Performance Metrics
----------------------------------------
Train MAE   : 0.5149
Test  MAE   : 0.5872
Train MSE   : 0.4533
Test  MSE   : 0.5669
Train RMSE  : 0.6732
Test  RMSE  : 0.7530
Train R²    : 0.6796
Test  R²    : 0.6338
----------------------------------------
Execution time: 5.08 minutes
