
FOLD 0 ----------------------------
Epoch 000: Train RMSE = 1.2159, Val RMSE = 1.2630
Epoch 010: Train RMSE = 1.1043, Val RMSE = 1.1600
Epoch 020: Train RMSE = 1.0467, Val RMSE = 1.0784
Epoch 030: Train RMSE = 1.0212, Val RMSE = 1.0515
Epoch 040: Train RMSE = 0.9966, Val RMSE = 1.0453
Epoch 050: Train RMSE = 0.9703, Val RMSE = 1.0613
Epoch 060: Train RMSE = 0.9527, Val RMSE = 1.0220
Epoch 070: Train RMSE = 0.9152, Val RMSE = 0.9525
Epoch 080: Train RMSE = 0.9029, Val RMSE = 0.9386
Epoch 090: Train RMSE = 0.8957, Val RMSE = 0.9353
Epoch 100: Train RMSE = 0.8728, Val RMSE = 0.9010
Epoch 110: Train RMSE = 0.8539, Val RMSE = 0.8651
Epoch 120: Train RMSE = 0.8397, Val RMSE = 0.8561
Epoch 130: Train RMSE = 0.8244, Val RMSE = 0.8520
Epoch 140: Train RMSE = 0.8015, Val RMSE = 0.8385
Epoch 150: Train RMSE = 0.7897, Val RMSE = 0.9511
Epoch 160: Train RMSE = 0.7796, Val RMSE = 0.8633
Epoch 170: Train RMSE = 0.7817, Val RMSE = 0.8253
Epoch 180: Train RMSE = 0.7573, Val RMSE = 0.8394
Epoch 190: Train RMSE = 0.7750, Val RMSE = 0.8287
Epoch 200: Train RMSE = 0.7457, Val RMSE = 0.8084
Epoch 210: Train RMSE = 0.7592, Val RMSE = 0.8243
Epoch 220: Train RMSE = 0.7211, Val RMSE = 0.7836
Epoch 230: Train RMSE = 0.7336, Val RMSE = 0.7942
Epoch 240: Train RMSE = 0.7193, Val RMSE = 0.7818
Epoch 250: Train RMSE = 0.7174, Val RMSE = 0.8088
Epoch 260: Train RMSE = 0.7069, Val RMSE = 0.7772
Epoch 270: Train RMSE = 0.6981, Val RMSE = 0.7608
Epoch 280: Train RMSE = 0.6942, Val RMSE = 0.7797
Epoch 290: Train RMSE = 0.6905, Val RMSE = 0.7547
Fold 0 R2 score: 0.6045, RMSE: 0.7736, MAE: 0.5763, MSE: 0.5985
Fold 0 completed in 919.47 seconds.

FOLD 1 ----------------------------
Epoch 000: Train RMSE = 1.2071, Val RMSE = 1.1978
Epoch 010: Train RMSE = 1.1113, Val RMSE = 1.1762
Epoch 020: Train RMSE = 1.0594, Val RMSE = 1.1439
Epoch 030: Train RMSE = 1.0294, Val RMSE = 1.1062
Epoch 040: Train RMSE = 1.0072, Val RMSE = 1.0864
Epoch 050: Train RMSE = 0.9786, Val RMSE = 1.0973
Epoch 060: Train RMSE = 0.9591, Val RMSE = 1.0808
Epoch 070: Train RMSE = 0.9208, Val RMSE = 1.0460
Epoch 080: Train RMSE = 0.8987, Val RMSE = 1.0081
Epoch 090: Train RMSE = 0.8661, Val RMSE = 1.0032
Epoch 100: Train RMSE = 0.8484, Val RMSE = 0.9402
Epoch 110: Train RMSE = 0.8331, Val RMSE = 0.9353
Epoch 120: Train RMSE = 0.8196, Val RMSE = 0.8950
Epoch 130: Train RMSE = 0.8124, Val RMSE = 0.9103
Epoch 140: Train RMSE = 0.8056, Val RMSE = 0.9490
Epoch 150: Train RMSE = 0.7871, Val RMSE = 0.8929
Epoch 160: Train RMSE = 0.7809, Val RMSE = 0.8988
Epoch 170: Train RMSE = 0.7711, Val RMSE = 0.9592
Epoch 180: Train RMSE = 0.7601, Val RMSE = 0.8712
Epoch 190: Train RMSE = 0.7388, Val RMSE = 0.8331
Epoch 200: Train RMSE = 0.7316, Val RMSE = 0.8272
Epoch 210: Train RMSE = 0.7246, Val RMSE = 0.8882
Epoch 220: Train RMSE = 0.7289, Val RMSE = 0.9444
Epoch 230: Train RMSE = 0.7120, Val RMSE = 0.8241
Epoch 240: Train RMSE = 0.7052, Val RMSE = 0.8180
Epoch 250: Train RMSE = 0.7084, Val RMSE = 0.8088
Epoch 260: Train RMSE = 0.6962, Val RMSE = 0.8118
Epoch 270: Train RMSE = 0.6872, Val RMSE = 0.7662
Epoch 280: Train RMSE = 0.6814, Val RMSE = 0.7963
Epoch 290: Train RMSE = 0.6783, Val RMSE = 0.7870
Fold 1 R2 score: 0.4949, RMSE: 0.8571, MAE: 0.6517, MSE: 0.7346
Fold 1 completed in 921.74 seconds.

FOLD 2 ----------------------------
Epoch 000: Train RMSE = 1.1994, Val RMSE = 1.1802
Epoch 010: Train RMSE = 1.1165, Val RMSE = 1.1803
Epoch 020: Train RMSE = 1.0801, Val RMSE = 1.0932
Epoch 030: Train RMSE = 1.0431, Val RMSE = 1.0527
Epoch 040: Train RMSE = 1.0288, Val RMSE = 1.0517
Epoch 050: Train RMSE = 1.0063, Val RMSE = 1.0761
Epoch 060: Train RMSE = 0.9727, Val RMSE = 1.0141
Epoch 070: Train RMSE = 0.9359, Val RMSE = 1.0192
Epoch 080: Train RMSE = 0.9176, Val RMSE = 0.9619
Epoch 090: Train RMSE = 0.8933, Val RMSE = 0.9321
Epoch 100: Train RMSE = 0.8784, Val RMSE = 0.9225
Epoch 110: Train RMSE = 0.8543, Val RMSE = 0.9019
Epoch 120: Train RMSE = 0.8378, Val RMSE = 0.9196
Epoch 130: Train RMSE = 0.8264, Val RMSE = 0.9340
Epoch 140: Train RMSE = 0.8143, Val RMSE = 0.9603
Epoch 150: Train RMSE = 0.7924, Val RMSE = 0.8793
Epoch 160: Train RMSE = 0.7930, Val RMSE = 0.8790
Epoch 170: Train RMSE = 0.7865, Val RMSE = 0.8417
Epoch 180: Train RMSE = 0.7703, Val RMSE = 0.8648
Epoch 190: Train RMSE = 0.7619, Val RMSE = 0.8600
Early stopping triggered.
Fold 2 R2 score: 0.4550, RMSE: 0.8689, MAE: 0.6264, MSE: 0.7550
Fold 2 completed in 594.79 seconds.

FOLD 3 ----------------------------
Epoch 000: Train RMSE = 1.1931, Val RMSE = 1.1822
Epoch 010: Train RMSE = 1.1226, Val RMSE = 1.1196
Epoch 020: Train RMSE = 1.0734, Val RMSE = 1.1294
Epoch 030: Train RMSE = 1.0496, Val RMSE = 1.0787
Epoch 040: Train RMSE = 1.0192, Val RMSE = 1.0707
Epoch 050: Train RMSE = 0.9929, Val RMSE = 0.9958
Epoch 060: Train RMSE = 0.9634, Val RMSE = 0.9780
Epoch 070: Train RMSE = 0.9322, Val RMSE = 1.0405
Epoch 080: Train RMSE = 0.9193, Val RMSE = 1.0259
Epoch 090: Train RMSE = 0.8878, Val RMSE = 0.9190
Epoch 100: Train RMSE = 0.8793, Val RMSE = 0.8906
Epoch 110: Train RMSE = 0.8510, Val RMSE = 0.9062
Epoch 120: Train RMSE = 0.8476, Val RMSE = 0.9041
Epoch 130: Train RMSE = 0.8321, Val RMSE = 0.8777
Epoch 140: Train RMSE = 0.8042, Val RMSE = 0.8480
Epoch 150: Train RMSE = 0.8016, Val RMSE = 0.8536
Epoch 160: Train RMSE = 0.7832, Val RMSE = 0.8248
Epoch 170: Train RMSE = 0.7878, Val RMSE = 0.8217
Epoch 180: Train RMSE = 0.7693, Val RMSE = 0.8675
Epoch 190: Train RMSE = 0.7624, Val RMSE = 0.8289
Epoch 200: Train RMSE = 0.7665, Val RMSE = 0.8229
Epoch 210: Train RMSE = 0.7507, Val RMSE = 0.7932
Epoch 220: Train RMSE = 0.7377, Val RMSE = 0.7898
Epoch 230: Train RMSE = 0.7335, Val RMSE = 0.8113
Epoch 240: Train RMSE = 0.7335, Val RMSE = 0.7875
Epoch 250: Train RMSE = 0.7156, Val RMSE = 0.8233
Epoch 260: Train RMSE = 0.7241, Val RMSE = 0.8465
Epoch 270: Train RMSE = 0.6981, Val RMSE = 0.7583
Epoch 280: Train RMSE = 0.6998, Val RMSE = 0.7486
Epoch 290: Train RMSE = 0.6881, Val RMSE = 0.7569
Fold 3 R2 score: 0.4977, RMSE: 0.8246, MAE: 0.6131, MSE: 0.6799
Fold 3 completed in 932.89 seconds.

FOLD 4 ----------------------------
Epoch 000: Train RMSE = 1.2011, Val RMSE = 1.2694
Epoch 010: Train RMSE = 1.1022, Val RMSE = 1.2253
Epoch 020: Train RMSE = 1.0702, Val RMSE = 1.1922
Epoch 030: Train RMSE = 1.0324, Val RMSE = 1.1397
Epoch 040: Train RMSE = 1.0148, Val RMSE = 1.1052
Epoch 050: Train RMSE = 0.9967, Val RMSE = 1.0749
Epoch 060: Train RMSE = 0.9627, Val RMSE = 1.0499
Epoch 070: Train RMSE = 0.9472, Val RMSE = 1.0038
Epoch 080: Train RMSE = 0.9331, Val RMSE = 1.0035
Epoch 090: Train RMSE = 0.9018, Val RMSE = 0.9809
Epoch 100: Train RMSE = 0.8820, Val RMSE = 0.9914
Epoch 110: Train RMSE = 0.8594, Val RMSE = 0.9276
Epoch 120: Train RMSE = 0.8496, Val RMSE = 0.9462
Epoch 130: Train RMSE = 0.8395, Val RMSE = 0.9075
Epoch 140: Train RMSE = 0.8252, Val RMSE = 0.8910
Epoch 150: Train RMSE = 0.8116, Val RMSE = 0.9196
Epoch 160: Train RMSE = 0.7988, Val RMSE = 0.8725
Epoch 170: Train RMSE = 0.7949, Val RMSE = 0.8711
Epoch 180: Train RMSE = 0.7928, Val RMSE = 0.8678
Epoch 190: Train RMSE = 0.7652, Val RMSE = 0.8674
Epoch 200: Train RMSE = 0.7669, Val RMSE = 0.8242
Epoch 210: Train RMSE = 0.7425, Val RMSE = 0.8280
Epoch 220: Train RMSE = 0.7384, Val RMSE = 0.8444
Epoch 230: Train RMSE = 0.7384, Val RMSE = 0.8167
Epoch 240: Train RMSE = 0.7308, Val RMSE = 0.8244
Epoch 250: Train RMSE = 0.7289, Val RMSE = 0.8286
Epoch 260: Train RMSE = 0.7105, Val RMSE = 0.8307
Epoch 270: Train RMSE = 0.7115, Val RMSE = 0.8146
Epoch 280: Train RMSE = 0.6928, Val RMSE = 0.7955
Epoch 290: Train RMSE = 0.7025, Val RMSE = 0.7839
Fold 4 R2 score: 0.6296, RMSE: 0.7751, MAE: 0.6085, MSE: 0.6008
Fold 4 completed in 556.25 seconds.

FOLD 5 ----------------------------
Epoch 000: Train RMSE = 1.1734, Val RMSE = 1.3494
Epoch 010: Train RMSE = 1.0852, Val RMSE = 1.1765
Epoch 020: Train RMSE = 1.0612, Val RMSE = 1.2004
Epoch 030: Train RMSE = 1.0212, Val RMSE = 1.0694
Epoch 040: Train RMSE = 0.9804, Val RMSE = 1.0621
Epoch 050: Train RMSE = 0.9509, Val RMSE = 1.0136
Epoch 060: Train RMSE = 0.9236, Val RMSE = 1.0037
Epoch 070: Train RMSE = 0.9094, Val RMSE = 0.9637
Epoch 080: Train RMSE = 0.8821, Val RMSE = 0.9234
Epoch 090: Train RMSE = 0.8540, Val RMSE = 0.9214
Epoch 100: Train RMSE = 0.8390, Val RMSE = 0.8710
Epoch 110: Train RMSE = 0.8240, Val RMSE = 0.8709
Epoch 120: Train RMSE = 0.8032, Val RMSE = 0.8711
Epoch 130: Train RMSE = 0.7973, Val RMSE = 0.8515
Epoch 140: Train RMSE = 0.7877, Val RMSE = 0.8026
Epoch 150: Train RMSE = 0.7878, Val RMSE = 0.8271
Epoch 160: Train RMSE = 0.7786, Val RMSE = 0.8046
Epoch 170: Train RMSE = 0.7531, Val RMSE = 0.7774
Epoch 180: Train RMSE = 0.7407, Val RMSE = 0.7910
Epoch 190: Train RMSE = 0.7362, Val RMSE = 0.7668
Epoch 200: Train RMSE = 0.7376, Val RMSE = 0.7709
Epoch 210: Train RMSE = 0.7185, Val RMSE = 0.7851
Epoch 220: Train RMSE = 0.7180, Val RMSE = 0.7744
Epoch 230: Train RMSE = 0.7031, Val RMSE = 0.7484
Epoch 240: Train RMSE = 0.6838, Val RMSE = 0.7251
Epoch 250: Train RMSE = 0.6857, Val RMSE = 0.7481
Epoch 260: Train RMSE = 0.7072, Val RMSE = 0.7666
Epoch 270: Train RMSE = 0.6735, Val RMSE = 0.7488
Epoch 280: Train RMSE = 0.6780, Val RMSE = 0.7802
Early stopping triggered.
Fold 5 R2 score: 0.6750, RMSE: 0.7105, MAE: 0.5558, MSE: 0.5047
Fold 5 completed in 341.94 seconds.

FOLD 6 ----------------------------
Epoch 000: Train RMSE = 1.1967, Val RMSE = 1.1551
Epoch 010: Train RMSE = 1.1101, Val RMSE = 1.1019
Epoch 020: Train RMSE = 1.0647, Val RMSE = 1.0896
Epoch 030: Train RMSE = 1.0338, Val RMSE = 1.0549
Epoch 040: Train RMSE = 1.0181, Val RMSE = 1.0997
Epoch 050: Train RMSE = 0.9956, Val RMSE = 1.0794
Epoch 060: Train RMSE = 0.9792, Val RMSE = 1.0036
Epoch 070: Train RMSE = 0.9519, Val RMSE = 1.0095
Epoch 080: Train RMSE = 0.9286, Val RMSE = 0.9722
Epoch 090: Train RMSE = 0.8891, Val RMSE = 0.9812
Epoch 100: Train RMSE = 0.8791, Val RMSE = 0.9227
Epoch 110: Train RMSE = 0.8650, Val RMSE = 0.9106
Epoch 120: Train RMSE = 0.8532, Val RMSE = 0.9276
Epoch 130: Train RMSE = 0.8318, Val RMSE = 0.8812
Epoch 140: Train RMSE = 0.8157, Val RMSE = 0.8953
Epoch 150: Train RMSE = 0.8018, Val RMSE = 0.8616
Epoch 160: Train RMSE = 0.7883, Val RMSE = 0.8967
Epoch 170: Train RMSE = 0.7833, Val RMSE = 0.8342
Epoch 180: Train RMSE = 0.7746, Val RMSE = 0.8176
Epoch 190: Train RMSE = 0.7753, Val RMSE = 0.8069
Epoch 200: Train RMSE = 0.7563, Val RMSE = 0.8767
Epoch 210: Train RMSE = 0.7442, Val RMSE = 0.8330
Epoch 220: Train RMSE = 0.7260, Val RMSE = 0.8260
Early stopping triggered.
Fold 6 R2 score: 0.5119, RMSE: 0.7978, MAE: 0.5753, MSE: 0.6365
Fold 6 completed in 256.28 seconds.

FOLD 7 ----------------------------
Epoch 000: Train RMSE = 1.1958, Val RMSE = 1.1950
Epoch 010: Train RMSE = 1.1218, Val RMSE = 1.1471
Epoch 020: Train RMSE = 1.0614, Val RMSE = 1.1266
Epoch 030: Train RMSE = 1.0459, Val RMSE = 1.0843
Epoch 040: Train RMSE = 1.0123, Val RMSE = 1.1773
Epoch 050: Train RMSE = 0.9872, Val RMSE = 1.0207
Epoch 060: Train RMSE = 0.9673, Val RMSE = 0.9854
Epoch 070: Train RMSE = 0.9421, Val RMSE = 0.9506
Epoch 080: Train RMSE = 0.9158, Val RMSE = 0.9257
Epoch 090: Train RMSE = 0.8880, Val RMSE = 0.9014
Epoch 100: Train RMSE = 0.8624, Val RMSE = 0.9140
Epoch 110: Train RMSE = 0.8544, Val RMSE = 0.8967
Epoch 120: Train RMSE = 0.8355, Val RMSE = 0.8562
Epoch 130: Train RMSE = 0.8314, Val RMSE = 0.8822
Epoch 140: Train RMSE = 0.8098, Val RMSE = 0.8509
Epoch 150: Train RMSE = 0.8065, Val RMSE = 0.8624
Epoch 160: Train RMSE = 0.7849, Val RMSE = 0.8415
Epoch 170: Train RMSE = 0.7707, Val RMSE = 0.9435
Epoch 180: Train RMSE = 0.7720, Val RMSE = 0.8198
Epoch 190: Train RMSE = 0.7630, Val RMSE = 0.8191
Epoch 200: Train RMSE = 0.7492, Val RMSE = 0.8077
Epoch 210: Train RMSE = 0.7452, Val RMSE = 0.8138
Epoch 220: Train RMSE = 0.7366, Val RMSE = 0.8126
Epoch 230: Train RMSE = 0.7365, Val RMSE = 0.8302
Epoch 240: Train RMSE = 0.7222, Val RMSE = 0.8011
Epoch 250: Train RMSE = 0.7140, Val RMSE = 0.8179
Epoch 260: Train RMSE = 0.7145, Val RMSE = 0.7897
Epoch 270: Train RMSE = 0.6892, Val RMSE = 0.7834
Epoch 280: Train RMSE = 0.7000, Val RMSE = 0.7627
Early stopping triggered.
Fold 7 R2 score: 0.5803, RMSE: 0.7705, MAE: 0.5902, MSE: 0.5937
Fold 7 completed in 326.06 seconds.

FOLD 8 ----------------------------
Epoch 000: Train RMSE = 1.2179, Val RMSE = 1.1706
Epoch 010: Train RMSE = 1.1127, Val RMSE = 1.1611
Epoch 020: Train RMSE = 1.0603, Val RMSE = 1.0600
Epoch 030: Train RMSE = 1.0411, Val RMSE = 1.0168
Epoch 040: Train RMSE = 1.0141, Val RMSE = 0.9859
Epoch 050: Train RMSE = 0.9948, Val RMSE = 1.0155
Epoch 060: Train RMSE = 0.9630, Val RMSE = 0.9316
Epoch 070: Train RMSE = 0.9369, Val RMSE = 0.9298
Epoch 080: Train RMSE = 0.9102, Val RMSE = 0.9230
Epoch 090: Train RMSE = 0.8978, Val RMSE = 0.8884
Epoch 100: Train RMSE = 0.8879, Val RMSE = 0.8632
Epoch 110: Train RMSE = 0.8712, Val RMSE = 0.8469
Epoch 120: Train RMSE = 0.8630, Val RMSE = 0.8191
Epoch 130: Train RMSE = 0.8313, Val RMSE = 0.8014
Epoch 140: Train RMSE = 0.8258, Val RMSE = 0.8816
Epoch 150: Train RMSE = 0.7969, Val RMSE = 0.7665
Epoch 160: Train RMSE = 0.7925, Val RMSE = 0.7386
Epoch 170: Train RMSE = 0.7834, Val RMSE = 0.7518
Epoch 180: Train RMSE = 0.7859, Val RMSE = 0.7804
Epoch 190: Train RMSE = 0.7733, Val RMSE = 0.7564
Epoch 200: Train RMSE = 0.7744, Val RMSE = 0.7258
Epoch 210: Train RMSE = 0.7549, Val RMSE = 0.7352
Epoch 220: Train RMSE = 0.7478, Val RMSE = 0.7211
Epoch 230: Train RMSE = 0.7462, Val RMSE = 0.7273
Epoch 240: Train RMSE = 0.7218, Val RMSE = 0.7302
Epoch 250: Train RMSE = 0.7431, Val RMSE = 0.7425
Epoch 260: Train RMSE = 0.7322, Val RMSE = 0.7230
Epoch 270: Train RMSE = 0.7184, Val RMSE = 0.7171
Early stopping triggered.
Fold 8 R2 score: 0.6139, RMSE: 0.7176, MAE: 0.5370, MSE: 0.5149
Fold 8 completed in 307.38 seconds.

FOLD 9 ----------------------------
Epoch 000: Train RMSE = 1.2029, Val RMSE = 1.2343
Epoch 010: Train RMSE = 1.1197, Val RMSE = 1.1799
Epoch 020: Train RMSE = 1.0652, Val RMSE = 1.1421
Epoch 030: Train RMSE = 1.0379, Val RMSE = 1.1170
Epoch 040: Train RMSE = 1.0169, Val RMSE = 1.0842
Epoch 050: Train RMSE = 0.9867, Val RMSE = 1.0330
Epoch 060: Train RMSE = 0.9558, Val RMSE = 1.0014
Epoch 070: Train RMSE = 0.9170, Val RMSE = 0.9691
Epoch 080: Train RMSE = 0.8980, Val RMSE = 0.9578
Epoch 090: Train RMSE = 0.8715, Val RMSE = 0.9080
Epoch 100: Train RMSE = 0.8494, Val RMSE = 0.8866
Epoch 110: Train RMSE = 0.8370, Val RMSE = 0.8872
Epoch 120: Train RMSE = 0.8137, Val RMSE = 0.8726
Epoch 130: Train RMSE = 0.8061, Val RMSE = 0.8598
Epoch 140: Train RMSE = 0.7884, Val RMSE = 0.9209
Epoch 150: Train RMSE = 0.7779, Val RMSE = 0.8996
Epoch 160: Train RMSE = 0.7647, Val RMSE = 0.8616
Epoch 170: Train RMSE = 0.7654, Val RMSE = 0.8560
Epoch 180: Train RMSE = 0.7503, Val RMSE = 0.8463
Epoch 190: Train RMSE = 0.7537, Val RMSE = 0.8366
Epoch 200: Train RMSE = 0.7288, Val RMSE = 0.8341
Epoch 210: Train RMSE = 0.7320, Val RMSE = 0.8429
Epoch 220: Train RMSE = 0.7107, Val RMSE = 0.8475
Epoch 230: Train RMSE = 0.7114, Val RMSE = 0.7805
Epoch 240: Train RMSE = 0.7024, Val RMSE = 0.8040
Epoch 250: Train RMSE = 0.7017, Val RMSE = 0.8096
Epoch 260: Train RMSE = 0.6930, Val RMSE = 0.8130
Epoch 270: Train RMSE = 0.6826, Val RMSE = 0.7867
Epoch 280: Train RMSE = 0.6789, Val RMSE = 0.8274
Early stopping triggered.
Fold 9 R2 score: 0.5647, RMSE: 0.8143, MAE: 0.6241, MSE: 0.6631
Fold 9 completed in 324.90 seconds.

Final Cross-Validation Results:
Average R2:  0.5627 ± 0.0669
Average RMSE: 0.7910 ± 0.0500
Average MAE:  0.5958 ± 0.0335
Average MSE:  0.6282 ± 0.0789
Total execution time: 5481.71 seconds
