
FOLD 0 ----------------------------
Epoch 000: Train RMSE = 2.1597, Val RMSE = 2.3444
Epoch 010: Train RMSE = 1.0386, Val RMSE = 1.1725
Epoch 020: Train RMSE = 0.9788, Val RMSE = 1.1134
Epoch 030: Train RMSE = 0.9436, Val RMSE = 1.0887
Epoch 040: Train RMSE = 0.9249, Val RMSE = 1.0668
Epoch 050: Train RMSE = 0.8927, Val RMSE = 1.0456
Epoch 060: Train RMSE = 0.8602, Val RMSE = 1.0196
Epoch 070: Train RMSE = 0.8209, Val RMSE = 0.9746
Epoch 080: Train RMSE = 0.7845, Val RMSE = 0.9419
Epoch 090: Train RMSE = 0.7496, Val RMSE = 0.9043
Epoch 100: Train RMSE = 0.7122, Val RMSE = 0.8859
Epoch 110: Train RMSE = 0.6958, Val RMSE = 0.8583
Epoch 120: Train RMSE = 0.6688, Val RMSE = 0.8287
Epoch 130: Train RMSE = 0.6479, Val RMSE = 0.8259
Epoch 140: Train RMSE = 0.6329, Val RMSE = 0.8029
Epoch 150: Train RMSE = 0.6290, Val RMSE = 0.7895
Epoch 160: Train RMSE = 0.6085, Val RMSE = 0.7885
Epoch 170: Train RMSE = 0.6067, Val RMSE = 0.7852
Epoch 180: Train RMSE = 0.5952, Val RMSE = 0.7657
Epoch 190: Train RMSE = 0.5735, Val RMSE = 0.7590
Epoch 200: Train RMSE = 0.5725, Val RMSE = 0.7452
Epoch 210: Train RMSE = 0.5541, Val RMSE = 0.7565
Epoch 220: Train RMSE = 0.5544, Val RMSE = 0.7509
Epoch 230: Train RMSE = 0.5467, Val RMSE = 0.7661
Epoch 240: Train RMSE = 0.5358, Val RMSE = 0.7345
Epoch 250: Train RMSE = 0.5388, Val RMSE = 0.7492
Epoch 260: Train RMSE = 0.5296, Val RMSE = 0.7369
Epoch 270: Train RMSE = 0.5206, Val RMSE = 0.7304
Epoch 280: Train RMSE = 0.5113, Val RMSE = 0.7214
Epoch 290: Train RMSE = 0.5139, Val RMSE = 0.7190
Fold 0 R2 score: 0.6504, RMSE: 0.7203, MAE: 0.5314, MSE: 0.5188
Fold 0 completed in 137.60 seconds.

FOLD 1 ----------------------------
Epoch 000: Train RMSE = 2.1716, Val RMSE = 2.3162
Epoch 010: Train RMSE = 1.0472, Val RMSE = 1.0990
Epoch 020: Train RMSE = 0.9961, Val RMSE = 1.0644
Epoch 030: Train RMSE = 0.9674, Val RMSE = 1.0375
Epoch 040: Train RMSE = 0.9376, Val RMSE = 1.0115
Epoch 050: Train RMSE = 0.9207, Val RMSE = 0.9901
Epoch 060: Train RMSE = 0.8921, Val RMSE = 0.9724
Epoch 070: Train RMSE = 0.8533, Val RMSE = 0.9364
Epoch 080: Train RMSE = 0.8212, Val RMSE = 0.9106
Epoch 090: Train RMSE = 0.7794, Val RMSE = 0.8685
Epoch 100: Train RMSE = 0.7552, Val RMSE = 0.8543
Epoch 110: Train RMSE = 0.7260, Val RMSE = 0.8299
Epoch 120: Train RMSE = 0.7004, Val RMSE = 0.8138
Epoch 130: Train RMSE = 0.6775, Val RMSE = 0.7964
Epoch 140: Train RMSE = 0.6592, Val RMSE = 0.7853
Epoch 150: Train RMSE = 0.6421, Val RMSE = 0.7740
Epoch 160: Train RMSE = 0.6316, Val RMSE = 0.7934
Epoch 170: Train RMSE = 0.6195, Val RMSE = 0.7694
Epoch 180: Train RMSE = 0.6082, Val RMSE = 0.7667
Epoch 190: Train RMSE = 0.6082, Val RMSE = 0.7631
Epoch 200: Train RMSE = 0.5962, Val RMSE = 0.7573
Epoch 210: Train RMSE = 0.5799, Val RMSE = 0.7594
Epoch 220: Train RMSE = 0.5816, Val RMSE = 0.7549
Epoch 230: Train RMSE = 0.5776, Val RMSE = 0.7562
Epoch 240: Train RMSE = 0.5597, Val RMSE = 0.7435
Epoch 250: Train RMSE = 0.5542, Val RMSE = 0.7414
Epoch 260: Train RMSE = 0.5506, Val RMSE = 0.7573
Epoch 270: Train RMSE = 0.5428, Val RMSE = 0.7373
Epoch 280: Train RMSE = 0.5385, Val RMSE = 0.7560
Epoch 290: Train RMSE = 0.5360, Val RMSE = 0.7384
Fold 1 R2 score: 0.5978, RMSE: 0.7423, MAE: 0.5353, MSE: 0.5510
Fold 1 completed in 192.44 seconds.

FOLD 2 ----------------------------
Epoch 000: Train RMSE = 2.1460, Val RMSE = 2.3831
Epoch 010: Train RMSE = 1.0226, Val RMSE = 1.2015
Epoch 020: Train RMSE = 0.9759, Val RMSE = 1.1441
Epoch 030: Train RMSE = 0.9523, Val RMSE = 1.1124
Epoch 040: Train RMSE = 0.9229, Val RMSE = 1.0883
Epoch 050: Train RMSE = 0.9109, Val RMSE = 1.0655
Epoch 060: Train RMSE = 0.8840, Val RMSE = 1.0401
Epoch 070: Train RMSE = 0.8517, Val RMSE = 1.0017
Epoch 080: Train RMSE = 0.8039, Val RMSE = 0.9528
Epoch 090: Train RMSE = 0.7705, Val RMSE = 0.9161
Epoch 100: Train RMSE = 0.7494, Val RMSE = 0.8792
Epoch 110: Train RMSE = 0.7182, Val RMSE = 0.8508
Epoch 120: Train RMSE = 0.7030, Val RMSE = 0.8259
Epoch 130: Train RMSE = 0.6777, Val RMSE = 0.8008
Epoch 140: Train RMSE = 0.6650, Val RMSE = 0.7897
Epoch 150: Train RMSE = 0.6447, Val RMSE = 0.7659
Epoch 160: Train RMSE = 0.6363, Val RMSE = 0.7542
Epoch 170: Train RMSE = 0.6297, Val RMSE = 0.7400
Epoch 180: Train RMSE = 0.6072, Val RMSE = 0.7371
Epoch 190: Train RMSE = 0.5961, Val RMSE = 0.7319
Epoch 200: Train RMSE = 0.5924, Val RMSE = 0.7162
Epoch 210: Train RMSE = 0.5834, Val RMSE = 0.7155
Epoch 220: Train RMSE = 0.5783, Val RMSE = 0.7163
Epoch 230: Train RMSE = 0.5765, Val RMSE = 0.6971
Epoch 240: Train RMSE = 0.5616, Val RMSE = 0.7002
Epoch 250: Train RMSE = 0.5589, Val RMSE = 0.6901
Epoch 260: Train RMSE = 0.5435, Val RMSE = 0.6956
Epoch 270: Train RMSE = 0.5486, Val RMSE = 0.6894
Epoch 280: Train RMSE = 0.5454, Val RMSE = 0.7185
Epoch 290: Train RMSE = 0.5396, Val RMSE = 0.7296
Fold 2 R2 score: 0.7075, RMSE: 0.6815, MAE: 0.5233, MSE: 0.4644
Fold 2 completed in 203.33 seconds.

FOLD 3 ----------------------------
Epoch 000: Train RMSE = 2.1798, Val RMSE = 2.3228
Epoch 010: Train RMSE = 1.0488, Val RMSE = 1.1041
Epoch 020: Train RMSE = 0.9950, Val RMSE = 1.0574
Epoch 030: Train RMSE = 0.9703, Val RMSE = 1.0311
Epoch 040: Train RMSE = 0.9420, Val RMSE = 1.0076
Epoch 050: Train RMSE = 0.8966, Val RMSE = 0.9729
Epoch 060: Train RMSE = 0.8562, Val RMSE = 0.9455
Epoch 070: Train RMSE = 0.8161, Val RMSE = 0.8950
Epoch 080: Train RMSE = 0.7738, Val RMSE = 0.8654
Epoch 090: Train RMSE = 0.7426, Val RMSE = 0.8322
Epoch 100: Train RMSE = 0.7135, Val RMSE = 0.8108
Epoch 110: Train RMSE = 0.6925, Val RMSE = 0.7957
Epoch 120: Train RMSE = 0.6691, Val RMSE = 0.7769
Epoch 130: Train RMSE = 0.6507, Val RMSE = 0.7649
Epoch 140: Train RMSE = 0.6417, Val RMSE = 0.7564
Epoch 150: Train RMSE = 0.6291, Val RMSE = 0.7393
Epoch 160: Train RMSE = 0.6270, Val RMSE = 0.7365
Epoch 170: Train RMSE = 0.6132, Val RMSE = 0.7423
Epoch 180: Train RMSE = 0.6090, Val RMSE = 0.7480
Epoch 190: Train RMSE = 0.5940, Val RMSE = 0.7242
Epoch 200: Train RMSE = 0.5831, Val RMSE = 0.7241
Epoch 210: Train RMSE = 0.5789, Val RMSE = 0.7133
Epoch 220: Train RMSE = 0.5735, Val RMSE = 0.7086
Epoch 230: Train RMSE = 0.5611, Val RMSE = 0.7197
Epoch 240: Train RMSE = 0.5618, Val RMSE = 0.7079
Epoch 250: Train RMSE = 0.5500, Val RMSE = 0.6998
Epoch 260: Train RMSE = 0.5457, Val RMSE = 0.6981
Epoch 270: Train RMSE = 0.5356, Val RMSE = 0.7023
Epoch 280: Train RMSE = 0.5368, Val RMSE = 0.7213
Epoch 290: Train RMSE = 0.5316, Val RMSE = 0.6981
Fold 3 R2 score: 0.6519, RMSE: 0.6878, MAE: 0.5059, MSE: 0.4731
Fold 3 completed in 203.80 seconds.

FOLD 4 ----------------------------
Epoch 000: Train RMSE = 2.0924, Val RMSE = 2.2351
Epoch 010: Train RMSE = 1.0257, Val RMSE = 1.1119
Epoch 020: Train RMSE = 0.9766, Val RMSE = 1.0583
Epoch 030: Train RMSE = 0.9466, Val RMSE = 1.0225
Epoch 040: Train RMSE = 0.9191, Val RMSE = 0.9884
Epoch 050: Train RMSE = 0.8692, Val RMSE = 0.9407
Epoch 060: Train RMSE = 0.8372, Val RMSE = 0.9015
Epoch 070: Train RMSE = 0.7950, Val RMSE = 0.8694
Epoch 080: Train RMSE = 0.7617, Val RMSE = 0.8354
Epoch 090: Train RMSE = 0.7292, Val RMSE = 0.8071
Epoch 100: Train RMSE = 0.7045, Val RMSE = 0.7809
Epoch 110: Train RMSE = 0.6823, Val RMSE = 0.7614
Epoch 120: Train RMSE = 0.6609, Val RMSE = 0.7524
Epoch 130: Train RMSE = 0.6422, Val RMSE = 0.7476
Epoch 140: Train RMSE = 0.6308, Val RMSE = 0.7763
Epoch 150: Train RMSE = 0.6250, Val RMSE = 0.7592
Epoch 160: Train RMSE = 0.6058, Val RMSE = 0.7359
Epoch 170: Train RMSE = 0.6030, Val RMSE = 0.7470
Epoch 180: Train RMSE = 0.5967, Val RMSE = 0.7247
Epoch 190: Train RMSE = 0.5814, Val RMSE = 0.7145
Epoch 200: Train RMSE = 0.5748, Val RMSE = 0.7202
Epoch 210: Train RMSE = 0.5677, Val RMSE = 0.7183
Epoch 220: Train RMSE = 0.5583, Val RMSE = 0.7241
Epoch 230: Train RMSE = 0.5611, Val RMSE = 0.7027
Epoch 240: Train RMSE = 0.5551, Val RMSE = 0.7007
Epoch 250: Train RMSE = 0.5401, Val RMSE = 0.6966
Epoch 260: Train RMSE = 0.5441, Val RMSE = 0.7013
Epoch 270: Train RMSE = 0.5355, Val RMSE = 0.6894
Epoch 280: Train RMSE = 0.5338, Val RMSE = 0.7062
Epoch 290: Train RMSE = 0.5172, Val RMSE = 0.6928
Fold 4 R2 score: 0.6341, RMSE: 0.7239, MAE: 0.5405, MSE: 0.5241
Fold 4 completed in 203.60 seconds.

Final Cross-Validation Results:
Average R2:  0.6483 ± 0.0354
Average RMSE: 0.7112 ± 0.0230
Average MAE:  0.5273 ± 0.0121
Average MSE:  0.5063 ± 0.0326
Total execution time: 940.76 seconds
