
FOLD 0 ----------------------------
Epoch 000: Train RMSE = 2.2832, Val RMSE = 2.3118
Epoch 010: Train RMSE = 1.0845, Val RMSE = 1.1688
Epoch 020: Train RMSE = 1.0348, Val RMSE = 1.1179
Epoch 030: Train RMSE = 0.9918, Val RMSE = 1.0974
Epoch 040: Train RMSE = 0.9740, Val RMSE = 1.0795
Epoch 050: Train RMSE = 0.9379, Val RMSE = 1.0472
Epoch 060: Train RMSE = 0.8954, Val RMSE = 1.0041
Epoch 070: Train RMSE = 0.8529, Val RMSE = 0.9682
Epoch 080: Train RMSE = 0.8140, Val RMSE = 0.9233
Epoch 090: Train RMSE = 0.7682, Val RMSE = 0.9022
Epoch 100: Train RMSE = 0.7449, Val RMSE = 0.8906
Epoch 110: Train RMSE = 0.7173, Val RMSE = 0.8588
Epoch 120: Train RMSE = 0.6948, Val RMSE = 0.8325
Epoch 130: Train RMSE = 0.6803, Val RMSE = 0.8238
Epoch 140: Train RMSE = 0.6550, Val RMSE = 0.8140
Epoch 150: Train RMSE = 0.6485, Val RMSE = 0.8395
Epoch 160: Train RMSE = 0.6330, Val RMSE = 0.7995
Epoch 170: Train RMSE = 0.6292, Val RMSE = 0.7997
Epoch 180: Train RMSE = 0.6241, Val RMSE = 0.8017
Epoch 190: Train RMSE = 0.6113, Val RMSE = 0.7937
Epoch 200: Train RMSE = 0.6014, Val RMSE = 0.7932
Epoch 210: Train RMSE = 0.5992, Val RMSE = 0.7764
Epoch 220: Train RMSE = 0.5741, Val RMSE = 0.7901
Epoch 230: Train RMSE = 0.5846, Val RMSE = 0.7768
Epoch 240: Train RMSE = 0.5836, Val RMSE = 0.7599
Epoch 250: Train RMSE = 0.5740, Val RMSE = 0.7647
Epoch 260: Train RMSE = 0.5539, Val RMSE = 0.7673
Epoch 270: Train RMSE = 0.5591, Val RMSE = 0.7539
Epoch 280: Train RMSE = 0.5535, Val RMSE = 0.7621
Epoch 290: Train RMSE = 0.5486, Val RMSE = 0.7626
Early stopping triggered.
Fold 0 R2 score: 0.6183, RMSE: 0.7601, MAE: 0.5523, MSE: 0.5777
Fold 0 completed in 206.09 seconds.

FOLD 1 ----------------------------
Epoch 000: Train RMSE = 2.2341, Val RMSE = 2.2786
Epoch 010: Train RMSE = 1.0838, Val RMSE = 1.1498
Epoch 020: Train RMSE = 1.0284, Val RMSE = 1.1019
Epoch 030: Train RMSE = 0.9979, Val RMSE = 1.0838
Epoch 040: Train RMSE = 0.9608, Val RMSE = 1.0474
Epoch 050: Train RMSE = 0.9177, Val RMSE = 1.0189
Epoch 060: Train RMSE = 0.8734, Val RMSE = 0.9857
Epoch 070: Train RMSE = 0.8291, Val RMSE = 0.9541
Epoch 080: Train RMSE = 0.8026, Val RMSE = 0.9187
Epoch 090: Train RMSE = 0.7668, Val RMSE = 0.8654
Epoch 100: Train RMSE = 0.7344, Val RMSE = 0.8519
Epoch 110: Train RMSE = 0.7099, Val RMSE = 0.8243
Epoch 120: Train RMSE = 0.6829, Val RMSE = 0.7919
Epoch 130: Train RMSE = 0.6738, Val RMSE = 0.7655
Epoch 140: Train RMSE = 0.6617, Val RMSE = 0.7781
Epoch 150: Train RMSE = 0.6550, Val RMSE = 0.7589
Epoch 160: Train RMSE = 0.6424, Val RMSE = 0.7613
Epoch 170: Train RMSE = 0.6193, Val RMSE = 0.7710
Epoch 180: Train RMSE = 0.6260, Val RMSE = 0.7444
Epoch 190: Train RMSE = 0.6137, Val RMSE = 0.7270
Epoch 200: Train RMSE = 0.6105, Val RMSE = 0.7237
Epoch 210: Train RMSE = 0.5879, Val RMSE = 0.7365
Epoch 220: Train RMSE = 0.5836, Val RMSE = 0.7044
Epoch 230: Train RMSE = 0.5884, Val RMSE = 0.7250
Epoch 240: Train RMSE = 0.5811, Val RMSE = 0.7156
Epoch 250: Train RMSE = 0.5724, Val RMSE = 0.6996
Epoch 260: Train RMSE = 0.5720, Val RMSE = 0.7115
Epoch 270: Train RMSE = 0.5534, Val RMSE = 0.7159
Epoch 280: Train RMSE = 0.5548, Val RMSE = 0.6961
Epoch 290: Train RMSE = 0.5436, Val RMSE = 0.7519
Fold 1 R2 score: 0.6741, RMSE: 0.6885, MAE: 0.5048, MSE: 0.4740
Fold 1 completed in 207.65 seconds.

FOLD 2 ----------------------------
Epoch 000: Train RMSE = 2.2779, Val RMSE = 2.3144
Epoch 010: Train RMSE = 1.0962, Val RMSE = 1.0943
Epoch 020: Train RMSE = 1.0382, Val RMSE = 1.0586
Epoch 030: Train RMSE = 1.0081, Val RMSE = 1.0263
Epoch 040: Train RMSE = 0.9620, Val RMSE = 0.9991
Epoch 050: Train RMSE = 0.9124, Val RMSE = 0.9586
Epoch 060: Train RMSE = 0.8711, Val RMSE = 0.9254
Epoch 070: Train RMSE = 0.8304, Val RMSE = 0.8929
Epoch 080: Train RMSE = 0.7956, Val RMSE = 0.8613
Epoch 090: Train RMSE = 0.7635, Val RMSE = 0.8356
Epoch 100: Train RMSE = 0.7351, Val RMSE = 0.8163
Epoch 110: Train RMSE = 0.7126, Val RMSE = 0.8078
Epoch 120: Train RMSE = 0.6970, Val RMSE = 0.8027
Epoch 130: Train RMSE = 0.6795, Val RMSE = 0.7881
Epoch 140: Train RMSE = 0.6697, Val RMSE = 0.7937
Epoch 150: Train RMSE = 0.6494, Val RMSE = 0.7734
Epoch 160: Train RMSE = 0.6354, Val RMSE = 0.7621
Epoch 170: Train RMSE = 0.6250, Val RMSE = 0.7547
Epoch 180: Train RMSE = 0.6149, Val RMSE = 0.7655
Epoch 190: Train RMSE = 0.6155, Val RMSE = 0.7924
Epoch 200: Train RMSE = 0.6085, Val RMSE = 0.7437
Epoch 210: Train RMSE = 0.6034, Val RMSE = 0.7463
Epoch 220: Train RMSE = 0.5854, Val RMSE = 0.7428
Epoch 230: Train RMSE = 0.5851, Val RMSE = 0.7857
Epoch 240: Train RMSE = 0.5747, Val RMSE = 0.7554
Epoch 250: Train RMSE = 0.5779, Val RMSE = 0.7784
Epoch 260: Train RMSE = 0.5734, Val RMSE = 0.7338
Epoch 270: Train RMSE = 0.5645, Val RMSE = 0.7445
Epoch 280: Train RMSE = 0.5640, Val RMSE = 0.7230
Epoch 290: Train RMSE = 0.5624, Val RMSE = 0.7603
Fold 2 R2 score: 0.6143, RMSE: 0.7310, MAE: 0.5147, MSE: 0.5344
Fold 2 completed in 207.79 seconds.

FOLD 3 ----------------------------
Epoch 000: Train RMSE = 2.2647, Val RMSE = 2.2461
Epoch 010: Train RMSE = 1.0882, Val RMSE = 1.0857
Epoch 020: Train RMSE = 1.0330, Val RMSE = 1.0456
Epoch 030: Train RMSE = 1.0039, Val RMSE = 1.0097
Epoch 040: Train RMSE = 0.9708, Val RMSE = 0.9747
Epoch 050: Train RMSE = 0.9395, Val RMSE = 0.9502
Epoch 060: Train RMSE = 0.8947, Val RMSE = 0.9026
Epoch 070: Train RMSE = 0.8537, Val RMSE = 0.8824
Epoch 080: Train RMSE = 0.8180, Val RMSE = 0.8517
Epoch 090: Train RMSE = 0.7825, Val RMSE = 0.7994
Epoch 100: Train RMSE = 0.7540, Val RMSE = 0.7808
Epoch 110: Train RMSE = 0.7259, Val RMSE = 0.7454
Epoch 120: Train RMSE = 0.7003, Val RMSE = 0.7379
Epoch 130: Train RMSE = 0.6871, Val RMSE = 0.7306
Epoch 140: Train RMSE = 0.6760, Val RMSE = 0.7071
Epoch 150: Train RMSE = 0.6545, Val RMSE = 0.6991
Epoch 160: Train RMSE = 0.6441, Val RMSE = 0.7022
Epoch 170: Train RMSE = 0.6413, Val RMSE = 0.6994
Epoch 180: Train RMSE = 0.6172, Val RMSE = 0.6788
Epoch 190: Train RMSE = 0.6141, Val RMSE = 0.6859
Epoch 200: Train RMSE = 0.6054, Val RMSE = 0.6846
Early stopping triggered.
Fold 3 R2 score: 0.6490, RMSE: 0.6892, MAE: 0.4978, MSE: 0.4750
Fold 3 completed in 144.28 seconds.

FOLD 4 ----------------------------
Epoch 000: Train RMSE = 2.2574, Val RMSE = 2.3479
Epoch 010: Train RMSE = 1.0870, Val RMSE = 1.1958
Epoch 020: Train RMSE = 1.0361, Val RMSE = 1.1359
Epoch 030: Train RMSE = 0.9978, Val RMSE = 1.1037
Epoch 040: Train RMSE = 0.9691, Val RMSE = 1.0763
Epoch 050: Train RMSE = 0.9390, Val RMSE = 1.0495
Epoch 060: Train RMSE = 0.9066, Val RMSE = 1.0154
Epoch 070: Train RMSE = 0.8623, Val RMSE = 0.9750
Epoch 080: Train RMSE = 0.8248, Val RMSE = 0.9127
Epoch 090: Train RMSE = 0.7943, Val RMSE = 0.8752
Epoch 100: Train RMSE = 0.7589, Val RMSE = 0.8527
Epoch 110: Train RMSE = 0.7268, Val RMSE = 0.8204
Epoch 120: Train RMSE = 0.7100, Val RMSE = 0.8090
Epoch 130: Train RMSE = 0.6877, Val RMSE = 0.7965
Epoch 140: Train RMSE = 0.6690, Val RMSE = 0.7597
Epoch 150: Train RMSE = 0.6693, Val RMSE = 0.7491
Epoch 160: Train RMSE = 0.6403, Val RMSE = 0.7417
Epoch 170: Train RMSE = 0.6397, Val RMSE = 0.7348
Epoch 180: Train RMSE = 0.6305, Val RMSE = 0.7238
Epoch 190: Train RMSE = 0.6233, Val RMSE = 0.7181
Epoch 200: Train RMSE = 0.6091, Val RMSE = 0.7199
Epoch 210: Train RMSE = 0.5942, Val RMSE = 0.7200
Epoch 220: Train RMSE = 0.5931, Val RMSE = 0.6998
Epoch 230: Train RMSE = 0.5887, Val RMSE = 0.7095
Epoch 240: Train RMSE = 0.5832, Val RMSE = 0.7180
Epoch 250: Train RMSE = 0.5773, Val RMSE = 0.6852
Epoch 260: Train RMSE = 0.5740, Val RMSE = 0.6872
Epoch 270: Train RMSE = 0.5568, Val RMSE = 0.6819
Epoch 280: Train RMSE = 0.5662, Val RMSE = 0.6741
Epoch 290: Train RMSE = 0.5474, Val RMSE = 0.7224
Fold 4 R2 score: 0.7229, RMSE: 0.6704, MAE: 0.5207, MSE: 0.4494
Fold 4 completed in 149.81 seconds.

FOLD 5 ----------------------------
Epoch 000: Train RMSE = 2.2191, Val RMSE = 2.3295
Epoch 010: Train RMSE = 1.0862, Val RMSE = 1.1832
Epoch 020: Train RMSE = 1.0442, Val RMSE = 1.1235
Epoch 030: Train RMSE = 1.0086, Val RMSE = 1.0871
Epoch 040: Train RMSE = 0.9803, Val RMSE = 1.0532
Epoch 050: Train RMSE = 0.9439, Val RMSE = 1.0280
Epoch 060: Train RMSE = 0.9128, Val RMSE = 0.9883
Epoch 070: Train RMSE = 0.8618, Val RMSE = 0.9528
Epoch 080: Train RMSE = 0.8264, Val RMSE = 0.9169
Epoch 090: Train RMSE = 0.7962, Val RMSE = 0.8736
Epoch 100: Train RMSE = 0.7678, Val RMSE = 0.8527
Epoch 110: Train RMSE = 0.7450, Val RMSE = 0.8016
Epoch 120: Train RMSE = 0.7219, Val RMSE = 0.8001
Epoch 130: Train RMSE = 0.6999, Val RMSE = 0.7695
Epoch 140: Train RMSE = 0.6779, Val RMSE = 0.7422
Epoch 150: Train RMSE = 0.6639, Val RMSE = 0.7268
Epoch 160: Train RMSE = 0.6622, Val RMSE = 0.7395
Epoch 170: Train RMSE = 0.6483, Val RMSE = 0.7192
Epoch 180: Train RMSE = 0.6358, Val RMSE = 0.7175
Epoch 190: Train RMSE = 0.6285, Val RMSE = 0.7014
Epoch 200: Train RMSE = 0.6153, Val RMSE = 0.6944
Epoch 210: Train RMSE = 0.6155, Val RMSE = 0.7291
Epoch 220: Train RMSE = 0.5973, Val RMSE = 0.6893
Epoch 230: Train RMSE = 0.6048, Val RMSE = 0.6808
Epoch 240: Train RMSE = 0.5900, Val RMSE = 0.6916
Epoch 250: Train RMSE = 0.5871, Val RMSE = 0.6837
Epoch 260: Train RMSE = 0.5802, Val RMSE = 0.6747
Epoch 270: Train RMSE = 0.5829, Val RMSE = 0.6676
Epoch 280: Train RMSE = 0.5657, Val RMSE = 0.6843
Epoch 290: Train RMSE = 0.5598, Val RMSE = 0.6344
Fold 5 R2 score: 0.7265, RMSE: 0.6518, MAE: 0.5007, MSE: 0.4248
Fold 5 completed in 144.25 seconds.

FOLD 6 ----------------------------
Epoch 000: Train RMSE = 2.2726, Val RMSE = 2.2612
Epoch 010: Train RMSE = 1.0934, Val RMSE = 1.0621
Epoch 020: Train RMSE = 1.0310, Val RMSE = 1.0083
Epoch 030: Train RMSE = 1.0058, Val RMSE = 0.9744
Epoch 040: Train RMSE = 0.9708, Val RMSE = 0.9512
Epoch 050: Train RMSE = 0.9219, Val RMSE = 0.9147
Epoch 060: Train RMSE = 0.8752, Val RMSE = 0.8749
Epoch 070: Train RMSE = 0.8318, Val RMSE = 0.8371
Epoch 080: Train RMSE = 0.7894, Val RMSE = 0.8090
Epoch 090: Train RMSE = 0.7587, Val RMSE = 0.8204
Epoch 100: Train RMSE = 0.7337, Val RMSE = 0.7788
Epoch 110: Train RMSE = 0.7163, Val RMSE = 0.7566
Epoch 120: Train RMSE = 0.6891, Val RMSE = 0.7471
Epoch 130: Train RMSE = 0.6859, Val RMSE = 0.7451
Epoch 140: Train RMSE = 0.6601, Val RMSE = 0.7426
Epoch 150: Train RMSE = 0.6471, Val RMSE = 0.7530
Epoch 160: Train RMSE = 0.6286, Val RMSE = 0.7328
Epoch 170: Train RMSE = 0.6253, Val RMSE = 0.7267
Epoch 180: Train RMSE = 0.6148, Val RMSE = 0.7248
Epoch 190: Train RMSE = 0.6171, Val RMSE = 0.7152
Epoch 200: Train RMSE = 0.6179, Val RMSE = 0.7154
Epoch 210: Train RMSE = 0.5904, Val RMSE = 0.7073
Epoch 220: Train RMSE = 0.5892, Val RMSE = 0.7530
Epoch 230: Train RMSE = 0.5888, Val RMSE = 0.7353
Epoch 240: Train RMSE = 0.5732, Val RMSE = 0.7089
Epoch 250: Train RMSE = 0.5720, Val RMSE = 0.7380
Epoch 260: Train RMSE = 0.5721, Val RMSE = 0.7185
Epoch 270: Train RMSE = 0.5512, Val RMSE = 0.7075
Epoch 280: Train RMSE = 0.5631, Val RMSE = 0.7128
Epoch 290: Train RMSE = 0.5490, Val RMSE = 0.6975
Fold 6 R2 score: 0.6253, RMSE: 0.6990, MAE: 0.4965, MSE: 0.4887
Fold 6 completed in 143.41 seconds.

FOLD 7 ----------------------------
Epoch 000: Train RMSE = 2.2883, Val RMSE = 2.2855
Epoch 010: Train RMSE = 1.0883, Val RMSE = 1.1094
Epoch 020: Train RMSE = 1.0324, Val RMSE = 1.0722
Epoch 030: Train RMSE = 0.9986, Val RMSE = 1.0423
Epoch 040: Train RMSE = 0.9672, Val RMSE = 1.0226
Epoch 050: Train RMSE = 0.9253, Val RMSE = 0.9753
Epoch 060: Train RMSE = 0.8711, Val RMSE = 0.9301
Epoch 070: Train RMSE = 0.8288, Val RMSE = 0.8894
Epoch 080: Train RMSE = 0.7940, Val RMSE = 0.8836
Epoch 090: Train RMSE = 0.7627, Val RMSE = 0.8428
Epoch 100: Train RMSE = 0.7281, Val RMSE = 0.8066
Epoch 110: Train RMSE = 0.7083, Val RMSE = 0.7908
Epoch 120: Train RMSE = 0.6957, Val RMSE = 0.7925
Epoch 130: Train RMSE = 0.6857, Val RMSE = 0.7607
Epoch 140: Train RMSE = 0.6699, Val RMSE = 0.7644
Epoch 150: Train RMSE = 0.6678, Val RMSE = 0.7741
Epoch 160: Train RMSE = 0.6471, Val RMSE = 0.7465
Epoch 170: Train RMSE = 0.6366, Val RMSE = 0.7271
Epoch 180: Train RMSE = 0.6333, Val RMSE = 0.7264
Epoch 190: Train RMSE = 0.6148, Val RMSE = 0.7216
Epoch 200: Train RMSE = 0.6112, Val RMSE = 0.7410
Epoch 210: Train RMSE = 0.6156, Val RMSE = 0.7183
Epoch 220: Train RMSE = 0.5954, Val RMSE = 0.7159
Epoch 230: Train RMSE = 0.5869, Val RMSE = 0.7695
Epoch 240: Train RMSE = 0.6097, Val RMSE = 0.7061
Epoch 250: Train RMSE = 0.5849, Val RMSE = 0.7112
Epoch 260: Train RMSE = 0.5783, Val RMSE = 0.6897
Early stopping triggered.
Fold 7 R2 score: 0.6583, RMSE: 0.6952, MAE: 0.5095, MSE: 0.4833
Fold 7 completed in 126.14 seconds.

FOLD 8 ----------------------------
Epoch 000: Train RMSE = 2.2200, Val RMSE = 2.2724
Epoch 010: Train RMSE = 1.0957, Val RMSE = 1.0886
Epoch 020: Train RMSE = 1.0436, Val RMSE = 1.0272
Epoch 030: Train RMSE = 1.0082, Val RMSE = 0.9903
Epoch 040: Train RMSE = 0.9822, Val RMSE = 0.9489
Epoch 050: Train RMSE = 0.9368, Val RMSE = 0.9007
Epoch 060: Train RMSE = 0.8906, Val RMSE = 0.8549
Epoch 070: Train RMSE = 0.8398, Val RMSE = 0.8085
Epoch 080: Train RMSE = 0.7972, Val RMSE = 0.7854
Epoch 090: Train RMSE = 0.7590, Val RMSE = 0.7454
Epoch 100: Train RMSE = 0.7342, Val RMSE = 0.7543
Epoch 110: Train RMSE = 0.7084, Val RMSE = 0.7278
Epoch 120: Train RMSE = 0.6885, Val RMSE = 0.7207
Epoch 130: Train RMSE = 0.6675, Val RMSE = 0.7137
Epoch 140: Train RMSE = 0.6612, Val RMSE = 0.7110
Epoch 150: Train RMSE = 0.6419, Val RMSE = 0.7440
Epoch 160: Train RMSE = 0.6392, Val RMSE = 0.7080
Early stopping triggered.
Fold 8 R2 score: 0.6163, RMSE: 0.7153, MAE: 0.5320, MSE: 0.5116
Fold 8 completed in 79.40 seconds.

FOLD 9 ----------------------------
Epoch 000: Train RMSE = 2.2587, Val RMSE = 2.2378
Epoch 010: Train RMSE = 1.0830, Val RMSE = 1.1379
Epoch 020: Train RMSE = 1.0397, Val RMSE = 1.0889
Epoch 030: Train RMSE = 1.0001, Val RMSE = 1.0538
Epoch 040: Train RMSE = 0.9582, Val RMSE = 1.0170
Epoch 050: Train RMSE = 0.9143, Val RMSE = 0.9827
Epoch 060: Train RMSE = 0.8691, Val RMSE = 0.9144
Epoch 070: Train RMSE = 0.8101, Val RMSE = 0.8725
Epoch 080: Train RMSE = 0.7810, Val RMSE = 0.8522
Epoch 090: Train RMSE = 0.7404, Val RMSE = 0.8190
Epoch 100: Train RMSE = 0.7206, Val RMSE = 0.8059
Epoch 110: Train RMSE = 0.6991, Val RMSE = 0.7923
Epoch 120: Train RMSE = 0.6712, Val RMSE = 0.7769
Epoch 130: Train RMSE = 0.6700, Val RMSE = 0.7531
Epoch 140: Train RMSE = 0.6591, Val RMSE = 0.7422
Epoch 150: Train RMSE = 0.6371, Val RMSE = 0.7544
Epoch 160: Train RMSE = 0.6422, Val RMSE = 0.7559
Epoch 170: Train RMSE = 0.6294, Val RMSE = 0.7304
Epoch 180: Train RMSE = 0.6204, Val RMSE = 0.7269
Epoch 190: Train RMSE = 0.6122, Val RMSE = 0.7125
Epoch 200: Train RMSE = 0.6033, Val RMSE = 0.7240
Epoch 210: Train RMSE = 0.5985, Val RMSE = 0.7422
Epoch 220: Train RMSE = 0.5754, Val RMSE = 0.7427
Epoch 230: Train RMSE = 0.5837, Val RMSE = 0.7099
Epoch 240: Train RMSE = 0.5602, Val RMSE = 0.7237
Epoch 250: Train RMSE = 0.5775, Val RMSE = 0.7007
Epoch 260: Train RMSE = 0.5781, Val RMSE = 0.6949
Epoch 270: Train RMSE = 0.5598, Val RMSE = 0.7064
Epoch 280: Train RMSE = 0.5583, Val RMSE = 0.6807
Epoch 290: Train RMSE = 0.5540, Val RMSE = 0.7296
Fold 9 R2 score: 0.6946, RMSE: 0.6820, MAE: 0.5055, MSE: 0.4652
Fold 9 completed in 143.34 seconds.

Final Cross-Validation Results:
Average R2:  0.6600 ± 0.0410
Average RMSE: 0.6983 ± 0.0293
Average MAE:  0.5135 ± 0.0166
Average MSE:  0.4884 ± 0.0414
Total execution time: 1552.16 seconds
