Binary class counts: Counter({0: 2104, 1: 2088})
Epoch 1/300, Train Acc: 0.5279, Test Acc: 0.5662
Epoch 2/300, Train Acc: 0.5470, Test Acc: 0.5936
Epoch 3/300, Train Acc: 0.5753, Test Acc: 0.5971
Epoch 4/300, Train Acc: 0.5589, Test Acc: 0.5805
Epoch 5/300, Train Acc: 0.5795, Test Acc: 0.5983
Epoch 6/300, Train Acc: 0.5923, Test Acc: 0.6091
Epoch 7/300, Train Acc: 0.6036, Test Acc: 0.6162
Epoch 8/300, Train Acc: 0.6078, Test Acc: 0.6234
Epoch 9/300, Train Acc: 0.6090, Test Acc: 0.6234
Epoch 10/300, Train Acc: 0.6183, Test Acc: 0.6293
Epoch 11/300, Train Acc: 0.6281, Test Acc: 0.6317
Epoch 12/300, Train Acc: 0.6329, Test Acc: 0.6448
Epoch 13/300, Train Acc: 0.6433, Test Acc: 0.6365
Epoch 14/300, Train Acc: 0.6388, Test Acc: 0.6484
Epoch 15/300, Train Acc: 0.6523, Test Acc: 0.6496
Epoch 16/300, Train Acc: 0.6555, Test Acc: 0.6448
Epoch 17/300, Train Acc: 0.6660, Test Acc: 0.6615
Epoch 18/300, Train Acc: 0.6752, Test Acc: 0.6639
Epoch 19/300, Train Acc: 0.6695, Test Acc: 0.6841
Epoch 20/300, Train Acc: 0.6761, Test Acc: 0.6853
Epoch 21/300, Train Acc: 0.6886, Test Acc: 0.7056
Epoch 22/300, Train Acc: 0.6994, Test Acc: 0.7044
Epoch 23/300, Train Acc: 0.7006, Test Acc: 0.7139
Epoch 24/300, Train Acc: 0.6997, Test Acc: 0.7139
Epoch 25/300, Train Acc: 0.7027, Test Acc: 0.7223
Epoch 26/300, Train Acc: 0.7122, Test Acc: 0.7163
Epoch 27/300, Train Acc: 0.7182, Test Acc: 0.7306
Epoch 28/300, Train Acc: 0.7211, Test Acc: 0.7330
Epoch 29/300, Train Acc: 0.7119, Test Acc: 0.7306
Epoch 30/300, Train Acc: 0.7200, Test Acc: 0.7330
Epoch 31/300, Train Acc: 0.7316, Test Acc: 0.7390
Epoch 32/300, Train Acc: 0.7307, Test Acc: 0.7390
Epoch 33/300, Train Acc: 0.7352, Test Acc: 0.7402
Epoch 34/300, Train Acc: 0.7361, Test Acc: 0.7414
Epoch 35/300, Train Acc: 0.7364, Test Acc: 0.7461
Epoch 36/300, Train Acc: 0.7396, Test Acc: 0.7485
Epoch 37/300, Train Acc: 0.7420, Test Acc: 0.7521
Epoch 38/300, Train Acc: 0.7542, Test Acc: 0.7521
Epoch 39/300, Train Acc: 0.7534, Test Acc: 0.7509
Epoch 40/300, Train Acc: 0.7590, Test Acc: 0.7485
Epoch 41/300, Train Acc: 0.7581, Test Acc: 0.7545
Epoch 42/300, Train Acc: 0.7590, Test Acc: 0.7533
Epoch 43/300, Train Acc: 0.7650, Test Acc: 0.7509
Epoch 44/300, Train Acc: 0.7650, Test Acc: 0.7545
Epoch 45/300, Train Acc: 0.7686, Test Acc: 0.7580
Epoch 46/300, Train Acc: 0.7680, Test Acc: 0.7545
Epoch 47/300, Train Acc: 0.7698, Test Acc: 0.7640
Epoch 48/300, Train Acc: 0.7724, Test Acc: 0.7604
Epoch 49/300, Train Acc: 0.7814, Test Acc: 0.7676
Epoch 50/300, Train Acc: 0.7677, Test Acc: 0.7712
Epoch 51/300, Train Acc: 0.7799, Test Acc: 0.7688
Epoch 52/300, Train Acc: 0.7790, Test Acc: 0.7735
Epoch 53/300, Train Acc: 0.7790, Test Acc: 0.7783
Epoch 54/300, Train Acc: 0.7811, Test Acc: 0.7795
Epoch 55/300, Train Acc: 0.7877, Test Acc: 0.7688
Epoch 56/300, Train Acc: 0.7897, Test Acc: 0.7700
Epoch 57/300, Train Acc: 0.7903, Test Acc: 0.7807
Epoch 58/300, Train Acc: 0.7796, Test Acc: 0.7783
Epoch 59/300, Train Acc: 0.7939, Test Acc: 0.7867
Epoch 60/300, Train Acc: 0.7927, Test Acc: 0.7867
Epoch 61/300, Train Acc: 0.7939, Test Acc: 0.7855
Epoch 62/300, Train Acc: 0.7999, Test Acc: 0.7795
Epoch 63/300, Train Acc: 0.8014, Test Acc: 0.7890
Epoch 64/300, Train Acc: 0.7981, Test Acc: 0.7950
Epoch 65/300, Train Acc: 0.8014, Test Acc: 0.7878
Epoch 66/300, Train Acc: 0.8073, Test Acc: 0.7878
Epoch 67/300, Train Acc: 0.7933, Test Acc: 0.7926
Epoch 68/300, Train Acc: 0.8064, Test Acc: 0.7878
Epoch 69/300, Train Acc: 0.8067, Test Acc: 0.7962
Epoch 70/300, Train Acc: 0.8020, Test Acc: 0.7831
Epoch 71/300, Train Acc: 0.8151, Test Acc: 0.7878
Epoch 72/300, Train Acc: 0.8008, Test Acc: 0.7986
Epoch 73/300, Train Acc: 0.8100, Test Acc: 0.7962
Epoch 74/300, Train Acc: 0.8133, Test Acc: 0.7878
Epoch 75/300, Train Acc: 0.8136, Test Acc: 0.7914
Epoch 76/300, Train Acc: 0.8064, Test Acc: 0.8021
Epoch 77/300, Train Acc: 0.8172, Test Acc: 0.7998
Epoch 78/300, Train Acc: 0.8136, Test Acc: 0.7986
Epoch 79/300, Train Acc: 0.8249, Test Acc: 0.7902
Epoch 80/300, Train Acc: 0.8211, Test Acc: 0.8021
Epoch 81/300, Train Acc: 0.8127, Test Acc: 0.8010
Epoch 82/300, Train Acc: 0.8169, Test Acc: 0.7998
Epoch 83/300, Train Acc: 0.8291, Test Acc: 0.7962
Epoch 84/300, Train Acc: 0.8214, Test Acc: 0.7938
Epoch 85/300, Train Acc: 0.8202, Test Acc: 0.7974
Epoch 86/300, Train Acc: 0.8217, Test Acc: 0.8010
Epoch 87/300, Train Acc: 0.8208, Test Acc: 0.8010
Epoch 88/300, Train Acc: 0.8217, Test Acc: 0.7986
Epoch 89/300, Train Acc: 0.8297, Test Acc: 0.8069
Epoch 90/300, Train Acc: 0.8285, Test Acc: 0.8021
Epoch 91/300, Train Acc: 0.8276, Test Acc: 0.8093
Epoch 92/300, Train Acc: 0.8240, Test Acc: 0.8081
Epoch 93/300, Train Acc: 0.8309, Test Acc: 0.8081
Epoch 94/300, Train Acc: 0.8282, Test Acc: 0.7962
Epoch 95/300, Train Acc: 0.8246, Test Acc: 0.8117
Epoch 96/300, Train Acc: 0.8279, Test Acc: 0.8069
Epoch 97/300, Train Acc: 0.8282, Test Acc: 0.8129
Epoch 98/300, Train Acc: 0.8303, Test Acc: 0.8081
Epoch 99/300, Train Acc: 0.8261, Test Acc: 0.7974
Epoch 100/300, Train Acc: 0.8360, Test Acc: 0.8045
Epoch 101/300, Train Acc: 0.8318, Test Acc: 0.8081
Epoch 102/300, Train Acc: 0.8297, Test Acc: 0.8129
Epoch 103/300, Train Acc: 0.8333, Test Acc: 0.8057
Epoch 104/300, Train Acc: 0.8410, Test Acc: 0.8129
Epoch 105/300, Train Acc: 0.8342, Test Acc: 0.8141
Epoch 106/300, Train Acc: 0.8321, Test Acc: 0.8117
Epoch 107/300, Train Acc: 0.8404, Test Acc: 0.8057
Epoch 108/300, Train Acc: 0.8390, Test Acc: 0.8105
Epoch 109/300, Train Acc: 0.8348, Test Acc: 0.8117
Epoch 110/300, Train Acc: 0.8419, Test Acc: 0.8057
Epoch 111/300, Train Acc: 0.8384, Test Acc: 0.8212
Epoch 112/300, Train Acc: 0.8378, Test Acc: 0.8224
Epoch 113/300, Train Acc: 0.8387, Test Acc: 0.8188
Epoch 114/300, Train Acc: 0.8434, Test Acc: 0.8153
Epoch 115/300, Train Acc: 0.8419, Test Acc: 0.8117
Epoch 116/300, Train Acc: 0.8485, Test Acc: 0.8141
Epoch 117/300, Train Acc: 0.8410, Test Acc: 0.8176
Epoch 118/300, Train Acc: 0.8351, Test Acc: 0.7902
Epoch 119/300, Train Acc: 0.8434, Test Acc: 0.8105
Epoch 120/300, Train Acc: 0.8413, Test Acc: 0.8153
Epoch 121/300, Train Acc: 0.8464, Test Acc: 0.8069
Epoch 122/300, Train Acc: 0.8518, Test Acc: 0.8164
Epoch 123/300, Train Acc: 0.8503, Test Acc: 0.8153
Epoch 124/300, Train Acc: 0.8452, Test Acc: 0.8117
Epoch 125/300, Train Acc: 0.8455, Test Acc: 0.8010
Epoch 126/300, Train Acc: 0.8443, Test Acc: 0.8200
Epoch 127/300, Train Acc: 0.8521, Test Acc: 0.8141
Epoch 128/300, Train Acc: 0.8503, Test Acc: 0.8200
Epoch 129/300, Train Acc: 0.8524, Test Acc: 0.8212
Epoch 130/300, Train Acc: 0.8503, Test Acc: 0.8260
Epoch 131/300, Train Acc: 0.8527, Test Acc: 0.7950
Epoch 132/300, Train Acc: 0.8500, Test Acc: 0.8248
Epoch 133/300, Train Acc: 0.8503, Test Acc: 0.8117
Epoch 134/300, Train Acc: 0.8428, Test Acc: 0.8212
Epoch 135/300, Train Acc: 0.8494, Test Acc: 0.8153
Epoch 136/300, Train Acc: 0.8494, Test Acc: 0.7938
Epoch 137/300, Train Acc: 0.8518, Test Acc: 0.7986
Epoch 138/300, Train Acc: 0.8521, Test Acc: 0.8129
Epoch 139/300, Train Acc: 0.8524, Test Acc: 0.8200
Epoch 140/300, Train Acc: 0.8559, Test Acc: 0.8212
Epoch 141/300, Train Acc: 0.8524, Test Acc: 0.8260
Epoch 142/300, Train Acc: 0.8568, Test Acc: 0.8200
Epoch 143/300, Train Acc: 0.8562, Test Acc: 0.8153
Epoch 144/300, Train Acc: 0.8625, Test Acc: 0.8129
Epoch 145/300, Train Acc: 0.8571, Test Acc: 0.8296
Epoch 146/300, Train Acc: 0.8586, Test Acc: 0.8248
Epoch 147/300, Train Acc: 0.8559, Test Acc: 0.8200
Epoch 148/300, Train Acc: 0.8509, Test Acc: 0.8164
Epoch 149/300, Train Acc: 0.8568, Test Acc: 0.8069
Epoch 150/300, Train Acc: 0.8551, Test Acc: 0.8260
Epoch 151/300, Train Acc: 0.8619, Test Acc: 0.8212
Epoch 152/300, Train Acc: 0.8539, Test Acc: 0.8331
Early stopping triggered.

📘 Final Classification Metrics
----------------------------------------
Train Accuracy : 0.8741
Train Precision: 0.8512
Train Recall   : 0.9053
Train F1 Score : 0.8774
Train Loss     : 0.3397
----------------------------------------
Test Accuracy  : 0.8248
Test Precision : 0.8095
Test Recall    : 0.8500
Test F1 Score  : 0.8293
Test Loss      : 0.3925
----------------------------------------
Execution time : 1.25 minutes
📁 Metrics and plots saved in 'plots/' folder
