Class distribution: Counter({0: 2108, 1: 2092})

🌀 Fold 0 -----------------------------
Epoch 000: Train Acc = 0.5211, Val Loss = 0.6911
Epoch 010: Train Acc = 0.6381, Val Loss = 0.6689
Epoch 020: Train Acc = 0.7164, Val Loss = 0.6283
Epoch 030: Train Acc = 0.7408, Val Loss = 0.5882
Epoch 040: Train Acc = 0.7637, Val Loss = 0.5560
Epoch 050: Train Acc = 0.7893, Val Loss = 0.5315
Epoch 060: Train Acc = 0.8101, Val Loss = 0.5143
Epoch 070: Train Acc = 0.8164, Val Loss = 0.4952
Epoch 080: Train Acc = 0.8226, Val Loss = 0.4858
Epoch 090: Train Acc = 0.8354, Val Loss = 0.4846
Epoch 100: Train Acc = 0.8435, Val Loss = 0.4768
Epoch 110: Train Acc = 0.8521, Val Loss = 0.4755
Epoch 120: Train Acc = 0.8515, Val Loss = 0.4712
Epoch 130: Train Acc = 0.8536, Val Loss = 0.4655
Epoch 140: Train Acc = 0.8580, Val Loss = 0.4759
Epoch 150: Train Acc = 0.8652, Val Loss = 0.4674
Epoch 160: Train Acc = 0.8622, Val Loss = 0.4715
⏹️ Early stopping triggered.
✅ Fold 0 - Accuracy: 0.7845, Precision: 0.8199, Recall: 0.7279, F1: 0.7712
Fold time: 132.46s

🌀 Fold 1 -----------------------------
Epoch 000: Train Acc = 0.5006, Val Loss = 0.6909
Epoch 010: Train Acc = 0.6164, Val Loss = 0.6702
Epoch 020: Train Acc = 0.6646, Val Loss = 0.6275
Epoch 030: Train Acc = 0.7232, Val Loss = 0.5715
Epoch 040: Train Acc = 0.7467, Val Loss = 0.5303
Epoch 050: Train Acc = 0.7702, Val Loss = 0.5046
Epoch 060: Train Acc = 0.8018, Val Loss = 0.4820
Epoch 070: Train Acc = 0.8012, Val Loss = 0.4660
Epoch 080: Train Acc = 0.8223, Val Loss = 0.4529
Epoch 090: Train Acc = 0.8235, Val Loss = 0.4513
Epoch 100: Train Acc = 0.8366, Val Loss = 0.4386
Epoch 110: Train Acc = 0.8414, Val Loss = 0.4324
Epoch 120: Train Acc = 0.8485, Val Loss = 0.4263
Epoch 130: Train Acc = 0.8539, Val Loss = 0.4289
Epoch 140: Train Acc = 0.8562, Val Loss = 0.4189
Epoch 150: Train Acc = 0.8643, Val Loss = 0.4187
Epoch 160: Train Acc = 0.8643, Val Loss = 0.4173
Epoch 170: Train Acc = 0.8652, Val Loss = 0.4233
Epoch 180: Train Acc = 0.8711, Val Loss = 0.4212
Epoch 190: Train Acc = 0.8717, Val Loss = 0.4070
Epoch 200: Train Acc = 0.8771, Val Loss = 0.4058
Epoch 210: Train Acc = 0.8780, Val Loss = 0.4178
Epoch 220: Train Acc = 0.8824, Val Loss = 0.4238
Epoch 230: Train Acc = 0.8830, Val Loss = 0.4172
⏹️ Early stopping triggered.
✅ Fold 1 - Accuracy: 0.8286, Precision: 0.7970, Recall: 0.8807, F1: 0.8367
Fold time: 151.40s

🌀 Fold 2 -----------------------------
Epoch 000: Train Acc = 0.5185, Val Loss = 0.6905
Epoch 010: Train Acc = 0.6179, Val Loss = 0.6648
Epoch 020: Train Acc = 0.6905, Val Loss = 0.6293
Epoch 030: Train Acc = 0.7238, Val Loss = 0.5945
Epoch 040: Train Acc = 0.7622, Val Loss = 0.5534
Epoch 050: Train Acc = 0.7789, Val Loss = 0.5221
Epoch 060: Train Acc = 0.7967, Val Loss = 0.5111
Epoch 070: Train Acc = 0.8107, Val Loss = 0.4841
Epoch 080: Train Acc = 0.8161, Val Loss = 0.4637
Epoch 090: Train Acc = 0.8223, Val Loss = 0.4560
Epoch 100: Train Acc = 0.8381, Val Loss = 0.4554
Epoch 110: Train Acc = 0.8432, Val Loss = 0.4443
Epoch 120: Train Acc = 0.8509, Val Loss = 0.4378
Epoch 130: Train Acc = 0.8473, Val Loss = 0.4339
Epoch 140: Train Acc = 0.8628, Val Loss = 0.4324
Epoch 150: Train Acc = 0.8622, Val Loss = 0.4314
Epoch 160: Train Acc = 0.8643, Val Loss = 0.4540
Epoch 170: Train Acc = 0.8789, Val Loss = 0.4295
Epoch 180: Train Acc = 0.8762, Val Loss = 0.4430
Epoch 190: Train Acc = 0.8723, Val Loss = 0.4521
Epoch 200: Train Acc = 0.8798, Val Loss = 0.4326
⏹️ Early stopping triggered.
✅ Fold 2 - Accuracy: 0.7988, Precision: 0.7677, Recall: 0.8541, F1: 0.8086
Fold time: 91.22s

🌀 Fold 3 -----------------------------
Epoch 000: Train Acc = 0.5253, Val Loss = 0.6895
Epoch 010: Train Acc = 0.6116, Val Loss = 0.6718
Epoch 020: Train Acc = 0.6649, Val Loss = 0.6377
Epoch 030: Train Acc = 0.7321, Val Loss = 0.5854
Epoch 040: Train Acc = 0.7571, Val Loss = 0.5365
Epoch 050: Train Acc = 0.7854, Val Loss = 0.5085
Epoch 060: Train Acc = 0.8003, Val Loss = 0.4810
Epoch 070: Train Acc = 0.8083, Val Loss = 0.4738
Epoch 080: Train Acc = 0.8226, Val Loss = 0.4738
Epoch 090: Train Acc = 0.8304, Val Loss = 0.4574
Epoch 100: Train Acc = 0.8333, Val Loss = 0.4418
Epoch 110: Train Acc = 0.8405, Val Loss = 0.4487
Epoch 120: Train Acc = 0.8482, Val Loss = 0.4418
Epoch 130: Train Acc = 0.8452, Val Loss = 0.4407
Epoch 140: Train Acc = 0.8610, Val Loss = 0.4330
Epoch 150: Train Acc = 0.8601, Val Loss = 0.4334
Epoch 160: Train Acc = 0.8673, Val Loss = 0.4246
Epoch 170: Train Acc = 0.8702, Val Loss = 0.4225
⏹️ Early stopping triggered.
✅ Fold 3 - Accuracy: 0.8048, Precision: 0.7886, Recall: 0.8301, F1: 0.8089
Fold time: 78.70s

🌀 Fold 4 -----------------------------
Epoch 000: Train Acc = 0.5101, Val Loss = 0.6921
Epoch 010: Train Acc = 0.6268, Val Loss = 0.6751
Epoch 020: Train Acc = 0.6723, Val Loss = 0.6402
Epoch 030: Train Acc = 0.7161, Val Loss = 0.5943
Epoch 040: Train Acc = 0.7399, Val Loss = 0.5531
Epoch 050: Train Acc = 0.7571, Val Loss = 0.5199
Epoch 060: Train Acc = 0.7830, Val Loss = 0.4904
Epoch 070: Train Acc = 0.7926, Val Loss = 0.4657
Epoch 080: Train Acc = 0.8080, Val Loss = 0.4392
Epoch 090: Train Acc = 0.8223, Val Loss = 0.4278
Epoch 100: Train Acc = 0.8333, Val Loss = 0.4153
Epoch 110: Train Acc = 0.8360, Val Loss = 0.3998
Epoch 120: Train Acc = 0.8348, Val Loss = 0.3956
Epoch 130: Train Acc = 0.8497, Val Loss = 0.3975
Epoch 140: Train Acc = 0.8592, Val Loss = 0.3842
Epoch 150: Train Acc = 0.8557, Val Loss = 0.3867
Epoch 160: Train Acc = 0.8696, Val Loss = 0.3789
Epoch 170: Train Acc = 0.8720, Val Loss = 0.3832
Epoch 180: Train Acc = 0.8702, Val Loss = 0.3833
Epoch 190: Train Acc = 0.8753, Val Loss = 0.3809
Epoch 200: Train Acc = 0.8789, Val Loss = 0.3857
⏹️ Early stopping triggered.
✅ Fold 4 - Accuracy: 0.8381, Precision: 0.8264, Recall: 0.8541, F1: 0.8400
Fold time: 92.77s

🎯 Final Cross-Validation Results:
Avg Accuracy : 0.8110 ± 0.0197
Avg Precision: 0.7999 ± 0.0213
Avg Recall   : 0.8294 ± 0.0532
Avg F1 Score : 0.8131 ± 0.0248
Total time: 546.55s
