Class distribution: Counter({0: 2104, 1: 2088})

🌀 Fold 0 -----------------------------
Epoch 000: Train Acc = 0.5136, Val Loss = 0.6914
Epoch 010: Train Acc = 0.6361, Val Loss = 0.6687
Epoch 020: Train Acc = 0.6958, Val Loss = 0.6239
Epoch 030: Train Acc = 0.7378, Val Loss = 0.5766
Epoch 040: Train Acc = 0.7683, Val Loss = 0.5393
Epoch 050: Train Acc = 0.7853, Val Loss = 0.5065
Epoch 060: Train Acc = 0.7993, Val Loss = 0.4835
Epoch 070: Train Acc = 0.8091, Val Loss = 0.4599
Epoch 080: Train Acc = 0.8270, Val Loss = 0.4495
Epoch 090: Train Acc = 0.8255, Val Loss = 0.4382
Epoch 100: Train Acc = 0.8330, Val Loss = 0.4262
Epoch 110: Train Acc = 0.8413, Val Loss = 0.4296
Epoch 120: Train Acc = 0.8387, Val Loss = 0.4232
Epoch 130: Train Acc = 0.8536, Val Loss = 0.4155
Epoch 140: Train Acc = 0.8682, Val Loss = 0.4109
Epoch 150: Train Acc = 0.8747, Val Loss = 0.4136
Epoch 160: Train Acc = 0.8634, Val Loss = 0.4105
Epoch 170: Train Acc = 0.8676, Val Loss = 0.4170
Epoch 180: Train Acc = 0.8771, Val Loss = 0.4136
Epoch 190: Train Acc = 0.8810, Val Loss = 0.4117
⏹️ Early stopping triggered.
✅ Fold 0 - Accuracy: 0.8176, Precision: 0.7951, Recall: 0.8541, F1: 0.8235
Fold time: 139.10s

🌀 Fold 1 -----------------------------
Epoch 000: Train Acc = 0.5070, Val Loss = 0.6904
Epoch 010: Train Acc = 0.6278, Val Loss = 0.6683
Epoch 020: Train Acc = 0.6782, Val Loss = 0.6292
Epoch 030: Train Acc = 0.7232, Val Loss = 0.5829
Epoch 040: Train Acc = 0.7447, Val Loss = 0.5413
Epoch 050: Train Acc = 0.7730, Val Loss = 0.5109
Epoch 060: Train Acc = 0.7826, Val Loss = 0.4836
Epoch 070: Train Acc = 0.8044, Val Loss = 0.4674
Epoch 080: Train Acc = 0.8091, Val Loss = 0.4450
Epoch 090: Train Acc = 0.8318, Val Loss = 0.4489
Epoch 100: Train Acc = 0.8372, Val Loss = 0.4355
Epoch 110: Train Acc = 0.8449, Val Loss = 0.4308
Epoch 120: Train Acc = 0.8455, Val Loss = 0.4211
Epoch 130: Train Acc = 0.8515, Val Loss = 0.4223
Epoch 140: Train Acc = 0.8530, Val Loss = 0.4130
Epoch 150: Train Acc = 0.8565, Val Loss = 0.4200
Epoch 160: Train Acc = 0.8628, Val Loss = 0.4164
⏹️ Early stopping triggered.
✅ Fold 1 - Accuracy: 0.8188, Precision: 0.7782, Recall: 0.8900, F1: 0.8304
Fold time: 118.92s

🌀 Fold 2 -----------------------------
Epoch 000: Train Acc = 0.5021, Val Loss = 0.6914
Epoch 010: Train Acc = 0.6261, Val Loss = 0.6659
Epoch 020: Train Acc = 0.6855, Val Loss = 0.6226
Epoch 030: Train Acc = 0.7302, Val Loss = 0.5729
Epoch 040: Train Acc = 0.7484, Val Loss = 0.5344
Epoch 050: Train Acc = 0.7728, Val Loss = 0.5079
Epoch 060: Train Acc = 0.7946, Val Loss = 0.4868
Epoch 070: Train Acc = 0.7958, Val Loss = 0.4698
Epoch 080: Train Acc = 0.8160, Val Loss = 0.4584
Epoch 090: Train Acc = 0.8262, Val Loss = 0.4613
Epoch 100: Train Acc = 0.8241, Val Loss = 0.4460
Epoch 110: Train Acc = 0.8408, Val Loss = 0.4472
Epoch 120: Train Acc = 0.8396, Val Loss = 0.4420
Epoch 130: Train Acc = 0.8476, Val Loss = 0.4517
Epoch 140: Train Acc = 0.8512, Val Loss = 0.4464
Epoch 150: Train Acc = 0.8515, Val Loss = 0.4635
Epoch 160: Train Acc = 0.8596, Val Loss = 0.4566
Epoch 170: Train Acc = 0.8661, Val Loss = 0.4400
Epoch 180: Train Acc = 0.8664, Val Loss = 0.4477
Epoch 190: Train Acc = 0.8703, Val Loss = 0.4585
⏹️ Early stopping triggered.
✅ Fold 2 - Accuracy: 0.8031, Precision: 0.7991, Recall: 0.8086, F1: 0.8038
Fold time: 170.16s

🌀 Fold 3 -----------------------------
Epoch 000: Train Acc = 0.5021, Val Loss = 0.6915
Epoch 010: Train Acc = 0.6252, Val Loss = 0.6700
Epoch 020: Train Acc = 0.6923, Val Loss = 0.6329
Epoch 030: Train Acc = 0.7251, Val Loss = 0.5893
Epoch 040: Train Acc = 0.7501, Val Loss = 0.5524
Epoch 050: Train Acc = 0.7823, Val Loss = 0.5273
Epoch 060: Train Acc = 0.7937, Val Loss = 0.4994
Epoch 070: Train Acc = 0.8044, Val Loss = 0.4892
Epoch 080: Train Acc = 0.8181, Val Loss = 0.4745
Epoch 090: Train Acc = 0.8205, Val Loss = 0.4679
Epoch 100: Train Acc = 0.8402, Val Loss = 0.4493
Epoch 110: Train Acc = 0.8405, Val Loss = 0.4497
Epoch 120: Train Acc = 0.8450, Val Loss = 0.4415
Epoch 130: Train Acc = 0.8497, Val Loss = 0.4530
Epoch 140: Train Acc = 0.8599, Val Loss = 0.4421
Epoch 150: Train Acc = 0.8599, Val Loss = 0.4352
Epoch 160: Train Acc = 0.8631, Val Loss = 0.4395
Epoch 170: Train Acc = 0.8775, Val Loss = 0.4343
Epoch 180: Train Acc = 0.8801, Val Loss = 0.4445
Epoch 190: Train Acc = 0.8751, Val Loss = 0.4409
Epoch 200: Train Acc = 0.8819, Val Loss = 0.4292
Epoch 210: Train Acc = 0.8825, Val Loss = 0.4231
Epoch 220: Train Acc = 0.8945, Val Loss = 0.4351
Epoch 230: Train Acc = 0.8977, Val Loss = 0.4371
⏹️ Early stopping triggered.
✅ Fold 3 - Accuracy: 0.8198, Precision: 0.8213, Recall: 0.8153, F1: 0.8183
Fold time: 246.76s

🌀 Fold 4 -----------------------------
Epoch 000: Train Acc = 0.4994, Val Loss = 0.6909
Epoch 010: Train Acc = 0.6112, Val Loss = 0.6708
Epoch 020: Train Acc = 0.6762, Val Loss = 0.6355
Epoch 030: Train Acc = 0.7290, Val Loss = 0.5815
Epoch 040: Train Acc = 0.7552, Val Loss = 0.5349
Epoch 050: Train Acc = 0.7826, Val Loss = 0.5032
Epoch 060: Train Acc = 0.7904, Val Loss = 0.4762
Epoch 070: Train Acc = 0.8047, Val Loss = 0.4572
Epoch 080: Train Acc = 0.8065, Val Loss = 0.4354
Epoch 090: Train Acc = 0.8181, Val Loss = 0.4323
Epoch 100: Train Acc = 0.8283, Val Loss = 0.4189
Epoch 110: Train Acc = 0.8372, Val Loss = 0.4304
Epoch 120: Train Acc = 0.8476, Val Loss = 0.4008
Epoch 130: Train Acc = 0.8441, Val Loss = 0.3973
Epoch 140: Train Acc = 0.8453, Val Loss = 0.3978
Epoch 150: Train Acc = 0.8533, Val Loss = 0.3953
Epoch 160: Train Acc = 0.8500, Val Loss = 0.3756
Epoch 170: Train Acc = 0.8626, Val Loss = 0.3974
Epoch 180: Train Acc = 0.8617, Val Loss = 0.3753
Epoch 190: Train Acc = 0.8676, Val Loss = 0.3735
Epoch 200: Train Acc = 0.8819, Val Loss = 0.3646
Epoch 210: Train Acc = 0.8760, Val Loss = 0.3574
Epoch 220: Train Acc = 0.8819, Val Loss = 0.3769
Epoch 230: Train Acc = 0.8784, Val Loss = 0.4061
Epoch 240: Train Acc = 0.8843, Val Loss = 0.3694
Epoch 250: Train Acc = 0.8864, Val Loss = 0.3598
Epoch 260: Train Acc = 0.8879, Val Loss = 0.3559
Epoch 270: Train Acc = 0.8918, Val Loss = 0.3643
Epoch 280: Train Acc = 0.8965, Val Loss = 0.3727
Epoch 290: Train Acc = 0.8930, Val Loss = 0.3562
⏹️ Early stopping triggered.
✅ Fold 4 - Accuracy: 0.8317, Precision: 0.8209, Recall: 0.8465, F1: 0.8335
Fold time: 309.72s

🎯 Final Cross-Validation Results:
Avg Accuracy : 0.8182 ± 0.0091
Avg Precision: 0.8029 ± 0.0164
Avg Recall   : 0.8429 ± 0.0293
Avg F1 Score : 0.8219 ± 0.0105
Total time: 984.66s
