Class distribution: Counter({0: 2108, 1: 2092})

🌀 Fold 0 -----------------------------
Epoch 000: Train Acc = 0.5030, Val Loss = 0.6920
Epoch 010: Train Acc = 0.5762, Val Loss = 0.6767
Epoch 020: Train Acc = 0.6182, Val Loss = 0.6483
Epoch 030: Train Acc = 0.6613, Val Loss = 0.6267
Epoch 040: Train Acc = 0.6893, Val Loss = 0.6100
Epoch 050: Train Acc = 0.7247, Val Loss = 0.5732
Epoch 060: Train Acc = 0.7488, Val Loss = 0.5458
Epoch 070: Train Acc = 0.7634, Val Loss = 0.5382
Epoch 080: Train Acc = 0.7714, Val Loss = 0.5283
Epoch 090: Train Acc = 0.7804, Val Loss = 0.5194
Epoch 100: Train Acc = 0.7964, Val Loss = 0.5148
Epoch 110: Train Acc = 0.7943, Val Loss = 0.5162
Epoch 120: Train Acc = 0.7911, Val Loss = 0.5032
Epoch 130: Train Acc = 0.8051, Val Loss = 0.4948
Epoch 140: Train Acc = 0.8110, Val Loss = 0.4987
Epoch 150: Train Acc = 0.8098, Val Loss = 0.5147
Epoch 160: Train Acc = 0.8211, Val Loss = 0.5060
Epoch 170: Train Acc = 0.8199, Val Loss = 0.4932
Epoch 180: Train Acc = 0.8229, Val Loss = 0.5198
Epoch 190: Train Acc = 0.8274, Val Loss = 0.4831
Epoch 200: Train Acc = 0.8351, Val Loss = 0.4810
Epoch 210: Train Acc = 0.8259, Val Loss = 0.4884
⏹️ Early stopping triggered.
✅ Fold 0 - Accuracy: 0.7798, Precision: 0.7438, Recall: 0.8520, F1: 0.7942
Fold time: 166.57s

🌀 Fold 1 -----------------------------
Epoch 000: Train Acc = 0.5235, Val Loss = 0.6895
Epoch 010: Train Acc = 0.5857, Val Loss = 0.6698
Epoch 020: Train Acc = 0.6304, Val Loss = 0.6250
Epoch 030: Train Acc = 0.6682, Val Loss = 0.5851
Epoch 040: Train Acc = 0.7185, Val Loss = 0.5721
Epoch 050: Train Acc = 0.7307, Val Loss = 0.5571
Epoch 060: Train Acc = 0.7446, Val Loss = 0.5201
Epoch 070: Train Acc = 0.7571, Val Loss = 0.5068
Epoch 080: Train Acc = 0.7747, Val Loss = 0.4840
Epoch 090: Train Acc = 0.7786, Val Loss = 0.4741
Epoch 100: Train Acc = 0.7848, Val Loss = 0.4773
Epoch 110: Train Acc = 0.7818, Val Loss = 0.4874
Epoch 120: Train Acc = 0.7917, Val Loss = 0.4654
Epoch 130: Train Acc = 0.8036, Val Loss = 0.4601
Epoch 140: Train Acc = 0.8128, Val Loss = 0.4571
Epoch 150: Train Acc = 0.8063, Val Loss = 0.4431
Epoch 160: Train Acc = 0.8077, Val Loss = 0.4379
Epoch 170: Train Acc = 0.8131, Val Loss = 0.4408
Epoch 180: Train Acc = 0.8182, Val Loss = 0.4370
Epoch 190: Train Acc = 0.8205, Val Loss = 0.4511
Epoch 200: Train Acc = 0.8366, Val Loss = 0.4307
Epoch 210: Train Acc = 0.8333, Val Loss = 0.4917
Epoch 220: Train Acc = 0.8330, Val Loss = 0.4482
Epoch 230: Train Acc = 0.8313, Val Loss = 0.4314
Epoch 240: Train Acc = 0.8446, Val Loss = 0.4294
Epoch 250: Train Acc = 0.8438, Val Loss = 0.4366
Epoch 260: Train Acc = 0.8470, Val Loss = 0.4352
Epoch 270: Train Acc = 0.8414, Val Loss = 0.4425
⏹️ Early stopping triggered.
✅ Fold 1 - Accuracy: 0.8012, Precision: 0.8150, Recall: 0.7780, F1: 0.7961
Fold time: 218.85s

🌀 Fold 2 -----------------------------
Epoch 000: Train Acc = 0.5173, Val Loss = 0.6866
Epoch 010: Train Acc = 0.5756, Val Loss = 0.6665
Epoch 020: Train Acc = 0.6259, Val Loss = 0.6308
Epoch 030: Train Acc = 0.6679, Val Loss = 0.6114
Epoch 040: Train Acc = 0.6940, Val Loss = 0.5893
Epoch 050: Train Acc = 0.7190, Val Loss = 0.5702
Epoch 060: Train Acc = 0.7420, Val Loss = 0.5472
Epoch 070: Train Acc = 0.7497, Val Loss = 0.5256
Epoch 080: Train Acc = 0.7649, Val Loss = 0.5097
Epoch 090: Train Acc = 0.7768, Val Loss = 0.5037
Epoch 100: Train Acc = 0.7887, Val Loss = 0.4856
Epoch 110: Train Acc = 0.8018, Val Loss = 0.4871
Epoch 120: Train Acc = 0.8012, Val Loss = 0.4738
Epoch 130: Train Acc = 0.8089, Val Loss = 0.4667
Epoch 140: Train Acc = 0.8098, Val Loss = 0.4623
Epoch 150: Train Acc = 0.8107, Val Loss = 0.4525
Epoch 160: Train Acc = 0.8134, Val Loss = 0.4508
Epoch 170: Train Acc = 0.8223, Val Loss = 0.4507
Epoch 180: Train Acc = 0.8304, Val Loss = 0.4653
Epoch 190: Train Acc = 0.8226, Val Loss = 0.4380
Epoch 200: Train Acc = 0.8277, Val Loss = 0.4691
Epoch 210: Train Acc = 0.8301, Val Loss = 0.4417
Epoch 220: Train Acc = 0.8363, Val Loss = 0.4686
Epoch 230: Train Acc = 0.8408, Val Loss = 0.4322
Epoch 240: Train Acc = 0.8393, Val Loss = 0.4614
Epoch 250: Train Acc = 0.8411, Val Loss = 0.4422
Epoch 260: Train Acc = 0.8438, Val Loss = 0.4265
Epoch 270: Train Acc = 0.8494, Val Loss = 0.4279
Epoch 280: Train Acc = 0.8458, Val Loss = 0.4343
⏹️ Early stopping triggered.
✅ Fold 2 - Accuracy: 0.7988, Precision: 0.7556, Recall: 0.8804, F1: 0.8133
Fold time: 223.45s

🌀 Fold 3 -----------------------------
Epoch 000: Train Acc = 0.5030, Val Loss = 0.6929
Epoch 010: Train Acc = 0.5628, Val Loss = 0.6825
Epoch 020: Train Acc = 0.6188, Val Loss = 0.6543
Epoch 030: Train Acc = 0.6482, Val Loss = 0.6299
Epoch 040: Train Acc = 0.6798, Val Loss = 0.6081
Epoch 050: Train Acc = 0.6970, Val Loss = 0.5933
Epoch 060: Train Acc = 0.7289, Val Loss = 0.5561
Epoch 070: Train Acc = 0.7497, Val Loss = 0.5364
Epoch 080: Train Acc = 0.7649, Val Loss = 0.5214
Epoch 090: Train Acc = 0.7655, Val Loss = 0.5369
Epoch 100: Train Acc = 0.7774, Val Loss = 0.5150
Epoch 110: Train Acc = 0.7857, Val Loss = 0.5033
Epoch 120: Train Acc = 0.7887, Val Loss = 0.4910
Epoch 130: Train Acc = 0.7952, Val Loss = 0.4806
Epoch 140: Train Acc = 0.7899, Val Loss = 0.4886
Epoch 150: Train Acc = 0.8080, Val Loss = 0.4869
Epoch 160: Train Acc = 0.7973, Val Loss = 0.4813
Epoch 170: Train Acc = 0.8179, Val Loss = 0.4708
Epoch 180: Train Acc = 0.8125, Val Loss = 0.4635
Epoch 190: Train Acc = 0.8158, Val Loss = 0.4622
Epoch 200: Train Acc = 0.8140, Val Loss = 0.4567
Epoch 210: Train Acc = 0.8339, Val Loss = 0.4586
Epoch 220: Train Acc = 0.8256, Val Loss = 0.4518
Epoch 230: Train Acc = 0.8199, Val Loss = 0.4468
Epoch 240: Train Acc = 0.8310, Val Loss = 0.4755
Epoch 250: Train Acc = 0.8336, Val Loss = 0.4702
Epoch 260: Train Acc = 0.8363, Val Loss = 0.4509
Epoch 270: Train Acc = 0.8357, Val Loss = 0.4708
Epoch 280: Train Acc = 0.8375, Val Loss = 0.4511
Epoch 290: Train Acc = 0.8336, Val Loss = 0.4383
✅ Fold 3 - Accuracy: 0.8179, Precision: 0.8132, Recall: 0.8230, F1: 0.8181
Fold time: 234.95s

🌀 Fold 4 -----------------------------
Epoch 000: Train Acc = 0.5217, Val Loss = 0.6933
Epoch 010: Train Acc = 0.5902, Val Loss = 0.6847
Epoch 020: Train Acc = 0.6310, Val Loss = 0.6514
Epoch 030: Train Acc = 0.6539, Val Loss = 0.6273
Epoch 040: Train Acc = 0.6711, Val Loss = 0.6064
Epoch 050: Train Acc = 0.6943, Val Loss = 0.6112
Epoch 060: Train Acc = 0.7009, Val Loss = 0.5639
Epoch 070: Train Acc = 0.7241, Val Loss = 0.5391
Epoch 080: Train Acc = 0.7473, Val Loss = 0.5295
Epoch 090: Train Acc = 0.7562, Val Loss = 0.4947
Epoch 100: Train Acc = 0.7560, Val Loss = 0.4667
Epoch 110: Train Acc = 0.7685, Val Loss = 0.4560
Epoch 120: Train Acc = 0.7741, Val Loss = 0.4392
Epoch 130: Train Acc = 0.7896, Val Loss = 0.4551
Epoch 140: Train Acc = 0.7780, Val Loss = 0.4253
Epoch 150: Train Acc = 0.7893, Val Loss = 0.4245
Epoch 160: Train Acc = 0.7967, Val Loss = 0.4228
Epoch 170: Train Acc = 0.7970, Val Loss = 0.3970
Epoch 180: Train Acc = 0.8000, Val Loss = 0.4000
Epoch 190: Train Acc = 0.8232, Val Loss = 0.4090
Epoch 200: Train Acc = 0.8235, Val Loss = 0.3953
Epoch 210: Train Acc = 0.8250, Val Loss = 0.3909
Epoch 220: Train Acc = 0.8244, Val Loss = 0.3936
Epoch 230: Train Acc = 0.8324, Val Loss = 0.4060
Epoch 240: Train Acc = 0.8250, Val Loss = 0.3895
Epoch 250: Train Acc = 0.8274, Val Loss = 0.3845
Epoch 260: Train Acc = 0.8253, Val Loss = 0.3802
Epoch 270: Train Acc = 0.8363, Val Loss = 0.3702
Epoch 280: Train Acc = 0.8440, Val Loss = 0.3780
Epoch 290: Train Acc = 0.8435, Val Loss = 0.3754
✅ Fold 4 - Accuracy: 0.8464, Precision: 0.8247, Recall: 0.8780, F1: 0.8505
Fold time: 234.55s

🎯 Final Cross-Validation Results:
Avg Accuracy : 0.8088 ± 0.0224
Avg Precision: 0.7905 ± 0.0337
Avg Recall   : 0.8423 ± 0.0383
Avg F1 Score : 0.8144 ± 0.0203
Total time: 1078.38s
