Processing...
Done!
Binary class counts: Counter({0: 2108, 1: 2092})
Epoch 1/300, Train Acc: 0.5131, Test Acc: 0.5119
Epoch 2/300, Train Acc: 0.5122, Test Acc: 0.5726
Epoch 3/300, Train Acc: 0.5202, Test Acc: 0.5452
Epoch 4/300, Train Acc: 0.5378, Test Acc: 0.5321
Epoch 5/300, Train Acc: 0.5455, Test Acc: 0.5512
Epoch 6/300, Train Acc: 0.5423, Test Acc: 0.5595
Epoch 7/300, Train Acc: 0.5574, Test Acc: 0.5738
Epoch 8/300, Train Acc: 0.5610, Test Acc: 0.5738
Epoch 9/300, Train Acc: 0.5765, Test Acc: 0.5750
Epoch 10/300, Train Acc: 0.5676, Test Acc: 0.5655
Epoch 11/300, Train Acc: 0.5753, Test Acc: 0.5905
Epoch 12/300, Train Acc: 0.5935, Test Acc: 0.5976
Epoch 13/300, Train Acc: 0.6012, Test Acc: 0.5929
Epoch 14/300, Train Acc: 0.6015, Test Acc: 0.6024
Epoch 15/300, Train Acc: 0.6155, Test Acc: 0.5560
Epoch 16/300, Train Acc: 0.6089, Test Acc: 0.5881
Epoch 17/300, Train Acc: 0.6161, Test Acc: 0.5964
Epoch 18/300, Train Acc: 0.6327, Test Acc: 0.5988
Epoch 19/300, Train Acc: 0.6226, Test Acc: 0.6119
Epoch 20/300, Train Acc: 0.6315, Test Acc: 0.5583
Epoch 21/300, Train Acc: 0.6238, Test Acc: 0.6155
Epoch 22/300, Train Acc: 0.6366, Test Acc: 0.6286
Epoch 23/300, Train Acc: 0.6339, Test Acc: 0.6238
Epoch 24/300, Train Acc: 0.6443, Test Acc: 0.6238
Epoch 25/300, Train Acc: 0.6545, Test Acc: 0.6262
Epoch 26/300, Train Acc: 0.6417, Test Acc: 0.6214
Epoch 27/300, Train Acc: 0.6420, Test Acc: 0.6262
Epoch 28/300, Train Acc: 0.6497, Test Acc: 0.6060
Epoch 29/300, Train Acc: 0.6586, Test Acc: 0.6476
Epoch 30/300, Train Acc: 0.6521, Test Acc: 0.6429
Epoch 31/300, Train Acc: 0.6562, Test Acc: 0.6464
Epoch 32/300, Train Acc: 0.6640, Test Acc: 0.6345
Epoch 33/300, Train Acc: 0.6696, Test Acc: 0.6476
Epoch 34/300, Train Acc: 0.6679, Test Acc: 0.6464
Epoch 35/300, Train Acc: 0.6735, Test Acc: 0.6631
Epoch 36/300, Train Acc: 0.6551, Test Acc: 0.6667
Epoch 37/300, Train Acc: 0.6732, Test Acc: 0.6690
Epoch 38/300, Train Acc: 0.6756, Test Acc: 0.6345
Epoch 39/300, Train Acc: 0.6777, Test Acc: 0.6321
Epoch 40/300, Train Acc: 0.6768, Test Acc: 0.6655
Epoch 41/300, Train Acc: 0.6851, Test Acc: 0.6405
Epoch 42/300, Train Acc: 0.6821, Test Acc: 0.6702
Epoch 43/300, Train Acc: 0.6911, Test Acc: 0.6631
Epoch 44/300, Train Acc: 0.6893, Test Acc: 0.6869
Epoch 45/300, Train Acc: 0.6848, Test Acc: 0.6702
Epoch 46/300, Train Acc: 0.6905, Test Acc: 0.6821
Epoch 47/300, Train Acc: 0.6842, Test Acc: 0.6893
Epoch 48/300, Train Acc: 0.6923, Test Acc: 0.6667
Epoch 49/300, Train Acc: 0.6943, Test Acc: 0.6929
Epoch 50/300, Train Acc: 0.7003, Test Acc: 0.6619
Epoch 51/300, Train Acc: 0.6952, Test Acc: 0.6893
Epoch 52/300, Train Acc: 0.6932, Test Acc: 0.6738
Epoch 53/300, Train Acc: 0.7048, Test Acc: 0.7012
Epoch 54/300, Train Acc: 0.7000, Test Acc: 0.6845
Epoch 55/300, Train Acc: 0.7107, Test Acc: 0.7048
Epoch 56/300, Train Acc: 0.7131, Test Acc: 0.6893
Epoch 57/300, Train Acc: 0.7167, Test Acc: 0.6988
Epoch 58/300, Train Acc: 0.7074, Test Acc: 0.7024
Epoch 59/300, Train Acc: 0.7223, Test Acc: 0.7000
Epoch 60/300, Train Acc: 0.7164, Test Acc: 0.7119
Epoch 61/300, Train Acc: 0.7256, Test Acc: 0.7012
Epoch 62/300, Train Acc: 0.7250, Test Acc: 0.7167
Epoch 63/300, Train Acc: 0.7268, Test Acc: 0.7155
Epoch 64/300, Train Acc: 0.7253, Test Acc: 0.7167
Epoch 65/300, Train Acc: 0.7286, Test Acc: 0.7060
Epoch 66/300, Train Acc: 0.7167, Test Acc: 0.7226
Epoch 67/300, Train Acc: 0.7381, Test Acc: 0.7155
Epoch 68/300, Train Acc: 0.7298, Test Acc: 0.7202
Epoch 69/300, Train Acc: 0.7411, Test Acc: 0.7417
Epoch 70/300, Train Acc: 0.7384, Test Acc: 0.7500
Epoch 71/300, Train Acc: 0.7345, Test Acc: 0.7238
Epoch 72/300, Train Acc: 0.7426, Test Acc: 0.7321
Epoch 73/300, Train Acc: 0.7351, Test Acc: 0.7274
Epoch 74/300, Train Acc: 0.7443, Test Acc: 0.7464
Epoch 75/300, Train Acc: 0.7551, Test Acc: 0.7214
Epoch 76/300, Train Acc: 0.7473, Test Acc: 0.7262
Epoch 77/300, Train Acc: 0.7527, Test Acc: 0.7417
Epoch 78/300, Train Acc: 0.7533, Test Acc: 0.7429
Epoch 79/300, Train Acc: 0.7411, Test Acc: 0.7464
Epoch 80/300, Train Acc: 0.7574, Test Acc: 0.7012
Epoch 81/300, Train Acc: 0.7470, Test Acc: 0.7417
Epoch 82/300, Train Acc: 0.7560, Test Acc: 0.7560
Epoch 83/300, Train Acc: 0.7571, Test Acc: 0.7583
Epoch 84/300, Train Acc: 0.7688, Test Acc: 0.7524
Epoch 85/300, Train Acc: 0.7631, Test Acc: 0.7595
Epoch 86/300, Train Acc: 0.7661, Test Acc: 0.7607
Epoch 87/300, Train Acc: 0.7574, Test Acc: 0.7560
Epoch 88/300, Train Acc: 0.7625, Test Acc: 0.7595
Epoch 89/300, Train Acc: 0.7646, Test Acc: 0.7345
Epoch 90/300, Train Acc: 0.7625, Test Acc: 0.7524
Epoch 91/300, Train Acc: 0.7592, Test Acc: 0.7524
Epoch 92/300, Train Acc: 0.7720, Test Acc: 0.7536
Epoch 93/300, Train Acc: 0.7690, Test Acc: 0.7655
Epoch 94/300, Train Acc: 0.7714, Test Acc: 0.7607
Epoch 95/300, Train Acc: 0.7723, Test Acc: 0.7548
Epoch 96/300, Train Acc: 0.7723, Test Acc: 0.7571
Epoch 97/300, Train Acc: 0.7667, Test Acc: 0.7607
Epoch 98/300, Train Acc: 0.7711, Test Acc: 0.7750
Epoch 99/300, Train Acc: 0.7688, Test Acc: 0.7488
Epoch 100/300, Train Acc: 0.7735, Test Acc: 0.7607
Epoch 101/300, Train Acc: 0.7699, Test Acc: 0.7524
Epoch 102/300, Train Acc: 0.7705, Test Acc: 0.7536
Epoch 103/300, Train Acc: 0.7667, Test Acc: 0.7548
Epoch 104/300, Train Acc: 0.7744, Test Acc: 0.7560
Epoch 105/300, Train Acc: 0.7693, Test Acc: 0.7750
Epoch 106/300, Train Acc: 0.7801, Test Acc: 0.7857
Epoch 107/300, Train Acc: 0.7664, Test Acc: 0.7774
Epoch 108/300, Train Acc: 0.7786, Test Acc: 0.7786
Epoch 109/300, Train Acc: 0.7801, Test Acc: 0.7619
Epoch 110/300, Train Acc: 0.7765, Test Acc: 0.7667
Epoch 111/300, Train Acc: 0.7827, Test Acc: 0.7679
Epoch 112/300, Train Acc: 0.7863, Test Acc: 0.7690
Epoch 113/300, Train Acc: 0.7851, Test Acc: 0.7750
Epoch 114/300, Train Acc: 0.7869, Test Acc: 0.7762
Epoch 115/300, Train Acc: 0.7884, Test Acc: 0.7833
Epoch 116/300, Train Acc: 0.7821, Test Acc: 0.7774
Epoch 117/300, Train Acc: 0.7801, Test Acc: 0.7810
Epoch 118/300, Train Acc: 0.7774, Test Acc: 0.7607
Epoch 119/300, Train Acc: 0.7792, Test Acc: 0.7714
Epoch 120/300, Train Acc: 0.7914, Test Acc: 0.7833
Epoch 121/300, Train Acc: 0.7893, Test Acc: 0.7726
Epoch 122/300, Train Acc: 0.7920, Test Acc: 0.7881
Epoch 123/300, Train Acc: 0.7860, Test Acc: 0.7905
Epoch 124/300, Train Acc: 0.7842, Test Acc: 0.7821
Epoch 125/300, Train Acc: 0.7932, Test Acc: 0.7845
Epoch 126/300, Train Acc: 0.7881, Test Acc: 0.7833
Epoch 127/300, Train Acc: 0.7839, Test Acc: 0.7893
Epoch 128/300, Train Acc: 0.7920, Test Acc: 0.7869
Epoch 129/300, Train Acc: 0.7970, Test Acc: 0.7833
Epoch 130/300, Train Acc: 0.7839, Test Acc: 0.7821
Epoch 131/300, Train Acc: 0.7932, Test Acc: 0.7726
Epoch 132/300, Train Acc: 0.7967, Test Acc: 0.7786
Epoch 133/300, Train Acc: 0.7967, Test Acc: 0.7833
Epoch 134/300, Train Acc: 0.8027, Test Acc: 0.7738
Epoch 135/300, Train Acc: 0.7961, Test Acc: 0.7905
Epoch 136/300, Train Acc: 0.7937, Test Acc: 0.7738
Epoch 137/300, Train Acc: 0.7997, Test Acc: 0.7988
Epoch 138/300, Train Acc: 0.7943, Test Acc: 0.7857
Epoch 139/300, Train Acc: 0.7943, Test Acc: 0.7917
Epoch 140/300, Train Acc: 0.8074, Test Acc: 0.7774
Epoch 141/300, Train Acc: 0.8024, Test Acc: 0.7940
Epoch 142/300, Train Acc: 0.8086, Test Acc: 0.7857
Epoch 143/300, Train Acc: 0.8003, Test Acc: 0.7750
Epoch 144/300, Train Acc: 0.7949, Test Acc: 0.7857
Epoch 145/300, Train Acc: 0.7976, Test Acc: 0.7786
Epoch 146/300, Train Acc: 0.8024, Test Acc: 0.7976
Epoch 147/300, Train Acc: 0.7964, Test Acc: 0.7798
Epoch 148/300, Train Acc: 0.8048, Test Acc: 0.7917
Epoch 149/300, Train Acc: 0.7943, Test Acc: 0.7976
Epoch 150/300, Train Acc: 0.7991, Test Acc: 0.7833
Epoch 151/300, Train Acc: 0.8006, Test Acc: 0.7905
Epoch 152/300, Train Acc: 0.7896, Test Acc: 0.8024
Epoch 153/300, Train Acc: 0.8030, Test Acc: 0.7810
Epoch 154/300, Train Acc: 0.8003, Test Acc: 0.7988
Epoch 155/300, Train Acc: 0.8024, Test Acc: 0.8012
Epoch 156/300, Train Acc: 0.8074, Test Acc: 0.7869
Epoch 157/300, Train Acc: 0.8015, Test Acc: 0.8107
Epoch 158/300, Train Acc: 0.8051, Test Acc: 0.7964
Epoch 159/300, Train Acc: 0.8063, Test Acc: 0.7881
Epoch 160/300, Train Acc: 0.8098, Test Acc: 0.7952
Epoch 161/300, Train Acc: 0.8155, Test Acc: 0.7917
Epoch 162/300, Train Acc: 0.8104, Test Acc: 0.7845
Epoch 163/300, Train Acc: 0.8012, Test Acc: 0.8024
Epoch 164/300, Train Acc: 0.8164, Test Acc: 0.7976
Epoch 165/300, Train Acc: 0.8077, Test Acc: 0.8024
Epoch 166/300, Train Acc: 0.8092, Test Acc: 0.7929
Epoch 167/300, Train Acc: 0.8092, Test Acc: 0.8036
Epoch 168/300, Train Acc: 0.8155, Test Acc: 0.7750
Epoch 169/300, Train Acc: 0.8033, Test Acc: 0.7976
Epoch 170/300, Train Acc: 0.8060, Test Acc: 0.7917
Epoch 171/300, Train Acc: 0.8131, Test Acc: 0.8012
Epoch 172/300, Train Acc: 0.8167, Test Acc: 0.8060
Epoch 173/300, Train Acc: 0.8208, Test Acc: 0.7988
Epoch 174/300, Train Acc: 0.8173, Test Acc: 0.7857
Epoch 175/300, Train Acc: 0.8104, Test Acc: 0.7964
Epoch 176/300, Train Acc: 0.8027, Test Acc: 0.8012
Epoch 177/300, Train Acc: 0.8095, Test Acc: 0.7845
Epoch 178/300, Train Acc: 0.8083, Test Acc: 0.7964
Epoch 179/300, Train Acc: 0.8176, Test Acc: 0.7940
Epoch 180/300, Train Acc: 0.8074, Test Acc: 0.7786
Epoch 181/300, Train Acc: 0.8140, Test Acc: 0.7976
Epoch 182/300, Train Acc: 0.8089, Test Acc: 0.7821
Epoch 183/300, Train Acc: 0.8182, Test Acc: 0.8095
Epoch 184/300, Train Acc: 0.8158, Test Acc: 0.7798
Epoch 185/300, Train Acc: 0.8253, Test Acc: 0.8071
Epoch 186/300, Train Acc: 0.8104, Test Acc: 0.8083
Epoch 187/300, Train Acc: 0.8247, Test Acc: 0.7952
Epoch 188/300, Train Acc: 0.8161, Test Acc: 0.8083
Epoch 189/300, Train Acc: 0.8170, Test Acc: 0.8071
Epoch 190/300, Train Acc: 0.8164, Test Acc: 0.8119
Epoch 191/300, Train Acc: 0.8089, Test Acc: 0.8095
Epoch 192/300, Train Acc: 0.8220, Test Acc: 0.8060
Epoch 193/300, Train Acc: 0.8089, Test Acc: 0.8071
Epoch 194/300, Train Acc: 0.8155, Test Acc: 0.7976
Epoch 195/300, Train Acc: 0.8140, Test Acc: 0.8071
Epoch 196/300, Train Acc: 0.8232, Test Acc: 0.8071
Epoch 197/300, Train Acc: 0.8232, Test Acc: 0.8131
Epoch 198/300, Train Acc: 0.8217, Test Acc: 0.7988
Epoch 199/300, Train Acc: 0.8173, Test Acc: 0.8214
Epoch 200/300, Train Acc: 0.8179, Test Acc: 0.7988
Epoch 201/300, Train Acc: 0.8164, Test Acc: 0.8119
Epoch 202/300, Train Acc: 0.8208, Test Acc: 0.8131
Epoch 203/300, Train Acc: 0.8208, Test Acc: 0.8000
Epoch 204/300, Train Acc: 0.8274, Test Acc: 0.8048
Epoch 205/300, Train Acc: 0.8202, Test Acc: 0.7964
Epoch 206/300, Train Acc: 0.8223, Test Acc: 0.7857
Epoch 207/300, Train Acc: 0.8179, Test Acc: 0.8036
Epoch 208/300, Train Acc: 0.8199, Test Acc: 0.8060
Epoch 209/300, Train Acc: 0.8167, Test Acc: 0.8060
Epoch 210/300, Train Acc: 0.8217, Test Acc: 0.8083
Epoch 211/300, Train Acc: 0.8235, Test Acc: 0.8083
Epoch 212/300, Train Acc: 0.8176, Test Acc: 0.7857
Epoch 213/300, Train Acc: 0.8229, Test Acc: 0.8048
Epoch 214/300, Train Acc: 0.8217, Test Acc: 0.8060
Epoch 215/300, Train Acc: 0.8238, Test Acc: 0.7988
Epoch 216/300, Train Acc: 0.8214, Test Acc: 0.8024
Epoch 217/300, Train Acc: 0.8277, Test Acc: 0.8036
Epoch 218/300, Train Acc: 0.8205, Test Acc: 0.8083
Epoch 219/300, Train Acc: 0.8262, Test Acc: 0.8024
Epoch 220/300, Train Acc: 0.8336, Test Acc: 0.8143
Epoch 221/300, Train Acc: 0.8250, Test Acc: 0.8012
Epoch 222/300, Train Acc: 0.8327, Test Acc: 0.8107
Epoch 223/300, Train Acc: 0.8229, Test Acc: 0.7964
Epoch 224/300, Train Acc: 0.8271, Test Acc: 0.8024
Epoch 225/300, Train Acc: 0.8238, Test Acc: 0.7976
Epoch 226/300, Train Acc: 0.8321, Test Acc: 0.8119
Epoch 227/300, Train Acc: 0.8345, Test Acc: 0.8036
Epoch 228/300, Train Acc: 0.8280, Test Acc: 0.8071
Epoch 229/300, Train Acc: 0.8211, Test Acc: 0.8083
Epoch 230/300, Train Acc: 0.8253, Test Acc: 0.8048
Epoch 231/300, Train Acc: 0.8277, Test Acc: 0.8131
Epoch 232/300, Train Acc: 0.8399, Test Acc: 0.8131
Epoch 233/300, Train Acc: 0.8307, Test Acc: 0.8071
Epoch 234/300, Train Acc: 0.8292, Test Acc: 0.8000
Epoch 235/300, Train Acc: 0.8286, Test Acc: 0.8000
Epoch 236/300, Train Acc: 0.8295, Test Acc: 0.8048
Epoch 237/300, Train Acc: 0.8313, Test Acc: 0.8250
Epoch 238/300, Train Acc: 0.8315, Test Acc: 0.7988
Epoch 239/300, Train Acc: 0.8286, Test Acc: 0.8071
Epoch 240/300, Train Acc: 0.8250, Test Acc: 0.8048
Epoch 241/300, Train Acc: 0.8211, Test Acc: 0.8071
Epoch 242/300, Train Acc: 0.8256, Test Acc: 0.8012
Epoch 243/300, Train Acc: 0.8324, Test Acc: 0.8048
Epoch 244/300, Train Acc: 0.8295, Test Acc: 0.8226
Epoch 245/300, Train Acc: 0.8315, Test Acc: 0.8190
Epoch 246/300, Train Acc: 0.8354, Test Acc: 0.8036
Epoch 247/300, Train Acc: 0.8310, Test Acc: 0.8095
Epoch 248/300, Train Acc: 0.8244, Test Acc: 0.8143
Epoch 249/300, Train Acc: 0.8333, Test Acc: 0.8071
Epoch 250/300, Train Acc: 0.8298, Test Acc: 0.8238
Epoch 251/300, Train Acc: 0.8402, Test Acc: 0.8202
Epoch 252/300, Train Acc: 0.8345, Test Acc: 0.8226
Epoch 253/300, Train Acc: 0.8372, Test Acc: 0.8024
Epoch 254/300, Train Acc: 0.8292, Test Acc: 0.8095
Epoch 255/300, Train Acc: 0.8324, Test Acc: 0.8214
Epoch 256/300, Train Acc: 0.8369, Test Acc: 0.8167
Epoch 257/300, Train Acc: 0.8232, Test Acc: 0.8119
Epoch 258/300, Train Acc: 0.8396, Test Acc: 0.8095
Epoch 259/300, Train Acc: 0.8399, Test Acc: 0.8083
Epoch 260/300, Train Acc: 0.8387, Test Acc: 0.8167
Epoch 261/300, Train Acc: 0.8280, Test Acc: 0.8083
Epoch 262/300, Train Acc: 0.8289, Test Acc: 0.7964
Epoch 263/300, Train Acc: 0.8429, Test Acc: 0.8238
Epoch 264/300, Train Acc: 0.8310, Test Acc: 0.8250
Epoch 265/300, Train Acc: 0.8372, Test Acc: 0.8012
Epoch 266/300, Train Acc: 0.8446, Test Acc: 0.8071
Epoch 267/300, Train Acc: 0.8357, Test Acc: 0.8083
Epoch 268/300, Train Acc: 0.8327, Test Acc: 0.8000
Epoch 269/300, Train Acc: 0.8318, Test Acc: 0.8226
Epoch 270/300, Train Acc: 0.8429, Test Acc: 0.8179
Epoch 271/300, Train Acc: 0.8432, Test Acc: 0.8036
Epoch 272/300, Train Acc: 0.8378, Test Acc: 0.8167
Epoch 273/300, Train Acc: 0.8313, Test Acc: 0.8179
Epoch 274/300, Train Acc: 0.8414, Test Acc: 0.8071
Epoch 275/300, Train Acc: 0.8301, Test Acc: 0.8286
Epoch 276/300, Train Acc: 0.8348, Test Acc: 0.8238
Epoch 277/300, Train Acc: 0.8339, Test Acc: 0.8167
Epoch 278/300, Train Acc: 0.8521, Test Acc: 0.8274
Epoch 279/300, Train Acc: 0.8354, Test Acc: 0.8155
Epoch 280/300, Train Acc: 0.8381, Test Acc: 0.8190
Epoch 281/300, Train Acc: 0.8402, Test Acc: 0.8238
Epoch 282/300, Train Acc: 0.8440, Test Acc: 0.8179
Epoch 283/300, Train Acc: 0.8405, Test Acc: 0.8179
Early stopping triggered.

📘 Final Classification Metrics
----------------------------------------
Train Accuracy : 0.8699
Train Precision: 0.8382
Train Recall   : 0.9134
Train F1 Score : 0.8742
Train Loss     : 0.3662
----------------------------------------
Test Accuracy  : 0.8238
Test Precision : 0.8147
Test Recall    : 0.8488
Test F1 Score  : 0.8314
Test Loss      : 0.4190
----------------------------------------
Execution time : 3.94 minutes
📁 Metrics and plots saved in 'plots/' folder
